<?xml version="1.0" encoding="UTF-8"?>
<testsuite name="com.example.roboworld.RoboWorldApplicationTests" tests="1" skipped="0" failures="0" errors="0" timestamp="2024-03-09T10:41:50" hostname="VANESAILIEVA" time="0.012">
  <properties/>
  <testcase name="contextLoads()" classname="com.example.roboworld.RoboWorldApplicationTests" time="0.012"/>
  <system-out><![CDATA[2024-03-09T12:41:47.428+02:00  INFO 3772 --- [    Test worker] t.c.s.AnnotationConfigContextLoaderUtils : Could not detect default configuration classes for test class [com.example.roboworld.RoboWorldApplicationTests]: RoboWorldApplicationTests does not declare any static, non-private, non-final, nested classes annotated with @Configuration.
2024-03-09T12:41:47.436+02:00  INFO 3772 --- [    Test worker] .b.t.c.SpringBootTestContextBootstrapper : Found @SpringBootConfiguration com.example.roboworld.RobotWorldApplication for test class com.example.roboworld.RoboWorldApplicationTests

  .   ____          _            __ _ _
 /\\ / ___'_ __ _ _(_)_ __  __ _ \ \ \ \
( ( )\___ | '_ | '_| | '_ \/ _` | \ \ \ \
 \\/  ___)| |_)| | | | | || (_| |  ) ) ) )
  '  |____| .__|_| |_|_| |_\__, | / / / /
 =========|_|==============|___/=/_/_/_/
 :: Spring Boot ::                (v3.2.2)

2024-03-09T12:41:47.483+02:00  INFO 3772 --- [    Test worker] c.e.roboworld.RoboWorldApplicationTests  : Starting RoboWorldApplicationTests using Java 20.0.2.1 with PID 3772 (started by vanes in D:\RoboWorld)
2024-03-09T12:41:47.483+02:00  INFO 3772 --- [    Test worker] c.e.roboworld.RoboWorldApplicationTests  : No active profile set, falling back to 1 default profile: "default"
2024-03-09T12:41:48.006+02:00  INFO 3772 --- [    Test worker] .s.d.r.c.RepositoryConfigurationDelegate : Bootstrapping Spring Data JPA repositories in DEFAULT mode.
2024-03-09T12:41:48.027+02:00  INFO 3772 --- [    Test worker] .s.d.r.c.RepositoryConfigurationDelegate : Finished Spring Data repository scanning in 20 ms. Found 6 JPA repository interfaces.
2024-03-09T12:41:48.262+02:00  INFO 3772 --- [    Test worker] o.hibernate.jpa.internal.util.LogHelper  : HHH000204: Processing PersistenceUnitInfo [name: default]
2024-03-09T12:41:48.264+02:00  INFO 3772 --- [    Test worker] o.h.c.internal.RegionFactoryInitiator    : HHH000026: Second-level cache disabled
2024-03-09T12:41:48.269+02:00  INFO 3772 --- [    Test worker] o.s.o.j.p.SpringPersistenceUnitInfo      : No LoadTimeWeaver setup: ignoring JPA class transformer
2024-03-09T12:41:48.271+02:00  INFO 3772 --- [    Test worker] com.zaxxer.hikari.HikariDataSource       : HikariPool-2 - Starting...
2024-03-09T12:41:48.307+02:00  INFO 3772 --- [    Test worker] com.zaxxer.hikari.pool.PoolBase          : HikariPool-2 - Driver does not support get/set network timeout for connections. (feature not supported)
2024-03-09T12:41:48.309+02:00  INFO 3772 --- [    Test worker] com.zaxxer.hikari.pool.HikariPool        : HikariPool-2 - Added connection org.hsqldb.jdbc.JDBCConnection@3f520f7b
2024-03-09T12:41:48.309+02:00  INFO 3772 --- [    Test worker] com.zaxxer.hikari.HikariDataSource       : HikariPool-2 - Start completed.
2024-03-09T12:41:48.679+02:00  INFO 3772 --- [    Test worker] o.h.e.t.j.p.i.JtaPlatformInitiator       : HHH000489: No JTA platform available (set 'hibernate.transaction.jta.platform' to enable JTA platform integration)
2024-03-09T12:41:48.722+02:00 DEBUG 3772 --- [    Test worker] org.hibernate.SQL                        : create table comments (id bigint generated by default as identity (start with 1), created timestamp(6), description varchar(255), forum_id bigint, user_id bigint, primary key (id))
2024-03-09T12:41:48.724+02:00 DEBUG 3772 --- [    Test worker] org.hibernate.SQL                        : create table courses (id bigint generated by default as identity (start with 1), age_limit varchar(255) check (age_limit in ('SixToEight','NineToTwelve','ThirteenToFifteen','SixteenToEighteen')), description varchar(255), end timestamp(6), start timestamp(6), title varchar(255), lecturer_id bigint, primary key (id))
2024-03-09T12:41:48.727+02:00 DEBUG 3772 --- [    Test worker] org.hibernate.SQL                        : create table forums (id bigint generated by default as identity (start with 1), created timestamp(6), description varchar(255) not null, title varchar(255) not null, primary key (id))
2024-03-09T12:41:48.728+02:00 DEBUG 3772 --- [    Test worker] org.hibernate.SQL                        : create table reviews (id bigint generated by default as identity (start with 1), description varchar(255), name varchar(255), user_id bigint, primary key (id))
2024-03-09T12:41:48.729+02:00 DEBUG 3772 --- [    Test worker] org.hibernate.SQL                        : create table roles (id bigint generated by default as identity (start with 1), role_type varchar(255) check (role_type in ('User','Admin','Lecturer')), primary key (id))
2024-03-09T12:41:48.731+02:00 DEBUG 3772 --- [    Test worker] org.hibernate.SQL                        : create table users (id bigint generated by default as identity (start with 1), email varchar(255) not null, full_name varchar(255) not null, password varchar(255) not null, username varchar(255) not null, primary key (id))
2024-03-09T12:41:48.733+02:00 DEBUG 3772 --- [    Test worker] org.hibernate.SQL                        : create table users_roles (user_id bigint not null, roles_id bigint not null)
2024-03-09T12:41:48.736+02:00 DEBUG 3772 --- [    Test worker] org.hibernate.SQL                        : alter table comments add constraint FKt7clst21fs6p4g71yf83fvw75 foreign key (forum_id) references forums
2024-03-09T12:41:48.737+02:00 DEBUG 3772 --- [    Test worker] org.hibernate.SQL                        : alter table comments add constraint FK8omq0tc18jd43bu5tjh6jvraq foreign key (user_id) references users
2024-03-09T12:41:48.738+02:00 DEBUG 3772 --- [    Test worker] org.hibernate.SQL                        : alter table courses add constraint FKit07wvai906qvcttvvg8pi1rr foreign key (lecturer_id) references users
2024-03-09T12:41:48.740+02:00 DEBUG 3772 --- [    Test worker] org.hibernate.SQL                        : alter table reviews add constraint FKcgy7qjc1r99dp117y9en6lxye foreign key (user_id) references users
2024-03-09T12:41:48.741+02:00 DEBUG 3772 --- [    Test worker] org.hibernate.SQL                        : alter table users_roles add constraint FKa62j07k5mhgifpp955h37ponj foreign key (roles_id) references roles
2024-03-09T12:41:48.742+02:00 DEBUG 3772 --- [    Test worker] org.hibernate.SQL                        : alter table users_roles add constraint FK2o0jvgh89lemvvo17cbqvdxaa foreign key (user_id) references users
2024-03-09T12:41:48.744+02:00  INFO 3772 --- [    Test worker] j.LocalContainerEntityManagerFactoryBean : Initialized JPA EntityManagerFactory for persistence unit 'default'
2024-03-09T12:41:49.118+02:00  WARN 3772 --- [    Test worker] JpaBaseConfiguration$JpaWebConfiguration : spring.jpa.open-in-view is enabled by default. Therefore, database queries may be performed during view rendering. Explicitly configure spring.jpa.open-in-view to disable this warning
2024-03-09T12:41:49.145+02:00 TRACE 3772 --- [    Test worker] eGlobalAuthenticationAutowiredConfigurer : Eagerly initializing {org.springframework.boot.autoconfigure.security.servlet.SpringBootWebSecurityConfiguration$WebSecurityEnablerConfiguration=org.springframework.boot.autoconfigure.security.servlet.SpringBootWebSecurityConfiguration$WebSecurityEnablerConfiguration@7dcefda1}
2024-03-09T12:41:49.169+02:00  INFO 3772 --- [    Test worker] o.s.b.a.w.s.WelcomePageHandlerMapping    : Adding welcome page template: index
2024-03-09T12:41:49.506+02:00  INFO 3772 --- [    Test worker] o.s.b.a.e.web.EndpointLinksResolver      : Exposing 1 endpoint(s) beneath base path '/actuator'
2024-03-09T12:41:49.565+02:00  INFO 3772 --- [    Test worker] o.s.s.web.DefaultSecurityFilterChain     : Will secure any request with [org.springframework.security.web.session.DisableEncodeUrlFilter@f3dfca7, org.springframework.security.web.context.request.async.WebAsyncManagerIntegrationFilter@3cbe75ce, org.springframework.security.web.context.SecurityContextHolderFilter@514111ca, org.springframework.security.web.header.HeaderWriterFilter@54a989ec, org.springframework.web.filter.CorsFilter@b945c43, org.springframework.security.web.csrf.CsrfFilter@24473f80, org.springframework.security.web.authentication.logout.LogoutFilter@5c407724, org.springframework.security.web.authentication.UsernamePasswordAuthenticationFilter@1ef2b7ef, org.springframework.security.web.savedrequest.RequestCacheAwareFilter@15485370, org.springframework.security.web.servletapi.SecurityContextHolderAwareRequestFilter@5887c3a9, org.springframework.security.web.authentication.rememberme.RememberMeAuthenticationFilter@3ff19826, org.springframework.security.web.authentication.AnonymousAuthenticationFilter@9bd2d60, org.springframework.security.web.access.ExceptionTranslationFilter@29b8a9a9, org.springframework.security.web.access.intercept.AuthorizationFilter@70602f49]
2024-03-09T12:41:50.208+02:00  INFO 3772 --- [    Test worker] c.e.roboworld.RoboWorldApplicationTests  : Started RoboWorldApplicationTests in 2.763 seconds (process running for 22.056)
]]></system-out>
  <system-err><![CDATA[]]></system-err>
</testsuite>
