<?xml version="1.0" encoding="UTF-8"?>
<testsuite name="com.example.roboworld.RoboWorldApplicationTests" tests="1" skipped="0" failures="0" errors="0" timestamp="2024-03-08T16:59:12" hostname="VANESAILIEVA" time="0.014">
  <properties/>
  <testcase name="contextLoads()" classname="com.example.roboworld.RoboWorldApplicationTests" time="0.014"/>
  <system-out><![CDATA[2024-03-08T18:59:10.655+02:00  INFO 26356 --- [    Test worker] t.c.s.AnnotationConfigContextLoaderUtils : Could not detect default configuration classes for test class [com.example.roboworld.RoboWorldApplicationTests]: RoboWorldApplicationTests does not declare any static, non-private, non-final, nested classes annotated with @Configuration.
2024-03-08T18:59:10.682+02:00  INFO 26356 --- [    Test worker] .b.t.c.SpringBootTestContextBootstrapper : Found @SpringBootConfiguration com.example.roboworld.RobotWorldApplication for test class com.example.roboworld.RoboWorldApplicationTests

  .   ____          _            __ _ _
 /\\ / ___'_ __ _ _(_)_ __  __ _ \ \ \ \
( ( )\___ | '_ | '_| | '_ \/ _` | \ \ \ \
 \\/  ___)| |_)| | | | | || (_| |  ) ) ) )
  '  |____| .__|_| |_|_| |_\__, | / / / /
 =========|_|==============|___/=/_/_/_/
 :: Spring Boot ::                (v3.2.2)

2024-03-08T18:59:10.707+02:00  INFO 26356 --- [    Test worker] c.e.roboworld.RoboWorldApplicationTests  : Starting RoboWorldApplicationTests using Java 20.0.2.1 with PID 26356 (started by vanes in D:\RoboWorld)
2024-03-08T18:59:10.707+02:00  INFO 26356 --- [    Test worker] c.e.roboworld.RoboWorldApplicationTests  : No active profile set, falling back to 1 default profile: "default"
2024-03-08T18:59:11.158+02:00  INFO 26356 --- [    Test worker] .s.d.r.c.RepositoryConfigurationDelegate : Bootstrapping Spring Data JPA repositories in DEFAULT mode.
2024-03-08T18:59:11.177+02:00  INFO 26356 --- [    Test worker] .s.d.r.c.RepositoryConfigurationDelegate : Finished Spring Data repository scanning in 17 ms. Found 6 JPA repository interfaces.
2024-03-08T18:59:11.354+02:00  INFO 26356 --- [    Test worker] o.hibernate.jpa.internal.util.LogHelper  : HHH000204: Processing PersistenceUnitInfo [name: default]
2024-03-08T18:59:11.357+02:00  INFO 26356 --- [    Test worker] o.h.c.internal.RegionFactoryInitiator    : HHH000026: Second-level cache disabled
2024-03-08T18:59:11.362+02:00  INFO 26356 --- [    Test worker] o.s.o.j.p.SpringPersistenceUnitInfo      : No LoadTimeWeaver setup: ignoring JPA class transformer
2024-03-08T18:59:11.363+02:00  INFO 26356 --- [    Test worker] com.zaxxer.hikari.HikariDataSource       : HikariPool-2 - Starting...
2024-03-08T18:59:11.381+02:00  INFO 26356 --- [    Test worker] com.zaxxer.hikari.pool.PoolBase          : HikariPool-2 - Driver does not support get/set network timeout for connections. (feature not supported)
2024-03-08T18:59:11.382+02:00  INFO 26356 --- [    Test worker] com.zaxxer.hikari.pool.HikariPool        : HikariPool-2 - Added connection org.hsqldb.jdbc.JDBCConnection@2ea41e10
2024-03-08T18:59:11.382+02:00  INFO 26356 --- [    Test worker] com.zaxxer.hikari.HikariDataSource       : HikariPool-2 - Start completed.
2024-03-08T18:59:11.622+02:00  INFO 26356 --- [    Test worker] o.h.e.t.j.p.i.JtaPlatformInitiator       : HHH000489: No JTA platform available (set 'hibernate.transaction.jta.platform' to enable JTA platform integration)
2024-03-08T18:59:11.651+02:00 DEBUG 26356 --- [    Test worker] org.hibernate.SQL                        : create table comments (id bigint generated by default as identity (start with 1), created timestamp(6), description varchar(255), forum_id bigint, user_id bigint, primary key (id))
2024-03-08T18:59:11.652+02:00 DEBUG 26356 --- [    Test worker] org.hibernate.SQL                        : create table courses (id bigint generated by default as identity (start with 1), age_limit varchar(255) check (age_limit in ('SixToEight','NineToTwelve','ThirteenToFifteen','SixteenToEighteen')), description varchar(255), end timestamp(6), start timestamp(6), title varchar(255), lecturer_id bigint, primary key (id))
2024-03-08T18:59:11.653+02:00 DEBUG 26356 --- [    Test worker] org.hibernate.SQL                        : create table forums (id bigint generated by default as identity (start with 1), created timestamp(6), description varchar(255) not null, title varchar(255) not null, primary key (id))
2024-03-08T18:59:11.654+02:00 DEBUG 26356 --- [    Test worker] org.hibernate.SQL                        : create table reviews (id bigint generated by default as identity (start with 1), description varchar(255), name varchar(255), user_id bigint, primary key (id))
2024-03-08T18:59:11.654+02:00 DEBUG 26356 --- [    Test worker] org.hibernate.SQL                        : create table roles (id bigint generated by default as identity (start with 1), role_type varchar(255) check (role_type in ('User','Admin','Lecturer')), primary key (id))
2024-03-08T18:59:11.656+02:00 DEBUG 26356 --- [    Test worker] org.hibernate.SQL                        : create table users (id bigint generated by default as identity (start with 1), email varchar(255) not null, full_name varchar(255) not null, password varchar(255) not null, username varchar(255) not null, primary key (id))
2024-03-08T18:59:11.657+02:00 DEBUG 26356 --- [    Test worker] org.hibernate.SQL                        : create table users_roles (user_id bigint not null, roles_id bigint not null)
2024-03-08T18:59:11.658+02:00 DEBUG 26356 --- [    Test worker] org.hibernate.SQL                        : alter table comments add constraint FKt7clst21fs6p4g71yf83fvw75 foreign key (forum_id) references forums
2024-03-08T18:59:11.658+02:00 DEBUG 26356 --- [    Test worker] org.hibernate.SQL                        : alter table comments add constraint FK8omq0tc18jd43bu5tjh6jvraq foreign key (user_id) references users
2024-03-08T18:59:11.659+02:00 DEBUG 26356 --- [    Test worker] org.hibernate.SQL                        : alter table courses add constraint FKit07wvai906qvcttvvg8pi1rr foreign key (lecturer_id) references users
2024-03-08T18:59:11.660+02:00 DEBUG 26356 --- [    Test worker] org.hibernate.SQL                        : alter table reviews add constraint FKcgy7qjc1r99dp117y9en6lxye foreign key (user_id) references users
2024-03-08T18:59:11.661+02:00 DEBUG 26356 --- [    Test worker] org.hibernate.SQL                        : alter table users_roles add constraint FKa62j07k5mhgifpp955h37ponj foreign key (roles_id) references roles
2024-03-08T18:59:11.663+02:00 DEBUG 26356 --- [    Test worker] org.hibernate.SQL                        : alter table users_roles add constraint FK2o0jvgh89lemvvo17cbqvdxaa foreign key (user_id) references users
2024-03-08T18:59:11.665+02:00  INFO 26356 --- [    Test worker] j.LocalContainerEntityManagerFactoryBean : Initialized JPA EntityManagerFactory for persistence unit 'default'
2024-03-08T18:59:11.959+02:00  WARN 26356 --- [    Test worker] JpaBaseConfiguration$JpaWebConfiguration : spring.jpa.open-in-view is enabled by default. Therefore, database queries may be performed during view rendering. Explicitly configure spring.jpa.open-in-view to disable this warning
2024-03-08T18:59:11.998+02:00 TRACE 26356 --- [    Test worker] eGlobalAuthenticationAutowiredConfigurer : Eagerly initializing {org.springframework.boot.autoconfigure.security.servlet.SpringBootWebSecurityConfiguration$WebSecurityEnablerConfiguration=org.springframework.boot.autoconfigure.security.servlet.SpringBootWebSecurityConfiguration$WebSecurityEnablerConfiguration@676f8fab}
2024-03-08T18:59:12.014+02:00  INFO 26356 --- [    Test worker] o.s.b.a.w.s.WelcomePageHandlerMapping    : Adding welcome page template: index
2024-03-08T18:59:12.198+02:00  INFO 26356 --- [    Test worker] o.s.b.a.e.web.EndpointLinksResolver      : Exposing 1 endpoint(s) beneath base path '/actuator'
2024-03-08T18:59:12.255+02:00  INFO 26356 --- [    Test worker] o.s.s.web.DefaultSecurityFilterChain     : Will secure any request with [org.springframework.security.web.session.DisableEncodeUrlFilter@377f0737, org.springframework.security.web.context.request.async.WebAsyncManagerIntegrationFilter@1dc823d3, org.springframework.security.web.context.SecurityContextHolderFilter@40478af8, org.springframework.security.web.header.HeaderWriterFilter@5dfabe82, org.springframework.web.filter.CorsFilter@57b57ffe, org.springframework.security.web.csrf.CsrfFilter@58d9d844, org.springframework.security.web.authentication.logout.LogoutFilter@4b39daed, org.springframework.security.web.authentication.UsernamePasswordAuthenticationFilter@1ca749cb, org.springframework.security.web.savedrequest.RequestCacheAwareFilter@43133d7a, org.springframework.security.web.servletapi.SecurityContextHolderAwareRequestFilter@35923f78, org.springframework.security.web.authentication.rememberme.RememberMeAuthenticationFilter@ee49f34, org.springframework.security.web.authentication.AnonymousAuthenticationFilter@41df3497, org.springframework.security.web.access.ExceptionTranslationFilter@31156e3b, org.springframework.security.web.access.intercept.AuthorizationFilter@1c43b31d]
2024-03-08T18:59:12.881+02:00  INFO 26356 --- [    Test worker] c.e.roboworld.RoboWorldApplicationTests  : Started RoboWorldApplicationTests in 2.19 seconds (process running for 20.34)
]]></system-out>
  <system-err><![CDATA[]]></system-err>
</testsuite>
