<?xml version="1.0" encoding="UTF-8"?>
<testsuite name="com.example.roboworld.RoboWorldApplicationTests" tests="1" skipped="0" failures="0" errors="0" timestamp="2024-03-22T16:45:10" hostname="VANESAILIEVA" time="1.128">
  <properties/>
  <testcase name="contextLoads()" classname="com.example.roboworld.RoboWorldApplicationTests" time="1.128"/>
  <system-out><![CDATA[18:44:52.606 [Test worker] INFO org.springframework.test.context.support.AnnotationConfigContextLoaderUtils -- Could not detect default configuration classes for test class [com.example.roboworld.RoboWorldApplicationTests]: RoboWorldApplicationTests does not declare any static, non-private, non-final, nested classes annotated with @Configuration.
18:44:52.714 [Test worker] INFO org.springframework.boot.test.context.SpringBootTestContextBootstrapper -- Found @SpringBootConfiguration com.example.roboworld.RobotWorldApplication for test class com.example.roboworld.RoboWorldApplicationTests

  .   ____          _            __ _ _
 /\\ / ___'_ __ _ _(_)_ __  __ _ \ \ \ \
( ( )\___ | '_ | '_| | '_ \/ _` | \ \ \ \
 \\/  ___)| |_)| | | | | || (_| |  ) ) ) )
  '  |____| .__|_| |_|_| |_\__, | / / / /
 =========|_|==============|___/=/_/_/_/
 :: Spring Boot ::                (v3.2.2)

2024-03-22T18:44:53.237+02:00  INFO 23292 --- [    Test worker] c.e.roboworld.RoboWorldApplicationTests  : Starting RoboWorldApplicationTests using Java 18.0.2.1 with PID 23292 (started by vanes in D:\RoboWorld)
2024-03-22T18:44:53.239+02:00  INFO 23292 --- [    Test worker] c.e.roboworld.RoboWorldApplicationTests  : No active profile set, falling back to 1 default profile: "default"
2024-03-22T18:44:55.491+02:00  INFO 23292 --- [    Test worker] .s.d.r.c.RepositoryConfigurationDelegate : Bootstrapping Spring Data JPA repositories in DEFAULT mode.
2024-03-22T18:44:56.020+02:00  INFO 23292 --- [    Test worker] .s.d.r.c.RepositoryConfigurationDelegate : Finished Spring Data repository scanning in 515 ms. Found 7 JPA repository interfaces.
2024-03-22T18:44:58.855+02:00  INFO 23292 --- [    Test worker] o.hibernate.jpa.internal.util.LogHelper  : HHH000204: Processing PersistenceUnitInfo [name: default]
2024-03-22T18:44:59.134+02:00  INFO 23292 --- [    Test worker] org.hibernate.Version                    : HHH000412: Hibernate ORM core version 6.4.1.Final
2024-03-22T18:44:59.272+02:00  INFO 23292 --- [    Test worker] o.h.c.internal.RegionFactoryInitiator    : HHH000026: Second-level cache disabled
2024-03-22T18:44:59.851+02:00  INFO 23292 --- [    Test worker] o.s.o.j.p.SpringPersistenceUnitInfo      : No LoadTimeWeaver setup: ignoring JPA class transformer
2024-03-22T18:44:59.907+02:00  INFO 23292 --- [    Test worker] com.zaxxer.hikari.HikariDataSource       : HikariPool-1 - Starting...
2024-03-22T18:45:01.183+02:00  INFO 23292 --- [    Test worker] com.zaxxer.hikari.pool.PoolBase          : HikariPool-1 - Driver does not support get/set network timeout for connections. (feature not supported)
2024-03-22T18:45:01.186+02:00  INFO 23292 --- [    Test worker] com.zaxxer.hikari.pool.HikariPool        : HikariPool-1 - Added connection org.hsqldb.jdbc.JDBCConnection@94aeba1
2024-03-22T18:45:01.217+02:00  INFO 23292 --- [    Test worker] com.zaxxer.hikari.HikariDataSource       : HikariPool-1 - Start completed.
2024-03-22T18:45:05.253+02:00  INFO 23292 --- [    Test worker] o.h.e.t.j.p.i.JtaPlatformInitiator       : HHH000489: No JTA platform available (set 'hibernate.transaction.jta.platform' to enable JTA platform integration)
2024-03-22T18:45:05.374+02:00 DEBUG 23292 --- [    Test worker] org.hibernate.SQL                        : create table comments (id bigint generated by default as identity (start with 1), created timestamp(6), description varchar(255), forum_id bigint, user_id bigint, primary key (id))
2024-03-22T18:45:05.395+02:00 DEBUG 23292 --- [    Test worker] org.hibernate.SQL                        : create table courses (id bigint generated by default as identity (start with 1), age_limit varchar(255) check (age_limit in ('SixToEight','NineToTwelve','ThirteenToFifteen','SixteenToEighteen')), description varchar(255), end timestamp(6), start timestamp(6), title varchar(255), lecturer_id bigint, primary key (id))
2024-03-22T18:45:05.398+02:00 DEBUG 23292 --- [    Test worker] org.hibernate.SQL                        : create table forums (id bigint generated by default as identity (start with 1), created timestamp(6), description varchar(255) not null, title varchar(255) not null, primary key (id))
2024-03-22T18:45:05.399+02:00 DEBUG 23292 --- [    Test worker] org.hibernate.SQL                        : create table lectures (id bigint generated by default as identity (start with 1), ended timestamp(6), started timestamp(6), title varchar(255), course_id bigint, primary key (id))
2024-03-22T18:45:05.400+02:00 DEBUG 23292 --- [    Test worker] org.hibernate.SQL                        : create table reviews (id bigint generated by default as identity (start with 1), description varchar(255), name varchar(255), user_id bigint, primary key (id))
2024-03-22T18:45:05.401+02:00 DEBUG 23292 --- [    Test worker] org.hibernate.SQL                        : create table roles (id bigint generated by default as identity (start with 1), role_type varchar(255) check (role_type in ('User','Admin','Lecturer')), primary key (id))
2024-03-22T18:45:05.404+02:00 DEBUG 23292 --- [    Test worker] org.hibernate.SQL                        : create table users (id bigint generated by default as identity (start with 1), email varchar(255) not null, full_name varchar(255) not null, password varchar(255) not null, username varchar(255) not null, primary key (id))
2024-03-22T18:45:05.406+02:00 DEBUG 23292 --- [    Test worker] org.hibernate.SQL                        : create table users_roles (user_id bigint not null, roles_id bigint not null)
2024-03-22T18:45:05.409+02:00 DEBUG 23292 --- [    Test worker] org.hibernate.SQL                        : create table users_sign_in_courses (students_id bigint not null, sign_in_courses_id bigint not null)
2024-03-22T18:45:05.412+02:00 DEBUG 23292 --- [    Test worker] org.hibernate.SQL                        : alter table comments add constraint FKt7clst21fs6p4g71yf83fvw75 foreign key (forum_id) references forums
2024-03-22T18:45:05.414+02:00 DEBUG 23292 --- [    Test worker] org.hibernate.SQL                        : alter table comments add constraint FK8omq0tc18jd43bu5tjh6jvraq foreign key (user_id) references users
2024-03-22T18:45:05.415+02:00 DEBUG 23292 --- [    Test worker] org.hibernate.SQL                        : alter table courses add constraint FKit07wvai906qvcttvvg8pi1rr foreign key (lecturer_id) references users
2024-03-22T18:45:05.418+02:00 DEBUG 23292 --- [    Test worker] org.hibernate.SQL                        : alter table lectures add constraint FKsj4m8ipr4qnehoyxk7kbu3ide foreign key (course_id) references courses
2024-03-22T18:45:05.419+02:00 DEBUG 23292 --- [    Test worker] org.hibernate.SQL                        : alter table reviews add constraint FKcgy7qjc1r99dp117y9en6lxye foreign key (user_id) references users
2024-03-22T18:45:05.420+02:00 DEBUG 23292 --- [    Test worker] org.hibernate.SQL                        : alter table users_roles add constraint FKa62j07k5mhgifpp955h37ponj foreign key (roles_id) references roles
2024-03-22T18:45:05.423+02:00 DEBUG 23292 --- [    Test worker] org.hibernate.SQL                        : alter table users_roles add constraint FK2o0jvgh89lemvvo17cbqvdxaa foreign key (user_id) references users
2024-03-22T18:45:05.428+02:00 DEBUG 23292 --- [    Test worker] org.hibernate.SQL                        : alter table users_sign_in_courses add constraint FKl7ut2bxbya6jlcfuh99ubodm foreign key (sign_in_courses_id) references courses
2024-03-22T18:45:05.430+02:00 DEBUG 23292 --- [    Test worker] org.hibernate.SQL                        : alter table users_sign_in_courses add constraint FKcqjlj5ugearvp779k2efegjfw foreign key (students_id) references users
2024-03-22T18:45:05.436+02:00  INFO 23292 --- [    Test worker] j.LocalContainerEntityManagerFactoryBean : Initialized JPA EntityManagerFactory for persistence unit 'default'
2024-03-22T18:45:07.506+02:00  WARN 23292 --- [    Test worker] JpaBaseConfiguration$JpaWebConfiguration : spring.jpa.open-in-view is enabled by default. Therefore, database queries may be performed during view rendering. Explicitly configure spring.jpa.open-in-view to disable this warning
2024-03-22T18:45:07.613+02:00 TRACE 23292 --- [    Test worker] eGlobalAuthenticationAutowiredConfigurer : Eagerly initializing {org.springframework.boot.autoconfigure.security.servlet.SpringBootWebSecurityConfiguration$WebSecurityEnablerConfiguration=org.springframework.boot.autoconfigure.security.servlet.SpringBootWebSecurityConfiguration$WebSecurityEnablerConfiguration@30be77cd}
2024-03-22T18:45:07.814+02:00  INFO 23292 --- [    Test worker] o.s.b.a.w.s.WelcomePageHandlerMapping    : Adding welcome page template: index
2024-03-22T18:45:08.857+02:00  INFO 23292 --- [    Test worker] o.s.b.a.e.web.EndpointLinksResolver      : Exposing 1 endpoint(s) beneath base path '/actuator'
2024-03-22T18:45:09.092+02:00  INFO 23292 --- [    Test worker] o.s.s.web.DefaultSecurityFilterChain     : Will secure any request with [org.springframework.security.web.session.DisableEncodeUrlFilter@75c8ba94, org.springframework.security.web.context.request.async.WebAsyncManagerIntegrationFilter@746f5752, org.springframework.security.web.context.SecurityContextHolderFilter@2eb6a77f, org.springframework.security.web.header.HeaderWriterFilter@3abe1c9e, org.springframework.web.filter.CorsFilter@510c6b9, org.springframework.security.web.csrf.CsrfFilter@4467c026, org.springframework.security.web.authentication.logout.LogoutFilter@2bdc2c26, org.springframework.security.web.authentication.UsernamePasswordAuthenticationFilter@7dcd8e74, org.springframework.security.web.savedrequest.RequestCacheAwareFilter@4f091800, org.springframework.security.web.servletapi.SecurityContextHolderAwareRequestFilter@59ea2a36, org.springframework.security.web.authentication.rememberme.RememberMeAuthenticationFilter@c62d08a, org.springframework.security.web.authentication.AnonymousAuthenticationFilter@4c666872, org.springframework.security.web.access.ExceptionTranslationFilter@4e791e53, org.springframework.security.web.access.intercept.AuthorizationFilter@3294b641]
2024-03-22T18:45:10.812+02:00  INFO 23292 --- [    Test worker] c.e.roboworld.RoboWorldApplicationTests  : Started RoboWorldApplicationTests in 17.906 seconds (process running for 19.468)
]]></system-out>
  <system-err><![CDATA[]]></system-err>
</testsuite>
