<?xml version="1.0" encoding="UTF-8"?>
<testsuite name="com.example.roboworld.web.ForumRestControllerTest" tests="2" skipped="0" failures="0" errors="0" timestamp="2024-03-22T16:45:20" hostname="VANESAILIEVA" time="0.38">
  <properties/>
  <testcase name="testGetComments()" classname="com.example.roboworld.web.ForumRestControllerTest" time="0.144"/>
  <testcase name="testAddComment()" classname="com.example.roboworld.web.ForumRestControllerTest" time="0.191"/>
  <system-out><![CDATA[2024-03-22T18:45:20.390+02:00  INFO 23292 --- [    Test worker] t.c.s.AnnotationConfigContextLoaderUtils : Could not detect default configuration classes for test class [com.example.roboworld.web.ForumRestControllerTest]: ForumRestControllerTest does not declare any static, non-private, non-final, nested classes annotated with @Configuration.
2024-03-22T18:45:20.406+02:00  INFO 23292 --- [    Test worker] .b.t.c.SpringBootTestContextBootstrapper : Found @SpringBootConfiguration com.example.roboworld.RobotWorldApplication for test class com.example.roboworld.web.ForumRestControllerTest
2024-03-22T18:45:20.410+02:00  INFO 23292 --- [    Test worker] f.a.AutowiredAnnotationBeanPostProcessor : Autowired annotation should only be used on methods with parameters: public void com.example.roboworld.web.ForumRestControllerTest.tearDown()
2024-03-22T18:45:20.415+02:00 DEBUG 23292 --- [    Test worker] org.hibernate.SQL                        : select f1_0.id,f1_0.created,f1_0.description,f1_0.title from forums f1_0
2024-03-22T18:45:20.420+02:00 DEBUG 23292 --- [    Test worker] org.hibernate.SQL                        : select c1_0.id,c1_0.created,c1_0.description,c1_0.forum_id,c1_0.user_id from comments c1_0
2024-03-22T18:45:20.428+02:00 DEBUG 23292 --- [    Test worker] org.hibernate.SQL                        : select r1_0.id,r1_0.role_type from roles r1_0 where r1_0.role_type in (?)
2024-03-22T18:45:20.429+02:00 TRACE 23292 --- [    Test worker] org.hibernate.orm.jdbc.bind              : binding parameter (1:VARCHAR) <- [User]
2024-03-22T18:45:20.430+02:00 DEBUG 23292 --- [    Test worker] org.hibernate.SQL                        : insert into roles (role_type,id) values (?,default)
2024-03-22T18:45:20.431+02:00 TRACE 23292 --- [    Test worker] org.hibernate.orm.jdbc.bind              : binding parameter (1:VARCHAR) <- [User]
2024-03-22T18:45:20.433+02:00 DEBUG 23292 --- [    Test worker] org.hibernate.SQL                        : insert into users (email,full_name,password,username,id) values (?,?,?,?,default)
2024-03-22T18:45:20.434+02:00 TRACE 23292 --- [    Test worker] org.hibernate.orm.jdbc.bind              : binding parameter (1:VARCHAR) <- [example@com]
2024-03-22T18:45:20.434+02:00 TRACE 23292 --- [    Test worker] org.hibernate.orm.jdbc.bind              : binding parameter (2:VARCHAR) <- [Test Testov]
2024-03-22T18:45:20.434+02:00 TRACE 23292 --- [    Test worker] org.hibernate.orm.jdbc.bind              : binding parameter (3:VARCHAR) <- [1234]
2024-03-22T18:45:20.434+02:00 TRACE 23292 --- [    Test worker] org.hibernate.orm.jdbc.bind              : binding parameter (4:VARCHAR) <- [pesho]
2024-03-22T18:45:20.436+02:00 DEBUG 23292 --- [    Test worker] org.hibernate.SQL                        : insert into users_roles (user_id,roles_id) values (?,?)
2024-03-22T18:45:20.436+02:00 TRACE 23292 --- [    Test worker] org.hibernate.orm.jdbc.bind              : binding parameter (1:BIGINT) <- [9]
2024-03-22T18:45:20.436+02:00 TRACE 23292 --- [    Test worker] org.hibernate.orm.jdbc.bind              : binding parameter (2:BIGINT) <- [9]
2024-03-22T18:45:20.440+02:00 DEBUG 23292 --- [    Test worker] org.hibernate.SQL                        : select c1_0.id,c1_0.created,c1_0.description,c1_0.forum_id,c1_0.user_id from comments c1_0
2024-03-22T18:45:20.443+02:00 DEBUG 23292 --- [    Test worker] org.hibernate.SQL                        : insert into forums (created,description,title,id) values (?,?,?,default)
2024-03-22T18:45:20.443+02:00 TRACE 23292 --- [    Test worker] org.hibernate.orm.jdbc.bind              : binding parameter (1:TIMESTAMP) <- [2024-05-22T00:00]
2024-03-22T18:45:20.443+02:00 TRACE 23292 --- [    Test worker] org.hibernate.orm.jdbc.bind              : binding parameter (2:VARCHAR) <- [testtttt]
2024-03-22T18:45:20.443+02:00 TRACE 23292 --- [    Test worker] org.hibernate.orm.jdbc.bind              : binding parameter (3:VARCHAR) <- [testTitle]
2024-03-22T18:45:20.445+02:00 DEBUG 23292 --- [    Test worker] org.hibernate.SQL                        : insert into comments (created,description,forum_id,user_id,id) values (?,?,?,?,default)
2024-03-22T18:45:20.453+02:00 TRACE 23292 --- [    Test worker] org.hibernate.orm.jdbc.bind              : binding parameter (1:TIMESTAMP) <- [2024-03-22T18:45:20.445546200]
2024-03-22T18:45:20.453+02:00 TRACE 23292 --- [    Test worker] org.hibernate.orm.jdbc.bind              : binding parameter (2:VARCHAR) <- [hey Spring is cool!]
2024-03-22T18:45:20.453+02:00 TRACE 23292 --- [    Test worker] org.hibernate.orm.jdbc.bind              : binding parameter (3:BIGINT) <- [1]
2024-03-22T18:45:20.454+02:00 TRACE 23292 --- [    Test worker] org.hibernate.orm.jdbc.bind              : binding parameter (4:BIGINT) <- [9]
2024-03-22T18:45:20.457+02:00 DEBUG 23292 --- [    Test worker] org.hibernate.SQL                        : insert into comments (created,description,forum_id,user_id,id) values (?,?,?,?,default)
2024-03-22T18:45:20.457+02:00 TRACE 23292 --- [    Test worker] org.hibernate.orm.jdbc.bind              : binding parameter (1:TIMESTAMP) <- [null]
2024-03-22T18:45:20.457+02:00 TRACE 23292 --- [    Test worker] org.hibernate.orm.jdbc.bind              : binding parameter (2:VARCHAR) <- [null]
2024-03-22T18:45:20.458+02:00 TRACE 23292 --- [    Test worker] org.hibernate.orm.jdbc.bind              : binding parameter (3:BIGINT) <- [null]
2024-03-22T18:45:20.458+02:00 TRACE 23292 --- [    Test worker] org.hibernate.orm.jdbc.bind              : binding parameter (4:BIGINT) <- [null]
2024-03-22T18:45:20.461+02:00 TRACE 23292 --- [    Test worker] w.c.HttpSessionSecurityContextRepository : No HttpSession currently exists
2024-03-22T18:45:20.461+02:00 TRACE 23292 --- [    Test worker] w.c.HttpSessionSecurityContextRepository : Created SecurityContextImpl [Null authentication]
2024-03-22T18:45:20.461+02:00 TRACE 23292 --- [    Test worker] .s.s.w.c.SupplierDeferredSecurityContext : Created SecurityContextImpl [Null authentication]
2024-03-22T18:45:20.461+02:00 DEBUG 23292 --- [    Test worker] w.c.HttpSessionSecurityContextRepository : Created HttpSession as SecurityContext is non-default
2024-03-22T18:45:20.461+02:00 DEBUG 23292 --- [    Test worker] w.c.HttpSessionSecurityContextRepository : Stored SecurityContextImpl [Authentication=UsernamePasswordAuthenticationToken [Principal=org.springframework.security.core.userdetails.User [Username=user, Password=[PROTECTED], Enabled=true, AccountNonExpired=true, CredentialsNonExpired=true, AccountNonLocked=true, Granted Authorities=[ROLE_User]], Credentials=[PROTECTED], Authenticated=true, Details=null, Granted Authorities=[ROLE_User]]] to HttpSession [org.springframework.mock.web.MockHttpSession@6c488c55]
2024-03-22T18:45:20.463+02:00 TRACE 23292 --- [    Test worker] o.s.security.web.FilterChainProxy        : Trying to match request against DefaultSecurityFilterChain [RequestMatcher=any request, Filters=[org.springframework.security.web.session.DisableEncodeUrlFilter@d5b9704, org.springframework.security.web.context.request.async.WebAsyncManagerIntegrationFilter@326471ab, org.springframework.security.web.context.SecurityContextHolderFilter@98be09f, org.springframework.security.web.header.HeaderWriterFilter@1f7e6c3a, org.springframework.web.filter.CorsFilter@66af6b7b, org.springframework.security.web.csrf.CsrfFilter@44a83ca4, org.springframework.security.web.authentication.logout.LogoutFilter@6ac3ceda, org.springframework.security.web.authentication.UsernamePasswordAuthenticationFilter@285290a1, org.springframework.security.web.savedrequest.RequestCacheAwareFilter@2acec770, org.springframework.security.web.servletapi.SecurityContextHolderAwareRequestFilter@5b481d77, org.springframework.security.web.authentication.rememberme.RememberMeAuthenticationFilter@647b7f63, org.springframework.security.web.authentication.AnonymousAuthenticationFilter@5e232d07, org.springframework.security.web.access.ExceptionTranslationFilter@47a1b2f7, org.springframework.security.web.access.intercept.AuthorizationFilter@789f27e5]] (1/1)
2024-03-22T18:45:20.463+02:00 DEBUG 23292 --- [    Test worker] o.s.security.web.FilterChainProxy        : Securing GET /api/comments/1
2024-03-22T18:45:20.463+02:00 TRACE 23292 --- [    Test worker] o.s.security.web.FilterChainProxy        : Invoking DisableEncodeUrlFilter (1/14)
2024-03-22T18:45:20.463+02:00 TRACE 23292 --- [    Test worker] o.s.security.web.FilterChainProxy        : Invoking WebAsyncManagerIntegrationFilter (2/14)
2024-03-22T18:45:20.463+02:00 TRACE 23292 --- [    Test worker] o.s.security.web.FilterChainProxy        : Invoking SecurityContextHolderFilter (3/14)
2024-03-22T18:45:20.464+02:00 TRACE 23292 --- [    Test worker] o.s.security.web.FilterChainProxy        : Invoking HeaderWriterFilter (4/14)
2024-03-22T18:45:20.464+02:00 TRACE 23292 --- [    Test worker] o.s.security.web.FilterChainProxy        : Invoking CorsFilter (5/14)
2024-03-22T18:45:20.464+02:00 TRACE 23292 --- [    Test worker] o.s.security.web.FilterChainProxy        : Invoking CsrfFilter (6/14)
2024-03-22T18:45:20.464+02:00 TRACE 23292 --- [    Test worker] o.s.security.web.csrf.CsrfFilter         : Did not protect against CSRF since request did not match CsrfNotRequired [TRACE, HEAD, GET, OPTIONS]
2024-03-22T18:45:20.464+02:00 TRACE 23292 --- [    Test worker] o.s.security.web.FilterChainProxy        : Invoking LogoutFilter (7/14)
2024-03-22T18:45:20.464+02:00 TRACE 23292 --- [    Test worker] o.s.s.w.a.logout.LogoutFilter            : Did not match request to Ant [pattern='/users/logout', POST]
2024-03-22T18:45:20.464+02:00 TRACE 23292 --- [    Test worker] o.s.security.web.FilterChainProxy        : Invoking UsernamePasswordAuthenticationFilter (8/14)
2024-03-22T18:45:20.464+02:00 TRACE 23292 --- [    Test worker] w.a.UsernamePasswordAuthenticationFilter : Did not match request to Ant [pattern='/users/login', POST]
2024-03-22T18:45:20.464+02:00 TRACE 23292 --- [    Test worker] o.s.security.web.FilterChainProxy        : Invoking RequestCacheAwareFilter (9/14)
2024-03-22T18:45:20.464+02:00 TRACE 23292 --- [    Test worker] o.s.s.w.s.HttpSessionRequestCache        : matchingRequestParameterName is required for getMatchingRequest to lookup a value, but not provided
2024-03-22T18:45:20.464+02:00 TRACE 23292 --- [    Test worker] o.s.security.web.FilterChainProxy        : Invoking SecurityContextHolderAwareRequestFilter (10/14)
2024-03-22T18:45:20.464+02:00 TRACE 23292 --- [    Test worker] o.s.security.web.FilterChainProxy        : Invoking RememberMeAuthenticationFilter (11/14)
2024-03-22T18:45:20.464+02:00 TRACE 23292 --- [    Test worker] w.c.HttpSessionSecurityContextRepository : Retrieved SecurityContextImpl [Authentication=UsernamePasswordAuthenticationToken [Principal=org.springframework.security.core.userdetails.User [Username=user, Password=[PROTECTED], Enabled=true, AccountNonExpired=true, CredentialsNonExpired=true, AccountNonLocked=true, Granted Authorities=[ROLE_User]], Credentials=[PROTECTED], Authenticated=true, Details=null, Granted Authorities=[ROLE_User]]] from SPRING_SECURITY_CONTEXT
2024-03-22T18:45:20.464+02:00 DEBUG 23292 --- [    Test worker] s.s.w.a.r.RememberMeAuthenticationFilter : SecurityContextHolder not populated with remember-me token, as it already contained: 'UsernamePasswordAuthenticationToken [Principal=org.springframework.security.core.userdetails.User [Username=user, Password=[PROTECTED], Enabled=true, AccountNonExpired=true, CredentialsNonExpired=true, AccountNonLocked=true, Granted Authorities=[ROLE_User]], Credentials=[PROTECTED], Authenticated=true, Details=null, Granted Authorities=[ROLE_User]]'
2024-03-22T18:45:20.464+02:00 TRACE 23292 --- [    Test worker] o.s.security.web.FilterChainProxy        : Invoking AnonymousAuthenticationFilter (12/14)
2024-03-22T18:45:20.464+02:00 TRACE 23292 --- [    Test worker] o.s.security.web.FilterChainProxy        : Invoking ExceptionTranslationFilter (13/14)
2024-03-22T18:45:20.464+02:00 TRACE 23292 --- [    Test worker] o.s.security.web.FilterChainProxy        : Invoking AuthorizationFilter (14/14)
2024-03-22T18:45:20.464+02:00 TRACE 23292 --- [    Test worker] estMatcherDelegatingAuthorizationManager : Authorizing SecurityContextHolderAwareRequestWrapper[ org.springframework.security.web.header.HeaderWriterFilter$HeaderWriterRequest@3bdb1d56]
2024-03-22T18:45:20.464+02:00 TRACE 23292 --- [    Test worker] estMatcherDelegatingAuthorizationManager : Checking authorization on SecurityContextHolderAwareRequestWrapper[ org.springframework.security.web.header.HeaderWriterFilter$HeaderWriterRequest@3bdb1d56] using org.springframework.security.authorization.AuthenticatedAuthorizationManager@14419acf
2024-03-22T18:45:20.465+02:00 TRACE 23292 --- [    Test worker] o.s.s.w.a.AnonymousAuthenticationFilter  : Did not set SecurityContextHolder since already authenticated UsernamePasswordAuthenticationToken [Principal=org.springframework.security.core.userdetails.User [Username=user, Password=[PROTECTED], Enabled=true, AccountNonExpired=true, CredentialsNonExpired=true, AccountNonLocked=true, Granted Authorities=[ROLE_User]], Credentials=[PROTECTED], Authenticated=true, Details=null, Granted Authorities=[ROLE_User]]
2024-03-22T18:45:20.465+02:00 DEBUG 23292 --- [    Test worker] o.s.security.web.FilterChainProxy        : Secured GET /api/comments/1
2024-03-22T18:45:20.470+02:00 DEBUG 23292 --- [    Test worker] org.hibernate.SQL                        : select c1_0.id,c1_0.created,c1_0.description,c1_0.forum_id,c1_0.user_id from comments c1_0 left join forums f1_0 on f1_0.id=c1_0.forum_id where f1_0.id=?
2024-03-22T18:45:20.471+02:00 TRACE 23292 --- [    Test worker] org.hibernate.orm.jdbc.bind              : binding parameter (1:BIGINT) <- [1]
2024-03-22T18:45:20.471+02:00 DEBUG 23292 --- [    Test worker] org.hibernate.SQL                        : select f1_0.id,f1_0.created,f1_0.description,f1_0.title,c1_0.forum_id,c1_0.id,c1_0.created,c1_0.description,u1_0.id,u1_0.email,u1_0.full_name,u1_0.password,u1_0.username from forums f1_0 left join comments c1_0 on f1_0.id=c1_0.forum_id left join users u1_0 on u1_0.id=c1_0.user_id where f1_0.id=?
2024-03-22T18:45:20.472+02:00 TRACE 23292 --- [    Test worker] org.hibernate.orm.jdbc.bind              : binding parameter (1:BIGINT) <- [1]
2024-03-22T18:45:20.473+02:00 DEBUG 23292 --- [    Test worker] org.hibernate.SQL                        : select sic1_0.students_id,sic1_1.id,sic1_1.age_limit,sic1_1.description,sic1_1.end,l1_0.id,l1_0.email,l1_0.full_name,l1_0.password,l1_0.username,sic1_1.start,sic1_1.title from users_sign_in_courses sic1_0 join courses sic1_1 on sic1_1.id=sic1_0.sign_in_courses_id left join users l1_0 on l1_0.id=sic1_1.lecturer_id where sic1_0.students_id=?
2024-03-22T18:45:20.474+02:00 TRACE 23292 --- [    Test worker] org.hibernate.orm.jdbc.bind              : binding parameter (1:BIGINT) <- [9]
2024-03-22T18:45:20.475+02:00 DEBUG 23292 --- [    Test worker] org.hibernate.SQL                        : select r1_0.user_id,r1_1.id,r1_1.role_type from users_roles r1_0 join roles r1_1 on r1_1.id=r1_0.roles_id where r1_0.user_id=?
2024-03-22T18:45:20.475+02:00 TRACE 23292 --- [    Test worker] org.hibernate.orm.jdbc.bind              : binding parameter (1:BIGINT) <- [9]
2024-03-22T18:45:20.476+02:00 DEBUG 23292 --- [    Test worker] org.hibernate.SQL                        : select r1_0.user_id,r1_0.id,r1_0.description,r1_0.name from reviews r1_0 where r1_0.user_id=?
2024-03-22T18:45:20.476+02:00 TRACE 23292 --- [    Test worker] org.hibernate.orm.jdbc.bind              : binding parameter (1:BIGINT) <- [9]
2024-03-22T18:45:20.476+02:00 DEBUG 23292 --- [    Test worker] org.hibernate.SQL                        : select c1_0.lecturer_id,c1_0.id,c1_0.age_limit,c1_0.description,c1_0.end,c1_0.start,c1_0.title from courses c1_0 where c1_0.lecturer_id=?
2024-03-22T18:45:20.476+02:00 TRACE 23292 --- [    Test worker] org.hibernate.orm.jdbc.bind              : binding parameter (1:BIGINT) <- [9]
2024-03-22T18:45:20.561+02:00 TRACE 23292 --- [    Test worker] o.s.s.w.header.writers.HstsHeaderWriter  : Not injecting HSTS header since it did not match request to [Is Secure]
2024-03-22T18:45:20.571+02:00 DEBUG 23292 --- [    Test worker] org.hibernate.SQL                        : select f1_0.id,f1_0.created,f1_0.description,f1_0.title from forums f1_0
2024-03-22T18:45:20.572+02:00 DEBUG 23292 --- [    Test worker] org.hibernate.SQL                        : select c1_0.forum_id,c1_0.id,c1_0.created,c1_0.description,u1_0.id,u1_0.email,u1_0.full_name,u1_0.password,u1_0.username from comments c1_0 left join users u1_0 on u1_0.id=c1_0.user_id where c1_0.forum_id=?
2024-03-22T18:45:20.573+02:00 TRACE 23292 --- [    Test worker] org.hibernate.orm.jdbc.bind              : binding parameter (1:BIGINT) <- [1]
2024-03-22T18:45:20.574+02:00 DEBUG 23292 --- [    Test worker] org.hibernate.SQL                        : select sic1_0.students_id,sic1_1.id,sic1_1.age_limit,sic1_1.description,sic1_1.end,l1_0.id,l1_0.email,l1_0.full_name,l1_0.password,l1_0.username,sic1_1.start,sic1_1.title from users_sign_in_courses sic1_0 join courses sic1_1 on sic1_1.id=sic1_0.sign_in_courses_id left join users l1_0 on l1_0.id=sic1_1.lecturer_id where sic1_0.students_id=?
2024-03-22T18:45:20.574+02:00 TRACE 23292 --- [    Test worker] org.hibernate.orm.jdbc.bind              : binding parameter (1:BIGINT) <- [9]
2024-03-22T18:45:20.574+02:00 DEBUG 23292 --- [    Test worker] org.hibernate.SQL                        : select r1_0.user_id,r1_1.id,r1_1.role_type from users_roles r1_0 join roles r1_1 on r1_1.id=r1_0.roles_id where r1_0.user_id=?
2024-03-22T18:45:20.575+02:00 TRACE 23292 --- [    Test worker] org.hibernate.orm.jdbc.bind              : binding parameter (1:BIGINT) <- [9]
2024-03-22T18:45:20.576+02:00 DEBUG 23292 --- [    Test worker] org.hibernate.SQL                        : select r1_0.user_id,r1_0.id,r1_0.description,r1_0.name from reviews r1_0 where r1_0.user_id=?
2024-03-22T18:45:20.576+02:00 TRACE 23292 --- [    Test worker] org.hibernate.orm.jdbc.bind              : binding parameter (1:BIGINT) <- [9]
2024-03-22T18:45:20.576+02:00 DEBUG 23292 --- [    Test worker] org.hibernate.SQL                        : select c1_0.lecturer_id,c1_0.id,c1_0.age_limit,c1_0.description,c1_0.end,c1_0.start,c1_0.title from courses c1_0 where c1_0.lecturer_id=?
2024-03-22T18:45:20.576+02:00 TRACE 23292 --- [    Test worker] org.hibernate.orm.jdbc.bind              : binding parameter (1:BIGINT) <- [9]
2024-03-22T18:45:20.581+02:00 DEBUG 23292 --- [    Test worker] org.hibernate.SQL                        : delete from users_roles where user_id=?
2024-03-22T18:45:20.595+02:00 TRACE 23292 --- [    Test worker] org.hibernate.orm.jdbc.bind              : binding parameter (1:BIGINT) <- [9]
2024-03-22T18:45:20.598+02:00 DEBUG 23292 --- [    Test worker] org.hibernate.SQL                        : delete from comments where id=?
2024-03-22T18:45:20.601+02:00 TRACE 23292 --- [    Test worker] org.hibernate.orm.jdbc.bind              : binding parameter (1:BIGINT) <- [1]
2024-03-22T18:45:20.602+02:00 DEBUG 23292 --- [    Test worker] org.hibernate.SQL                        : delete from roles where id=?
2024-03-22T18:45:20.602+02:00 TRACE 23292 --- [    Test worker] org.hibernate.orm.jdbc.bind              : binding parameter (1:BIGINT) <- [9]
2024-03-22T18:45:20.603+02:00 DEBUG 23292 --- [    Test worker] org.hibernate.SQL                        : delete from users where id=?
2024-03-22T18:45:20.603+02:00 TRACE 23292 --- [    Test worker] org.hibernate.orm.jdbc.bind              : binding parameter (1:BIGINT) <- [9]
2024-03-22T18:45:20.604+02:00 DEBUG 23292 --- [    Test worker] org.hibernate.SQL                        : delete from forums where id=?
2024-03-22T18:45:20.604+02:00 TRACE 23292 --- [    Test worker] org.hibernate.orm.jdbc.bind              : binding parameter (1:BIGINT) <- [1]
2024-03-22T18:45:20.606+02:00 DEBUG 23292 --- [    Test worker] org.hibernate.SQL                        : select c1_0.id,c1_0.created,c1_0.description,c1_0.forum_id,c1_0.user_id from comments c1_0
2024-03-22T18:45:20.608+02:00 DEBUG 23292 --- [    Test worker] org.hibernate.SQL                        : delete from comments where id=?
2024-03-22T18:45:20.608+02:00 TRACE 23292 --- [    Test worker] org.hibernate.orm.jdbc.bind              : binding parameter (1:BIGINT) <- [2]
2024-03-22T18:45:20.620+02:00 DEBUG 23292 --- [    Test worker] org.hibernate.SQL                        : select r1_0.id,r1_0.role_type from roles r1_0 where r1_0.role_type in (?)
2024-03-22T18:45:20.621+02:00 TRACE 23292 --- [    Test worker] org.hibernate.orm.jdbc.bind              : binding parameter (1:VARCHAR) <- [User]
2024-03-22T18:45:20.622+02:00 DEBUG 23292 --- [    Test worker] org.hibernate.SQL                        : insert into roles (role_type,id) values (?,default)
2024-03-22T18:45:20.623+02:00 TRACE 23292 --- [    Test worker] org.hibernate.orm.jdbc.bind              : binding parameter (1:VARCHAR) <- [User]
2024-03-22T18:45:20.626+02:00 DEBUG 23292 --- [    Test worker] org.hibernate.SQL                        : insert into users (email,full_name,password,username,id) values (?,?,?,?,default)
2024-03-22T18:45:20.626+02:00 TRACE 23292 --- [    Test worker] org.hibernate.orm.jdbc.bind              : binding parameter (1:VARCHAR) <- [example@com]
2024-03-22T18:45:20.626+02:00 TRACE 23292 --- [    Test worker] org.hibernate.orm.jdbc.bind              : binding parameter (2:VARCHAR) <- [Test Testov]
2024-03-22T18:45:20.626+02:00 TRACE 23292 --- [    Test worker] org.hibernate.orm.jdbc.bind              : binding parameter (3:VARCHAR) <- [1234]
2024-03-22T18:45:20.626+02:00 TRACE 23292 --- [    Test worker] org.hibernate.orm.jdbc.bind              : binding parameter (4:VARCHAR) <- [pesho]
2024-03-22T18:45:20.628+02:00 DEBUG 23292 --- [    Test worker] org.hibernate.SQL                        : insert into users_roles (user_id,roles_id) values (?,?)
2024-03-22T18:45:20.628+02:00 TRACE 23292 --- [    Test worker] org.hibernate.orm.jdbc.bind              : binding parameter (1:BIGINT) <- [10]
2024-03-22T18:45:20.628+02:00 TRACE 23292 --- [    Test worker] org.hibernate.orm.jdbc.bind              : binding parameter (2:BIGINT) <- [10]
2024-03-22T18:45:20.631+02:00 DEBUG 23292 --- [    Test worker] org.hibernate.SQL                        : select c1_0.id,c1_0.created,c1_0.description,c1_0.forum_id,c1_0.user_id from comments c1_0
2024-03-22T18:45:20.647+02:00 DEBUG 23292 --- [    Test worker] org.hibernate.SQL                        : insert into forums (created,description,title,id) values (?,?,?,default)
2024-03-22T18:45:20.650+02:00 TRACE 23292 --- [    Test worker] org.hibernate.orm.jdbc.bind              : binding parameter (1:TIMESTAMP) <- [2024-05-22T00:00]
2024-03-22T18:45:20.650+02:00 TRACE 23292 --- [    Test worker] org.hibernate.orm.jdbc.bind              : binding parameter (2:VARCHAR) <- [testtttt]
2024-03-22T18:45:20.650+02:00 TRACE 23292 --- [    Test worker] org.hibernate.orm.jdbc.bind              : binding parameter (3:VARCHAR) <- [test title]
2024-03-22T18:45:20.657+02:00 TRACE 23292 --- [    Test worker] w.c.HttpSessionSecurityContextRepository : No HttpSession currently exists
2024-03-22T18:45:20.658+02:00 TRACE 23292 --- [    Test worker] w.c.HttpSessionSecurityContextRepository : Created SecurityContextImpl [Null authentication]
2024-03-22T18:45:20.658+02:00 TRACE 23292 --- [    Test worker] .s.s.w.c.SupplierDeferredSecurityContext : Created SecurityContextImpl [Null authentication]
2024-03-22T18:45:20.658+02:00 DEBUG 23292 --- [    Test worker] w.c.HttpSessionSecurityContextRepository : Created HttpSession as SecurityContext is non-default
2024-03-22T18:45:20.658+02:00 DEBUG 23292 --- [    Test worker] w.c.HttpSessionSecurityContextRepository : Stored SecurityContextImpl [Authentication=UsernamePasswordAuthenticationToken [Principal=org.springframework.security.core.userdetails.User [Username=pesho, Password=[PROTECTED], Enabled=true, AccountNonExpired=true, CredentialsNonExpired=true, AccountNonLocked=true, Granted Authorities=[ROLE_User]], Credentials=[PROTECTED], Authenticated=true, Details=null, Granted Authorities=[ROLE_User]]] to HttpSession [org.springframework.mock.web.MockHttpSession@7b87ff85]
2024-03-22T18:45:20.663+02:00 TRACE 23292 --- [    Test worker] o.s.security.web.FilterChainProxy        : Trying to match request against DefaultSecurityFilterChain [RequestMatcher=any request, Filters=[org.springframework.security.web.session.DisableEncodeUrlFilter@d5b9704, org.springframework.security.web.context.request.async.WebAsyncManagerIntegrationFilter@326471ab, org.springframework.security.web.context.SecurityContextHolderFilter@98be09f, org.springframework.security.web.header.HeaderWriterFilter@1f7e6c3a, org.springframework.web.filter.CorsFilter@66af6b7b, org.springframework.security.web.csrf.CsrfFilter@44a83ca4, org.springframework.security.web.authentication.logout.LogoutFilter@6ac3ceda, org.springframework.security.web.authentication.UsernamePasswordAuthenticationFilter@285290a1, org.springframework.security.web.savedrequest.RequestCacheAwareFilter@2acec770, org.springframework.security.web.servletapi.SecurityContextHolderAwareRequestFilter@5b481d77, org.springframework.security.web.authentication.rememberme.RememberMeAuthenticationFilter@647b7f63, org.springframework.security.web.authentication.AnonymousAuthenticationFilter@5e232d07, org.springframework.security.web.access.ExceptionTranslationFilter@47a1b2f7, org.springframework.security.web.access.intercept.AuthorizationFilter@789f27e5]] (1/1)
2024-03-22T18:45:20.664+02:00 DEBUG 23292 --- [    Test worker] o.s.security.web.FilterChainProxy        : Securing POST /api/comments/2
2024-03-22T18:45:20.664+02:00 TRACE 23292 --- [    Test worker] o.s.security.web.FilterChainProxy        : Invoking DisableEncodeUrlFilter (1/14)
2024-03-22T18:45:20.664+02:00 TRACE 23292 --- [    Test worker] o.s.security.web.FilterChainProxy        : Invoking WebAsyncManagerIntegrationFilter (2/14)
2024-03-22T18:45:20.664+02:00 TRACE 23292 --- [    Test worker] o.s.security.web.FilterChainProxy        : Invoking SecurityContextHolderFilter (3/14)
2024-03-22T18:45:20.664+02:00 TRACE 23292 --- [    Test worker] o.s.security.web.FilterChainProxy        : Invoking HeaderWriterFilter (4/14)
2024-03-22T18:45:20.664+02:00 TRACE 23292 --- [    Test worker] o.s.security.web.FilterChainProxy        : Invoking CorsFilter (5/14)
2024-03-22T18:45:20.664+02:00 TRACE 23292 --- [    Test worker] o.s.security.web.FilterChainProxy        : Invoking CsrfFilter (6/14)
2024-03-22T18:45:20.672+02:00 TRACE 23292 --- [    Test worker] o.s.security.web.FilterChainProxy        : Invoking LogoutFilter (7/14)
2024-03-22T18:45:20.672+02:00 TRACE 23292 --- [    Test worker] o.s.s.w.a.logout.LogoutFilter            : Did not match request to Ant [pattern='/users/logout', POST]
2024-03-22T18:45:20.672+02:00 TRACE 23292 --- [    Test worker] o.s.security.web.FilterChainProxy        : Invoking UsernamePasswordAuthenticationFilter (8/14)
2024-03-22T18:45:20.672+02:00 TRACE 23292 --- [    Test worker] w.a.UsernamePasswordAuthenticationFilter : Did not match request to Ant [pattern='/users/login', POST]
2024-03-22T18:45:20.672+02:00 TRACE 23292 --- [    Test worker] o.s.security.web.FilterChainProxy        : Invoking RequestCacheAwareFilter (9/14)
2024-03-22T18:45:20.672+02:00 TRACE 23292 --- [    Test worker] o.s.s.w.s.HttpSessionRequestCache        : matchingRequestParameterName is required for getMatchingRequest to lookup a value, but not provided
2024-03-22T18:45:20.672+02:00 TRACE 23292 --- [    Test worker] o.s.security.web.FilterChainProxy        : Invoking SecurityContextHolderAwareRequestFilter (10/14)
2024-03-22T18:45:20.672+02:00 TRACE 23292 --- [    Test worker] o.s.security.web.FilterChainProxy        : Invoking RememberMeAuthenticationFilter (11/14)
2024-03-22T18:45:20.673+02:00 TRACE 23292 --- [    Test worker] w.c.HttpSessionSecurityContextRepository : Retrieved SecurityContextImpl [Authentication=UsernamePasswordAuthenticationToken [Principal=org.springframework.security.core.userdetails.User [Username=pesho, Password=[PROTECTED], Enabled=true, AccountNonExpired=true, CredentialsNonExpired=true, AccountNonLocked=true, Granted Authorities=[ROLE_User]], Credentials=[PROTECTED], Authenticated=true, Details=null, Granted Authorities=[ROLE_User]]] from SPRING_SECURITY_CONTEXT
2024-03-22T18:45:20.673+02:00 DEBUG 23292 --- [    Test worker] s.s.w.a.r.RememberMeAuthenticationFilter : SecurityContextHolder not populated with remember-me token, as it already contained: 'UsernamePasswordAuthenticationToken [Principal=org.springframework.security.core.userdetails.User [Username=pesho, Password=[PROTECTED], Enabled=true, AccountNonExpired=true, CredentialsNonExpired=true, AccountNonLocked=true, Granted Authorities=[ROLE_User]], Credentials=[PROTECTED], Authenticated=true, Details=null, Granted Authorities=[ROLE_User]]'
2024-03-22T18:45:20.673+02:00 TRACE 23292 --- [    Test worker] o.s.security.web.FilterChainProxy        : Invoking AnonymousAuthenticationFilter (12/14)
2024-03-22T18:45:20.673+02:00 TRACE 23292 --- [    Test worker] o.s.security.web.FilterChainProxy        : Invoking ExceptionTranslationFilter (13/14)
2024-03-22T18:45:20.673+02:00 TRACE 23292 --- [    Test worker] o.s.security.web.FilterChainProxy        : Invoking AuthorizationFilter (14/14)
2024-03-22T18:45:20.674+02:00 TRACE 23292 --- [    Test worker] estMatcherDelegatingAuthorizationManager : Authorizing SecurityContextHolderAwareRequestWrapper[ org.springframework.security.web.header.HeaderWriterFilter$HeaderWriterRequest@d574831]
2024-03-22T18:45:20.674+02:00 TRACE 23292 --- [    Test worker] estMatcherDelegatingAuthorizationManager : Checking authorization on SecurityContextHolderAwareRequestWrapper[ org.springframework.security.web.header.HeaderWriterFilter$HeaderWriterRequest@d574831] using org.springframework.security.authorization.AuthenticatedAuthorizationManager@14419acf
2024-03-22T18:45:20.674+02:00 TRACE 23292 --- [    Test worker] o.s.s.w.a.AnonymousAuthenticationFilter  : Did not set SecurityContextHolder since already authenticated UsernamePasswordAuthenticationToken [Principal=org.springframework.security.core.userdetails.User [Username=pesho, Password=[PROTECTED], Enabled=true, AccountNonExpired=true, CredentialsNonExpired=true, AccountNonLocked=true, Granted Authorities=[ROLE_User]], Credentials=[PROTECTED], Authenticated=true, Details=null, Granted Authorities=[ROLE_User]]
2024-03-22T18:45:20.674+02:00 DEBUG 23292 --- [    Test worker] o.s.security.web.FilterChainProxy        : Secured POST /api/comments/2
2024-03-22T18:45:20.707+02:00 DEBUG 23292 --- [    Test worker] org.hibernate.SQL                        : select f1_0.id,f1_0.created,f1_0.description,f1_0.title,c1_0.forum_id,c1_0.id,c1_0.created,c1_0.description,u1_0.id,u1_0.email,u1_0.full_name,u1_0.password,u1_0.username from forums f1_0 left join comments c1_0 on f1_0.id=c1_0.forum_id left join users u1_0 on u1_0.id=c1_0.user_id where f1_0.id=?
2024-03-22T18:45:20.709+02:00 TRACE 23292 --- [    Test worker] org.hibernate.orm.jdbc.bind              : binding parameter (1:BIGINT) <- [2]
2024-03-22T18:45:20.715+02:00 DEBUG 23292 --- [    Test worker] org.hibernate.SQL                        : select u1_0.id,u1_0.email,u1_0.full_name,u1_0.password,u1_0.username from users u1_0 where u1_0.username=?
2024-03-22T18:45:20.716+02:00 TRACE 23292 --- [    Test worker] org.hibernate.orm.jdbc.bind              : binding parameter (1:VARCHAR) <- [pesho]
2024-03-22T18:45:20.719+02:00 DEBUG 23292 --- [    Test worker] org.hibernate.SQL                        : select sic1_0.students_id,sic1_1.id,sic1_1.age_limit,sic1_1.description,sic1_1.end,l1_0.id,l1_0.email,l1_0.full_name,l1_0.password,l1_0.username,sic1_1.start,sic1_1.title from users_sign_in_courses sic1_0 join courses sic1_1 on sic1_1.id=sic1_0.sign_in_courses_id left join users l1_0 on l1_0.id=sic1_1.lecturer_id where sic1_0.students_id=?
2024-03-22T18:45:20.720+02:00 TRACE 23292 --- [    Test worker] org.hibernate.orm.jdbc.bind              : binding parameter (1:BIGINT) <- [10]
2024-03-22T18:45:20.722+02:00 DEBUG 23292 --- [    Test worker] org.hibernate.SQL                        : select r1_0.user_id,r1_1.id,r1_1.role_type from users_roles r1_0 join roles r1_1 on r1_1.id=r1_0.roles_id where r1_0.user_id=?
2024-03-22T18:45:20.723+02:00 TRACE 23292 --- [    Test worker] org.hibernate.orm.jdbc.bind              : binding parameter (1:BIGINT) <- [10]
2024-03-22T18:45:20.723+02:00 DEBUG 23292 --- [    Test worker] org.hibernate.SQL                        : select r1_0.user_id,r1_0.id,r1_0.description,r1_0.name from reviews r1_0 where r1_0.user_id=?
2024-03-22T18:45:20.724+02:00 TRACE 23292 --- [    Test worker] org.hibernate.orm.jdbc.bind              : binding parameter (1:BIGINT) <- [10]
2024-03-22T18:45:20.724+02:00 DEBUG 23292 --- [    Test worker] org.hibernate.SQL                        : select c1_0.lecturer_id,c1_0.id,c1_0.age_limit,c1_0.description,c1_0.end,c1_0.start,c1_0.title from courses c1_0 where c1_0.lecturer_id=?
2024-03-22T18:45:20.725+02:00 TRACE 23292 --- [    Test worker] org.hibernate.orm.jdbc.bind              : binding parameter (1:BIGINT) <- [10]
2024-03-22T18:45:20.727+02:00 DEBUG 23292 --- [    Test worker] org.hibernate.SQL                        : select f1_0.id,f1_0.created,f1_0.description,f1_0.title from forums f1_0 where f1_0.title=?
2024-03-22T18:45:20.727+02:00 TRACE 23292 --- [    Test worker] org.hibernate.orm.jdbc.bind              : binding parameter (1:VARCHAR) <- [test title]
2024-03-22T18:45:20.729+02:00 DEBUG 23292 --- [    Test worker] org.hibernate.SQL                        : insert into comments (created,description,forum_id,user_id,id) values (?,?,?,?,default)
2024-03-22T18:45:20.729+02:00 TRACE 23292 --- [    Test worker] org.hibernate.orm.jdbc.bind              : binding parameter (1:TIMESTAMP) <- [2024-03-22T18:45:20.728554800]
2024-03-22T18:45:20.729+02:00 TRACE 23292 --- [    Test worker] org.hibernate.orm.jdbc.bind              : binding parameter (2:VARCHAR) <- [hey Spring is cool!]
2024-03-22T18:45:20.729+02:00 TRACE 23292 --- [    Test worker] org.hibernate.orm.jdbc.bind              : binding parameter (3:BIGINT) <- [2]
2024-03-22T18:45:20.729+02:00 TRACE 23292 --- [    Test worker] org.hibernate.orm.jdbc.bind              : binding parameter (4:BIGINT) <- [10]
2024-03-22T18:45:20.734+02:00 TRACE 23292 --- [    Test worker] o.s.s.w.header.writers.HstsHeaderWriter  : Not injecting HSTS header since it did not match request to [Is Secure]
2024-03-22T18:45:20.740+02:00 DEBUG 23292 --- [    Test worker] org.hibernate.SQL                        : select c1_0.id,c1_0.created,c1_0.description,c1_0.forum_id,c1_0.user_id from comments c1_0 where c1_0.description=?
2024-03-22T18:45:20.740+02:00 TRACE 23292 --- [    Test worker] org.hibernate.orm.jdbc.bind              : binding parameter (1:VARCHAR) <- [hey Spring is cool!]
2024-03-22T18:45:20.741+02:00 DEBUG 23292 --- [    Test worker] org.hibernate.SQL                        : select f1_0.id,f1_0.created,f1_0.description,f1_0.title,c1_0.forum_id,c1_0.id,c1_0.created,c1_0.description,u1_0.id,u1_0.email,u1_0.full_name,u1_0.password,u1_0.username from forums f1_0 left join comments c1_0 on f1_0.id=c1_0.forum_id left join users u1_0 on u1_0.id=c1_0.user_id where f1_0.id=?
2024-03-22T18:45:20.742+02:00 TRACE 23292 --- [    Test worker] org.hibernate.orm.jdbc.bind              : binding parameter (1:BIGINT) <- [2]
2024-03-22T18:45:20.742+02:00 DEBUG 23292 --- [    Test worker] org.hibernate.SQL                        : select sic1_0.students_id,sic1_1.id,sic1_1.age_limit,sic1_1.description,sic1_1.end,l1_0.id,l1_0.email,l1_0.full_name,l1_0.password,l1_0.username,sic1_1.start,sic1_1.title from users_sign_in_courses sic1_0 join courses sic1_1 on sic1_1.id=sic1_0.sign_in_courses_id left join users l1_0 on l1_0.id=sic1_1.lecturer_id where sic1_0.students_id=?
2024-03-22T18:45:20.744+02:00 TRACE 23292 --- [    Test worker] org.hibernate.orm.jdbc.bind              : binding parameter (1:BIGINT) <- [10]
2024-03-22T18:45:20.744+02:00 DEBUG 23292 --- [    Test worker] org.hibernate.SQL                        : select r1_0.user_id,r1_1.id,r1_1.role_type from users_roles r1_0 join roles r1_1 on r1_1.id=r1_0.roles_id where r1_0.user_id=?
2024-03-22T18:45:20.744+02:00 TRACE 23292 --- [    Test worker] org.hibernate.orm.jdbc.bind              : binding parameter (1:BIGINT) <- [10]
2024-03-22T18:45:20.747+02:00 DEBUG 23292 --- [    Test worker] org.hibernate.SQL                        : select r1_0.user_id,r1_0.id,r1_0.description,r1_0.name from reviews r1_0 where r1_0.user_id=?
2024-03-22T18:45:20.747+02:00 TRACE 23292 --- [    Test worker] org.hibernate.orm.jdbc.bind              : binding parameter (1:BIGINT) <- [10]
2024-03-22T18:45:20.748+02:00 DEBUG 23292 --- [    Test worker] org.hibernate.SQL                        : select c1_0.lecturer_id,c1_0.id,c1_0.age_limit,c1_0.description,c1_0.end,c1_0.start,c1_0.title from courses c1_0 where c1_0.lecturer_id=?
2024-03-22T18:45:20.749+02:00 TRACE 23292 --- [    Test worker] org.hibernate.orm.jdbc.bind              : binding parameter (1:BIGINT) <- [10]
]]></system-out>
  <system-err><![CDATA[]]></system-err>
</testsuite>
