<?xml version="1.0" encoding="UTF-8"?>
<testsuite name="com.example.roboworld.service.impl.RoboWorldUserDetailsServiceTest" tests="2" skipped="0" failures="0" errors="0" timestamp="2024-03-10T10:57:24" hostname="VANESAILIEVA" time="0.36">
  <properties/>
  <testcase name="userFound()" classname="com.example.roboworld.service.impl.RoboWorldUserDetailsServiceTest" time="0.353"/>
  <testcase name="userNotFound()" classname="com.example.roboworld.service.impl.RoboWorldUserDetailsServiceTest" time="0.005"/>
  <system-out><![CDATA[]]></system-out>
  <system-err><![CDATA[]]></system-err>
</testsuite>
