<?xml version="1.0" encoding="UTF-8"?>
<testsuite name="com.example.roboworld.web.ForumRestControllerTest" tests="1" skipped="0" failures="0" errors="0" timestamp="2024-03-07T21:04:06" hostname="VANESAILIEVA" time="0.811">
  <properties/>
  <testcase name="testAddComment()" classname="com.example.roboworld.web.ForumRestControllerTest" time="0.811"/>
  <system-out><![CDATA[23:03:57.615 [Test worker] INFO org.springframework.test.context.support.AnnotationConfigContextLoaderUtils -- Could not detect default configuration classes for test class [com.example.roboworld.web.ForumRestControllerTest]: ForumRestControllerTest does not declare any static, non-private, non-final, nested classes annotated with @Configuration.
23:03:57.743 [Test worker] INFO org.springframework.boot.test.context.SpringBootTestContextBootstrapper -- Found @SpringBootConfiguration com.example.roboworld.RobotWorldApplication for test class com.example.roboworld.web.ForumRestControllerTest

  .   ____          _            __ _ _
 /\\ / ___'_ __ _ _(_)_ __  __ _ \ \ \ \
( ( )\___ | '_ | '_| | '_ \/ _` | \ \ \ \
 \\/  ___)| |_)| | | | | || (_| |  ) ) ) )
  '  |____| .__|_| |_|_| |_\__, | / / / /
 =========|_|==============|___/=/_/_/_/
 :: Spring Boot ::                (v3.2.2)

2024-03-07T23:03:58.147+02:00  INFO 2028 --- [    Test worker] c.e.r.web.ForumRestControllerTest        : Starting ForumRestControllerTest using Java 20.0.2.1 with PID 2028 (started by vanes in D:\RoboWorld)
2024-03-07T23:03:58.149+02:00  INFO 2028 --- [    Test worker] c.e.r.web.ForumRestControllerTest        : No active profile set, falling back to 1 default profile: "default"
2024-03-07T23:03:59.459+02:00  INFO 2028 --- [    Test worker] .s.d.r.c.RepositoryConfigurationDelegate : Bootstrapping Spring Data JPA repositories in DEFAULT mode.
2024-03-07T23:03:59.648+02:00  INFO 2028 --- [    Test worker] .s.d.r.c.RepositoryConfigurationDelegate : Finished Spring Data repository scanning in 180 ms. Found 6 JPA repository interfaces.
2024-03-07T23:04:00.481+02:00  INFO 2028 --- [    Test worker] o.hibernate.jpa.internal.util.LogHelper  : HHH000204: Processing PersistenceUnitInfo [name: default]
2024-03-07T23:04:00.562+02:00  INFO 2028 --- [    Test worker] org.hibernate.Version                    : HHH000412: Hibernate ORM core version 6.4.1.Final
2024-03-07T23:04:00.620+02:00  INFO 2028 --- [    Test worker] o.h.c.internal.RegionFactoryInitiator    : HHH000026: Second-level cache disabled
2024-03-07T23:04:00.875+02:00  INFO 2028 --- [    Test worker] o.s.o.j.p.SpringPersistenceUnitInfo      : No LoadTimeWeaver setup: ignoring JPA class transformer
2024-03-07T23:04:00.901+02:00  INFO 2028 --- [    Test worker] com.zaxxer.hikari.HikariDataSource       : HikariPool-1 - Starting...
2024-03-07T23:04:01.096+02:00  INFO 2028 --- [    Test worker] com.zaxxer.hikari.pool.PoolBase          : HikariPool-1 - Driver does not support get/set network timeout for connections. (feature not supported)
2024-03-07T23:04:01.098+02:00  INFO 2028 --- [    Test worker] com.zaxxer.hikari.pool.HikariPool        : HikariPool-1 - Added connection org.hsqldb.jdbc.JDBCConnection@1c5cd2ea
2024-03-07T23:04:01.099+02:00  INFO 2028 --- [    Test worker] com.zaxxer.hikari.HikariDataSource       : HikariPool-1 - Start completed.
2024-03-07T23:04:02.080+02:00  INFO 2028 --- [    Test worker] o.h.e.t.j.p.i.JtaPlatformInitiator       : HHH000489: No JTA platform available (set 'hibernate.transaction.jta.platform' to enable JTA platform integration)
2024-03-07T23:04:02.160+02:00 DEBUG 2028 --- [    Test worker] org.hibernate.SQL                        : create table comments (id bigint generated by default as identity (start with 1), created timestamp(6), description varchar(255), forum_id bigint, user_id bigint, primary key (id))
2024-03-07T23:04:02.163+02:00 DEBUG 2028 --- [    Test worker] org.hibernate.SQL                        : create table courses (id bigint generated by default as identity (start with 1), age_limit varchar(255) check (age_limit in ('SixToEight','NineToTwelve','ThirteenToFifteen','SixteenToEighteen')), description varchar(255), end timestamp(6), start timestamp(6), title varchar(255), lecturer_id bigint, primary key (id))
2024-03-07T23:04:02.165+02:00 DEBUG 2028 --- [    Test worker] org.hibernate.SQL                        : create table forums (id bigint generated by default as identity (start with 1), created timestamp(6), description varchar(255) not null, title varchar(255) not null, primary key (id))
2024-03-07T23:04:02.166+02:00 DEBUG 2028 --- [    Test worker] org.hibernate.SQL                        : create table reviews (id bigint generated by default as identity (start with 1), description varchar(255), name varchar(255), user_id bigint, primary key (id))
2024-03-07T23:04:02.166+02:00 DEBUG 2028 --- [    Test worker] org.hibernate.SQL                        : create table roles (id bigint generated by default as identity (start with 1), role_type varchar(255) check (role_type in ('User','Admin','Lecturer')), primary key (id))
2024-03-07T23:04:02.167+02:00 DEBUG 2028 --- [    Test worker] org.hibernate.SQL                        : create table users (id bigint generated by default as identity (start with 1), email varchar(255) not null, full_name varchar(255) not null, password varchar(255) not null, username varchar(255) not null, primary key (id))
2024-03-07T23:04:02.169+02:00 DEBUG 2028 --- [    Test worker] org.hibernate.SQL                        : create table users_roles (user_id bigint not null, roles_id bigint not null)
2024-03-07T23:04:02.170+02:00 DEBUG 2028 --- [    Test worker] org.hibernate.SQL                        : alter table comments add constraint FKt7clst21fs6p4g71yf83fvw75 foreign key (forum_id) references forums
2024-03-07T23:04:02.171+02:00 DEBUG 2028 --- [    Test worker] org.hibernate.SQL                        : alter table comments add constraint FK8omq0tc18jd43bu5tjh6jvraq foreign key (user_id) references users
2024-03-07T23:04:02.172+02:00 DEBUG 2028 --- [    Test worker] org.hibernate.SQL                        : alter table courses add constraint FKit07wvai906qvcttvvg8pi1rr foreign key (lecturer_id) references users
2024-03-07T23:04:02.174+02:00 DEBUG 2028 --- [    Test worker] org.hibernate.SQL                        : alter table reviews add constraint FKcgy7qjc1r99dp117y9en6lxye foreign key (user_id) references users
2024-03-07T23:04:02.174+02:00 DEBUG 2028 --- [    Test worker] org.hibernate.SQL                        : alter table users_roles add constraint FKa62j07k5mhgifpp955h37ponj foreign key (roles_id) references roles
2024-03-07T23:04:02.175+02:00 DEBUG 2028 --- [    Test worker] org.hibernate.SQL                        : alter table users_roles add constraint FK2o0jvgh89lemvvo17cbqvdxaa foreign key (user_id) references users
2024-03-07T23:04:02.178+02:00  INFO 2028 --- [    Test worker] j.LocalContainerEntityManagerFactoryBean : Initialized JPA EntityManagerFactory for persistence unit 'default'
2024-03-07T23:04:03.312+02:00  WARN 2028 --- [    Test worker] JpaBaseConfiguration$JpaWebConfiguration : spring.jpa.open-in-view is enabled by default. Therefore, database queries may be performed during view rendering. Explicitly configure spring.jpa.open-in-view to disable this warning
2024-03-07T23:04:03.388+02:00 TRACE 2028 --- [    Test worker] eGlobalAuthenticationAutowiredConfigurer : Eagerly initializing {org.springframework.boot.autoconfigure.security.servlet.SpringBootWebSecurityConfiguration$WebSecurityEnablerConfiguration=org.springframework.boot.autoconfigure.security.servlet.SpringBootWebSecurityConfiguration$WebSecurityEnablerConfiguration@69a8191e}
2024-03-07T23:04:03.549+02:00  INFO 2028 --- [    Test worker] o.s.b.a.w.s.WelcomePageHandlerMapping    : Adding welcome page template: index
2024-03-07T23:04:04.156+02:00  INFO 2028 --- [    Test worker] o.s.b.a.e.web.EndpointLinksResolver      : Exposing 1 endpoint(s) beneath base path '/actuator'
2024-03-07T23:04:04.317+02:00  INFO 2028 --- [    Test worker] o.s.s.web.DefaultSecurityFilterChain     : Will secure any request with [org.springframework.security.web.session.DisableEncodeUrlFilter@71e6bac0, org.springframework.security.web.context.request.async.WebAsyncManagerIntegrationFilter@4c33bf70, org.springframework.security.web.context.SecurityContextHolderFilter@23138317, org.springframework.security.web.header.HeaderWriterFilter@73daf6a6, org.springframework.web.filter.CorsFilter@5698a866, org.springframework.security.web.csrf.CsrfFilter@3e8cf854, org.springframework.security.web.authentication.logout.LogoutFilter@615d74e9, org.springframework.security.web.authentication.UsernamePasswordAuthenticationFilter@58453967, org.springframework.security.web.savedrequest.RequestCacheAwareFilter@1c0cba60, org.springframework.security.web.servletapi.SecurityContextHolderAwareRequestFilter@1caff0db, org.springframework.security.web.authentication.rememberme.RememberMeAuthenticationFilter@e6d9c25, org.springframework.security.web.authentication.AnonymousAuthenticationFilter@1c6ab85, org.springframework.security.web.access.ExceptionTranslationFilter@1b1d2d7b, org.springframework.security.web.access.intercept.AuthorizationFilter@4eef2522]
2024-03-07T23:04:05.537+02:00  INFO 2028 --- [    Test worker] o.s.b.t.m.w.SpringBootMockServletContext : Initializing Spring TestDispatcherServlet ''
2024-03-07T23:04:05.537+02:00  INFO 2028 --- [    Test worker] o.s.t.web.servlet.TestDispatcherServlet  : Initializing Servlet ''
2024-03-07T23:04:05.540+02:00  INFO 2028 --- [    Test worker] o.s.t.web.servlet.TestDispatcherServlet  : Completed initialization in 3 ms
2024-03-07T23:04:05.820+02:00  INFO 2028 --- [    Test worker] c.e.r.web.ForumRestControllerTest        : Started ForumRestControllerTest in 7.947 seconds (process running for 9.164)
2024-03-07T23:04:05.977+02:00  INFO 2028 --- [    Test worker] f.a.AutowiredAnnotationBeanPostProcessor : Autowired annotation should only be used on methods with parameters: public void com.example.roboworld.web.ForumRestControllerTest.tearDown()
2024-03-07T23:04:06.065+02:00 DEBUG 2028 --- [    Test worker] org.hibernate.SQL                        : select f1_0.id,f1_0.created,f1_0.description,f1_0.title from forums f1_0
2024-03-07T23:04:06.078+02:00 DEBUG 2028 --- [    Test worker] org.hibernate.SQL                        : select c1_0.id,c1_0.created,c1_0.description,c1_0.forum_id,c1_0.user_id from comments c1_0
2024-03-07T23:04:06.585+02:00 DEBUG 2028 --- [    Test worker] org.hibernate.SQL                        : select r1_0.id,r1_0.role_type from roles r1_0 where r1_0.role_type in (?)
2024-03-07T23:04:06.587+02:00 TRACE 2028 --- [    Test worker] org.hibernate.orm.jdbc.bind              : binding parameter (1:VARCHAR) <- [User]
2024-03-07T23:04:06.606+02:00 DEBUG 2028 --- [    Test worker] org.hibernate.SQL                        : insert into roles (role_type,id) values (?,default)
2024-03-07T23:04:06.608+02:00 TRACE 2028 --- [    Test worker] org.hibernate.orm.jdbc.bind              : binding parameter (1:VARCHAR) <- [User]
2024-03-07T23:04:06.621+02:00 DEBUG 2028 --- [    Test worker] org.hibernate.SQL                        : insert into users (email,full_name,password,username,id) values (?,?,?,?,default)
2024-03-07T23:04:06.622+02:00 TRACE 2028 --- [    Test worker] org.hibernate.orm.jdbc.bind              : binding parameter (1:VARCHAR) <- [example@com]
2024-03-07T23:04:06.622+02:00 TRACE 2028 --- [    Test worker] org.hibernate.orm.jdbc.bind              : binding parameter (2:VARCHAR) <- [Test Testov]
2024-03-07T23:04:06.623+02:00 TRACE 2028 --- [    Test worker] org.hibernate.orm.jdbc.bind              : binding parameter (3:VARCHAR) <- [1234]
2024-03-07T23:04:06.623+02:00 TRACE 2028 --- [    Test worker] org.hibernate.orm.jdbc.bind              : binding parameter (4:VARCHAR) <- [pesho]
2024-03-07T23:04:06.630+02:00 DEBUG 2028 --- [    Test worker] org.hibernate.SQL                        : insert into users_roles (user_id,roles_id) values (?,?)
2024-03-07T23:04:06.630+02:00 TRACE 2028 --- [    Test worker] org.hibernate.orm.jdbc.bind              : binding parameter (1:BIGINT) <- [1]
2024-03-07T23:04:06.630+02:00 TRACE 2028 --- [    Test worker] org.hibernate.orm.jdbc.bind              : binding parameter (2:BIGINT) <- [1]
2024-03-07T23:04:06.632+02:00 DEBUG 2028 --- [    Test worker] org.hibernate.SQL                        : select c1_0.id,c1_0.created,c1_0.description,c1_0.forum_id,c1_0.user_id from comments c1_0
2024-03-07T23:04:06.637+02:00 DEBUG 2028 --- [    Test worker] org.hibernate.SQL                        : insert into forums (created,description,title,id) values (?,?,?,default)
2024-03-07T23:04:06.638+02:00 TRACE 2028 --- [    Test worker] org.hibernate.orm.jdbc.bind              : binding parameter (1:TIMESTAMP) <- [2024-05-22T00:00]
2024-03-07T23:04:06.638+02:00 TRACE 2028 --- [    Test worker] org.hibernate.orm.jdbc.bind              : binding parameter (2:VARCHAR) <- [testtttt]
2024-03-07T23:04:06.639+02:00 TRACE 2028 --- [    Test worker] org.hibernate.orm.jdbc.bind              : binding parameter (3:VARCHAR) <- [test title]
2024-03-07T23:04:06.665+02:00 TRACE 2028 --- [    Test worker] w.c.HttpSessionSecurityContextRepository : No HttpSession currently exists
2024-03-07T23:04:06.665+02:00 TRACE 2028 --- [    Test worker] w.c.HttpSessionSecurityContextRepository : Created SecurityContextImpl [Null authentication]
2024-03-07T23:04:06.667+02:00 TRACE 2028 --- [    Test worker] .s.s.w.c.SupplierDeferredSecurityContext : Created SecurityContextImpl [Null authentication]
2024-03-07T23:04:06.668+02:00 DEBUG 2028 --- [    Test worker] w.c.HttpSessionSecurityContextRepository : Created HttpSession as SecurityContext is non-default
2024-03-07T23:04:06.670+02:00 DEBUG 2028 --- [    Test worker] w.c.HttpSessionSecurityContextRepository : Stored SecurityContextImpl [Authentication=UsernamePasswordAuthenticationToken [Principal=org.springframework.security.core.userdetails.User [Username=pesho, Password=[PROTECTED], Enabled=true, AccountNonExpired=true, CredentialsNonExpired=true, AccountNonLocked=true, Granted Authorities=[ROLE_User]], Credentials=[PROTECTED], Authenticated=true, Details=null, Granted Authorities=[ROLE_User]]] to HttpSession [org.springframework.mock.web.MockHttpSession@6e6b556d]
2024-03-07T23:04:06.685+02:00 TRACE 2028 --- [    Test worker] o.s.security.web.FilterChainProxy        : Trying to match request against DefaultSecurityFilterChain [RequestMatcher=any request, Filters=[org.springframework.security.web.session.DisableEncodeUrlFilter@71e6bac0, org.springframework.security.web.context.request.async.WebAsyncManagerIntegrationFilter@4c33bf70, org.springframework.security.web.context.SecurityContextHolderFilter@23138317, org.springframework.security.web.header.HeaderWriterFilter@73daf6a6, org.springframework.web.filter.CorsFilter@5698a866, org.springframework.security.web.csrf.CsrfFilter@3e8cf854, org.springframework.security.web.authentication.logout.LogoutFilter@615d74e9, org.springframework.security.web.authentication.UsernamePasswordAuthenticationFilter@58453967, org.springframework.security.web.savedrequest.RequestCacheAwareFilter@1c0cba60, org.springframework.security.web.servletapi.SecurityContextHolderAwareRequestFilter@1caff0db, org.springframework.security.web.authentication.rememberme.RememberMeAuthenticationFilter@e6d9c25, org.springframework.security.web.authentication.AnonymousAuthenticationFilter@1c6ab85, org.springframework.security.web.access.ExceptionTranslationFilter@1b1d2d7b, org.springframework.security.web.access.intercept.AuthorizationFilter@4eef2522]] (1/1)
2024-03-07T23:04:06.686+02:00 DEBUG 2028 --- [    Test worker] o.s.security.web.FilterChainProxy        : Securing POST /api/comments/1
2024-03-07T23:04:06.688+02:00 TRACE 2028 --- [    Test worker] o.s.security.web.FilterChainProxy        : Invoking DisableEncodeUrlFilter (1/14)
2024-03-07T23:04:06.691+02:00 TRACE 2028 --- [    Test worker] o.s.security.web.FilterChainProxy        : Invoking WebAsyncManagerIntegrationFilter (2/14)
2024-03-07T23:04:06.692+02:00 TRACE 2028 --- [    Test worker] o.s.security.web.FilterChainProxy        : Invoking SecurityContextHolderFilter (3/14)
2024-03-07T23:04:06.693+02:00 TRACE 2028 --- [    Test worker] o.s.security.web.FilterChainProxy        : Invoking HeaderWriterFilter (4/14)
2024-03-07T23:04:06.693+02:00 TRACE 2028 --- [    Test worker] o.s.security.web.FilterChainProxy        : Invoking CorsFilter (5/14)
2024-03-07T23:04:06.695+02:00 TRACE 2028 --- [    Test worker] o.s.security.web.FilterChainProxy        : Invoking CsrfFilter (6/14)
2024-03-07T23:04:06.696+02:00 TRACE 2028 --- [    Test worker] o.s.security.web.FilterChainProxy        : Invoking LogoutFilter (7/14)
2024-03-07T23:04:06.696+02:00 TRACE 2028 --- [    Test worker] o.s.s.w.a.logout.LogoutFilter            : Did not match request to Ant [pattern='/users/logout', POST]
2024-03-07T23:04:06.696+02:00 TRACE 2028 --- [    Test worker] o.s.security.web.FilterChainProxy        : Invoking UsernamePasswordAuthenticationFilter (8/14)
2024-03-07T23:04:06.697+02:00 TRACE 2028 --- [    Test worker] w.a.UsernamePasswordAuthenticationFilter : Did not match request to Ant [pattern='/users/login', POST]
2024-03-07T23:04:06.697+02:00 TRACE 2028 --- [    Test worker] o.s.security.web.FilterChainProxy        : Invoking RequestCacheAwareFilter (9/14)
2024-03-07T23:04:06.697+02:00 TRACE 2028 --- [    Test worker] o.s.s.w.s.HttpSessionRequestCache        : matchingRequestParameterName is required for getMatchingRequest to lookup a value, but not provided
2024-03-07T23:04:06.697+02:00 TRACE 2028 --- [    Test worker] o.s.security.web.FilterChainProxy        : Invoking SecurityContextHolderAwareRequestFilter (10/14)
2024-03-07T23:04:06.698+02:00 TRACE 2028 --- [    Test worker] o.s.security.web.FilterChainProxy        : Invoking RememberMeAuthenticationFilter (11/14)
2024-03-07T23:04:06.698+02:00 TRACE 2028 --- [    Test worker] w.c.HttpSessionSecurityContextRepository : Retrieved SecurityContextImpl [Authentication=UsernamePasswordAuthenticationToken [Principal=org.springframework.security.core.userdetails.User [Username=pesho, Password=[PROTECTED], Enabled=true, AccountNonExpired=true, CredentialsNonExpired=true, AccountNonLocked=true, Granted Authorities=[ROLE_User]], Credentials=[PROTECTED], Authenticated=true, Details=null, Granted Authorities=[ROLE_User]]] from SPRING_SECURITY_CONTEXT
2024-03-07T23:04:06.698+02:00 DEBUG 2028 --- [    Test worker] s.s.w.a.r.RememberMeAuthenticationFilter : SecurityContextHolder not populated with remember-me token, as it already contained: 'UsernamePasswordAuthenticationToken [Principal=org.springframework.security.core.userdetails.User [Username=pesho, Password=[PROTECTED], Enabled=true, AccountNonExpired=true, CredentialsNonExpired=true, AccountNonLocked=true, Granted Authorities=[ROLE_User]], Credentials=[PROTECTED], Authenticated=true, Details=null, Granted Authorities=[ROLE_User]]'
2024-03-07T23:04:06.698+02:00 TRACE 2028 --- [    Test worker] o.s.security.web.FilterChainProxy        : Invoking AnonymousAuthenticationFilter (12/14)
2024-03-07T23:04:06.700+02:00 TRACE 2028 --- [    Test worker] o.s.security.web.FilterChainProxy        : Invoking ExceptionTranslationFilter (13/14)
2024-03-07T23:04:06.700+02:00 TRACE 2028 --- [    Test worker] o.s.security.web.FilterChainProxy        : Invoking AuthorizationFilter (14/14)
2024-03-07T23:04:06.701+02:00 TRACE 2028 --- [    Test worker] estMatcherDelegatingAuthorizationManager : Authorizing SecurityContextHolderAwareRequestWrapper[ org.springframework.security.web.header.HeaderWriterFilter$HeaderWriterRequest@1d458c1e]
2024-03-07T23:04:06.704+02:00 TRACE 2028 --- [    Test worker] estMatcherDelegatingAuthorizationManager : Checking authorization on SecurityContextHolderAwareRequestWrapper[ org.springframework.security.web.header.HeaderWriterFilter$HeaderWriterRequest@1d458c1e] using org.springframework.security.authorization.AuthenticatedAuthorizationManager@76339283
2024-03-07T23:04:06.706+02:00 TRACE 2028 --- [    Test worker] o.s.s.w.a.AnonymousAuthenticationFilter  : Did not set SecurityContextHolder since already authenticated UsernamePasswordAuthenticationToken [Principal=org.springframework.security.core.userdetails.User [Username=pesho, Password=[PROTECTED], Enabled=true, AccountNonExpired=true, CredentialsNonExpired=true, AccountNonLocked=true, Granted Authorities=[ROLE_User]], Credentials=[PROTECTED], Authenticated=true, Details=null, Granted Authorities=[ROLE_User]]
2024-03-07T23:04:06.709+02:00 DEBUG 2028 --- [    Test worker] o.s.security.web.FilterChainProxy        : Secured POST /api/comments/1
2024-03-07T23:04:06.762+02:00 DEBUG 2028 --- [    Test worker] org.hibernate.SQL                        : select f1_0.id,f1_0.created,f1_0.description,f1_0.title,c1_0.forum_id,c1_0.id,c1_0.created,c1_0.description,u1_0.id,u1_0.email,u1_0.full_name,u1_0.password,u1_0.username from forums f1_0 left join comments c1_0 on f1_0.id=c1_0.forum_id left join users u1_0 on u1_0.id=c1_0.user_id where f1_0.id=?
2024-03-07T23:04:06.763+02:00 TRACE 2028 --- [    Test worker] org.hibernate.orm.jdbc.bind              : binding parameter (1:BIGINT) <- [1]
2024-03-07T23:04:06.797+02:00 DEBUG 2028 --- [    Test worker] org.hibernate.SQL                        : select u1_0.id,u1_0.email,u1_0.full_name,u1_0.password,u1_0.username from users u1_0 where u1_0.username=?
2024-03-07T23:04:06.798+02:00 TRACE 2028 --- [    Test worker] org.hibernate.orm.jdbc.bind              : binding parameter (1:VARCHAR) <- [pesho]
2024-03-07T23:04:06.801+02:00 DEBUG 2028 --- [    Test worker] org.hibernate.SQL                        : select r1_0.user_id,r1_1.id,r1_1.role_type from users_roles r1_0 join roles r1_1 on r1_1.id=r1_0.roles_id where r1_0.user_id=?
2024-03-07T23:04:06.801+02:00 TRACE 2028 --- [    Test worker] org.hibernate.orm.jdbc.bind              : binding parameter (1:BIGINT) <- [1]
2024-03-07T23:04:06.802+02:00 DEBUG 2028 --- [    Test worker] org.hibernate.SQL                        : select c1_0.lecturer_id,c1_0.id,c1_0.age_limit,c1_0.description,c1_0.end,c1_0.start,c1_0.title from courses c1_0 where c1_0.lecturer_id=?
2024-03-07T23:04:06.803+02:00 TRACE 2028 --- [    Test worker] org.hibernate.orm.jdbc.bind              : binding parameter (1:BIGINT) <- [1]
2024-03-07T23:04:06.805+02:00 DEBUG 2028 --- [    Test worker] org.hibernate.SQL                        : select f1_0.id,f1_0.created,f1_0.description,f1_0.title from forums f1_0 where f1_0.title=?
2024-03-07T23:04:06.806+02:00 TRACE 2028 --- [    Test worker] org.hibernate.orm.jdbc.bind              : binding parameter (1:VARCHAR) <- [test title]
2024-03-07T23:04:06.807+02:00 DEBUG 2028 --- [    Test worker] org.hibernate.SQL                        : insert into comments (created,description,forum_id,user_id,id) values (?,?,?,?,default)
2024-03-07T23:04:06.807+02:00 TRACE 2028 --- [    Test worker] org.hibernate.orm.jdbc.bind              : binding parameter (1:TIMESTAMP) <- [2024-03-07T23:04:06.806393500]
2024-03-07T23:04:06.808+02:00 TRACE 2028 --- [    Test worker] org.hibernate.orm.jdbc.bind              : binding parameter (2:VARCHAR) <- [hey Spring is cool!]
2024-03-07T23:04:06.808+02:00 TRACE 2028 --- [    Test worker] org.hibernate.orm.jdbc.bind              : binding parameter (3:BIGINT) <- [1]
2024-03-07T23:04:06.808+02:00 TRACE 2028 --- [    Test worker] org.hibernate.orm.jdbc.bind              : binding parameter (4:BIGINT) <- [1]
2024-03-07T23:04:06.822+02:00 TRACE 2028 --- [    Test worker] o.s.s.w.header.writers.HstsHeaderWriter  : Not injecting HSTS header since it did not match request to [Is Secure]
2024-03-07T23:04:06.835+02:00 DEBUG 2028 --- [    Test worker] org.hibernate.SQL                        : select c1_0.id,c1_0.created,c1_0.description,c1_0.forum_id,c1_0.user_id from comments c1_0 where c1_0.description=?
2024-03-07T23:04:06.835+02:00 TRACE 2028 --- [    Test worker] org.hibernate.orm.jdbc.bind              : binding parameter (1:VARCHAR) <- [hey Spring is cool!]
2024-03-07T23:04:06.836+02:00 DEBUG 2028 --- [    Test worker] org.hibernate.SQL                        : select f1_0.id,f1_0.created,f1_0.description,f1_0.title,c1_0.forum_id,c1_0.id,c1_0.created,c1_0.description,u1_0.id,u1_0.email,u1_0.full_name,u1_0.password,u1_0.username from forums f1_0 left join comments c1_0 on f1_0.id=c1_0.forum_id left join users u1_0 on u1_0.id=c1_0.user_id where f1_0.id=?
2024-03-07T23:04:06.837+02:00 TRACE 2028 --- [    Test worker] org.hibernate.orm.jdbc.bind              : binding parameter (1:BIGINT) <- [1]
2024-03-07T23:04:06.838+02:00 DEBUG 2028 --- [    Test worker] org.hibernate.SQL                        : select r1_0.user_id,r1_1.id,r1_1.role_type from users_roles r1_0 join roles r1_1 on r1_1.id=r1_0.roles_id where r1_0.user_id=?
2024-03-07T23:04:06.839+02:00 TRACE 2028 --- [    Test worker] org.hibernate.orm.jdbc.bind              : binding parameter (1:BIGINT) <- [1]
2024-03-07T23:04:06.840+02:00 DEBUG 2028 --- [    Test worker] org.hibernate.SQL                        : select c1_0.lecturer_id,c1_0.id,c1_0.age_limit,c1_0.description,c1_0.end,c1_0.start,c1_0.title from courses c1_0 where c1_0.lecturer_id=?
2024-03-07T23:04:06.841+02:00 TRACE 2028 --- [    Test worker] org.hibernate.orm.jdbc.bind              : binding parameter (1:BIGINT) <- [1]
]]></system-out>
  <system-err><![CDATA[]]></system-err>
</testsuite>
