<?xml version="1.0" encoding="UTF-8"?>
<testsuite name="com.example.roboworld.web.UserControllerTest" tests="1" skipped="0" failures="0" errors="0" timestamp="2024-03-09T10:41:45" hostname="VANESAILIEVA" time="1.776">
  <properties/>
  <testcase name="testRegisterUser()" classname="com.example.roboworld.web.UserControllerTest" time="1.776"/>
  <system-out><![CDATA[12:41:30.495 [Test worker] INFO org.springframework.test.context.support.AnnotationConfigContextLoaderUtils -- Could not detect default configuration classes for test class [com.example.roboworld.web.UserControllerTest]: UserControllerTest does not declare any static, non-private, non-final, nested classes annotated with @Configuration.
12:41:30.795 [Test worker] INFO org.springframework.boot.test.context.SpringBootTestContextBootstrapper -- Found @SpringBootConfiguration com.example.roboworld.RobotWorldApplication for test class com.example.roboworld.web.UserControllerTest

  .   ____          _            __ _ _
 /\\ / ___'_ __ _ _(_)_ __  __ _ \ \ \ \
( ( )\___ | '_ | '_| | '_ \/ _` | \ \ \ \
 \\/  ___)| |_)| | | | | || (_| |  ) ) ) )
  '  |____| .__|_| |_|_| |_\__, | / / / /
 =========|_|==============|___/=/_/_/_/
 :: Spring Boot ::                (v3.2.2)

2024-03-09T12:41:31.812+02:00  INFO 3772 --- [    Test worker] c.e.roboworld.web.UserControllerTest     : Starting UserControllerTest using Java 20.0.2.1 with PID 3772 (started by vanes in D:\RoboWorld)
2024-03-09T12:41:31.815+02:00  INFO 3772 --- [    Test worker] c.e.roboworld.web.UserControllerTest     : No active profile set, falling back to 1 default profile: "default"
2024-03-09T12:41:34.140+02:00  INFO 3772 --- [    Test worker] .s.d.r.c.RepositoryConfigurationDelegate : Bootstrapping Spring Data JPA repositories in DEFAULT mode.
2024-03-09T12:41:34.437+02:00  INFO 3772 --- [    Test worker] .s.d.r.c.RepositoryConfigurationDelegate : Finished Spring Data repository scanning in 282 ms. Found 6 JPA repository interfaces.
2024-03-09T12:41:35.729+02:00  INFO 3772 --- [    Test worker] o.hibernate.jpa.internal.util.LogHelper  : HHH000204: Processing PersistenceUnitInfo [name: default]
2024-03-09T12:41:36.019+02:00  INFO 3772 --- [    Test worker] org.hibernate.Version                    : HHH000412: Hibernate ORM core version 6.4.1.Final
2024-03-09T12:41:36.092+02:00  INFO 3772 --- [    Test worker] o.h.c.internal.RegionFactoryInitiator    : HHH000026: Second-level cache disabled
2024-03-09T12:41:36.690+02:00  INFO 3772 --- [    Test worker] o.s.o.j.p.SpringPersistenceUnitInfo      : No LoadTimeWeaver setup: ignoring JPA class transformer
2024-03-09T12:41:36.877+02:00  INFO 3772 --- [    Test worker] com.zaxxer.hikari.HikariDataSource       : HikariPool-1 - Starting...
2024-03-09T12:41:37.242+02:00  INFO 3772 --- [    Test worker] com.zaxxer.hikari.pool.PoolBase          : HikariPool-1 - Driver does not support get/set network timeout for connections. (feature not supported)
2024-03-09T12:41:37.244+02:00  INFO 3772 --- [    Test worker] com.zaxxer.hikari.pool.HikariPool        : HikariPool-1 - Added connection org.hsqldb.jdbc.JDBCConnection@3a42145
2024-03-09T12:41:37.250+02:00  INFO 3772 --- [    Test worker] com.zaxxer.hikari.HikariDataSource       : HikariPool-1 - Start completed.
2024-03-09T12:41:40.942+02:00  INFO 3772 --- [    Test worker] o.h.e.t.j.p.i.JtaPlatformInitiator       : HHH000489: No JTA platform available (set 'hibernate.transaction.jta.platform' to enable JTA platform integration)
2024-03-09T12:41:41.047+02:00 DEBUG 3772 --- [    Test worker] org.hibernate.SQL                        : create table comments (id bigint generated by default as identity (start with 1), created timestamp(6), description varchar(255), forum_id bigint, user_id bigint, primary key (id))
2024-03-09T12:41:41.050+02:00 DEBUG 3772 --- [    Test worker] org.hibernate.SQL                        : create table courses (id bigint generated by default as identity (start with 1), age_limit varchar(255) check (age_limit in ('SixToEight','NineToTwelve','ThirteenToFifteen','SixteenToEighteen')), description varchar(255), end timestamp(6), start timestamp(6), title varchar(255), lecturer_id bigint, primary key (id))
2024-03-09T12:41:41.051+02:00 DEBUG 3772 --- [    Test worker] org.hibernate.SQL                        : create table forums (id bigint generated by default as identity (start with 1), created timestamp(6), description varchar(255) not null, title varchar(255) not null, primary key (id))
2024-03-09T12:41:41.053+02:00 DEBUG 3772 --- [    Test worker] org.hibernate.SQL                        : create table reviews (id bigint generated by default as identity (start with 1), description varchar(255), name varchar(255), user_id bigint, primary key (id))
2024-03-09T12:41:41.054+02:00 DEBUG 3772 --- [    Test worker] org.hibernate.SQL                        : create table roles (id bigint generated by default as identity (start with 1), role_type varchar(255) check (role_type in ('User','Admin','Lecturer')), primary key (id))
2024-03-09T12:41:41.056+02:00 DEBUG 3772 --- [    Test worker] org.hibernate.SQL                        : create table users (id bigint generated by default as identity (start with 1), email varchar(255) not null, full_name varchar(255) not null, password varchar(255) not null, username varchar(255) not null, primary key (id))
2024-03-09T12:41:41.057+02:00 DEBUG 3772 --- [    Test worker] org.hibernate.SQL                        : create table users_roles (user_id bigint not null, roles_id bigint not null)
2024-03-09T12:41:41.059+02:00 DEBUG 3772 --- [    Test worker] org.hibernate.SQL                        : alter table comments add constraint FKt7clst21fs6p4g71yf83fvw75 foreign key (forum_id) references forums
2024-03-09T12:41:41.061+02:00 DEBUG 3772 --- [    Test worker] org.hibernate.SQL                        : alter table comments add constraint FK8omq0tc18jd43bu5tjh6jvraq foreign key (user_id) references users
2024-03-09T12:41:41.062+02:00 DEBUG 3772 --- [    Test worker] org.hibernate.SQL                        : alter table courses add constraint FKit07wvai906qvcttvvg8pi1rr foreign key (lecturer_id) references users
2024-03-09T12:41:41.063+02:00 DEBUG 3772 --- [    Test worker] org.hibernate.SQL                        : alter table reviews add constraint FKcgy7qjc1r99dp117y9en6lxye foreign key (user_id) references users
2024-03-09T12:41:41.064+02:00 DEBUG 3772 --- [    Test worker] org.hibernate.SQL                        : alter table users_roles add constraint FKa62j07k5mhgifpp955h37ponj foreign key (roles_id) references roles
2024-03-09T12:41:41.064+02:00 DEBUG 3772 --- [    Test worker] org.hibernate.SQL                        : alter table users_roles add constraint FK2o0jvgh89lemvvo17cbqvdxaa foreign key (user_id) references users
2024-03-09T12:41:41.068+02:00  INFO 3772 --- [    Test worker] j.LocalContainerEntityManagerFactoryBean : Initialized JPA EntityManagerFactory for persistence unit 'default'
2024-03-09T12:41:42.473+02:00  WARN 3772 --- [    Test worker] JpaBaseConfiguration$JpaWebConfiguration : spring.jpa.open-in-view is enabled by default. Therefore, database queries may be performed during view rendering. Explicitly configure spring.jpa.open-in-view to disable this warning
2024-03-09T12:41:42.621+02:00 TRACE 3772 --- [    Test worker] eGlobalAuthenticationAutowiredConfigurer : Eagerly initializing {org.springframework.boot.autoconfigure.security.servlet.SpringBootWebSecurityConfiguration$WebSecurityEnablerConfiguration=org.springframework.boot.autoconfigure.security.servlet.SpringBootWebSecurityConfiguration$WebSecurityEnablerConfiguration@49a6503f}
2024-03-09T12:41:42.921+02:00  INFO 3772 --- [    Test worker] o.s.b.a.w.s.WelcomePageHandlerMapping    : Adding welcome page template: index
2024-03-09T12:41:43.587+02:00  INFO 3772 --- [    Test worker] o.s.b.a.e.web.EndpointLinksResolver      : Exposing 1 endpoint(s) beneath base path '/actuator'
2024-03-09T12:41:44.002+02:00  INFO 3772 --- [    Test worker] o.s.s.web.DefaultSecurityFilterChain     : Will secure any request with [org.springframework.security.web.session.DisableEncodeUrlFilter@20bd4fd2, org.springframework.security.web.context.request.async.WebAsyncManagerIntegrationFilter@69cd4267, org.springframework.security.web.context.SecurityContextHolderFilter@7d3d89fb, org.springframework.security.web.header.HeaderWriterFilter@603042a5, org.springframework.web.filter.CorsFilter@1ebb6e20, org.springframework.security.web.csrf.CsrfFilter@2d0ed017, org.springframework.security.web.authentication.logout.LogoutFilter@2f42f20f, org.springframework.security.web.authentication.UsernamePasswordAuthenticationFilter@75c90ec5, org.springframework.security.web.savedrequest.RequestCacheAwareFilter@5757ef9b, org.springframework.security.web.servletapi.SecurityContextHolderAwareRequestFilter@62a30701, org.springframework.security.web.authentication.rememberme.RememberMeAuthenticationFilter@2dad7323, org.springframework.security.web.authentication.AnonymousAuthenticationFilter@85420, org.springframework.security.web.access.ExceptionTranslationFilter@5cfb4b71, org.springframework.security.web.access.intercept.AuthorizationFilter@271ced5f]
2024-03-09T12:41:45.271+02:00  INFO 3772 --- [    Test worker] o.s.b.t.m.w.SpringBootMockServletContext : Initializing Spring TestDispatcherServlet ''
2024-03-09T12:41:45.271+02:00  INFO 3772 --- [    Test worker] o.s.t.web.servlet.TestDispatcherServlet  : Initializing Servlet ''
2024-03-09T12:41:45.274+02:00  INFO 3772 --- [    Test worker] o.s.t.web.servlet.TestDispatcherServlet  : Completed initialization in 3 ms
2024-03-09T12:41:45.487+02:00  INFO 3772 --- [    Test worker] c.e.roboworld.web.UserControllerTest     : Started UserControllerTest in 14.373 seconds (process running for 17.335)
2024-03-09T12:41:46.328+02:00 DEBUG 3772 --- [    Test worker] org.hibernate.SQL                        : select u1_0.id,u1_0.email,u1_0.full_name,u1_0.password,u1_0.username from users u1_0
2024-03-09T12:41:46.375+02:00 TRACE 3772 --- [    Test worker] o.s.security.web.FilterChainProxy        : Trying to match request against DefaultSecurityFilterChain [RequestMatcher=any request, Filters=[org.springframework.security.web.session.DisableEncodeUrlFilter@20bd4fd2, org.springframework.security.web.context.request.async.WebAsyncManagerIntegrationFilter@69cd4267, org.springframework.security.web.context.SecurityContextHolderFilter@7d3d89fb, org.springframework.security.web.header.HeaderWriterFilter@603042a5, org.springframework.web.filter.CorsFilter@1ebb6e20, org.springframework.security.web.csrf.CsrfFilter@2d0ed017, org.springframework.security.web.authentication.logout.LogoutFilter@2f42f20f, org.springframework.security.web.authentication.UsernamePasswordAuthenticationFilter@75c90ec5, org.springframework.security.web.savedrequest.RequestCacheAwareFilter@5757ef9b, org.springframework.security.web.servletapi.SecurityContextHolderAwareRequestFilter@62a30701, org.springframework.security.web.authentication.rememberme.RememberMeAuthenticationFilter@2dad7323, org.springframework.security.web.authentication.AnonymousAuthenticationFilter@85420, org.springframework.security.web.access.ExceptionTranslationFilter@5cfb4b71, org.springframework.security.web.access.intercept.AuthorizationFilter@271ced5f]] (1/1)
2024-03-09T12:41:46.377+02:00 DEBUG 3772 --- [    Test worker] o.s.security.web.FilterChainProxy        : Securing POST /users/register
2024-03-09T12:41:46.379+02:00 TRACE 3772 --- [    Test worker] o.s.security.web.FilterChainProxy        : Invoking DisableEncodeUrlFilter (1/14)
2024-03-09T12:41:46.382+02:00 TRACE 3772 --- [    Test worker] o.s.security.web.FilterChainProxy        : Invoking WebAsyncManagerIntegrationFilter (2/14)
2024-03-09T12:41:46.384+02:00 TRACE 3772 --- [    Test worker] o.s.security.web.FilterChainProxy        : Invoking SecurityContextHolderFilter (3/14)
2024-03-09T12:41:46.386+02:00 TRACE 3772 --- [    Test worker] o.s.security.web.FilterChainProxy        : Invoking HeaderWriterFilter (4/14)
2024-03-09T12:41:46.388+02:00 TRACE 3772 --- [    Test worker] o.s.security.web.FilterChainProxy        : Invoking CorsFilter (5/14)
2024-03-09T12:41:46.389+02:00 TRACE 3772 --- [    Test worker] o.s.security.web.FilterChainProxy        : Invoking CsrfFilter (6/14)
2024-03-09T12:41:46.390+02:00 TRACE 3772 --- [    Test worker] o.s.security.web.FilterChainProxy        : Invoking LogoutFilter (7/14)
2024-03-09T12:41:46.391+02:00 TRACE 3772 --- [    Test worker] o.s.s.w.a.logout.LogoutFilter            : Did not match request to Ant [pattern='/users/logout', POST]
2024-03-09T12:41:46.391+02:00 TRACE 3772 --- [    Test worker] o.s.security.web.FilterChainProxy        : Invoking UsernamePasswordAuthenticationFilter (8/14)
2024-03-09T12:41:46.391+02:00 TRACE 3772 --- [    Test worker] w.a.UsernamePasswordAuthenticationFilter : Did not match request to Ant [pattern='/users/login', POST]
2024-03-09T12:41:46.392+02:00 TRACE 3772 --- [    Test worker] o.s.security.web.FilterChainProxy        : Invoking RequestCacheAwareFilter (9/14)
2024-03-09T12:41:46.392+02:00 TRACE 3772 --- [    Test worker] o.s.s.w.s.HttpSessionRequestCache        : matchingRequestParameterName is required for getMatchingRequest to lookup a value, but not provided
2024-03-09T12:41:46.392+02:00 TRACE 3772 --- [    Test worker] o.s.security.web.FilterChainProxy        : Invoking SecurityContextHolderAwareRequestFilter (10/14)
2024-03-09T12:41:46.394+02:00 TRACE 3772 --- [    Test worker] o.s.security.web.FilterChainProxy        : Invoking RememberMeAuthenticationFilter (11/14)
2024-03-09T12:41:46.395+02:00 TRACE 3772 --- [    Test worker] w.c.HttpSessionSecurityContextRepository : No HttpSession currently exists
2024-03-09T12:41:46.395+02:00 TRACE 3772 --- [    Test worker] .s.s.w.c.SupplierDeferredSecurityContext : Created SecurityContextImpl [Null authentication]
2024-03-09T12:41:46.395+02:00 TRACE 3772 --- [    Test worker] .s.s.w.c.SupplierDeferredSecurityContext : Created SecurityContextImpl [Null authentication]
2024-03-09T12:41:46.395+02:00 TRACE 3772 --- [    Test worker] o.s.security.web.FilterChainProxy        : Invoking AnonymousAuthenticationFilter (12/14)
2024-03-09T12:41:46.396+02:00 TRACE 3772 --- [    Test worker] o.s.security.web.FilterChainProxy        : Invoking ExceptionTranslationFilter (13/14)
2024-03-09T12:41:46.396+02:00 TRACE 3772 --- [    Test worker] o.s.security.web.FilterChainProxy        : Invoking AuthorizationFilter (14/14)
2024-03-09T12:41:46.398+02:00 TRACE 3772 --- [    Test worker] estMatcherDelegatingAuthorizationManager : Authorizing SecurityContextHolderAwareRequestWrapper[ org.springframework.security.web.header.HeaderWriterFilter$HeaderWriterRequest@5b7e6e2d]
2024-03-09T12:41:46.403+02:00 TRACE 3772 --- [    Test worker] estMatcherDelegatingAuthorizationManager : Checking authorization on SecurityContextHolderAwareRequestWrapper[ org.springframework.security.web.header.HeaderWriterFilter$HeaderWriterRequest@5b7e6e2d] using org.springframework.security.config.annotation.web.configurers.AuthorizeHttpRequestsConfigurer$$Lambda$1542/0x0000021dcaa22e28@20bc4c09
2024-03-09T12:41:46.405+02:00 DEBUG 3772 --- [    Test worker] o.s.security.web.FilterChainProxy        : Secured POST /users/register
2024-03-09T12:41:46.539+02:00 DEBUG 3772 --- [    Test worker] org.hibernate.SQL                        : select u1_0.id,u1_0.email,u1_0.full_name,u1_0.password,u1_0.username from users u1_0 where u1_0.username=?
2024-03-09T12:41:46.541+02:00 TRACE 3772 --- [    Test worker] org.hibernate.orm.jdbc.bind              : binding parameter (1:VARCHAR) <- [pesho]
2024-03-09T12:41:46.763+02:00 DEBUG 3772 --- [    Test worker] org.hibernate.SQL                        : insert into roles (role_type,id) values (?,default)
2024-03-09T12:41:46.765+02:00 TRACE 3772 --- [    Test worker] org.hibernate.orm.jdbc.bind              : binding parameter (1:VARCHAR) <- [User]
2024-03-09T12:41:46.794+02:00 DEBUG 3772 --- [    Test worker] org.hibernate.SQL                        : insert into users (email,full_name,password,username,id) values (?,?,?,?,default)
2024-03-09T12:41:46.794+02:00 TRACE 3772 --- [    Test worker] org.hibernate.orm.jdbc.bind              : binding parameter (1:VARCHAR) <- [pesho@example.com]
2024-03-09T12:41:46.794+02:00 TRACE 3772 --- [    Test worker] org.hibernate.orm.jdbc.bind              : binding parameter (2:VARCHAR) <- [Petar Petrov]
2024-03-09T12:41:46.794+02:00 TRACE 3772 --- [    Test worker] org.hibernate.orm.jdbc.bind              : binding parameter (3:VARCHAR) <- [827c6f5277537b6a34f7f40310da0b0d64964f9f806b2a24ae88172a01bc61dd156215f359cbf559565cc8561c439c7e]
2024-03-09T12:41:46.794+02:00 TRACE 3772 --- [    Test worker] org.hibernate.orm.jdbc.bind              : binding parameter (4:VARCHAR) <- [pesho]
2024-03-09T12:41:46.806+02:00 DEBUG 3772 --- [    Test worker] org.hibernate.SQL                        : insert into users_roles (user_id,roles_id) values (?,?)
2024-03-09T12:41:46.808+02:00 TRACE 3772 --- [    Test worker] org.hibernate.orm.jdbc.bind              : binding parameter (1:BIGINT) <- [1]
2024-03-09T12:41:46.809+02:00 TRACE 3772 --- [    Test worker] org.hibernate.orm.jdbc.bind              : binding parameter (2:BIGINT) <- [1]
2024-03-09T12:41:46.827+02:00 TRACE 3772 --- [    Test worker] o.s.s.w.header.writers.HstsHeaderWriter  : Not injecting HSTS header since it did not match request to [Is Secure]
2024-03-09T12:41:46.829+02:00 TRACE 3772 --- [    Test worker] o.s.s.w.a.AnonymousAuthenticationFilter  : Set SecurityContextHolder to AnonymousAuthenticationToken [Principal=anonymousUser, Credentials=[PROTECTED], Authenticated=true, Details=WebAuthenticationDetails [RemoteIpAddress=127.0.0.1, SessionId=null], Granted Authorities=[ROLE_ANONYMOUS]]
2024-03-09T12:41:47.279+02:00 DEBUG 3772 --- [    Test worker] org.hibernate.SQL                        : select count(*) from users u1_0
2024-03-09T12:41:47.324+02:00 DEBUG 3772 --- [    Test worker] org.hibernate.SQL                        : select u1_0.id,u1_0.email,u1_0.full_name,u1_0.password,u1_0.username from users u1_0 where u1_0.email=? fetch first ? rows only
2024-03-09T12:41:47.326+02:00 TRACE 3772 --- [    Test worker] org.hibernate.orm.jdbc.bind              : binding parameter (1:VARCHAR) <- [pesho@example.com]
2024-03-09T12:41:47.326+02:00 TRACE 3772 --- [    Test worker] org.hibernate.orm.jdbc.bind              : binding parameter (2:INTEGER) <- [1]
2024-03-09T12:41:47.341+02:00 DEBUG 3772 --- [    Test worker] org.hibernate.SQL                        : select r1_0.user_id,r1_1.id,r1_1.role_type from users_roles r1_0 join roles r1_1 on r1_1.id=r1_0.roles_id where r1_0.user_id=?
2024-03-09T12:41:47.345+02:00 TRACE 3772 --- [    Test worker] org.hibernate.orm.jdbc.bind              : binding parameter (1:BIGINT) <- [1]
2024-03-09T12:41:47.355+02:00 DEBUG 3772 --- [    Test worker] org.hibernate.SQL                        : select c1_0.lecturer_id,c1_0.id,c1_0.age_limit,c1_0.description,c1_0.end,c1_0.start,c1_0.title from courses c1_0 where c1_0.lecturer_id=?
2024-03-09T12:41:47.356+02:00 TRACE 3772 --- [    Test worker] org.hibernate.orm.jdbc.bind              : binding parameter (1:BIGINT) <- [1]
2024-03-09T12:41:47.372+02:00 DEBUG 3772 --- [    Test worker] org.hibernate.SQL                        : select u1_0.id,u1_0.email,u1_0.full_name,u1_0.password,u1_0.username from users u1_0
2024-03-09T12:41:47.374+02:00 DEBUG 3772 --- [    Test worker] org.hibernate.SQL                        : select r1_0.user_id,r1_1.id,r1_1.role_type from users_roles r1_0 join roles r1_1 on r1_1.id=r1_0.roles_id where r1_0.user_id=?
2024-03-09T12:41:47.374+02:00 TRACE 3772 --- [    Test worker] org.hibernate.orm.jdbc.bind              : binding parameter (1:BIGINT) <- [1]
2024-03-09T12:41:47.375+02:00 DEBUG 3772 --- [    Test worker] org.hibernate.SQL                        : select c1_0.lecturer_id,c1_0.id,c1_0.age_limit,c1_0.description,c1_0.end,c1_0.start,c1_0.title from courses c1_0 where c1_0.lecturer_id=?
2024-03-09T12:41:47.377+02:00 TRACE 3772 --- [    Test worker] org.hibernate.orm.jdbc.bind              : binding parameter (1:BIGINT) <- [1]
2024-03-09T12:41:47.391+02:00 DEBUG 3772 --- [    Test worker] org.hibernate.SQL                        : delete from users_roles where user_id=?
2024-03-09T12:41:47.392+02:00 TRACE 3772 --- [    Test worker] org.hibernate.orm.jdbc.bind              : binding parameter (1:BIGINT) <- [1]
2024-03-09T12:41:47.397+02:00 DEBUG 3772 --- [    Test worker] org.hibernate.SQL                        : delete from roles where id=?
2024-03-09T12:41:47.397+02:00 TRACE 3772 --- [    Test worker] org.hibernate.orm.jdbc.bind              : binding parameter (1:BIGINT) <- [1]
2024-03-09T12:41:47.400+02:00 DEBUG 3772 --- [    Test worker] org.hibernate.SQL                        : delete from users where id=?
2024-03-09T12:41:47.400+02:00 TRACE 3772 --- [    Test worker] org.hibernate.orm.jdbc.bind              : binding parameter (1:BIGINT) <- [1]
]]></system-out>
  <system-err><![CDATA[[2024.03.09 12:41:31] (Coverage): Error during class instrumentation: org.springframework.boot.logging.log4j2.Log4J2LoggingSystem: java.lang.RuntimeException: java.io.IOException: Class org/apache/logging/log4j/core/config/composite/CompositeConfiguration not found
[2024.03.09 12:41:32] (Coverage): Error during class instrumentation: io.micrometer.core.instrument.binder.kafka.KafkaMetrics: java.lang.RuntimeException: java.io.IOException: Class org/apache/kafka/common/MetricName not found
[2024.03.09 12:41:42] (Coverage): Error during class instrumentation: org.springframework.security.config.annotation.authentication.configurers.ldap.LdapAuthenticationProviderConfigurer: java.lang.RuntimeException: java.io.IOException: Class org/springframework/security/ldap/authentication/PasswordComparisonAuthenticator not found
]]></system-err>
</testsuite>
