<?xml version="1.0" encoding="UTF-8"?>
<testsuite name="com.example.roboworld.web.ForumRestControllerTest" tests="2" skipped="0" failures="0" errors="0" timestamp="2024-03-08T16:59:13" hostname="VANESAILIEVA" time="0.433">
  <properties/>
  <testcase name="testGetComments()" classname="com.example.roboworld.web.ForumRestControllerTest" time="0.131"/>
  <testcase name="testAddComment()" classname="com.example.roboworld.web.ForumRestControllerTest" time="0.265"/>
  <system-out><![CDATA[2024-03-08T18:59:13.175+02:00  INFO 26356 --- [    Test worker] t.c.s.AnnotationConfigContextLoaderUtils : Could not detect default configuration classes for test class [com.example.roboworld.web.ForumRestControllerTest]: ForumRestControllerTest does not declare any static, non-private, non-final, nested classes annotated with @Configuration.
2024-03-08T18:59:13.178+02:00  INFO 26356 --- [    Test worker] .b.t.c.SpringBootTestContextBootstrapper : Found @SpringBootConfiguration com.example.roboworld.RobotWorldApplication for test class com.example.roboworld.web.ForumRestControllerTest
2024-03-08T18:59:13.180+02:00  INFO 26356 --- [    Test worker] f.a.AutowiredAnnotationBeanPostProcessor : Autowired annotation should only be used on methods with parameters: public void com.example.roboworld.web.ForumRestControllerTest.tearDown()
2024-03-08T18:59:13.184+02:00 DEBUG 26356 --- [    Test worker] org.hibernate.SQL                        : select f1_0.id,f1_0.created,f1_0.description,f1_0.title from forums f1_0
2024-03-08T18:59:13.189+02:00 DEBUG 26356 --- [    Test worker] org.hibernate.SQL                        : select c1_0.id,c1_0.created,c1_0.description,c1_0.forum_id,c1_0.user_id from comments c1_0
2024-03-08T18:59:13.196+02:00 DEBUG 26356 --- [    Test worker] org.hibernate.SQL                        : select r1_0.id,r1_0.role_type from roles r1_0 where r1_0.role_type in (?)
2024-03-08T18:59:13.197+02:00 TRACE 26356 --- [    Test worker] org.hibernate.orm.jdbc.bind              : binding parameter (1:VARCHAR) <- [User]
2024-03-08T18:59:13.199+02:00 DEBUG 26356 --- [    Test worker] org.hibernate.SQL                        : insert into roles (role_type,id) values (?,default)
2024-03-08T18:59:13.199+02:00 TRACE 26356 --- [    Test worker] org.hibernate.orm.jdbc.bind              : binding parameter (1:VARCHAR) <- [User]
2024-03-08T18:59:13.201+02:00 DEBUG 26356 --- [    Test worker] org.hibernate.SQL                        : insert into users (email,full_name,password,username,id) values (?,?,?,?,default)
2024-03-08T18:59:13.201+02:00 TRACE 26356 --- [    Test worker] org.hibernate.orm.jdbc.bind              : binding parameter (1:VARCHAR) <- [example@com]
2024-03-08T18:59:13.201+02:00 TRACE 26356 --- [    Test worker] org.hibernate.orm.jdbc.bind              : binding parameter (2:VARCHAR) <- [Test Testov]
2024-03-08T18:59:13.201+02:00 TRACE 26356 --- [    Test worker] org.hibernate.orm.jdbc.bind              : binding parameter (3:VARCHAR) <- [1234]
2024-03-08T18:59:13.201+02:00 TRACE 26356 --- [    Test worker] org.hibernate.orm.jdbc.bind              : binding parameter (4:VARCHAR) <- [pesho]
2024-03-08T18:59:13.203+02:00 DEBUG 26356 --- [    Test worker] org.hibernate.SQL                        : insert into users_roles (user_id,roles_id) values (?,?)
2024-03-08T18:59:13.204+02:00 TRACE 26356 --- [    Test worker] org.hibernate.orm.jdbc.bind              : binding parameter (1:BIGINT) <- [7]
2024-03-08T18:59:13.204+02:00 TRACE 26356 --- [    Test worker] org.hibernate.orm.jdbc.bind              : binding parameter (2:BIGINT) <- [7]
2024-03-08T18:59:13.205+02:00 DEBUG 26356 --- [    Test worker] org.hibernate.SQL                        : select c1_0.id,c1_0.created,c1_0.description,c1_0.forum_id,c1_0.user_id from comments c1_0
2024-03-08T18:59:13.208+02:00 DEBUG 26356 --- [    Test worker] org.hibernate.SQL                        : insert into forums (created,description,title,id) values (?,?,?,default)
2024-03-08T18:59:13.208+02:00 TRACE 26356 --- [    Test worker] org.hibernate.orm.jdbc.bind              : binding parameter (1:TIMESTAMP) <- [2024-05-22T00:00]
2024-03-08T18:59:13.208+02:00 TRACE 26356 --- [    Test worker] org.hibernate.orm.jdbc.bind              : binding parameter (2:VARCHAR) <- [testtttt]
2024-03-08T18:59:13.208+02:00 TRACE 26356 --- [    Test worker] org.hibernate.orm.jdbc.bind              : binding parameter (3:VARCHAR) <- [testTitle]
2024-03-08T18:59:13.214+02:00 DEBUG 26356 --- [    Test worker] org.hibernate.SQL                        : insert into comments (created,description,forum_id,user_id,id) values (?,?,?,?,default)
2024-03-08T18:59:13.214+02:00 TRACE 26356 --- [    Test worker] org.hibernate.orm.jdbc.bind              : binding parameter (1:TIMESTAMP) <- [2024-03-08T18:59:13.212643600]
2024-03-08T18:59:13.214+02:00 TRACE 26356 --- [    Test worker] org.hibernate.orm.jdbc.bind              : binding parameter (2:VARCHAR) <- [hey Spring is cool!]
2024-03-08T18:59:13.214+02:00 TRACE 26356 --- [    Test worker] org.hibernate.orm.jdbc.bind              : binding parameter (3:BIGINT) <- [1]
2024-03-08T18:59:13.214+02:00 TRACE 26356 --- [    Test worker] org.hibernate.orm.jdbc.bind              : binding parameter (4:BIGINT) <- [7]
2024-03-08T18:59:13.218+02:00 DEBUG 26356 --- [    Test worker] org.hibernate.SQL                        : insert into comments (created,description,forum_id,user_id,id) values (?,?,?,?,default)
2024-03-08T18:59:13.219+02:00 TRACE 26356 --- [    Test worker] org.hibernate.orm.jdbc.bind              : binding parameter (1:TIMESTAMP) <- [null]
2024-03-08T18:59:13.219+02:00 TRACE 26356 --- [    Test worker] org.hibernate.orm.jdbc.bind              : binding parameter (2:VARCHAR) <- [null]
2024-03-08T18:59:13.221+02:00 TRACE 26356 --- [    Test worker] org.hibernate.orm.jdbc.bind              : binding parameter (3:BIGINT) <- [null]
2024-03-08T18:59:13.221+02:00 TRACE 26356 --- [    Test worker] org.hibernate.orm.jdbc.bind              : binding parameter (4:BIGINT) <- [null]
2024-03-08T18:59:13.223+02:00 TRACE 26356 --- [    Test worker] w.c.HttpSessionSecurityContextRepository : No HttpSession currently exists
2024-03-08T18:59:13.224+02:00 TRACE 26356 --- [    Test worker] w.c.HttpSessionSecurityContextRepository : Created SecurityContextImpl [Null authentication]
2024-03-08T18:59:13.224+02:00 TRACE 26356 --- [    Test worker] .s.s.w.c.SupplierDeferredSecurityContext : Created SecurityContextImpl [Null authentication]
2024-03-08T18:59:13.224+02:00 DEBUG 26356 --- [    Test worker] w.c.HttpSessionSecurityContextRepository : Created HttpSession as SecurityContext is non-default
2024-03-08T18:59:13.224+02:00 DEBUG 26356 --- [    Test worker] w.c.HttpSessionSecurityContextRepository : Stored SecurityContextImpl [Authentication=UsernamePasswordAuthenticationToken [Principal=org.springframework.security.core.userdetails.User [Username=user, Password=[PROTECTED], Enabled=true, AccountNonExpired=true, CredentialsNonExpired=true, AccountNonLocked=true, Granted Authorities=[ROLE_User]], Credentials=[PROTECTED], Authenticated=true, Details=null, Granted Authorities=[ROLE_User]]] to HttpSession [org.springframework.mock.web.MockHttpSession@13bb5b63]
2024-03-08T18:59:13.225+02:00 TRACE 26356 --- [    Test worker] o.s.security.web.FilterChainProxy        : Trying to match request against DefaultSecurityFilterChain [RequestMatcher=any request, Filters=[org.springframework.security.web.session.DisableEncodeUrlFilter@5757ef9b, org.springframework.security.web.context.request.async.WebAsyncManagerIntegrationFilter@58da6f7d, org.springframework.security.web.context.SecurityContextHolderFilter@207512c3, org.springframework.security.web.header.HeaderWriterFilter@376aaeec, org.springframework.web.filter.CorsFilter@2d0f850, org.springframework.security.web.csrf.CsrfFilter@61b5c8a3, org.springframework.security.web.authentication.logout.LogoutFilter@2d0ed017, org.springframework.security.web.authentication.UsernamePasswordAuthenticationFilter@b517988, org.springframework.security.web.savedrequest.RequestCacheAwareFilter@60f10f6a, org.springframework.security.web.servletapi.SecurityContextHolderAwareRequestFilter@3c995eae, org.springframework.security.web.authentication.rememberme.RememberMeAuthenticationFilter@7d3d89fb, org.springframework.security.web.authentication.AnonymousAuthenticationFilter@62a30701, org.springframework.security.web.access.ExceptionTranslationFilter@2779acb2, org.springframework.security.web.access.intercept.AuthorizationFilter@bcf8bd7]] (1/1)
2024-03-08T18:59:13.225+02:00 DEBUG 26356 --- [    Test worker] o.s.security.web.FilterChainProxy        : Securing GET /api/comments/1
2024-03-08T18:59:13.226+02:00 TRACE 26356 --- [    Test worker] o.s.security.web.FilterChainProxy        : Invoking DisableEncodeUrlFilter (1/14)
2024-03-08T18:59:13.226+02:00 TRACE 26356 --- [    Test worker] o.s.security.web.FilterChainProxy        : Invoking WebAsyncManagerIntegrationFilter (2/14)
2024-03-08T18:59:13.226+02:00 TRACE 26356 --- [    Test worker] o.s.security.web.FilterChainProxy        : Invoking SecurityContextHolderFilter (3/14)
2024-03-08T18:59:13.226+02:00 TRACE 26356 --- [    Test worker] o.s.security.web.FilterChainProxy        : Invoking HeaderWriterFilter (4/14)
2024-03-08T18:59:13.226+02:00 TRACE 26356 --- [    Test worker] o.s.security.web.FilterChainProxy        : Invoking CorsFilter (5/14)
2024-03-08T18:59:13.226+02:00 TRACE 26356 --- [    Test worker] o.s.security.web.FilterChainProxy        : Invoking CsrfFilter (6/14)
2024-03-08T18:59:13.226+02:00 TRACE 26356 --- [    Test worker] o.s.security.web.csrf.CsrfFilter         : Did not protect against CSRF since request did not match CsrfNotRequired [TRACE, HEAD, GET, OPTIONS]
2024-03-08T18:59:13.227+02:00 TRACE 26356 --- [    Test worker] o.s.security.web.FilterChainProxy        : Invoking LogoutFilter (7/14)
2024-03-08T18:59:13.227+02:00 TRACE 26356 --- [    Test worker] o.s.s.w.a.logout.LogoutFilter            : Did not match request to Ant [pattern='/users/logout', POST]
2024-03-08T18:59:13.227+02:00 TRACE 26356 --- [    Test worker] o.s.security.web.FilterChainProxy        : Invoking UsernamePasswordAuthenticationFilter (8/14)
2024-03-08T18:59:13.227+02:00 TRACE 26356 --- [    Test worker] w.a.UsernamePasswordAuthenticationFilter : Did not match request to Ant [pattern='/users/login', POST]
2024-03-08T18:59:13.227+02:00 TRACE 26356 --- [    Test worker] o.s.security.web.FilterChainProxy        : Invoking RequestCacheAwareFilter (9/14)
2024-03-08T18:59:13.227+02:00 TRACE 26356 --- [    Test worker] o.s.s.w.s.HttpSessionRequestCache        : matchingRequestParameterName is required for getMatchingRequest to lookup a value, but not provided
2024-03-08T18:59:13.227+02:00 TRACE 26356 --- [    Test worker] o.s.security.web.FilterChainProxy        : Invoking SecurityContextHolderAwareRequestFilter (10/14)
2024-03-08T18:59:13.227+02:00 TRACE 26356 --- [    Test worker] o.s.security.web.FilterChainProxy        : Invoking RememberMeAuthenticationFilter (11/14)
2024-03-08T18:59:13.227+02:00 TRACE 26356 --- [    Test worker] w.c.HttpSessionSecurityContextRepository : Retrieved SecurityContextImpl [Authentication=UsernamePasswordAuthenticationToken [Principal=org.springframework.security.core.userdetails.User [Username=user, Password=[PROTECTED], Enabled=true, AccountNonExpired=true, CredentialsNonExpired=true, AccountNonLocked=true, Granted Authorities=[ROLE_User]], Credentials=[PROTECTED], Authenticated=true, Details=null, Granted Authorities=[ROLE_User]]] from SPRING_SECURITY_CONTEXT
2024-03-08T18:59:13.227+02:00 DEBUG 26356 --- [    Test worker] s.s.w.a.r.RememberMeAuthenticationFilter : SecurityContextHolder not populated with remember-me token, as it already contained: 'UsernamePasswordAuthenticationToken [Principal=org.springframework.security.core.userdetails.User [Username=user, Password=[PROTECTED], Enabled=true, AccountNonExpired=true, CredentialsNonExpired=true, AccountNonLocked=true, Granted Authorities=[ROLE_User]], Credentials=[PROTECTED], Authenticated=true, Details=null, Granted Authorities=[ROLE_User]]'
2024-03-08T18:59:13.227+02:00 TRACE 26356 --- [    Test worker] o.s.security.web.FilterChainProxy        : Invoking AnonymousAuthenticationFilter (12/14)
2024-03-08T18:59:13.227+02:00 TRACE 26356 --- [    Test worker] o.s.security.web.FilterChainProxy        : Invoking ExceptionTranslationFilter (13/14)
2024-03-08T18:59:13.227+02:00 TRACE 26356 --- [    Test worker] o.s.security.web.FilterChainProxy        : Invoking AuthorizationFilter (14/14)
2024-03-08T18:59:13.228+02:00 TRACE 26356 --- [    Test worker] estMatcherDelegatingAuthorizationManager : Authorizing SecurityContextHolderAwareRequestWrapper[ org.springframework.security.web.header.HeaderWriterFilter$HeaderWriterRequest@2fe44d9b]
2024-03-08T18:59:13.228+02:00 TRACE 26356 --- [    Test worker] estMatcherDelegatingAuthorizationManager : Checking authorization on SecurityContextHolderAwareRequestWrapper[ org.springframework.security.web.header.HeaderWriterFilter$HeaderWriterRequest@2fe44d9b] using org.springframework.security.authorization.AuthenticatedAuthorizationManager@37a8202
2024-03-08T18:59:13.228+02:00 TRACE 26356 --- [    Test worker] o.s.s.w.a.AnonymousAuthenticationFilter  : Did not set SecurityContextHolder since already authenticated UsernamePasswordAuthenticationToken [Principal=org.springframework.security.core.userdetails.User [Username=user, Password=[PROTECTED], Enabled=true, AccountNonExpired=true, CredentialsNonExpired=true, AccountNonLocked=true, Granted Authorities=[ROLE_User]], Credentials=[PROTECTED], Authenticated=true, Details=null, Granted Authorities=[ROLE_User]]
2024-03-08T18:59:13.228+02:00 DEBUG 26356 --- [    Test worker] o.s.security.web.FilterChainProxy        : Secured GET /api/comments/1
2024-03-08T18:59:13.236+02:00 DEBUG 26356 --- [    Test worker] org.hibernate.SQL                        : select c1_0.id,c1_0.created,c1_0.description,c1_0.forum_id,c1_0.user_id from comments c1_0 left join forums f1_0 on f1_0.id=c1_0.forum_id where f1_0.id=?
2024-03-08T18:59:13.237+02:00 TRACE 26356 --- [    Test worker] org.hibernate.orm.jdbc.bind              : binding parameter (1:BIGINT) <- [1]
2024-03-08T18:59:13.238+02:00 DEBUG 26356 --- [    Test worker] org.hibernate.SQL                        : select f1_0.id,f1_0.created,f1_0.description,f1_0.title,c1_0.forum_id,c1_0.id,c1_0.created,c1_0.description,u1_0.id,u1_0.email,u1_0.full_name,u1_0.password,u1_0.username from forums f1_0 left join comments c1_0 on f1_0.id=c1_0.forum_id left join users u1_0 on u1_0.id=c1_0.user_id where f1_0.id=?
2024-03-08T18:59:13.239+02:00 TRACE 26356 --- [    Test worker] org.hibernate.orm.jdbc.bind              : binding parameter (1:BIGINT) <- [1]
2024-03-08T18:59:13.241+02:00 DEBUG 26356 --- [    Test worker] org.hibernate.SQL                        : select r1_0.user_id,r1_1.id,r1_1.role_type from users_roles r1_0 join roles r1_1 on r1_1.id=r1_0.roles_id where r1_0.user_id=?
2024-03-08T18:59:13.242+02:00 TRACE 26356 --- [    Test worker] org.hibernate.orm.jdbc.bind              : binding parameter (1:BIGINT) <- [7]
2024-03-08T18:59:13.244+02:00 DEBUG 26356 --- [    Test worker] org.hibernate.SQL                        : select c1_0.lecturer_id,c1_0.id,c1_0.age_limit,c1_0.description,c1_0.end,c1_0.start,c1_0.title from courses c1_0 where c1_0.lecturer_id=?
2024-03-08T18:59:13.244+02:00 TRACE 26356 --- [    Test worker] org.hibernate.orm.jdbc.bind              : binding parameter (1:BIGINT) <- [7]
2024-03-08T18:59:13.317+02:00 TRACE 26356 --- [    Test worker] o.s.s.w.header.writers.HstsHeaderWriter  : Not injecting HSTS header since it did not match request to [Is Secure]
2024-03-08T18:59:13.325+02:00 DEBUG 26356 --- [    Test worker] org.hibernate.SQL                        : select f1_0.id,f1_0.created,f1_0.description,f1_0.title from forums f1_0
2024-03-08T18:59:13.326+02:00 DEBUG 26356 --- [    Test worker] org.hibernate.SQL                        : select c1_0.forum_id,c1_0.id,c1_0.created,c1_0.description,u1_0.id,u1_0.email,u1_0.full_name,u1_0.password,u1_0.username from comments c1_0 left join users u1_0 on u1_0.id=c1_0.user_id where c1_0.forum_id=?
2024-03-08T18:59:13.329+02:00 TRACE 26356 --- [    Test worker] org.hibernate.orm.jdbc.bind              : binding parameter (1:BIGINT) <- [1]
2024-03-08T18:59:13.332+02:00 DEBUG 26356 --- [    Test worker] org.hibernate.SQL                        : select r1_0.user_id,r1_1.id,r1_1.role_type from users_roles r1_0 join roles r1_1 on r1_1.id=r1_0.roles_id where r1_0.user_id=?
2024-03-08T18:59:13.333+02:00 TRACE 26356 --- [    Test worker] org.hibernate.orm.jdbc.bind              : binding parameter (1:BIGINT) <- [7]
2024-03-08T18:59:13.335+02:00 DEBUG 26356 --- [    Test worker] org.hibernate.SQL                        : select c1_0.lecturer_id,c1_0.id,c1_0.age_limit,c1_0.description,c1_0.end,c1_0.start,c1_0.title from courses c1_0 where c1_0.lecturer_id=?
2024-03-08T18:59:13.342+02:00 TRACE 26356 --- [    Test worker] org.hibernate.orm.jdbc.bind              : binding parameter (1:BIGINT) <- [7]
2024-03-08T18:59:13.345+02:00 DEBUG 26356 --- [    Test worker] org.hibernate.SQL                        : delete from users_roles where user_id=?
2024-03-08T18:59:13.347+02:00 TRACE 26356 --- [    Test worker] org.hibernate.orm.jdbc.bind              : binding parameter (1:BIGINT) <- [7]
2024-03-08T18:59:13.348+02:00 DEBUG 26356 --- [    Test worker] org.hibernate.SQL                        : delete from comments where id=?
2024-03-08T18:59:13.348+02:00 TRACE 26356 --- [    Test worker] org.hibernate.orm.jdbc.bind              : binding parameter (1:BIGINT) <- [1]
2024-03-08T18:59:13.349+02:00 DEBUG 26356 --- [    Test worker] org.hibernate.SQL                        : delete from users where id=?
2024-03-08T18:59:13.350+02:00 TRACE 26356 --- [    Test worker] org.hibernate.orm.jdbc.bind              : binding parameter (1:BIGINT) <- [7]
2024-03-08T18:59:13.351+02:00 DEBUG 26356 --- [    Test worker] org.hibernate.SQL                        : delete from forums where id=?
2024-03-08T18:59:13.351+02:00 TRACE 26356 --- [    Test worker] org.hibernate.orm.jdbc.bind              : binding parameter (1:BIGINT) <- [1]
2024-03-08T18:59:13.354+02:00 DEBUG 26356 --- [    Test worker] org.hibernate.SQL                        : select c1_0.id,c1_0.created,c1_0.description,c1_0.forum_id,c1_0.user_id from comments c1_0
2024-03-08T18:59:13.358+02:00 DEBUG 26356 --- [    Test worker] org.hibernate.SQL                        : delete from comments where id=?
2024-03-08T18:59:13.358+02:00 TRACE 26356 --- [    Test worker] org.hibernate.orm.jdbc.bind              : binding parameter (1:BIGINT) <- [2]
2024-03-08T18:59:13.369+02:00 DEBUG 26356 --- [    Test worker] org.hibernate.SQL                        : select r1_0.id,r1_0.role_type from roles r1_0 where r1_0.role_type in (?)
2024-03-08T18:59:13.372+02:00 TRACE 26356 --- [    Test worker] org.hibernate.orm.jdbc.bind              : binding parameter (1:VARCHAR) <- [User]
2024-03-08T18:59:13.377+02:00 DEBUG 26356 --- [    Test worker] org.hibernate.SQL                        : insert into roles (role_type,id) values (?,default)
2024-03-08T18:59:13.377+02:00 TRACE 26356 --- [    Test worker] org.hibernate.orm.jdbc.bind              : binding parameter (1:VARCHAR) <- [User]
2024-03-08T18:59:13.379+02:00 DEBUG 26356 --- [    Test worker] org.hibernate.SQL                        : insert into users (email,full_name,password,username,id) values (?,?,?,?,default)
2024-03-08T18:59:13.380+02:00 TRACE 26356 --- [    Test worker] org.hibernate.orm.jdbc.bind              : binding parameter (1:VARCHAR) <- [example@com]
2024-03-08T18:59:13.380+02:00 TRACE 26356 --- [    Test worker] org.hibernate.orm.jdbc.bind              : binding parameter (2:VARCHAR) <- [Test Testov]
2024-03-08T18:59:13.380+02:00 TRACE 26356 --- [    Test worker] org.hibernate.orm.jdbc.bind              : binding parameter (3:VARCHAR) <- [1234]
2024-03-08T18:59:13.380+02:00 TRACE 26356 --- [    Test worker] org.hibernate.orm.jdbc.bind              : binding parameter (4:VARCHAR) <- [pesho]
2024-03-08T18:59:13.381+02:00 DEBUG 26356 --- [    Test worker] org.hibernate.SQL                        : insert into users_roles (user_id,roles_id) values (?,?)
2024-03-08T18:59:13.382+02:00 TRACE 26356 --- [    Test worker] org.hibernate.orm.jdbc.bind              : binding parameter (1:BIGINT) <- [8]
2024-03-08T18:59:13.382+02:00 TRACE 26356 --- [    Test worker] org.hibernate.orm.jdbc.bind              : binding parameter (2:BIGINT) <- [8]
2024-03-08T18:59:13.385+02:00 DEBUG 26356 --- [    Test worker] org.hibernate.SQL                        : select c1_0.id,c1_0.created,c1_0.description,c1_0.forum_id,c1_0.user_id from comments c1_0
2024-03-08T18:59:13.389+02:00 DEBUG 26356 --- [    Test worker] org.hibernate.SQL                        : insert into forums (created,description,title,id) values (?,?,?,default)
2024-03-08T18:59:13.390+02:00 TRACE 26356 --- [    Test worker] org.hibernate.orm.jdbc.bind              : binding parameter (1:TIMESTAMP) <- [2024-05-22T00:00]
2024-03-08T18:59:13.391+02:00 TRACE 26356 --- [    Test worker] org.hibernate.orm.jdbc.bind              : binding parameter (2:VARCHAR) <- [testtttt]
2024-03-08T18:59:13.391+02:00 TRACE 26356 --- [    Test worker] org.hibernate.orm.jdbc.bind              : binding parameter (3:VARCHAR) <- [test title]
2024-03-08T18:59:13.397+02:00 TRACE 26356 --- [    Test worker] w.c.HttpSessionSecurityContextRepository : No HttpSession currently exists
2024-03-08T18:59:13.397+02:00 TRACE 26356 --- [    Test worker] w.c.HttpSessionSecurityContextRepository : Created SecurityContextImpl [Null authentication]
2024-03-08T18:59:13.397+02:00 TRACE 26356 --- [    Test worker] .s.s.w.c.SupplierDeferredSecurityContext : Created SecurityContextImpl [Null authentication]
2024-03-08T18:59:13.398+02:00 DEBUG 26356 --- [    Test worker] w.c.HttpSessionSecurityContextRepository : Created HttpSession as SecurityContext is non-default
2024-03-08T18:59:13.398+02:00 DEBUG 26356 --- [    Test worker] w.c.HttpSessionSecurityContextRepository : Stored SecurityContextImpl [Authentication=UsernamePasswordAuthenticationToken [Principal=org.springframework.security.core.userdetails.User [Username=pesho, Password=[PROTECTED], Enabled=true, AccountNonExpired=true, CredentialsNonExpired=true, AccountNonLocked=true, Granted Authorities=[ROLE_User]], Credentials=[PROTECTED], Authenticated=true, Details=null, Granted Authorities=[ROLE_User]]] to HttpSession [org.springframework.mock.web.MockHttpSession@76fc0fa]
2024-03-08T18:59:13.400+02:00 TRACE 26356 --- [    Test worker] o.s.security.web.FilterChainProxy        : Trying to match request against DefaultSecurityFilterChain [RequestMatcher=any request, Filters=[org.springframework.security.web.session.DisableEncodeUrlFilter@5757ef9b, org.springframework.security.web.context.request.async.WebAsyncManagerIntegrationFilter@58da6f7d, org.springframework.security.web.context.SecurityContextHolderFilter@207512c3, org.springframework.security.web.header.HeaderWriterFilter@376aaeec, org.springframework.web.filter.CorsFilter@2d0f850, org.springframework.security.web.csrf.CsrfFilter@61b5c8a3, org.springframework.security.web.authentication.logout.LogoutFilter@2d0ed017, org.springframework.security.web.authentication.UsernamePasswordAuthenticationFilter@b517988, org.springframework.security.web.savedrequest.RequestCacheAwareFilter@60f10f6a, org.springframework.security.web.servletapi.SecurityContextHolderAwareRequestFilter@3c995eae, org.springframework.security.web.authentication.rememberme.RememberMeAuthenticationFilter@7d3d89fb, org.springframework.security.web.authentication.AnonymousAuthenticationFilter@62a30701, org.springframework.security.web.access.ExceptionTranslationFilter@2779acb2, org.springframework.security.web.access.intercept.AuthorizationFilter@bcf8bd7]] (1/1)
2024-03-08T18:59:13.401+02:00 DEBUG 26356 --- [    Test worker] o.s.security.web.FilterChainProxy        : Securing POST /api/comments/2
2024-03-08T18:59:13.402+02:00 TRACE 26356 --- [    Test worker] o.s.security.web.FilterChainProxy        : Invoking DisableEncodeUrlFilter (1/14)
2024-03-08T18:59:13.402+02:00 TRACE 26356 --- [    Test worker] o.s.security.web.FilterChainProxy        : Invoking WebAsyncManagerIntegrationFilter (2/14)
2024-03-08T18:59:13.403+02:00 TRACE 26356 --- [    Test worker] o.s.security.web.FilterChainProxy        : Invoking SecurityContextHolderFilter (3/14)
2024-03-08T18:59:13.403+02:00 TRACE 26356 --- [    Test worker] o.s.security.web.FilterChainProxy        : Invoking HeaderWriterFilter (4/14)
2024-03-08T18:59:13.403+02:00 TRACE 26356 --- [    Test worker] o.s.security.web.FilterChainProxy        : Invoking CorsFilter (5/14)
2024-03-08T18:59:13.403+02:00 TRACE 26356 --- [    Test worker] o.s.security.web.FilterChainProxy        : Invoking CsrfFilter (6/14)
2024-03-08T18:59:13.404+02:00 TRACE 26356 --- [    Test worker] o.s.security.web.FilterChainProxy        : Invoking LogoutFilter (7/14)
2024-03-08T18:59:13.404+02:00 TRACE 26356 --- [    Test worker] o.s.s.w.a.logout.LogoutFilter            : Did not match request to Ant [pattern='/users/logout', POST]
2024-03-08T18:59:13.404+02:00 TRACE 26356 --- [    Test worker] o.s.security.web.FilterChainProxy        : Invoking UsernamePasswordAuthenticationFilter (8/14)
2024-03-08T18:59:13.404+02:00 TRACE 26356 --- [    Test worker] w.a.UsernamePasswordAuthenticationFilter : Did not match request to Ant [pattern='/users/login', POST]
2024-03-08T18:59:13.404+02:00 TRACE 26356 --- [    Test worker] o.s.security.web.FilterChainProxy        : Invoking RequestCacheAwareFilter (9/14)
2024-03-08T18:59:13.405+02:00 TRACE 26356 --- [    Test worker] o.s.s.w.s.HttpSessionRequestCache        : matchingRequestParameterName is required for getMatchingRequest to lookup a value, but not provided
2024-03-08T18:59:13.405+02:00 TRACE 26356 --- [    Test worker] o.s.security.web.FilterChainProxy        : Invoking SecurityContextHolderAwareRequestFilter (10/14)
2024-03-08T18:59:13.405+02:00 TRACE 26356 --- [    Test worker] o.s.security.web.FilterChainProxy        : Invoking RememberMeAuthenticationFilter (11/14)
2024-03-08T18:59:13.405+02:00 TRACE 26356 --- [    Test worker] w.c.HttpSessionSecurityContextRepository : Retrieved SecurityContextImpl [Authentication=UsernamePasswordAuthenticationToken [Principal=org.springframework.security.core.userdetails.User [Username=pesho, Password=[PROTECTED], Enabled=true, AccountNonExpired=true, CredentialsNonExpired=true, AccountNonLocked=true, Granted Authorities=[ROLE_User]], Credentials=[PROTECTED], Authenticated=true, Details=null, Granted Authorities=[ROLE_User]]] from SPRING_SECURITY_CONTEXT
2024-03-08T18:59:13.405+02:00 DEBUG 26356 --- [    Test worker] s.s.w.a.r.RememberMeAuthenticationFilter : SecurityContextHolder not populated with remember-me token, as it already contained: 'UsernamePasswordAuthenticationToken [Principal=org.springframework.security.core.userdetails.User [Username=pesho, Password=[PROTECTED], Enabled=true, AccountNonExpired=true, CredentialsNonExpired=true, AccountNonLocked=true, Granted Authorities=[ROLE_User]], Credentials=[PROTECTED], Authenticated=true, Details=null, Granted Authorities=[ROLE_User]]'
2024-03-08T18:59:13.406+02:00 TRACE 26356 --- [    Test worker] o.s.security.web.FilterChainProxy        : Invoking AnonymousAuthenticationFilter (12/14)
2024-03-08T18:59:13.406+02:00 TRACE 26356 --- [    Test worker] o.s.security.web.FilterChainProxy        : Invoking ExceptionTranslationFilter (13/14)
2024-03-08T18:59:13.406+02:00 TRACE 26356 --- [    Test worker] o.s.security.web.FilterChainProxy        : Invoking AuthorizationFilter (14/14)
2024-03-08T18:59:13.407+02:00 TRACE 26356 --- [    Test worker] estMatcherDelegatingAuthorizationManager : Authorizing SecurityContextHolderAwareRequestWrapper[ org.springframework.security.web.header.HeaderWriterFilter$HeaderWriterRequest@7931048d]
2024-03-08T18:59:13.407+02:00 TRACE 26356 --- [    Test worker] estMatcherDelegatingAuthorizationManager : Checking authorization on SecurityContextHolderAwareRequestWrapper[ org.springframework.security.web.header.HeaderWriterFilter$HeaderWriterRequest@7931048d] using org.springframework.security.authorization.AuthenticatedAuthorizationManager@37a8202
2024-03-08T18:59:13.407+02:00 TRACE 26356 --- [    Test worker] o.s.s.w.a.AnonymousAuthenticationFilter  : Did not set SecurityContextHolder since already authenticated UsernamePasswordAuthenticationToken [Principal=org.springframework.security.core.userdetails.User [Username=pesho, Password=[PROTECTED], Enabled=true, AccountNonExpired=true, CredentialsNonExpired=true, AccountNonLocked=true, Granted Authorities=[ROLE_User]], Credentials=[PROTECTED], Authenticated=true, Details=null, Granted Authorities=[ROLE_User]]
2024-03-08T18:59:13.408+02:00 DEBUG 26356 --- [    Test worker] o.s.security.web.FilterChainProxy        : Secured POST /api/comments/2
2024-03-08T18:59:13.486+02:00 DEBUG 26356 --- [    Test worker] org.hibernate.SQL                        : select f1_0.id,f1_0.created,f1_0.description,f1_0.title,c1_0.forum_id,c1_0.id,c1_0.created,c1_0.description,u1_0.id,u1_0.email,u1_0.full_name,u1_0.password,u1_0.username from forums f1_0 left join comments c1_0 on f1_0.id=c1_0.forum_id left join users u1_0 on u1_0.id=c1_0.user_id where f1_0.id=?
2024-03-08T18:59:13.487+02:00 TRACE 26356 --- [    Test worker] org.hibernate.orm.jdbc.bind              : binding parameter (1:BIGINT) <- [2]
2024-03-08T18:59:13.495+02:00 DEBUG 26356 --- [    Test worker] org.hibernate.SQL                        : select u1_0.id,u1_0.email,u1_0.full_name,u1_0.password,u1_0.username from users u1_0 where u1_0.username=?
2024-03-08T18:59:13.496+02:00 TRACE 26356 --- [    Test worker] org.hibernate.orm.jdbc.bind              : binding parameter (1:VARCHAR) <- [pesho]
2024-03-08T18:59:13.497+02:00 DEBUG 26356 --- [    Test worker] org.hibernate.SQL                        : select r1_0.user_id,r1_1.id,r1_1.role_type from users_roles r1_0 join roles r1_1 on r1_1.id=r1_0.roles_id where r1_0.user_id=?
2024-03-08T18:59:13.498+02:00 TRACE 26356 --- [    Test worker] org.hibernate.orm.jdbc.bind              : binding parameter (1:BIGINT) <- [8]
2024-03-08T18:59:13.500+02:00 DEBUG 26356 --- [    Test worker] org.hibernate.SQL                        : select c1_0.lecturer_id,c1_0.id,c1_0.age_limit,c1_0.description,c1_0.end,c1_0.start,c1_0.title from courses c1_0 where c1_0.lecturer_id=?
2024-03-08T18:59:13.501+02:00 TRACE 26356 --- [    Test worker] org.hibernate.orm.jdbc.bind              : binding parameter (1:BIGINT) <- [8]
2024-03-08T18:59:13.504+02:00 DEBUG 26356 --- [    Test worker] org.hibernate.SQL                        : select f1_0.id,f1_0.created,f1_0.description,f1_0.title from forums f1_0 where f1_0.title=?
2024-03-08T18:59:13.505+02:00 TRACE 26356 --- [    Test worker] org.hibernate.orm.jdbc.bind              : binding parameter (1:VARCHAR) <- [test title]
2024-03-08T18:59:13.506+02:00 DEBUG 26356 --- [    Test worker] org.hibernate.SQL                        : insert into comments (created,description,forum_id,user_id,id) values (?,?,?,?,default)
2024-03-08T18:59:13.507+02:00 TRACE 26356 --- [    Test worker] org.hibernate.orm.jdbc.bind              : binding parameter (1:TIMESTAMP) <- [2024-03-08T18:59:13.506395400]
2024-03-08T18:59:13.507+02:00 TRACE 26356 --- [    Test worker] org.hibernate.orm.jdbc.bind              : binding parameter (2:VARCHAR) <- [hey Spring is cool!]
2024-03-08T18:59:13.507+02:00 TRACE 26356 --- [    Test worker] org.hibernate.orm.jdbc.bind              : binding parameter (3:BIGINT) <- [2]
2024-03-08T18:59:13.507+02:00 TRACE 26356 --- [    Test worker] org.hibernate.orm.jdbc.bind              : binding parameter (4:BIGINT) <- [8]
2024-03-08T18:59:13.519+02:00 TRACE 26356 --- [    Test worker] o.s.s.w.header.writers.HstsHeaderWriter  : Not injecting HSTS header since it did not match request to [Is Secure]
2024-03-08T18:59:13.527+02:00 DEBUG 26356 --- [    Test worker] org.hibernate.SQL                        : select c1_0.id,c1_0.created,c1_0.description,c1_0.forum_id,c1_0.user_id from comments c1_0 where c1_0.description=?
2024-03-08T18:59:13.528+02:00 TRACE 26356 --- [    Test worker] org.hibernate.orm.jdbc.bind              : binding parameter (1:VARCHAR) <- [hey Spring is cool!]
2024-03-08T18:59:13.529+02:00 DEBUG 26356 --- [    Test worker] org.hibernate.SQL                        : select f1_0.id,f1_0.created,f1_0.description,f1_0.title,c1_0.forum_id,c1_0.id,c1_0.created,c1_0.description,u1_0.id,u1_0.email,u1_0.full_name,u1_0.password,u1_0.username from forums f1_0 left join comments c1_0 on f1_0.id=c1_0.forum_id left join users u1_0 on u1_0.id=c1_0.user_id where f1_0.id=?
2024-03-08T18:59:13.531+02:00 TRACE 26356 --- [    Test worker] org.hibernate.orm.jdbc.bind              : binding parameter (1:BIGINT) <- [2]
2024-03-08T18:59:13.535+02:00 DEBUG 26356 --- [    Test worker] org.hibernate.SQL                        : select r1_0.user_id,r1_1.id,r1_1.role_type from users_roles r1_0 join roles r1_1 on r1_1.id=r1_0.roles_id where r1_0.user_id=?
2024-03-08T18:59:13.537+02:00 TRACE 26356 --- [    Test worker] org.hibernate.orm.jdbc.bind              : binding parameter (1:BIGINT) <- [8]
2024-03-08T18:59:13.543+02:00 DEBUG 26356 --- [    Test worker] org.hibernate.SQL                        : select c1_0.lecturer_id,c1_0.id,c1_0.age_limit,c1_0.description,c1_0.end,c1_0.start,c1_0.title from courses c1_0 where c1_0.lecturer_id=?
2024-03-08T18:59:13.545+02:00 TRACE 26356 --- [    Test worker] org.hibernate.orm.jdbc.bind              : binding parameter (1:BIGINT) <- [8]
]]></system-out>
  <system-err><![CDATA[]]></system-err>
</testsuite>
