<?xml version="1.0" encoding="UTF-8"?>
<testsuite name="com.example.roboworld.web.CoursesControllerTest" tests="3" skipped="0" failures="0" errors="0" timestamp="2024-03-10T10:57:17" hostname="VANESAILIEVA" time="2.969">
  <properties/>
  <testcase name="testGetCourseDetailsWithUser()" classname="com.example.roboworld.web.CoursesControllerTest" time="2.412"/>
  <testcase name="testSignInUp()" classname="com.example.roboworld.web.CoursesControllerTest" time="0.331"/>
  <testcase name="testGetCourseDetailsWithAnonymous()" classname="com.example.roboworld.web.CoursesControllerTest" time="0.214"/>
  <system-out><![CDATA[12:57:00.078 [Test worker] INFO org.springframework.test.context.support.AnnotationConfigContextLoaderUtils -- Could not detect default configuration classes for test class [com.example.roboworld.web.CoursesControllerTest]: CoursesControllerTest does not declare any static, non-private, non-final, nested classes annotated with @Configuration.
12:57:00.449 [Test worker] INFO org.springframework.boot.test.context.SpringBootTestContextBootstrapper -- Found @SpringBootConfiguration com.example.roboworld.RobotWorldApplication for test class com.example.roboworld.web.CoursesControllerTest

  .   ____          _            __ _ _
 /\\ / ___'_ __ _ _(_)_ __  __ _ \ \ \ \
( ( )\___ | '_ | '_| | '_ \/ _` | \ \ \ \
 \\/  ___)| |_)| | | | | || (_| |  ) ) ) )
  '  |____| .__|_| |_|_| |_\__, | / / / /
 =========|_|==============|___/=/_/_/_/
 :: Spring Boot ::                (v3.2.2)

2024-03-10T12:57:01.656+02:00  INFO 10308 --- [    Test worker] c.e.roboworld.web.CoursesControllerTest  : Starting CoursesControllerTest using Java 20.0.2.1 with PID 10308 (started by vanes in D:\RoboWorld)
2024-03-10T12:57:01.659+02:00  INFO 10308 --- [    Test worker] c.e.roboworld.web.CoursesControllerTest  : No active profile set, falling back to 1 default profile: "default"
2024-03-10T12:57:04.785+02:00  INFO 10308 --- [    Test worker] .s.d.r.c.RepositoryConfigurationDelegate : Bootstrapping Spring Data JPA repositories in DEFAULT mode.
2024-03-10T12:57:05.170+02:00  INFO 10308 --- [    Test worker] .s.d.r.c.RepositoryConfigurationDelegate : Finished Spring Data repository scanning in 359 ms. Found 7 JPA repository interfaces.
2024-03-10T12:57:06.868+02:00  INFO 10308 --- [    Test worker] o.hibernate.jpa.internal.util.LogHelper  : HHH000204: Processing PersistenceUnitInfo [name: default]
2024-03-10T12:57:07.024+02:00  INFO 10308 --- [    Test worker] org.hibernate.Version                    : HHH000412: Hibernate ORM core version 6.4.1.Final
2024-03-10T12:57:07.110+02:00  INFO 10308 --- [    Test worker] o.h.c.internal.RegionFactoryInitiator    : HHH000026: Second-level cache disabled
2024-03-10T12:57:07.630+02:00  INFO 10308 --- [    Test worker] o.s.o.j.p.SpringPersistenceUnitInfo      : No LoadTimeWeaver setup: ignoring JPA class transformer
2024-03-10T12:57:07.708+02:00  INFO 10308 --- [    Test worker] com.zaxxer.hikari.HikariDataSource       : HikariPool-1 - Starting...
2024-03-10T12:57:08.238+02:00  INFO 10308 --- [    Test worker] com.zaxxer.hikari.pool.PoolBase          : HikariPool-1 - Driver does not support get/set network timeout for connections. (feature not supported)
2024-03-10T12:57:08.240+02:00  INFO 10308 --- [    Test worker] com.zaxxer.hikari.pool.HikariPool        : HikariPool-1 - Added connection org.hsqldb.jdbc.JDBCConnection@988c126
2024-03-10T12:57:08.243+02:00  INFO 10308 --- [    Test worker] com.zaxxer.hikari.HikariDataSource       : HikariPool-1 - Start completed.
2024-03-10T12:57:10.980+02:00  INFO 10308 --- [    Test worker] o.h.e.t.j.p.i.JtaPlatformInitiator       : HHH000489: No JTA platform available (set 'hibernate.transaction.jta.platform' to enable JTA platform integration)
2024-03-10T12:57:11.110+02:00 DEBUG 10308 --- [    Test worker] org.hibernate.SQL                        : create table comments (id bigint generated by default as identity (start with 1), created timestamp(6), description varchar(255), forum_id bigint, user_id bigint, primary key (id))
2024-03-10T12:57:11.112+02:00 DEBUG 10308 --- [    Test worker] org.hibernate.SQL                        : create table courses (id bigint generated by default as identity (start with 1), age_limit varchar(255) check (age_limit in ('SixToEight','NineToTwelve','ThirteenToFifteen','SixteenToEighteen')), description varchar(255), end timestamp(6), start timestamp(6), title varchar(255), lecturer_id bigint, primary key (id))
2024-03-10T12:57:11.113+02:00 DEBUG 10308 --- [    Test worker] org.hibernate.SQL                        : create table forums (id bigint generated by default as identity (start with 1), created timestamp(6), description varchar(255) not null, title varchar(255) not null, primary key (id))
2024-03-10T12:57:11.115+02:00 DEBUG 10308 --- [    Test worker] org.hibernate.SQL                        : create table lectures (id bigint generated by default as identity (start with 1), ended timestamp(6), started timestamp(6), title varchar(255), course_id bigint, primary key (id))
2024-03-10T12:57:11.116+02:00 DEBUG 10308 --- [    Test worker] org.hibernate.SQL                        : create table reviews (id bigint generated by default as identity (start with 1), description varchar(255), name varchar(255), user_id bigint, primary key (id))
2024-03-10T12:57:11.118+02:00 DEBUG 10308 --- [    Test worker] org.hibernate.SQL                        : create table roles (id bigint generated by default as identity (start with 1), role_type varchar(255) check (role_type in ('User','Admin','Lecturer')), primary key (id))
2024-03-10T12:57:11.119+02:00 DEBUG 10308 --- [    Test worker] org.hibernate.SQL                        : create table users (id bigint generated by default as identity (start with 1), email varchar(255) not null, full_name varchar(255) not null, password varchar(255) not null, username varchar(255) not null, primary key (id))
2024-03-10T12:57:11.121+02:00 DEBUG 10308 --- [    Test worker] org.hibernate.SQL                        : create table users_roles (user_id bigint not null, roles_id bigint not null)
2024-03-10T12:57:11.122+02:00 DEBUG 10308 --- [    Test worker] org.hibernate.SQL                        : create table users_sign_in_courses (students_id bigint not null, sign_in_courses_id bigint not null)
2024-03-10T12:57:11.124+02:00 DEBUG 10308 --- [    Test worker] org.hibernate.SQL                        : alter table comments add constraint FKt7clst21fs6p4g71yf83fvw75 foreign key (forum_id) references forums
2024-03-10T12:57:11.126+02:00 DEBUG 10308 --- [    Test worker] org.hibernate.SQL                        : alter table comments add constraint FK8omq0tc18jd43bu5tjh6jvraq foreign key (user_id) references users
2024-03-10T12:57:11.127+02:00 DEBUG 10308 --- [    Test worker] org.hibernate.SQL                        : alter table courses add constraint FKit07wvai906qvcttvvg8pi1rr foreign key (lecturer_id) references users
2024-03-10T12:57:11.128+02:00 DEBUG 10308 --- [    Test worker] org.hibernate.SQL                        : alter table lectures add constraint FKsj4m8ipr4qnehoyxk7kbu3ide foreign key (course_id) references courses
2024-03-10T12:57:11.129+02:00 DEBUG 10308 --- [    Test worker] org.hibernate.SQL                        : alter table reviews add constraint FKcgy7qjc1r99dp117y9en6lxye foreign key (user_id) references users
2024-03-10T12:57:11.131+02:00 DEBUG 10308 --- [    Test worker] org.hibernate.SQL                        : alter table users_roles add constraint FKa62j07k5mhgifpp955h37ponj foreign key (roles_id) references roles
2024-03-10T12:57:11.133+02:00 DEBUG 10308 --- [    Test worker] org.hibernate.SQL                        : alter table users_roles add constraint FK2o0jvgh89lemvvo17cbqvdxaa foreign key (user_id) references users
2024-03-10T12:57:11.135+02:00 DEBUG 10308 --- [    Test worker] org.hibernate.SQL                        : alter table users_sign_in_courses add constraint FKl7ut2bxbya6jlcfuh99ubodm foreign key (sign_in_courses_id) references courses
2024-03-10T12:57:11.136+02:00 DEBUG 10308 --- [    Test worker] org.hibernate.SQL                        : alter table users_sign_in_courses add constraint FKcqjlj5ugearvp779k2efegjfw foreign key (students_id) references users
2024-03-10T12:57:11.139+02:00  INFO 10308 --- [    Test worker] j.LocalContainerEntityManagerFactoryBean : Initialized JPA EntityManagerFactory for persistence unit 'default'
2024-03-10T12:57:14.262+02:00  WARN 10308 --- [    Test worker] JpaBaseConfiguration$JpaWebConfiguration : spring.jpa.open-in-view is enabled by default. Therefore, database queries may be performed during view rendering. Explicitly configure spring.jpa.open-in-view to disable this warning
2024-03-10T12:57:14.408+02:00 TRACE 10308 --- [    Test worker] eGlobalAuthenticationAutowiredConfigurer : Eagerly initializing {org.springframework.boot.autoconfigure.security.servlet.SpringBootWebSecurityConfiguration$WebSecurityEnablerConfiguration=org.springframework.boot.autoconfigure.security.servlet.SpringBootWebSecurityConfiguration$WebSecurityEnablerConfiguration@6e48dc84}
2024-03-10T12:57:14.603+02:00  INFO 10308 --- [    Test worker] o.s.b.a.w.s.WelcomePageHandlerMapping    : Adding welcome page template: index
2024-03-10T12:57:15.415+02:00  INFO 10308 --- [    Test worker] o.s.b.a.e.web.EndpointLinksResolver      : Exposing 1 endpoint(s) beneath base path '/actuator'
2024-03-10T12:57:15.732+02:00  INFO 10308 --- [    Test worker] o.s.s.web.DefaultSecurityFilterChain     : Will secure any request with [org.springframework.security.web.session.DisableEncodeUrlFilter@711329fe, org.springframework.security.web.context.request.async.WebAsyncManagerIntegrationFilter@2088e339, org.springframework.security.web.context.SecurityContextHolderFilter@737652a9, org.springframework.security.web.header.HeaderWriterFilter@3776c917, org.springframework.web.filter.CorsFilter@37c5e2e6, org.springframework.security.web.csrf.CsrfFilter@d6de944, org.springframework.security.web.authentication.logout.LogoutFilter@6565691a, org.springframework.security.web.authentication.UsernamePasswordAuthenticationFilter@34ec33f4, org.springframework.security.web.savedrequest.RequestCacheAwareFilter@377fca35, org.springframework.security.web.servletapi.SecurityContextHolderAwareRequestFilter@48c8c722, org.springframework.security.web.authentication.rememberme.RememberMeAuthenticationFilter@18f90bd8, org.springframework.security.web.authentication.AnonymousAuthenticationFilter@342cc706, org.springframework.security.web.access.ExceptionTranslationFilter@ae449e7, org.springframework.security.web.access.intercept.AuthorizationFilter@60b90fd3]
2024-03-10T12:57:17.180+02:00  INFO 10308 --- [    Test worker] o.s.b.t.m.w.SpringBootMockServletContext : Initializing Spring TestDispatcherServlet ''
2024-03-10T12:57:17.180+02:00  INFO 10308 --- [    Test worker] o.s.t.web.servlet.TestDispatcherServlet  : Initializing Servlet ''
2024-03-10T12:57:17.182+02:00  INFO 10308 --- [    Test worker] o.s.t.web.servlet.TestDispatcherServlet  : Completed initialization in 2 ms
2024-03-10T12:57:17.529+02:00  INFO 10308 --- [    Test worker] c.e.roboworld.web.CoursesControllerTest  : Started CoursesControllerTest in 16.751 seconds (process running for 23.802)
2024-03-10T12:57:18.851+02:00 DEBUG 10308 --- [    Test worker] org.hibernate.SQL                        : select c1_0.id,c1_0.age_limit,c1_0.description,c1_0.end,c1_0.lecturer_id,c1_0.start,c1_0.title from courses c1_0
2024-03-10T12:57:18.900+02:00 DEBUG 10308 --- [    Test worker] org.hibernate.SQL                        : insert into roles (role_type,id) values (?,default)
2024-03-10T12:57:18.904+02:00 TRACE 10308 --- [    Test worker] org.hibernate.orm.jdbc.bind              : binding parameter (1:VARCHAR) <- [Lecturer]
2024-03-10T12:57:18.953+02:00 DEBUG 10308 --- [    Test worker] org.hibernate.SQL                        : insert into users (email,full_name,password,username,id) values (?,?,?,?,default)
2024-03-10T12:57:18.954+02:00 TRACE 10308 --- [    Test worker] org.hibernate.orm.jdbc.bind              : binding parameter (1:VARCHAR) <- [111@123]
2024-03-10T12:57:18.954+02:00 TRACE 10308 --- [    Test worker] org.hibernate.orm.jdbc.bind              : binding parameter (2:VARCHAR) <- [Test Testov]
2024-03-10T12:57:18.954+02:00 TRACE 10308 --- [    Test worker] org.hibernate.orm.jdbc.bind              : binding parameter (3:VARCHAR) <- [1234]
2024-03-10T12:57:18.955+02:00 TRACE 10308 --- [    Test worker] org.hibernate.orm.jdbc.bind              : binding parameter (4:VARCHAR) <- [test lecturer]
2024-03-10T12:57:18.967+02:00 DEBUG 10308 --- [    Test worker] org.hibernate.SQL                        : insert into users_roles (user_id,roles_id) values (?,?)
2024-03-10T12:57:18.969+02:00 TRACE 10308 --- [    Test worker] org.hibernate.orm.jdbc.bind              : binding parameter (1:BIGINT) <- [1]
2024-03-10T12:57:18.969+02:00 TRACE 10308 --- [    Test worker] org.hibernate.orm.jdbc.bind              : binding parameter (2:BIGINT) <- [1]
2024-03-10T12:57:18.972+02:00 DEBUG 10308 --- [    Test worker] org.hibernate.SQL                        : insert into courses (age_limit,description,end,lecturer_id,start,title,id) values (?,?,?,?,?,?,default)
2024-03-10T12:57:18.973+02:00 TRACE 10308 --- [    Test worker] org.hibernate.orm.jdbc.bind              : binding parameter (1:VARCHAR) <- [NineToTwelve]
2024-03-10T12:57:18.973+02:00 TRACE 10308 --- [    Test worker] org.hibernate.orm.jdbc.bind              : binding parameter (2:VARCHAR) <- [testttttttttttt]
2024-03-10T12:57:18.974+02:00 TRACE 10308 --- [    Test worker] org.hibernate.orm.jdbc.bind              : binding parameter (3:TIMESTAMP) <- [2024-05-25T00:00]
2024-03-10T12:57:18.974+02:00 TRACE 10308 --- [    Test worker] org.hibernate.orm.jdbc.bind              : binding parameter (4:BIGINT) <- [1]
2024-03-10T12:57:18.975+02:00 TRACE 10308 --- [    Test worker] org.hibernate.orm.jdbc.bind              : binding parameter (5:TIMESTAMP) <- [2024-03-12T00:00]
2024-03-10T12:57:18.975+02:00 TRACE 10308 --- [    Test worker] org.hibernate.orm.jdbc.bind              : binding parameter (6:VARCHAR) <- [Test title]
2024-03-10T12:57:18.987+02:00 TRACE 10308 --- [    Test worker] w.c.HttpSessionSecurityContextRepository : No HttpSession currently exists
2024-03-10T12:57:18.987+02:00 TRACE 10308 --- [    Test worker] w.c.HttpSessionSecurityContextRepository : Created SecurityContextImpl [Null authentication]
2024-03-10T12:57:18.992+02:00 TRACE 10308 --- [    Test worker] .s.s.w.c.SupplierDeferredSecurityContext : Created SecurityContextImpl [Null authentication]
2024-03-10T12:57:18.996+02:00 DEBUG 10308 --- [    Test worker] w.c.HttpSessionSecurityContextRepository : Created HttpSession as SecurityContext is non-default
2024-03-10T12:57:18.997+02:00 DEBUG 10308 --- [    Test worker] w.c.HttpSessionSecurityContextRepository : Stored SecurityContextImpl [Authentication=UsernamePasswordAuthenticationToken [Principal=org.springframework.security.core.userdetails.User [Username=user, Password=[PROTECTED], Enabled=true, AccountNonExpired=true, CredentialsNonExpired=true, AccountNonLocked=true, Granted Authorities=[ROLE_User]], Credentials=[PROTECTED], Authenticated=true, Details=null, Granted Authorities=[ROLE_User]]] to HttpSession [org.springframework.mock.web.MockHttpSession@28790ede]
2024-03-10T12:57:19.027+02:00 TRACE 10308 --- [    Test worker] o.s.security.web.FilterChainProxy        : Trying to match request against DefaultSecurityFilterChain [RequestMatcher=any request, Filters=[org.springframework.security.web.session.DisableEncodeUrlFilter@711329fe, org.springframework.security.web.context.request.async.WebAsyncManagerIntegrationFilter@2088e339, org.springframework.security.web.context.SecurityContextHolderFilter@737652a9, org.springframework.security.web.header.HeaderWriterFilter@3776c917, org.springframework.web.filter.CorsFilter@37c5e2e6, org.springframework.security.web.csrf.CsrfFilter@d6de944, org.springframework.security.web.authentication.logout.LogoutFilter@6565691a, org.springframework.security.web.authentication.UsernamePasswordAuthenticationFilter@34ec33f4, org.springframework.security.web.savedrequest.RequestCacheAwareFilter@377fca35, org.springframework.security.web.servletapi.SecurityContextHolderAwareRequestFilter@48c8c722, org.springframework.security.web.authentication.rememberme.RememberMeAuthenticationFilter@18f90bd8, org.springframework.security.web.authentication.AnonymousAuthenticationFilter@342cc706, org.springframework.security.web.access.ExceptionTranslationFilter@ae449e7, org.springframework.security.web.access.intercept.AuthorizationFilter@60b90fd3]] (1/1)
2024-03-10T12:57:19.028+02:00 DEBUG 10308 --- [    Test worker] o.s.security.web.FilterChainProxy        : Securing GET /courses/1
2024-03-10T12:57:19.032+02:00 TRACE 10308 --- [    Test worker] o.s.security.web.FilterChainProxy        : Invoking DisableEncodeUrlFilter (1/14)
2024-03-10T12:57:19.039+02:00 TRACE 10308 --- [    Test worker] o.s.security.web.FilterChainProxy        : Invoking WebAsyncManagerIntegrationFilter (2/14)
2024-03-10T12:57:19.041+02:00 TRACE 10308 --- [    Test worker] o.s.security.web.FilterChainProxy        : Invoking SecurityContextHolderFilter (3/14)
2024-03-10T12:57:19.042+02:00 TRACE 10308 --- [    Test worker] o.s.security.web.FilterChainProxy        : Invoking HeaderWriterFilter (4/14)
2024-03-10T12:57:19.044+02:00 TRACE 10308 --- [    Test worker] o.s.security.web.FilterChainProxy        : Invoking CorsFilter (5/14)
2024-03-10T12:57:19.046+02:00 TRACE 10308 --- [    Test worker] o.s.security.web.FilterChainProxy        : Invoking CsrfFilter (6/14)
2024-03-10T12:57:19.047+02:00 TRACE 10308 --- [    Test worker] o.s.security.web.csrf.CsrfFilter         : Did not protect against CSRF since request did not match CsrfNotRequired [TRACE, HEAD, GET, OPTIONS]
2024-03-10T12:57:19.048+02:00 TRACE 10308 --- [    Test worker] o.s.security.web.FilterChainProxy        : Invoking LogoutFilter (7/14)
2024-03-10T12:57:19.048+02:00 TRACE 10308 --- [    Test worker] o.s.s.w.a.logout.LogoutFilter            : Did not match request to Ant [pattern='/users/logout', POST]
2024-03-10T12:57:19.048+02:00 TRACE 10308 --- [    Test worker] o.s.security.web.FilterChainProxy        : Invoking UsernamePasswordAuthenticationFilter (8/14)
2024-03-10T12:57:19.049+02:00 TRACE 10308 --- [    Test worker] w.a.UsernamePasswordAuthenticationFilter : Did not match request to Ant [pattern='/users/login', POST]
2024-03-10T12:57:19.049+02:00 TRACE 10308 --- [    Test worker] o.s.security.web.FilterChainProxy        : Invoking RequestCacheAwareFilter (9/14)
2024-03-10T12:57:19.049+02:00 TRACE 10308 --- [    Test worker] o.s.s.w.s.HttpSessionRequestCache        : matchingRequestParameterName is required for getMatchingRequest to lookup a value, but not provided
2024-03-10T12:57:19.049+02:00 TRACE 10308 --- [    Test worker] o.s.security.web.FilterChainProxy        : Invoking SecurityContextHolderAwareRequestFilter (10/14)
2024-03-10T12:57:19.051+02:00 TRACE 10308 --- [    Test worker] o.s.security.web.FilterChainProxy        : Invoking RememberMeAuthenticationFilter (11/14)
2024-03-10T12:57:19.053+02:00 TRACE 10308 --- [    Test worker] w.c.HttpSessionSecurityContextRepository : Retrieved SecurityContextImpl [Authentication=UsernamePasswordAuthenticationToken [Principal=org.springframework.security.core.userdetails.User [Username=user, Password=[PROTECTED], Enabled=true, AccountNonExpired=true, CredentialsNonExpired=true, AccountNonLocked=true, Granted Authorities=[ROLE_User]], Credentials=[PROTECTED], Authenticated=true, Details=null, Granted Authorities=[ROLE_User]]] from SPRING_SECURITY_CONTEXT
2024-03-10T12:57:19.054+02:00 DEBUG 10308 --- [    Test worker] s.s.w.a.r.RememberMeAuthenticationFilter : SecurityContextHolder not populated with remember-me token, as it already contained: 'UsernamePasswordAuthenticationToken [Principal=org.springframework.security.core.userdetails.User [Username=user, Password=[PROTECTED], Enabled=true, AccountNonExpired=true, CredentialsNonExpired=true, AccountNonLocked=true, Granted Authorities=[ROLE_User]], Credentials=[PROTECTED], Authenticated=true, Details=null, Granted Authorities=[ROLE_User]]'
2024-03-10T12:57:19.054+02:00 TRACE 10308 --- [    Test worker] o.s.security.web.FilterChainProxy        : Invoking AnonymousAuthenticationFilter (12/14)
2024-03-10T12:57:19.055+02:00 TRACE 10308 --- [    Test worker] o.s.security.web.FilterChainProxy        : Invoking ExceptionTranslationFilter (13/14)
2024-03-10T12:57:19.055+02:00 TRACE 10308 --- [    Test worker] o.s.security.web.FilterChainProxy        : Invoking AuthorizationFilter (14/14)
2024-03-10T12:57:19.057+02:00 TRACE 10308 --- [    Test worker] estMatcherDelegatingAuthorizationManager : Authorizing SecurityContextHolderAwareRequestWrapper[ org.springframework.security.web.header.HeaderWriterFilter$HeaderWriterRequest@1500c6e7]
2024-03-10T12:57:19.063+02:00 TRACE 10308 --- [    Test worker] estMatcherDelegatingAuthorizationManager : Checking authorization on SecurityContextHolderAwareRequestWrapper[ org.springframework.security.web.header.HeaderWriterFilter$HeaderWriterRequest@1500c6e7] using org.springframework.security.authorization.AuthenticatedAuthorizationManager@2f71cdc0
2024-03-10T12:57:19.064+02:00 TRACE 10308 --- [    Test worker] o.s.s.w.a.AnonymousAuthenticationFilter  : Did not set SecurityContextHolder since already authenticated UsernamePasswordAuthenticationToken [Principal=org.springframework.security.core.userdetails.User [Username=user, Password=[PROTECTED], Enabled=true, AccountNonExpired=true, CredentialsNonExpired=true, AccountNonLocked=true, Granted Authorities=[ROLE_User]], Credentials=[PROTECTED], Authenticated=true, Details=null, Granted Authorities=[ROLE_User]]
2024-03-10T12:57:19.068+02:00 DEBUG 10308 --- [    Test worker] o.s.security.web.FilterChainProxy        : Secured GET /courses/1
2024-03-10T12:57:19.150+02:00 DEBUG 10308 --- [    Test worker] org.hibernate.SQL                        : select l1_0.id,l1_0.course_id,l1_0.ended,l1_0.started,l1_0.title from lectures l1_0 left join courses c1_0 on c1_0.id=l1_0.course_id where c1_0.id=?
2024-03-10T12:57:19.151+02:00 TRACE 10308 --- [    Test worker] org.hibernate.orm.jdbc.bind              : binding parameter (1:BIGINT) <- [1]
2024-03-10T12:57:19.174+02:00 DEBUG 10308 --- [    Test worker] org.hibernate.SQL                        : select c1_0.id,c1_0.age_limit,c1_0.description,c1_0.end,l1_0.id,l1_0.email,l1_0.full_name,l1_0.password,l1_0.username,r1_0.user_id,r1_1.id,r1_1.role_type,c1_0.start,c1_0.title from courses c1_0 left join users l1_0 on l1_0.id=c1_0.lecturer_id left join users_roles r1_0 on l1_0.id=r1_0.user_id left join roles r1_1 on r1_1.id=r1_0.roles_id where c1_0.id=?
2024-03-10T12:57:19.176+02:00 TRACE 10308 --- [    Test worker] org.hibernate.orm.jdbc.bind              : binding parameter (1:BIGINT) <- [1]
2024-03-10T12:57:19.191+02:00 DEBUG 10308 --- [    Test worker] org.hibernate.SQL                        : select s1_0.sign_in_courses_id,s1_1.id,s1_1.email,s1_1.full_name,s1_1.password,s1_1.username from users_sign_in_courses s1_0 join users s1_1 on s1_1.id=s1_0.students_id where s1_0.sign_in_courses_id=?
2024-03-10T12:57:19.192+02:00 TRACE 10308 --- [    Test worker] org.hibernate.orm.jdbc.bind              : binding parameter (1:BIGINT) <- [1]
2024-03-10T12:57:19.193+02:00 DEBUG 10308 --- [    Test worker] org.hibernate.SQL                        : select sic1_0.students_id,sic1_1.id,sic1_1.age_limit,sic1_1.description,sic1_1.end,l1_0.id,l1_0.email,l1_0.full_name,l1_0.password,l1_0.username,sic1_1.start,sic1_1.title from users_sign_in_courses sic1_0 join courses sic1_1 on sic1_1.id=sic1_0.sign_in_courses_id left join users l1_0 on l1_0.id=sic1_1.lecturer_id where sic1_0.students_id=?
2024-03-10T12:57:19.195+02:00 TRACE 10308 --- [    Test worker] org.hibernate.orm.jdbc.bind              : binding parameter (1:BIGINT) <- [1]
2024-03-10T12:57:19.196+02:00 DEBUG 10308 --- [    Test worker] org.hibernate.SQL                        : select c1_0.lecturer_id,c1_0.id,c1_0.age_limit,c1_0.description,c1_0.end,c1_0.start,c1_0.title from courses c1_0 where c1_0.lecturer_id=?
2024-03-10T12:57:19.197+02:00 TRACE 10308 --- [    Test worker] org.hibernate.orm.jdbc.bind              : binding parameter (1:BIGINT) <- [1]
2024-03-10T12:57:19.239+02:00 DEBUG 10308 --- [    Test worker] org.hibernate.SQL                        : select c1_0.id,c1_0.age_limit,c1_0.description,c1_0.end,c1_0.lecturer_id,c1_0.start,c1_0.title from courses c1_0 offset ? rows fetch first ? rows only
2024-03-10T12:57:19.240+02:00 TRACE 10308 --- [    Test worker] org.hibernate.orm.jdbc.bind              : binding parameter (1:INTEGER) <- [0]
2024-03-10T12:57:19.240+02:00 TRACE 10308 --- [    Test worker] org.hibernate.orm.jdbc.bind              : binding parameter (2:INTEGER) <- [4]
2024-03-10T12:57:19.978+02:00 TRACE 10308 --- [    Test worker] o.s.s.w.header.writers.HstsHeaderWriter  : Not injecting HSTS header since it did not match request to [Is Secure]
2024-03-10T12:57:20.047+02:00 DEBUG 10308 --- [    Test worker] org.hibernate.SQL                        : select c1_0.id,c1_0.age_limit,c1_0.description,c1_0.end,c1_0.lecturer_id,c1_0.start,c1_0.title from courses c1_0
2024-03-10T12:57:20.052+02:00 DEBUG 10308 --- [    Test worker] org.hibernate.SQL                        : select u1_0.id,u1_0.email,u1_0.full_name,u1_0.password,u1_0.username,c1_0.lecturer_id,c1_0.id,c1_0.age_limit,c1_0.description,c1_0.end,c1_0.start,c1_0.title from users u1_0 left join courses c1_0 on u1_0.id=c1_0.lecturer_id where u1_0.id=?
2024-03-10T12:57:20.053+02:00 TRACE 10308 --- [    Test worker] org.hibernate.orm.jdbc.bind              : binding parameter (1:BIGINT) <- [1]
2024-03-10T12:57:20.055+02:00 DEBUG 10308 --- [    Test worker] org.hibernate.SQL                        : select sic1_0.students_id,sic1_1.id,sic1_1.age_limit,sic1_1.description,sic1_1.end,l1_0.id,l1_0.email,l1_0.full_name,l1_0.password,l1_0.username,sic1_1.start,sic1_1.title from users_sign_in_courses sic1_0 join courses sic1_1 on sic1_1.id=sic1_0.sign_in_courses_id left join users l1_0 on l1_0.id=sic1_1.lecturer_id where sic1_0.students_id=?
2024-03-10T12:57:20.056+02:00 TRACE 10308 --- [    Test worker] org.hibernate.orm.jdbc.bind              : binding parameter (1:BIGINT) <- [1]
2024-03-10T12:57:20.057+02:00 DEBUG 10308 --- [    Test worker] org.hibernate.SQL                        : select r1_0.user_id,r1_1.id,r1_1.role_type from users_roles r1_0 join roles r1_1 on r1_1.id=r1_0.roles_id where r1_0.user_id=?
2024-03-10T12:57:20.057+02:00 TRACE 10308 --- [    Test worker] org.hibernate.orm.jdbc.bind              : binding parameter (1:BIGINT) <- [1]
2024-03-10T12:57:20.059+02:00 DEBUG 10308 --- [    Test worker] org.hibernate.SQL                        : select s1_0.sign_in_courses_id,s1_1.id,s1_1.email,s1_1.full_name,s1_1.password,s1_1.username from users_sign_in_courses s1_0 join users s1_1 on s1_1.id=s1_0.students_id where s1_0.sign_in_courses_id=?
2024-03-10T12:57:20.060+02:00 TRACE 10308 --- [    Test worker] org.hibernate.orm.jdbc.bind              : binding parameter (1:BIGINT) <- [1]
2024-03-10T12:57:20.073+02:00 DEBUG 10308 --- [    Test worker] org.hibernate.SQL                        : delete from users_roles where user_id=?
2024-03-10T12:57:20.074+02:00 TRACE 10308 --- [    Test worker] org.hibernate.orm.jdbc.bind              : binding parameter (1:BIGINT) <- [1]
2024-03-10T12:57:20.079+02:00 DEBUG 10308 --- [    Test worker] org.hibernate.SQL                        : delete from courses where id=?
2024-03-10T12:57:20.079+02:00 TRACE 10308 --- [    Test worker] org.hibernate.orm.jdbc.bind              : binding parameter (1:BIGINT) <- [1]
2024-03-10T12:57:20.082+02:00 DEBUG 10308 --- [    Test worker] org.hibernate.SQL                        : delete from roles where id=?
2024-03-10T12:57:20.082+02:00 TRACE 10308 --- [    Test worker] org.hibernate.orm.jdbc.bind              : binding parameter (1:BIGINT) <- [1]
2024-03-10T12:57:20.083+02:00 DEBUG 10308 --- [    Test worker] org.hibernate.SQL                        : delete from users where id=?
2024-03-10T12:57:20.084+02:00 TRACE 10308 --- [    Test worker] org.hibernate.orm.jdbc.bind              : binding parameter (1:BIGINT) <- [1]
2024-03-10T12:57:20.087+02:00 DEBUG 10308 --- [    Test worker] org.hibernate.SQL                        : select u1_0.id,u1_0.email,u1_0.full_name,u1_0.password,u1_0.username from users u1_0
2024-03-10T12:57:20.114+02:00 DEBUG 10308 --- [    Test worker] org.hibernate.SQL                        : select c1_0.id,c1_0.age_limit,c1_0.description,c1_0.end,c1_0.lecturer_id,c1_0.start,c1_0.title from courses c1_0
2024-03-10T12:57:20.116+02:00 DEBUG 10308 --- [    Test worker] org.hibernate.SQL                        : insert into roles (role_type,id) values (?,default)
2024-03-10T12:57:20.117+02:00 TRACE 10308 --- [    Test worker] org.hibernate.orm.jdbc.bind              : binding parameter (1:VARCHAR) <- [Lecturer]
2024-03-10T12:57:20.119+02:00 DEBUG 10308 --- [    Test worker] org.hibernate.SQL                        : insert into users (email,full_name,password,username,id) values (?,?,?,?,default)
2024-03-10T12:57:20.120+02:00 TRACE 10308 --- [    Test worker] org.hibernate.orm.jdbc.bind              : binding parameter (1:VARCHAR) <- [111@123]
2024-03-10T12:57:20.121+02:00 TRACE 10308 --- [    Test worker] org.hibernate.orm.jdbc.bind              : binding parameter (2:VARCHAR) <- [Test Testov]
2024-03-10T12:57:20.121+02:00 TRACE 10308 --- [    Test worker] org.hibernate.orm.jdbc.bind              : binding parameter (3:VARCHAR) <- [1234]
2024-03-10T12:57:20.121+02:00 TRACE 10308 --- [    Test worker] org.hibernate.orm.jdbc.bind              : binding parameter (4:VARCHAR) <- [test lecturer]
2024-03-10T12:57:20.123+02:00 DEBUG 10308 --- [    Test worker] org.hibernate.SQL                        : insert into users_roles (user_id,roles_id) values (?,?)
2024-03-10T12:57:20.124+02:00 TRACE 10308 --- [    Test worker] org.hibernate.orm.jdbc.bind              : binding parameter (1:BIGINT) <- [2]
2024-03-10T12:57:20.124+02:00 TRACE 10308 --- [    Test worker] org.hibernate.orm.jdbc.bind              : binding parameter (2:BIGINT) <- [2]
2024-03-10T12:57:20.125+02:00 DEBUG 10308 --- [    Test worker] org.hibernate.SQL                        : insert into courses (age_limit,description,end,lecturer_id,start,title,id) values (?,?,?,?,?,?,default)
2024-03-10T12:57:20.126+02:00 TRACE 10308 --- [    Test worker] org.hibernate.orm.jdbc.bind              : binding parameter (1:VARCHAR) <- [NineToTwelve]
2024-03-10T12:57:20.127+02:00 TRACE 10308 --- [    Test worker] org.hibernate.orm.jdbc.bind              : binding parameter (2:VARCHAR) <- [testttttttttttt]
2024-03-10T12:57:20.127+02:00 TRACE 10308 --- [    Test worker] org.hibernate.orm.jdbc.bind              : binding parameter (3:TIMESTAMP) <- [2024-05-25T00:00]
2024-03-10T12:57:20.128+02:00 TRACE 10308 --- [    Test worker] org.hibernate.orm.jdbc.bind              : binding parameter (4:BIGINT) <- [2]
2024-03-10T12:57:20.128+02:00 TRACE 10308 --- [    Test worker] org.hibernate.orm.jdbc.bind              : binding parameter (5:TIMESTAMP) <- [2024-03-12T00:00]
2024-03-10T12:57:20.128+02:00 TRACE 10308 --- [    Test worker] org.hibernate.orm.jdbc.bind              : binding parameter (6:VARCHAR) <- [Test title]
2024-03-10T12:57:20.176+02:00 DEBUG 10308 --- [    Test worker] org.hibernate.SQL                        : select r1_0.id,r1_0.role_type from roles r1_0 where r1_0.role_type in (?)
2024-03-10T12:57:20.177+02:00 TRACE 10308 --- [    Test worker] org.hibernate.orm.jdbc.bind              : binding parameter (1:VARCHAR) <- [User]
2024-03-10T12:57:20.181+02:00 DEBUG 10308 --- [    Test worker] org.hibernate.SQL                        : insert into roles (role_type,id) values (?,default)
2024-03-10T12:57:20.181+02:00 TRACE 10308 --- [    Test worker] org.hibernate.orm.jdbc.bind              : binding parameter (1:VARCHAR) <- [User]
2024-03-10T12:57:20.186+02:00 DEBUG 10308 --- [    Test worker] org.hibernate.SQL                        : insert into users (email,full_name,password,username,id) values (?,?,?,?,default)
2024-03-10T12:57:20.186+02:00 TRACE 10308 --- [    Test worker] org.hibernate.orm.jdbc.bind              : binding parameter (1:VARCHAR) <- [example@com]
2024-03-10T12:57:20.187+02:00 TRACE 10308 --- [    Test worker] org.hibernate.orm.jdbc.bind              : binding parameter (2:VARCHAR) <- [Test Testov]
2024-03-10T12:57:20.187+02:00 TRACE 10308 --- [    Test worker] org.hibernate.orm.jdbc.bind              : binding parameter (3:VARCHAR) <- [1234]
2024-03-10T12:57:20.187+02:00 TRACE 10308 --- [    Test worker] org.hibernate.orm.jdbc.bind              : binding parameter (4:VARCHAR) <- [user]
2024-03-10T12:57:20.189+02:00 DEBUG 10308 --- [    Test worker] org.hibernate.SQL                        : insert into users_roles (user_id,roles_id) values (?,?)
2024-03-10T12:57:20.190+02:00 TRACE 10308 --- [    Test worker] org.hibernate.orm.jdbc.bind              : binding parameter (1:BIGINT) <- [3]
2024-03-10T12:57:20.190+02:00 TRACE 10308 --- [    Test worker] org.hibernate.orm.jdbc.bind              : binding parameter (2:BIGINT) <- [3]
2024-03-10T12:57:20.191+02:00 DEBUG 10308 --- [    Test worker] org.hibernate.SQL                        : select c1_0.id,c1_0.age_limit,c1_0.description,c1_0.end,l1_0.id,l1_0.email,l1_0.full_name,l1_0.password,l1_0.username,r1_0.user_id,r1_1.id,r1_1.role_type,c1_0.start,c1_0.title from courses c1_0 left join users l1_0 on l1_0.id=c1_0.lecturer_id left join users_roles r1_0 on l1_0.id=r1_0.user_id left join roles r1_1 on r1_1.id=r1_0.roles_id where c1_0.id=?
2024-03-10T12:57:20.193+02:00 TRACE 10308 --- [    Test worker] org.hibernate.orm.jdbc.bind              : binding parameter (1:BIGINT) <- [2]
2024-03-10T12:57:20.195+02:00 DEBUG 10308 --- [    Test worker] org.hibernate.SQL                        : select s1_0.sign_in_courses_id,s1_1.id,s1_1.email,s1_1.full_name,s1_1.password,s1_1.username from users_sign_in_courses s1_0 join users s1_1 on s1_1.id=s1_0.students_id where s1_0.sign_in_courses_id=?
2024-03-10T12:57:20.196+02:00 TRACE 10308 --- [    Test worker] org.hibernate.orm.jdbc.bind              : binding parameter (1:BIGINT) <- [2]
2024-03-10T12:57:20.198+02:00 DEBUG 10308 --- [    Test worker] org.hibernate.SQL                        : select sic1_0.students_id,sic1_1.id,sic1_1.age_limit,sic1_1.description,sic1_1.end,l1_0.id,l1_0.email,l1_0.full_name,l1_0.password,l1_0.username,sic1_1.start,sic1_1.title from users_sign_in_courses sic1_0 join courses sic1_1 on sic1_1.id=sic1_0.sign_in_courses_id left join users l1_0 on l1_0.id=sic1_1.lecturer_id where sic1_0.students_id=?
2024-03-10T12:57:20.201+02:00 TRACE 10308 --- [    Test worker] org.hibernate.orm.jdbc.bind              : binding parameter (1:BIGINT) <- [2]
2024-03-10T12:57:20.202+02:00 DEBUG 10308 --- [    Test worker] org.hibernate.SQL                        : select c1_0.lecturer_id,c1_0.id,c1_0.age_limit,c1_0.description,c1_0.end,c1_0.start,c1_0.title from courses c1_0 where c1_0.lecturer_id=?
2024-03-10T12:57:20.203+02:00 TRACE 10308 --- [    Test worker] org.hibernate.orm.jdbc.bind              : binding parameter (1:BIGINT) <- [2]
2024-03-10T12:57:20.212+02:00 TRACE 10308 --- [    Test worker] w.c.HttpSessionSecurityContextRepository : No HttpSession currently exists
2024-03-10T12:57:20.214+02:00 TRACE 10308 --- [    Test worker] w.c.HttpSessionSecurityContextRepository : Created SecurityContextImpl [Null authentication]
2024-03-10T12:57:20.214+02:00 TRACE 10308 --- [    Test worker] .s.s.w.c.SupplierDeferredSecurityContext : Created SecurityContextImpl [Null authentication]
2024-03-10T12:57:20.214+02:00 DEBUG 10308 --- [    Test worker] w.c.HttpSessionSecurityContextRepository : Created HttpSession as SecurityContext is non-default
2024-03-10T12:57:20.214+02:00 DEBUG 10308 --- [    Test worker] w.c.HttpSessionSecurityContextRepository : Stored SecurityContextImpl [Authentication=UsernamePasswordAuthenticationToken [Principal=org.springframework.security.core.userdetails.User [Username=user, Password=[PROTECTED], Enabled=true, AccountNonExpired=true, CredentialsNonExpired=true, AccountNonLocked=true, Granted Authorities=[ROLE_User]], Credentials=[PROTECTED], Authenticated=true, Details=null, Granted Authorities=[ROLE_User]]] to HttpSession [org.springframework.mock.web.MockHttpSession@43b8d302]
2024-03-10T12:57:20.216+02:00 TRACE 10308 --- [    Test worker] o.s.security.web.FilterChainProxy        : Trying to match request against DefaultSecurityFilterChain [RequestMatcher=any request, Filters=[org.springframework.security.web.session.DisableEncodeUrlFilter@711329fe, org.springframework.security.web.context.request.async.WebAsyncManagerIntegrationFilter@2088e339, org.springframework.security.web.context.SecurityContextHolderFilter@737652a9, org.springframework.security.web.header.HeaderWriterFilter@3776c917, org.springframework.web.filter.CorsFilter@37c5e2e6, org.springframework.security.web.csrf.CsrfFilter@d6de944, org.springframework.security.web.authentication.logout.LogoutFilter@6565691a, org.springframework.security.web.authentication.UsernamePasswordAuthenticationFilter@34ec33f4, org.springframework.security.web.savedrequest.RequestCacheAwareFilter@377fca35, org.springframework.security.web.servletapi.SecurityContextHolderAwareRequestFilter@48c8c722, org.springframework.security.web.authentication.rememberme.RememberMeAuthenticationFilter@18f90bd8, org.springframework.security.web.authentication.AnonymousAuthenticationFilter@342cc706, org.springframework.security.web.access.ExceptionTranslationFilter@ae449e7, org.springframework.security.web.access.intercept.AuthorizationFilter@60b90fd3]] (1/1)
2024-03-10T12:57:20.216+02:00 DEBUG 10308 --- [    Test worker] o.s.security.web.FilterChainProxy        : Securing GET /courses/signInUp/2
2024-03-10T12:57:20.216+02:00 TRACE 10308 --- [    Test worker] o.s.security.web.FilterChainProxy        : Invoking DisableEncodeUrlFilter (1/14)
2024-03-10T12:57:20.217+02:00 TRACE 10308 --- [    Test worker] o.s.security.web.FilterChainProxy        : Invoking WebAsyncManagerIntegrationFilter (2/14)
2024-03-10T12:57:20.218+02:00 TRACE 10308 --- [    Test worker] o.s.security.web.FilterChainProxy        : Invoking SecurityContextHolderFilter (3/14)
2024-03-10T12:57:20.218+02:00 TRACE 10308 --- [    Test worker] o.s.security.web.FilterChainProxy        : Invoking HeaderWriterFilter (4/14)
2024-03-10T12:57:20.218+02:00 TRACE 10308 --- [    Test worker] o.s.security.web.FilterChainProxy        : Invoking CorsFilter (5/14)
2024-03-10T12:57:20.218+02:00 TRACE 10308 --- [    Test worker] o.s.security.web.FilterChainProxy        : Invoking CsrfFilter (6/14)
2024-03-10T12:57:20.218+02:00 TRACE 10308 --- [    Test worker] o.s.security.web.csrf.CsrfFilter         : Did not protect against CSRF since request did not match CsrfNotRequired [TRACE, HEAD, GET, OPTIONS]
2024-03-10T12:57:20.218+02:00 TRACE 10308 --- [    Test worker] o.s.security.web.FilterChainProxy        : Invoking LogoutFilter (7/14)
2024-03-10T12:57:20.219+02:00 TRACE 10308 --- [    Test worker] o.s.s.w.a.logout.LogoutFilter            : Did not match request to Ant [pattern='/users/logout', POST]
2024-03-10T12:57:20.219+02:00 TRACE 10308 --- [    Test worker] o.s.security.web.FilterChainProxy        : Invoking UsernamePasswordAuthenticationFilter (8/14)
2024-03-10T12:57:20.219+02:00 TRACE 10308 --- [    Test worker] w.a.UsernamePasswordAuthenticationFilter : Did not match request to Ant [pattern='/users/login', POST]
2024-03-10T12:57:20.219+02:00 TRACE 10308 --- [    Test worker] o.s.security.web.FilterChainProxy        : Invoking RequestCacheAwareFilter (9/14)
2024-03-10T12:57:20.219+02:00 TRACE 10308 --- [    Test worker] o.s.s.w.s.HttpSessionRequestCache        : matchingRequestParameterName is required for getMatchingRequest to lookup a value, but not provided
2024-03-10T12:57:20.219+02:00 TRACE 10308 --- [    Test worker] o.s.security.web.FilterChainProxy        : Invoking SecurityContextHolderAwareRequestFilter (10/14)
2024-03-10T12:57:20.219+02:00 TRACE 10308 --- [    Test worker] o.s.security.web.FilterChainProxy        : Invoking RememberMeAuthenticationFilter (11/14)
2024-03-10T12:57:20.220+02:00 TRACE 10308 --- [    Test worker] w.c.HttpSessionSecurityContextRepository : Retrieved SecurityContextImpl [Authentication=UsernamePasswordAuthenticationToken [Principal=org.springframework.security.core.userdetails.User [Username=user, Password=[PROTECTED], Enabled=true, AccountNonExpired=true, CredentialsNonExpired=true, AccountNonLocked=true, Granted Authorities=[ROLE_User]], Credentials=[PROTECTED], Authenticated=true, Details=null, Granted Authorities=[ROLE_User]]] from SPRING_SECURITY_CONTEXT
2024-03-10T12:57:20.220+02:00 DEBUG 10308 --- [    Test worker] s.s.w.a.r.RememberMeAuthenticationFilter : SecurityContextHolder not populated with remember-me token, as it already contained: 'UsernamePasswordAuthenticationToken [Principal=org.springframework.security.core.userdetails.User [Username=user, Password=[PROTECTED], Enabled=true, AccountNonExpired=true, CredentialsNonExpired=true, AccountNonLocked=true, Granted Authorities=[ROLE_User]], Credentials=[PROTECTED], Authenticated=true, Details=null, Granted Authorities=[ROLE_User]]'
2024-03-10T12:57:20.220+02:00 TRACE 10308 --- [    Test worker] o.s.security.web.FilterChainProxy        : Invoking AnonymousAuthenticationFilter (12/14)
2024-03-10T12:57:20.220+02:00 TRACE 10308 --- [    Test worker] o.s.security.web.FilterChainProxy        : Invoking ExceptionTranslationFilter (13/14)
2024-03-10T12:57:20.220+02:00 TRACE 10308 --- [    Test worker] o.s.security.web.FilterChainProxy        : Invoking AuthorizationFilter (14/14)
2024-03-10T12:57:20.221+02:00 TRACE 10308 --- [    Test worker] estMatcherDelegatingAuthorizationManager : Authorizing SecurityContextHolderAwareRequestWrapper[ org.springframework.security.web.header.HeaderWriterFilter$HeaderWriterRequest@4e69b67d]
2024-03-10T12:57:20.222+02:00 TRACE 10308 --- [    Test worker] estMatcherDelegatingAuthorizationManager : Checking authorization on SecurityContextHolderAwareRequestWrapper[ org.springframework.security.web.header.HeaderWriterFilter$HeaderWriterRequest@4e69b67d] using org.springframework.security.authorization.AuthenticatedAuthorizationManager@2f71cdc0
2024-03-10T12:57:20.222+02:00 TRACE 10308 --- [    Test worker] o.s.s.w.a.AnonymousAuthenticationFilter  : Did not set SecurityContextHolder since already authenticated UsernamePasswordAuthenticationToken [Principal=org.springframework.security.core.userdetails.User [Username=user, Password=[PROTECTED], Enabled=true, AccountNonExpired=true, CredentialsNonExpired=true, AccountNonLocked=true, Granted Authorities=[ROLE_User]], Credentials=[PROTECTED], Authenticated=true, Details=null, Granted Authorities=[ROLE_User]]
2024-03-10T12:57:20.222+02:00 DEBUG 10308 --- [    Test worker] o.s.security.web.FilterChainProxy        : Secured GET /courses/signInUp/2
2024-03-10T12:57:20.228+02:00 DEBUG 10308 --- [    Test worker] org.hibernate.SQL                        : select u1_0.id,u1_0.email,u1_0.full_name,u1_0.password,u1_0.username from users u1_0 where u1_0.username=?
2024-03-10T12:57:20.229+02:00 TRACE 10308 --- [    Test worker] org.hibernate.orm.jdbc.bind              : binding parameter (1:VARCHAR) <- [user]
2024-03-10T12:57:20.229+02:00 DEBUG 10308 --- [    Test worker] org.hibernate.SQL                        : select sic1_0.students_id,sic1_1.id,sic1_1.age_limit,sic1_1.description,sic1_1.end,l1_0.id,l1_0.email,l1_0.full_name,l1_0.password,l1_0.username,sic1_1.start,sic1_1.title from users_sign_in_courses sic1_0 join courses sic1_1 on sic1_1.id=sic1_0.sign_in_courses_id left join users l1_0 on l1_0.id=sic1_1.lecturer_id where sic1_0.students_id=?
2024-03-10T12:57:20.230+02:00 TRACE 10308 --- [    Test worker] org.hibernate.orm.jdbc.bind              : binding parameter (1:BIGINT) <- [3]
2024-03-10T12:57:20.231+02:00 DEBUG 10308 --- [    Test worker] org.hibernate.SQL                        : select r1_0.user_id,r1_1.id,r1_1.role_type from users_roles r1_0 join roles r1_1 on r1_1.id=r1_0.roles_id where r1_0.user_id=?
2024-03-10T12:57:20.232+02:00 TRACE 10308 --- [    Test worker] org.hibernate.orm.jdbc.bind              : binding parameter (1:BIGINT) <- [3]
2024-03-10T12:57:20.233+02:00 DEBUG 10308 --- [    Test worker] org.hibernate.SQL                        : select c1_0.lecturer_id,c1_0.id,c1_0.age_limit,c1_0.description,c1_0.end,c1_0.start,c1_0.title from courses c1_0 where c1_0.lecturer_id=?
2024-03-10T12:57:20.233+02:00 TRACE 10308 --- [    Test worker] org.hibernate.orm.jdbc.bind              : binding parameter (1:BIGINT) <- [3]
2024-03-10T12:57:20.236+02:00 DEBUG 10308 --- [    Test worker] org.hibernate.SQL                        : select c1_0.id,c1_0.age_limit,c1_0.description,c1_0.end,l1_0.id,l1_0.email,l1_0.full_name,l1_0.password,l1_0.username,r1_0.user_id,r1_1.id,r1_1.role_type,c1_0.start,c1_0.title from courses c1_0 left join users l1_0 on l1_0.id=c1_0.lecturer_id left join users_roles r1_0 on l1_0.id=r1_0.user_id left join roles r1_1 on r1_1.id=r1_0.roles_id where c1_0.id=?
2024-03-10T12:57:20.238+02:00 TRACE 10308 --- [    Test worker] org.hibernate.orm.jdbc.bind              : binding parameter (1:BIGINT) <- [2]
2024-03-10T12:57:20.243+02:00 DEBUG 10308 --- [    Test worker] org.hibernate.SQL                        : select s1_0.sign_in_courses_id,s1_1.id,s1_1.email,s1_1.full_name,s1_1.password,s1_1.username from users_sign_in_courses s1_0 join users s1_1 on s1_1.id=s1_0.students_id where s1_0.sign_in_courses_id=?
2024-03-10T12:57:20.244+02:00 TRACE 10308 --- [    Test worker] org.hibernate.orm.jdbc.bind              : binding parameter (1:BIGINT) <- [2]
2024-03-10T12:57:20.245+02:00 DEBUG 10308 --- [    Test worker] org.hibernate.SQL                        : select sic1_0.students_id,sic1_1.id,sic1_1.age_limit,sic1_1.description,sic1_1.end,l1_0.id,l1_0.email,l1_0.full_name,l1_0.password,l1_0.username,sic1_1.start,sic1_1.title from users_sign_in_courses sic1_0 join courses sic1_1 on sic1_1.id=sic1_0.sign_in_courses_id left join users l1_0 on l1_0.id=sic1_1.lecturer_id where sic1_0.students_id=?
2024-03-10T12:57:20.247+02:00 TRACE 10308 --- [    Test worker] org.hibernate.orm.jdbc.bind              : binding parameter (1:BIGINT) <- [2]
2024-03-10T12:57:20.248+02:00 DEBUG 10308 --- [    Test worker] org.hibernate.SQL                        : select c1_0.lecturer_id,c1_0.id,c1_0.age_limit,c1_0.description,c1_0.end,c1_0.start,c1_0.title from courses c1_0 where c1_0.lecturer_id=?
2024-03-10T12:57:20.249+02:00 TRACE 10308 --- [    Test worker] org.hibernate.orm.jdbc.bind              : binding parameter (1:BIGINT) <- [2]
2024-03-10T12:57:20.261+02:00 DEBUG 10308 --- [    Test worker] org.hibernate.SQL                        : insert into users_sign_in_courses (students_id,sign_in_courses_id) values (?,?)
2024-03-10T12:57:20.262+02:00 TRACE 10308 --- [    Test worker] org.hibernate.orm.jdbc.bind              : binding parameter (1:BIGINT) <- [3]
2024-03-10T12:57:20.263+02:00 TRACE 10308 --- [    Test worker] org.hibernate.orm.jdbc.bind              : binding parameter (2:BIGINT) <- [2]
2024-03-10T12:57:20.275+02:00 TRACE 10308 --- [    Test worker] o.s.s.w.header.writers.HstsHeaderWriter  : Not injecting HSTS header since it did not match request to [Is Secure]
2024-03-10T12:57:20.290+02:00 DEBUG 10308 --- [    Test worker] org.hibernate.SQL                        : select c1_0.id,c1_0.age_limit,c1_0.description,c1_0.end,l1_0.id,l1_0.email,l1_0.full_name,l1_0.password,l1_0.username,r1_0.user_id,r1_1.id,r1_1.role_type,c1_0.start,c1_0.title from courses c1_0 left join users l1_0 on l1_0.id=c1_0.lecturer_id left join users_roles r1_0 on l1_0.id=r1_0.user_id left join roles r1_1 on r1_1.id=r1_0.roles_id where c1_0.id=?
2024-03-10T12:57:20.292+02:00 TRACE 10308 --- [    Test worker] org.hibernate.orm.jdbc.bind              : binding parameter (1:BIGINT) <- [2]
2024-03-10T12:57:20.295+02:00 DEBUG 10308 --- [    Test worker] org.hibernate.SQL                        : select s1_0.sign_in_courses_id,s1_1.id,s1_1.email,s1_1.full_name,s1_1.password,s1_1.username from users_sign_in_courses s1_0 join users s1_1 on s1_1.id=s1_0.students_id where s1_0.sign_in_courses_id=?
2024-03-10T12:57:20.295+02:00 TRACE 10308 --- [    Test worker] org.hibernate.orm.jdbc.bind              : binding parameter (1:BIGINT) <- [2]
2024-03-10T12:57:20.297+02:00 DEBUG 10308 --- [    Test worker] org.hibernate.SQL                        : select sic1_0.students_id,sic1_1.id,sic1_1.age_limit,sic1_1.description,sic1_1.end,l1_0.id,l1_0.email,l1_0.full_name,l1_0.password,l1_0.username,sic1_1.start,sic1_1.title from users_sign_in_courses sic1_0 join courses sic1_1 on sic1_1.id=sic1_0.sign_in_courses_id left join users l1_0 on l1_0.id=sic1_1.lecturer_id where sic1_0.students_id=?
2024-03-10T12:57:20.298+02:00 TRACE 10308 --- [    Test worker] org.hibernate.orm.jdbc.bind              : binding parameter (1:BIGINT) <- [3]
2024-03-10T12:57:20.300+02:00 DEBUG 10308 --- [    Test worker] org.hibernate.SQL                        : select r1_0.user_id,r1_1.id,r1_1.role_type from users_roles r1_0 join roles r1_1 on r1_1.id=r1_0.roles_id where r1_0.user_id=?
2024-03-10T12:57:20.302+02:00 TRACE 10308 --- [    Test worker] org.hibernate.orm.jdbc.bind              : binding parameter (1:BIGINT) <- [3]
2024-03-10T12:57:20.304+02:00 DEBUG 10308 --- [    Test worker] org.hibernate.SQL                        : select c1_0.lecturer_id,c1_0.id,c1_0.age_limit,c1_0.description,c1_0.end,c1_0.start,c1_0.title from courses c1_0 where c1_0.lecturer_id=?
2024-03-10T12:57:20.304+02:00 TRACE 10308 --- [    Test worker] org.hibernate.orm.jdbc.bind              : binding parameter (1:BIGINT) <- [3]
2024-03-10T12:57:20.306+02:00 DEBUG 10308 --- [    Test worker] org.hibernate.SQL                        : select sic1_0.students_id,sic1_1.id,sic1_1.age_limit,sic1_1.description,sic1_1.end,l1_0.id,l1_0.email,l1_0.full_name,l1_0.password,l1_0.username,sic1_1.start,sic1_1.title from users_sign_in_courses sic1_0 join courses sic1_1 on sic1_1.id=sic1_0.sign_in_courses_id left join users l1_0 on l1_0.id=sic1_1.lecturer_id where sic1_0.students_id=?
2024-03-10T12:57:20.307+02:00 TRACE 10308 --- [    Test worker] org.hibernate.orm.jdbc.bind              : binding parameter (1:BIGINT) <- [2]
2024-03-10T12:57:20.308+02:00 DEBUG 10308 --- [    Test worker] org.hibernate.SQL                        : select c1_0.lecturer_id,c1_0.id,c1_0.age_limit,c1_0.description,c1_0.end,c1_0.start,c1_0.title from courses c1_0 where c1_0.lecturer_id=?
2024-03-10T12:57:20.309+02:00 TRACE 10308 --- [    Test worker] org.hibernate.orm.jdbc.bind              : binding parameter (1:BIGINT) <- [2]
2024-03-10T12:57:20.316+02:00 DEBUG 10308 --- [    Test worker] org.hibernate.SQL                        : select c1_0.id,c1_0.age_limit,c1_0.description,c1_0.end,c1_0.lecturer_id,c1_0.start,c1_0.title from courses c1_0
2024-03-10T12:57:20.317+02:00 DEBUG 10308 --- [    Test worker] org.hibernate.SQL                        : select u1_0.id,u1_0.email,u1_0.full_name,u1_0.password,u1_0.username,c1_0.lecturer_id,c1_0.id,c1_0.age_limit,c1_0.description,c1_0.end,c1_0.start,c1_0.title from users u1_0 left join courses c1_0 on u1_0.id=c1_0.lecturer_id where u1_0.id=?
2024-03-10T12:57:20.318+02:00 TRACE 10308 --- [    Test worker] org.hibernate.orm.jdbc.bind              : binding parameter (1:BIGINT) <- [2]
2024-03-10T12:57:20.319+02:00 DEBUG 10308 --- [    Test worker] org.hibernate.SQL                        : select sic1_0.students_id,sic1_1.id,sic1_1.age_limit,sic1_1.description,sic1_1.end,l1_0.id,l1_0.email,l1_0.full_name,l1_0.password,l1_0.username,sic1_1.start,sic1_1.title from users_sign_in_courses sic1_0 join courses sic1_1 on sic1_1.id=sic1_0.sign_in_courses_id left join users l1_0 on l1_0.id=sic1_1.lecturer_id where sic1_0.students_id=?
2024-03-10T12:57:20.321+02:00 TRACE 10308 --- [    Test worker] org.hibernate.orm.jdbc.bind              : binding parameter (1:BIGINT) <- [2]
2024-03-10T12:57:20.322+02:00 DEBUG 10308 --- [    Test worker] org.hibernate.SQL                        : select r1_0.user_id,r1_1.id,r1_1.role_type from users_roles r1_0 join roles r1_1 on r1_1.id=r1_0.roles_id where r1_0.user_id=?
2024-03-10T12:57:20.323+02:00 TRACE 10308 --- [    Test worker] org.hibernate.orm.jdbc.bind              : binding parameter (1:BIGINT) <- [2]
2024-03-10T12:57:20.323+02:00 DEBUG 10308 --- [    Test worker] org.hibernate.SQL                        : select s1_0.sign_in_courses_id,s1_1.id,s1_1.email,s1_1.full_name,s1_1.password,s1_1.username from users_sign_in_courses s1_0 join users s1_1 on s1_1.id=s1_0.students_id where s1_0.sign_in_courses_id=?
2024-03-10T12:57:20.324+02:00 TRACE 10308 --- [    Test worker] org.hibernate.orm.jdbc.bind              : binding parameter (1:BIGINT) <- [2]
2024-03-10T12:57:20.326+02:00 DEBUG 10308 --- [    Test worker] org.hibernate.SQL                        : select sic1_0.students_id,sic1_1.id,sic1_1.age_limit,sic1_1.description,sic1_1.end,l1_0.id,l1_0.email,l1_0.full_name,l1_0.password,l1_0.username,sic1_1.start,sic1_1.title from users_sign_in_courses sic1_0 join courses sic1_1 on sic1_1.id=sic1_0.sign_in_courses_id left join users l1_0 on l1_0.id=sic1_1.lecturer_id where sic1_0.students_id=?
2024-03-10T12:57:20.327+02:00 TRACE 10308 --- [    Test worker] org.hibernate.orm.jdbc.bind              : binding parameter (1:BIGINT) <- [3]
2024-03-10T12:57:20.327+02:00 DEBUG 10308 --- [    Test worker] org.hibernate.SQL                        : select r1_0.user_id,r1_1.id,r1_1.role_type from users_roles r1_0 join roles r1_1 on r1_1.id=r1_0.roles_id where r1_0.user_id=?
2024-03-10T12:57:20.327+02:00 TRACE 10308 --- [    Test worker] org.hibernate.orm.jdbc.bind              : binding parameter (1:BIGINT) <- [3]
2024-03-10T12:57:20.328+02:00 DEBUG 10308 --- [    Test worker] org.hibernate.SQL                        : select c1_0.lecturer_id,c1_0.id,c1_0.age_limit,c1_0.description,c1_0.end,c1_0.start,c1_0.title from courses c1_0 where c1_0.lecturer_id=?
2024-03-10T12:57:20.350+02:00 TRACE 10308 --- [    Test worker] org.hibernate.orm.jdbc.bind              : binding parameter (1:BIGINT) <- [3]
2024-03-10T12:57:20.366+02:00 DEBUG 10308 --- [    Test worker] org.hibernate.SQL                        : delete from users_roles where user_id=?
2024-03-10T12:57:20.367+02:00 TRACE 10308 --- [    Test worker] org.hibernate.orm.jdbc.bind              : binding parameter (1:BIGINT) <- [2]
2024-03-10T12:57:20.368+02:00 DEBUG 10308 --- [    Test worker] org.hibernate.SQL                        : delete from users_roles where user_id=?
2024-03-10T12:57:20.369+02:00 TRACE 10308 --- [    Test worker] org.hibernate.orm.jdbc.bind              : binding parameter (1:BIGINT) <- [3]
2024-03-10T12:57:20.369+02:00 DEBUG 10308 --- [    Test worker] org.hibernate.SQL                        : delete from users_sign_in_courses where students_id=?
2024-03-10T12:57:20.369+02:00 TRACE 10308 --- [    Test worker] org.hibernate.orm.jdbc.bind              : binding parameter (1:BIGINT) <- [3]
2024-03-10T12:57:20.370+02:00 DEBUG 10308 --- [    Test worker] org.hibernate.SQL                        : delete from roles where id=?
2024-03-10T12:57:20.370+02:00 TRACE 10308 --- [    Test worker] org.hibernate.orm.jdbc.bind              : binding parameter (1:BIGINT) <- [3]
2024-03-10T12:57:20.371+02:00 DEBUG 10308 --- [    Test worker] org.hibernate.SQL                        : delete from users where id=?
2024-03-10T12:57:20.371+02:00 TRACE 10308 --- [    Test worker] org.hibernate.orm.jdbc.bind              : binding parameter (1:BIGINT) <- [3]
2024-03-10T12:57:20.371+02:00 DEBUG 10308 --- [    Test worker] org.hibernate.SQL                        : delete from courses where id=?
2024-03-10T12:57:20.372+02:00 TRACE 10308 --- [    Test worker] org.hibernate.orm.jdbc.bind              : binding parameter (1:BIGINT) <- [2]
2024-03-10T12:57:20.372+02:00 DEBUG 10308 --- [    Test worker] org.hibernate.SQL                        : delete from roles where id=?
2024-03-10T12:57:20.372+02:00 TRACE 10308 --- [    Test worker] org.hibernate.orm.jdbc.bind              : binding parameter (1:BIGINT) <- [2]
2024-03-10T12:57:20.373+02:00 DEBUG 10308 --- [    Test worker] org.hibernate.SQL                        : delete from users where id=?
2024-03-10T12:57:20.373+02:00 TRACE 10308 --- [    Test worker] org.hibernate.orm.jdbc.bind              : binding parameter (1:BIGINT) <- [2]
2024-03-10T12:57:20.376+02:00 DEBUG 10308 --- [    Test worker] org.hibernate.SQL                        : select u1_0.id,u1_0.email,u1_0.full_name,u1_0.password,u1_0.username from users u1_0
2024-03-10T12:57:20.478+02:00 DEBUG 10308 --- [    Test worker] org.hibernate.SQL                        : select c1_0.id,c1_0.age_limit,c1_0.description,c1_0.end,c1_0.lecturer_id,c1_0.start,c1_0.title from courses c1_0
2024-03-10T12:57:20.484+02:00 DEBUG 10308 --- [    Test worker] org.hibernate.SQL                        : insert into roles (role_type,id) values (?,default)
2024-03-10T12:57:20.485+02:00 TRACE 10308 --- [    Test worker] org.hibernate.orm.jdbc.bind              : binding parameter (1:VARCHAR) <- [Lecturer]
2024-03-10T12:57:20.499+02:00 DEBUG 10308 --- [    Test worker] org.hibernate.SQL                        : insert into users (email,full_name,password,username,id) values (?,?,?,?,default)
2024-03-10T12:57:20.516+02:00 TRACE 10308 --- [    Test worker] org.hibernate.orm.jdbc.bind              : binding parameter (1:VARCHAR) <- [111@123]
2024-03-10T12:57:20.516+02:00 TRACE 10308 --- [    Test worker] org.hibernate.orm.jdbc.bind              : binding parameter (2:VARCHAR) <- [Test Testov]
2024-03-10T12:57:20.516+02:00 TRACE 10308 --- [    Test worker] org.hibernate.orm.jdbc.bind              : binding parameter (3:VARCHAR) <- [1234]
2024-03-10T12:57:20.518+02:00 TRACE 10308 --- [    Test worker] org.hibernate.orm.jdbc.bind              : binding parameter (4:VARCHAR) <- [test lecturer]
2024-03-10T12:57:20.520+02:00 DEBUG 10308 --- [    Test worker] org.hibernate.SQL                        : insert into users_roles (user_id,roles_id) values (?,?)
2024-03-10T12:57:20.521+02:00 TRACE 10308 --- [    Test worker] org.hibernate.orm.jdbc.bind              : binding parameter (1:BIGINT) <- [4]
2024-03-10T12:57:20.521+02:00 TRACE 10308 --- [    Test worker] org.hibernate.orm.jdbc.bind              : binding parameter (2:BIGINT) <- [4]
2024-03-10T12:57:20.523+02:00 DEBUG 10308 --- [    Test worker] org.hibernate.SQL                        : insert into courses (age_limit,description,end,lecturer_id,start,title,id) values (?,?,?,?,?,?,default)
2024-03-10T12:57:20.523+02:00 TRACE 10308 --- [    Test worker] org.hibernate.orm.jdbc.bind              : binding parameter (1:VARCHAR) <- [NineToTwelve]
2024-03-10T12:57:20.523+02:00 TRACE 10308 --- [    Test worker] org.hibernate.orm.jdbc.bind              : binding parameter (2:VARCHAR) <- [testttttttttttt]
2024-03-10T12:57:20.524+02:00 TRACE 10308 --- [    Test worker] org.hibernate.orm.jdbc.bind              : binding parameter (3:TIMESTAMP) <- [2024-05-25T00:00]
2024-03-10T12:57:20.524+02:00 TRACE 10308 --- [    Test worker] org.hibernate.orm.jdbc.bind              : binding parameter (4:BIGINT) <- [4]
2024-03-10T12:57:20.524+02:00 TRACE 10308 --- [    Test worker] org.hibernate.orm.jdbc.bind              : binding parameter (5:TIMESTAMP) <- [2024-03-12T00:00]
2024-03-10T12:57:20.524+02:00 TRACE 10308 --- [    Test worker] org.hibernate.orm.jdbc.bind              : binding parameter (6:VARCHAR) <- [Test title]
2024-03-10T12:57:20.534+02:00 TRACE 10308 --- [    Test worker] o.s.security.web.FilterChainProxy        : Trying to match request against DefaultSecurityFilterChain [RequestMatcher=any request, Filters=[org.springframework.security.web.session.DisableEncodeUrlFilter@711329fe, org.springframework.security.web.context.request.async.WebAsyncManagerIntegrationFilter@2088e339, org.springframework.security.web.context.SecurityContextHolderFilter@737652a9, org.springframework.security.web.header.HeaderWriterFilter@3776c917, org.springframework.web.filter.CorsFilter@37c5e2e6, org.springframework.security.web.csrf.CsrfFilter@d6de944, org.springframework.security.web.authentication.logout.LogoutFilter@6565691a, org.springframework.security.web.authentication.UsernamePasswordAuthenticationFilter@34ec33f4, org.springframework.security.web.savedrequest.RequestCacheAwareFilter@377fca35, org.springframework.security.web.servletapi.SecurityContextHolderAwareRequestFilter@48c8c722, org.springframework.security.web.authentication.rememberme.RememberMeAuthenticationFilter@18f90bd8, org.springframework.security.web.authentication.AnonymousAuthenticationFilter@342cc706, org.springframework.security.web.access.ExceptionTranslationFilter@ae449e7, org.springframework.security.web.access.intercept.AuthorizationFilter@60b90fd3]] (1/1)
2024-03-10T12:57:20.534+02:00 DEBUG 10308 --- [    Test worker] o.s.security.web.FilterChainProxy        : Securing GET /courses/3
2024-03-10T12:57:20.534+02:00 TRACE 10308 --- [    Test worker] o.s.security.web.FilterChainProxy        : Invoking DisableEncodeUrlFilter (1/14)
2024-03-10T12:57:20.535+02:00 TRACE 10308 --- [    Test worker] o.s.security.web.FilterChainProxy        : Invoking WebAsyncManagerIntegrationFilter (2/14)
2024-03-10T12:57:20.535+02:00 TRACE 10308 --- [    Test worker] o.s.security.web.FilterChainProxy        : Invoking SecurityContextHolderFilter (3/14)
2024-03-10T12:57:20.535+02:00 TRACE 10308 --- [    Test worker] o.s.security.web.FilterChainProxy        : Invoking HeaderWriterFilter (4/14)
2024-03-10T12:57:20.536+02:00 TRACE 10308 --- [    Test worker] o.s.security.web.FilterChainProxy        : Invoking CorsFilter (5/14)
2024-03-10T12:57:20.537+02:00 TRACE 10308 --- [    Test worker] o.s.security.web.FilterChainProxy        : Invoking CsrfFilter (6/14)
2024-03-10T12:57:20.537+02:00 TRACE 10308 --- [    Test worker] o.s.security.web.csrf.CsrfFilter         : Did not protect against CSRF since request did not match CsrfNotRequired [TRACE, HEAD, GET, OPTIONS]
2024-03-10T12:57:20.537+02:00 TRACE 10308 --- [    Test worker] o.s.security.web.FilterChainProxy        : Invoking LogoutFilter (7/14)
2024-03-10T12:57:20.537+02:00 TRACE 10308 --- [    Test worker] o.s.s.w.a.logout.LogoutFilter            : Did not match request to Ant [pattern='/users/logout', POST]
2024-03-10T12:57:20.538+02:00 TRACE 10308 --- [    Test worker] o.s.security.web.FilterChainProxy        : Invoking UsernamePasswordAuthenticationFilter (8/14)
2024-03-10T12:57:20.538+02:00 TRACE 10308 --- [    Test worker] w.a.UsernamePasswordAuthenticationFilter : Did not match request to Ant [pattern='/users/login', POST]
2024-03-10T12:57:20.538+02:00 TRACE 10308 --- [    Test worker] o.s.security.web.FilterChainProxy        : Invoking RequestCacheAwareFilter (9/14)
2024-03-10T12:57:20.538+02:00 TRACE 10308 --- [    Test worker] o.s.s.w.s.HttpSessionRequestCache        : matchingRequestParameterName is required for getMatchingRequest to lookup a value, but not provided
2024-03-10T12:57:20.538+02:00 TRACE 10308 --- [    Test worker] o.s.security.web.FilterChainProxy        : Invoking SecurityContextHolderAwareRequestFilter (10/14)
2024-03-10T12:57:20.538+02:00 TRACE 10308 --- [    Test worker] o.s.security.web.FilterChainProxy        : Invoking RememberMeAuthenticationFilter (11/14)
2024-03-10T12:57:20.538+02:00 TRACE 10308 --- [    Test worker] w.c.HttpSessionSecurityContextRepository : No HttpSession currently exists
2024-03-10T12:57:20.538+02:00 TRACE 10308 --- [    Test worker] w.c.HttpSessionSecurityContextRepository : Created SecurityContextImpl [Null authentication]
2024-03-10T12:57:20.538+02:00 TRACE 10308 --- [    Test worker] .s.s.w.c.SupplierDeferredSecurityContext : Created SecurityContextImpl [Null authentication]
2024-03-10T12:57:20.539+02:00 TRACE 10308 --- [    Test worker] o.s.security.web.FilterChainProxy        : Invoking AnonymousAuthenticationFilter (12/14)
2024-03-10T12:57:20.539+02:00 TRACE 10308 --- [    Test worker] o.s.security.web.FilterChainProxy        : Invoking ExceptionTranslationFilter (13/14)
2024-03-10T12:57:20.539+02:00 TRACE 10308 --- [    Test worker] o.s.security.web.FilterChainProxy        : Invoking AuthorizationFilter (14/14)
2024-03-10T12:57:20.540+02:00 TRACE 10308 --- [    Test worker] estMatcherDelegatingAuthorizationManager : Authorizing SecurityContextHolderAwareRequestWrapper[ org.springframework.security.web.header.HeaderWriterFilter$HeaderWriterRequest@10efe4ca]
2024-03-10T12:57:20.540+02:00 TRACE 10308 --- [    Test worker] estMatcherDelegatingAuthorizationManager : Checking authorization on SecurityContextHolderAwareRequestWrapper[ org.springframework.security.web.header.HeaderWriterFilter$HeaderWriterRequest@10efe4ca] using org.springframework.security.authorization.AuthenticatedAuthorizationManager@2f71cdc0
2024-03-10T12:57:20.543+02:00 TRACE 10308 --- [    Test worker] o.s.s.w.a.AnonymousAuthenticationFilter  : Set SecurityContextHolder to AnonymousAuthenticationToken [Principal=anonymousUser, Credentials=[PROTECTED], Authenticated=true, Details=WebAuthenticationDetails [RemoteIpAddress=127.0.0.1, SessionId=null], Granted Authorities=[ROLE_ANONYMOUS]]
2024-03-10T12:57:20.547+02:00 TRACE 10308 --- [    Test worker] o.s.s.w.a.ExceptionTranslationFilter     : Sending AnonymousAuthenticationToken [Principal=anonymousUser, Credentials=[PROTECTED], Authenticated=true, Details=WebAuthenticationDetails [RemoteIpAddress=127.0.0.1, SessionId=null], Granted Authorities=[ROLE_ANONYMOUS]] to authentication entry point since access is denied

org.springframework.security.access.AccessDeniedException: Access Denied
	at org.springframework.security.web.access.intercept.AuthorizationFilter.doFilter(AuthorizationFilter.java:98) ~[spring-security-web-6.2.1.jar:6.2.1]
	at org.springframework.security.web.ObservationFilterChainDecorator$ObservationFilter.wrapFilter(ObservationFilterChainDecorator.java:240) ~[spring-security-web-6.2.1.jar:6.2.1]
	at org.springframework.security.web.ObservationFilterChainDecorator$ObservationFilter.doFilter(ObservationFilterChainDecorator.java:227) ~[spring-security-web-6.2.1.jar:6.2.1]
	at org.springframework.security.web.ObservationFilterChainDecorator$VirtualFilterChain.doFilter(ObservationFilterChainDecorator.java:137) ~[spring-security-web-6.2.1.jar:6.2.1]
	at org.springframework.security.web.access.ExceptionTranslationFilter.doFilter(ExceptionTranslationFilter.java:126) ~[spring-security-web-6.2.1.jar:6.2.1]
	at org.springframework.security.web.access.ExceptionTranslationFilter.doFilter(ExceptionTranslationFilter.java:120) ~[spring-security-web-6.2.1.jar:6.2.1]
	at org.springframework.security.web.ObservationFilterChainDecorator$ObservationFilter.wrapFilter(ObservationFilterChainDecorator.java:240) ~[spring-security-web-6.2.1.jar:6.2.1]
	at org.springframework.security.web.ObservationFilterChainDecorator$ObservationFilter.doFilter(ObservationFilterChainDecorator.java:227) ~[spring-security-web-6.2.1.jar:6.2.1]
	at org.springframework.security.web.ObservationFilterChainDecorator$VirtualFilterChain.doFilter(ObservationFilterChainDecorator.java:137) ~[spring-security-web-6.2.1.jar:6.2.1]
	at org.springframework.security.web.authentication.AnonymousAuthenticationFilter.doFilter(AnonymousAuthenticationFilter.java:100) ~[spring-security-web-6.2.1.jar:6.2.1]
	at org.springframework.security.web.ObservationFilterChainDecorator$ObservationFilter.wrapFilter(ObservationFilterChainDecorator.java:240) ~[spring-security-web-6.2.1.jar:6.2.1]
	at org.springframework.security.web.ObservationFilterChainDecorator$ObservationFilter.doFilter(ObservationFilterChainDecorator.java:227) ~[spring-security-web-6.2.1.jar:6.2.1]
	at org.springframework.security.web.ObservationFilterChainDecorator$VirtualFilterChain.doFilter(ObservationFilterChainDecorator.java:137) ~[spring-security-web-6.2.1.jar:6.2.1]
	at org.springframework.security.web.authentication.rememberme.RememberMeAuthenticationFilter.doFilter(RememberMeAuthenticationFilter.java:145) ~[spring-security-web-6.2.1.jar:6.2.1]
	at org.springframework.security.web.authentication.rememberme.RememberMeAuthenticationFilter.doFilter(RememberMeAuthenticationFilter.java:101) ~[spring-security-web-6.2.1.jar:6.2.1]
	at org.springframework.security.web.ObservationFilterChainDecorator$ObservationFilter.wrapFilter(ObservationFilterChainDecorator.java:240) ~[spring-security-web-6.2.1.jar:6.2.1]
	at org.springframework.security.web.ObservationFilterChainDecorator$ObservationFilter.doFilter(ObservationFilterChainDecorator.java:227) ~[spring-security-web-6.2.1.jar:6.2.1]
	at org.springframework.security.web.ObservationFilterChainDecorator$VirtualFilterChain.doFilter(ObservationFilterChainDecorator.java:137) ~[spring-security-web-6.2.1.jar:6.2.1]
	at org.springframework.security.web.servletapi.SecurityContextHolderAwareRequestFilter.doFilter(SecurityContextHolderAwareRequestFilter.java:179) ~[spring-security-web-6.2.1.jar:6.2.1]
	at org.springframework.security.web.ObservationFilterChainDecorator$ObservationFilter.wrapFilter(ObservationFilterChainDecorator.java:240) ~[spring-security-web-6.2.1.jar:6.2.1]
	at org.springframework.security.web.ObservationFilterChainDecorator$ObservationFilter.doFilter(ObservationFilterChainDecorator.java:227) ~[spring-security-web-6.2.1.jar:6.2.1]
	at org.springframework.security.web.ObservationFilterChainDecorator$VirtualFilterChain.doFilter(ObservationFilterChainDecorator.java:137) ~[spring-security-web-6.2.1.jar:6.2.1]
	at org.springframework.security.web.savedrequest.RequestCacheAwareFilter.doFilter(RequestCacheAwareFilter.java:63) ~[spring-security-web-6.2.1.jar:6.2.1]
	at org.springframework.security.web.ObservationFilterChainDecorator$ObservationFilter.wrapFilter(ObservationFilterChainDecorator.java:240) ~[spring-security-web-6.2.1.jar:6.2.1]
	at org.springframework.security.web.ObservationFilterChainDecorator$ObservationFilter.doFilter(ObservationFilterChainDecorator.java:227) ~[spring-security-web-6.2.1.jar:6.2.1]
	at org.springframework.security.web.ObservationFilterChainDecorator$VirtualFilterChain.doFilter(ObservationFilterChainDecorator.java:137) ~[spring-security-web-6.2.1.jar:6.2.1]
	at org.springframework.security.web.authentication.AbstractAuthenticationProcessingFilter.doFilter(AbstractAuthenticationProcessingFilter.java:227) ~[spring-security-web-6.2.1.jar:6.2.1]
	at org.springframework.security.web.authentication.AbstractAuthenticationProcessingFilter.doFilter(AbstractAuthenticationProcessingFilter.java:221) ~[spring-security-web-6.2.1.jar:6.2.1]
	at org.springframework.security.web.ObservationFilterChainDecorator$ObservationFilter.wrapFilter(ObservationFilterChainDecorator.java:240) ~[spring-security-web-6.2.1.jar:6.2.1]
	at org.springframework.security.web.ObservationFilterChainDecorator$ObservationFilter.doFilter(ObservationFilterChainDecorator.java:227) ~[spring-security-web-6.2.1.jar:6.2.1]
	at org.springframework.security.web.ObservationFilterChainDecorator$VirtualFilterChain.doFilter(ObservationFilterChainDecorator.java:137) ~[spring-security-web-6.2.1.jar:6.2.1]
	at org.springframework.security.web.authentication.logout.LogoutFilter.doFilter(LogoutFilter.java:107) ~[spring-security-web-6.2.1.jar:6.2.1]
	at org.springframework.security.web.authentication.logout.LogoutFilter.doFilter(LogoutFilter.java:93) ~[spring-security-web-6.2.1.jar:6.2.1]
	at org.springframework.security.web.ObservationFilterChainDecorator$ObservationFilter.wrapFilter(ObservationFilterChainDecorator.java:240) ~[spring-security-web-6.2.1.jar:6.2.1]
	at org.springframework.security.web.ObservationFilterChainDecorator$ObservationFilter.doFilter(ObservationFilterChainDecorator.java:227) ~[spring-security-web-6.2.1.jar:6.2.1]
	at org.springframework.security.web.ObservationFilterChainDecorator$VirtualFilterChain.doFilter(ObservationFilterChainDecorator.java:137) ~[spring-security-web-6.2.1.jar:6.2.1]
	at org.springframework.security.web.csrf.CsrfFilter.doFilterInternal(CsrfFilter.java:117) ~[spring-security-web-6.2.1.jar:6.2.1]
	at org.springframework.web.filter.OncePerRequestFilter.doFilter(OncePerRequestFilter.java:116) ~[spring-web-6.1.3.jar:6.1.3]
	at org.springframework.security.web.ObservationFilterChainDecorator$ObservationFilter.wrapFilter(ObservationFilterChainDecorator.java:240) ~[spring-security-web-6.2.1.jar:6.2.1]
	at org.springframework.security.web.ObservationFilterChainDecorator$ObservationFilter.doFilter(ObservationFilterChainDecorator.java:227) ~[spring-security-web-6.2.1.jar:6.2.1]
	at org.springframework.security.web.ObservationFilterChainDecorator$VirtualFilterChain.doFilter(ObservationFilterChainDecorator.java:137) ~[spring-security-web-6.2.1.jar:6.2.1]
	at org.springframework.web.filter.CorsFilter.doFilterInternal(CorsFilter.java:91) ~[spring-web-6.1.3.jar:6.1.3]
	at org.springframework.web.filter.OncePerRequestFilter.doFilter(OncePerRequestFilter.java:116) ~[spring-web-6.1.3.jar:6.1.3]
	at org.springframework.security.web.ObservationFilterChainDecorator$ObservationFilter.wrapFilter(ObservationFilterChainDecorator.java:240) ~[spring-security-web-6.2.1.jar:6.2.1]
	at org.springframework.security.web.ObservationFilterChainDecorator$ObservationFilter.doFilter(ObservationFilterChainDecorator.java:227) ~[spring-security-web-6.2.1.jar:6.2.1]
	at org.springframework.security.web.ObservationFilterChainDecorator$VirtualFilterChain.doFilter(ObservationFilterChainDecorator.java:137) ~[spring-security-web-6.2.1.jar:6.2.1]
	at org.springframework.security.web.header.HeaderWriterFilter.doHeadersAfter(HeaderWriterFilter.java:90) ~[spring-security-web-6.2.1.jar:6.2.1]
	at org.springframework.security.web.header.HeaderWriterFilter.doFilterInternal(HeaderWriterFilter.java:75) ~[spring-security-web-6.2.1.jar:6.2.1]
	at org.springframework.web.filter.OncePerRequestFilter.doFilter(OncePerRequestFilter.java:116) ~[spring-web-6.1.3.jar:6.1.3]
	at org.springframework.security.web.ObservationFilterChainDecorator$ObservationFilter.wrapFilter(ObservationFilterChainDecorator.java:240) ~[spring-security-web-6.2.1.jar:6.2.1]
	at org.springframework.security.web.ObservationFilterChainDecorator$ObservationFilter.doFilter(ObservationFilterChainDecorator.java:227) ~[spring-security-web-6.2.1.jar:6.2.1]
	at org.springframework.security.web.ObservationFilterChainDecorator$VirtualFilterChain.doFilter(ObservationFilterChainDecorator.java:137) ~[spring-security-web-6.2.1.jar:6.2.1]
	at org.springframework.security.web.context.SecurityContextHolderFilter.doFilter(SecurityContextHolderFilter.java:82) ~[spring-security-web-6.2.1.jar:6.2.1]
	at org.springframework.security.web.context.SecurityContextHolderFilter.doFilter(SecurityContextHolderFilter.java:69) ~[spring-security-web-6.2.1.jar:6.2.1]
	at org.springframework.security.web.ObservationFilterChainDecorator$ObservationFilter.wrapFilter(ObservationFilterChainDecorator.java:240) ~[spring-security-web-6.2.1.jar:6.2.1]
	at org.springframework.security.web.ObservationFilterChainDecorator$ObservationFilter.doFilter(ObservationFilterChainDecorator.java:227) ~[spring-security-web-6.2.1.jar:6.2.1]
	at org.springframework.security.web.ObservationFilterChainDecorator$VirtualFilterChain.doFilter(ObservationFilterChainDecorator.java:137) ~[spring-security-web-6.2.1.jar:6.2.1]
	at org.springframework.security.web.context.request.async.WebAsyncManagerIntegrationFilter.doFilterInternal(WebAsyncManagerIntegrationFilter.java:62) ~[spring-security-web-6.2.1.jar:6.2.1]
	at org.springframework.web.filter.OncePerRequestFilter.doFilter(OncePerRequestFilter.java:116) ~[spring-web-6.1.3.jar:6.1.3]
	at org.springframework.security.web.ObservationFilterChainDecorator$ObservationFilter.wrapFilter(ObservationFilterChainDecorator.java:240) ~[spring-security-web-6.2.1.jar:6.2.1]
	at org.springframework.security.web.ObservationFilterChainDecorator$ObservationFilter.doFilter(ObservationFilterChainDecorator.java:227) ~[spring-security-web-6.2.1.jar:6.2.1]
	at org.springframework.security.web.ObservationFilterChainDecorator$VirtualFilterChain.doFilter(ObservationFilterChainDecorator.java:137) ~[spring-security-web-6.2.1.jar:6.2.1]
	at org.springframework.security.web.session.DisableEncodeUrlFilter.doFilterInternal(DisableEncodeUrlFilter.java:42) ~[spring-security-web-6.2.1.jar:6.2.1]
	at org.springframework.web.filter.OncePerRequestFilter.doFilter(OncePerRequestFilter.java:116) ~[spring-web-6.1.3.jar:6.1.3]
	at org.springframework.security.web.ObservationFilterChainDecorator$ObservationFilter.wrapFilter(ObservationFilterChainDecorator.java:240) ~[spring-security-web-6.2.1.jar:6.2.1]
	at org.springframework.security.web.ObservationFilterChainDecorator$AroundFilterObservation$SimpleAroundFilterObservation.lambda$wrap$0(ObservationFilterChainDecorator.java:323) ~[spring-security-web-6.2.1.jar:6.2.1]
	at org.springframework.security.web.ObservationFilterChainDecorator$ObservationFilter.doFilter(ObservationFilterChainDecorator.java:224) ~[spring-security-web-6.2.1.jar:6.2.1]
	at org.springframework.security.web.ObservationFilterChainDecorator$VirtualFilterChain.doFilter(ObservationFilterChainDecorator.java:137) ~[spring-security-web-6.2.1.jar:6.2.1]
	at org.springframework.security.web.FilterChainProxy.doFilterInternal(FilterChainProxy.java:233) ~[spring-security-web-6.2.1.jar:6.2.1]
	at org.springframework.security.web.FilterChainProxy.doFilter(FilterChainProxy.java:191) ~[spring-security-web-6.2.1.jar:6.2.1]
	at org.springframework.web.filter.CompositeFilter$VirtualFilterChain.doFilter(CompositeFilter.java:113) ~[spring-web-6.1.3.jar:6.1.3]
	at org.springframework.web.servlet.handler.HandlerMappingIntrospector.lambda$createCacheFilter$3(HandlerMappingIntrospector.java:195) ~[spring-webmvc-6.1.3.jar:6.1.3]
	at org.springframework.web.filter.CompositeFilter$VirtualFilterChain.doFilter(CompositeFilter.java:113) ~[spring-web-6.1.3.jar:6.1.3]
	at org.springframework.web.filter.CompositeFilter.doFilter(CompositeFilter.java:74) ~[spring-web-6.1.3.jar:6.1.3]
	at org.springframework.security.config.annotation.web.configuration.WebMvcSecurityConfiguration$CompositeFilterChainProxy.doFilter(WebMvcSecurityConfiguration.java:225) ~[spring-security-config-6.2.1.jar:6.2.1]
	at org.springframework.web.filter.DelegatingFilterProxy.invokeDelegate(DelegatingFilterProxy.java:352) ~[spring-web-6.1.3.jar:6.1.3]
	at org.springframework.web.filter.DelegatingFilterProxy.doFilter(DelegatingFilterProxy.java:268) ~[spring-web-6.1.3.jar:6.1.3]
	at org.springframework.test.web.servlet.setup.MockMvcFilterDecorator.doFilter(MockMvcFilterDecorator.java:151) ~[spring-test-6.1.3.jar:6.1.3]
	at org.springframework.mock.web.MockFilterChain.doFilter(MockFilterChain.java:132) ~[spring-test-6.1.3.jar:6.1.3]
	at org.springframework.web.filter.RequestContextFilter.doFilterInternal(RequestContextFilter.java:100) ~[spring-web-6.1.3.jar:6.1.3]
	at org.springframework.web.filter.OncePerRequestFilter.doFilter(OncePerRequestFilter.java:116) ~[spring-web-6.1.3.jar:6.1.3]
	at org.springframework.test.web.servlet.setup.MockMvcFilterDecorator.doFilter(MockMvcFilterDecorator.java:151) ~[spring-test-6.1.3.jar:6.1.3]
	at org.springframework.mock.web.MockFilterChain.doFilter(MockFilterChain.java:132) ~[spring-test-6.1.3.jar:6.1.3]
	at org.springframework.web.filter.FormContentFilter.doFilterInternal(FormContentFilter.java:93) ~[spring-web-6.1.3.jar:6.1.3]
	at org.springframework.web.filter.OncePerRequestFilter.doFilter(OncePerRequestFilter.java:116) ~[spring-web-6.1.3.jar:6.1.3]
	at org.springframework.test.web.servlet.setup.MockMvcFilterDecorator.doFilter(MockMvcFilterDecorator.java:151) ~[spring-test-6.1.3.jar:6.1.3]
	at org.springframework.mock.web.MockFilterChain.doFilter(MockFilterChain.java:132) ~[spring-test-6.1.3.jar:6.1.3]
	at org.springframework.web.filter.HiddenHttpMethodFilter.doFilterInternal(HiddenHttpMethodFilter.java:91) ~[spring-web-6.1.3.jar:6.1.3]
	at org.springframework.web.filter.OncePerRequestFilter.doFilter(OncePerRequestFilter.java:116) ~[spring-web-6.1.3.jar:6.1.3]
	at org.springframework.test.web.servlet.setup.MockMvcFilterDecorator.doFilter(MockMvcFilterDecorator.java:151) ~[spring-test-6.1.3.jar:6.1.3]
	at org.springframework.mock.web.MockFilterChain.doFilter(MockFilterChain.java:132) ~[spring-test-6.1.3.jar:6.1.3]
	at org.springframework.web.filter.ServerHttpObservationFilter.doFilterInternal(ServerHttpObservationFilter.java:109) ~[spring-web-6.1.3.jar:6.1.3]
	at org.springframework.web.filter.OncePerRequestFilter.doFilter(OncePerRequestFilter.java:116) ~[spring-web-6.1.3.jar:6.1.3]
	at org.springframework.test.web.servlet.setup.MockMvcFilterDecorator.doFilter(MockMvcFilterDecorator.java:151) ~[spring-test-6.1.3.jar:6.1.3]
	at org.springframework.mock.web.MockFilterChain.doFilter(MockFilterChain.java:132) ~[spring-test-6.1.3.jar:6.1.3]
	at org.springframework.web.filter.CharacterEncodingFilter.doFilterInternal(CharacterEncodingFilter.java:201) ~[spring-web-6.1.3.jar:6.1.3]
	at org.springframework.web.filter.OncePerRequestFilter.doFilter(OncePerRequestFilter.java:116) ~[spring-web-6.1.3.jar:6.1.3]
	at org.springframework.test.web.servlet.setup.MockMvcFilterDecorator.doFilter(MockMvcFilterDecorator.java:151) ~[spring-test-6.1.3.jar:6.1.3]
	at org.springframework.mock.web.MockFilterChain.doFilter(MockFilterChain.java:132) ~[spring-test-6.1.3.jar:6.1.3]
	at org.springframework.test.web.servlet.MockMvc.perform(MockMvc.java:201) ~[spring-test-6.1.3.jar:6.1.3]
	at com.example.roboworld.web.CoursesControllerTest.testGetCourseDetailsWithAnonymous(CoursesControllerTest.java:52) ~[test/:na]
	at java.base/jdk.internal.reflect.DirectMethodHandleAccessor.invoke(DirectMethodHandleAccessor.java:104) ~[na:na]
	at java.base/java.lang.reflect.Method.invoke(Method.java:578) ~[na:na]
	at org.junit.platform.commons.util.ReflectionUtils.invokeMethod(ReflectionUtils.java:728) ~[junit-platform-commons-1.10.1.jar:1.10.1]
	at org.junit.jupiter.engine.execution.MethodInvocation.proceed(MethodInvocation.java:60) ~[junit-jupiter-engine-5.10.1.jar:5.10.1]
	at org.junit.jupiter.engine.execution.InvocationInterceptorChain$ValidatingInvocation.proceed(InvocationInterceptorChain.java:131) ~[junit-jupiter-engine-5.10.1.jar:5.10.1]
	at org.junit.jupiter.engine.extension.TimeoutExtension.intercept(TimeoutExtension.java:156) ~[junit-jupiter-engine-5.10.1.jar:5.10.1]
	at org.junit.jupiter.engine.extension.TimeoutExtension.interceptTestableMethod(TimeoutExtension.java:147) ~[junit-jupiter-engine-5.10.1.jar:5.10.1]
	at org.junit.jupiter.engine.extension.TimeoutExtension.interceptTestMethod(TimeoutExtension.java:86) ~[junit-jupiter-engine-5.10.1.jar:5.10.1]
	at org.junit.jupiter.engine.execution.InterceptingExecutableInvoker$ReflectiveInterceptorCall.lambda$ofVoidMethod$0(InterceptingExecutableInvoker.java:103) ~[junit-jupiter-engine-5.10.1.jar:5.10.1]
	at org.junit.jupiter.engine.execution.InterceptingExecutableInvoker.lambda$invoke$0(InterceptingExecutableInvoker.java:93) ~[junit-jupiter-engine-5.10.1.jar:5.10.1]
	at org.junit.jupiter.engine.execution.InvocationInterceptorChain$InterceptedInvocation.proceed(InvocationInterceptorChain.java:106) ~[junit-jupiter-engine-5.10.1.jar:5.10.1]
	at org.junit.jupiter.engine.execution.InvocationInterceptorChain.proceed(InvocationInterceptorChain.java:64) ~[junit-jupiter-engine-5.10.1.jar:5.10.1]
	at org.junit.jupiter.engine.execution.InvocationInterceptorChain.chainAndInvoke(InvocationInterceptorChain.java:45) ~[junit-jupiter-engine-5.10.1.jar:5.10.1]
	at org.junit.jupiter.engine.execution.InvocationInterceptorChain.invoke(InvocationInterceptorChain.java:37) ~[junit-jupiter-engine-5.10.1.jar:5.10.1]
	at org.junit.jupiter.engine.execution.InterceptingExecutableInvoker.invoke(InterceptingExecutableInvoker.java:92) ~[junit-jupiter-engine-5.10.1.jar:5.10.1]
	at org.junit.jupiter.engine.execution.InterceptingExecutableInvoker.invoke(InterceptingExecutableInvoker.java:86) ~[junit-jupiter-engine-5.10.1.jar:5.10.1]
	at org.junit.jupiter.engine.descriptor.TestMethodTestDescriptor.lambda$invokeTestMethod$7(TestMethodTestDescriptor.java:218) ~[junit-jupiter-engine-5.10.1.jar:5.10.1]
	at org.junit.platform.engine.support.hierarchical.ThrowableCollector.execute(ThrowableCollector.java:73) ~[junit-platform-engine-1.10.1.jar:1.10.1]
	at org.junit.jupiter.engine.descriptor.TestMethodTestDescriptor.invokeTestMethod(TestMethodTestDescriptor.java:214) ~[junit-jupiter-engine-5.10.1.jar:5.10.1]
	at org.junit.jupiter.engine.descriptor.TestMethodTestDescriptor.execute(TestMethodTestDescriptor.java:139) ~[junit-jupiter-engine-5.10.1.jar:5.10.1]
	at org.junit.jupiter.engine.descriptor.TestMethodTestDescriptor.execute(TestMethodTestDescriptor.java:69) ~[junit-jupiter-engine-5.10.1.jar:5.10.1]
	at org.junit.platform.engine.support.hierarchical.NodeTestTask.lambda$executeRecursively$6(NodeTestTask.java:151) ~[junit-platform-engine-1.10.1.jar:1.10.1]
	at org.junit.platform.engine.support.hierarchical.ThrowableCollector.execute(ThrowableCollector.java:73) ~[junit-platform-engine-1.10.1.jar:1.10.1]
	at org.junit.platform.engine.support.hierarchical.NodeTestTask.lambda$executeRecursively$8(NodeTestTask.java:141) ~[junit-platform-engine-1.10.1.jar:1.10.1]
	at org.junit.platform.engine.support.hierarchical.Node.around(Node.java:137) ~[junit-platform-engine-1.10.1.jar:1.10.1]
	at org.junit.platform.engine.support.hierarchical.NodeTestTask.lambda$executeRecursively$9(NodeTestTask.java:139) ~[junit-platform-engine-1.10.1.jar:1.10.1]
	at org.junit.platform.engine.support.hierarchical.ThrowableCollector.execute(ThrowableCollector.java:73) ~[junit-platform-engine-1.10.1.jar:1.10.1]
	at org.junit.platform.engine.support.hierarchical.NodeTestTask.executeRecursively(NodeTestTask.java:138) ~[junit-platform-engine-1.10.1.jar:1.10.1]
	at org.junit.platform.engine.support.hierarchical.NodeTestTask.execute(NodeTestTask.java:95) ~[junit-platform-engine-1.10.1.jar:1.10.1]
	at java.base/java.util.ArrayList.forEach(ArrayList.java:1511) ~[na:na]
	at org.junit.platform.engine.support.hierarchical.SameThreadHierarchicalTestExecutorService.invokeAll(SameThreadHierarchicalTestExecutorService.java:41) ~[junit-platform-engine-1.10.1.jar:1.10.1]
	at org.junit.platform.engine.support.hierarchical.NodeTestTask.lambda$executeRecursively$6(NodeTestTask.java:155) ~[junit-platform-engine-1.10.1.jar:1.10.1]
	at org.junit.platform.engine.support.hierarchical.ThrowableCollector.execute(ThrowableCollector.java:73) ~[junit-platform-engine-1.10.1.jar:1.10.1]
	at org.junit.platform.engine.support.hierarchical.NodeTestTask.lambda$executeRecursively$8(NodeTestTask.java:141) ~[junit-platform-engine-1.10.1.jar:1.10.1]
	at org.junit.platform.engine.support.hierarchical.Node.around(Node.java:137) ~[junit-platform-engine-1.10.1.jar:1.10.1]
	at org.junit.platform.engine.support.hierarchical.NodeTestTask.lambda$executeRecursively$9(NodeTestTask.java:139) ~[junit-platform-engine-1.10.1.jar:1.10.1]
	at org.junit.platform.engine.support.hierarchical.ThrowableCollector.execute(ThrowableCollector.java:73) ~[junit-platform-engine-1.10.1.jar:1.10.1]
	at org.junit.platform.engine.support.hierarchical.NodeTestTask.executeRecursively(NodeTestTask.java:138) ~[junit-platform-engine-1.10.1.jar:1.10.1]
	at org.junit.platform.engine.support.hierarchical.NodeTestTask.execute(NodeTestTask.java:95) ~[junit-platform-engine-1.10.1.jar:1.10.1]
	at java.base/java.util.ArrayList.forEach(ArrayList.java:1511) ~[na:na]
	at org.junit.platform.engine.support.hierarchical.SameThreadHierarchicalTestExecutorService.invokeAll(SameThreadHierarchicalTestExecutorService.java:41) ~[junit-platform-engine-1.10.1.jar:1.10.1]
	at org.junit.platform.engine.support.hierarchical.NodeTestTask.lambda$executeRecursively$6(NodeTestTask.java:155) ~[junit-platform-engine-1.10.1.jar:1.10.1]
	at org.junit.platform.engine.support.hierarchical.ThrowableCollector.execute(ThrowableCollector.java:73) ~[junit-platform-engine-1.10.1.jar:1.10.1]
	at org.junit.platform.engine.support.hierarchical.NodeTestTask.lambda$executeRecursively$8(NodeTestTask.java:141) ~[junit-platform-engine-1.10.1.jar:1.10.1]
	at org.junit.platform.engine.support.hierarchical.Node.around(Node.java:137) ~[junit-platform-engine-1.10.1.jar:1.10.1]
	at org.junit.platform.engine.support.hierarchical.NodeTestTask.lambda$executeRecursively$9(NodeTestTask.java:139) ~[junit-platform-engine-1.10.1.jar:1.10.1]
	at org.junit.platform.engine.support.hierarchical.ThrowableCollector.execute(ThrowableCollector.java:73) ~[junit-platform-engine-1.10.1.jar:1.10.1]
	at org.junit.platform.engine.support.hierarchical.NodeTestTask.executeRecursively(NodeTestTask.java:138) ~[junit-platform-engine-1.10.1.jar:1.10.1]
	at org.junit.platform.engine.support.hierarchical.NodeTestTask.execute(NodeTestTask.java:95) ~[junit-platform-engine-1.10.1.jar:1.10.1]
	at org.junit.platform.engine.support.hierarchical.SameThreadHierarchicalTestExecutorService.submit(SameThreadHierarchicalTestExecutorService.java:35) ~[junit-platform-engine-1.10.1.jar:1.10.1]
	at org.junit.platform.engine.support.hierarchical.HierarchicalTestExecutor.execute(HierarchicalTestExecutor.java:57) ~[junit-platform-engine-1.10.1.jar:1.10.1]
	at org.junit.platform.engine.support.hierarchical.HierarchicalTestEngine.execute(HierarchicalTestEngine.java:54) ~[junit-platform-engine-1.10.1.jar:1.10.1]
	at org.junit.platform.launcher.core.EngineExecutionOrchestrator.execute(EngineExecutionOrchestrator.java:107) ~[junit-platform-launcher-1.8.2.jar:1.8.2]
	at org.junit.platform.launcher.core.EngineExecutionOrchestrator.execute(EngineExecutionOrchestrator.java:88) ~[junit-platform-launcher-1.8.2.jar:1.8.2]
	at org.junit.platform.launcher.core.EngineExecutionOrchestrator.lambda$execute$0(EngineExecutionOrchestrator.java:54) ~[junit-platform-launcher-1.8.2.jar:1.8.2]
	at org.junit.platform.launcher.core.EngineExecutionOrchestrator.withInterceptedStreams(EngineExecutionOrchestrator.java:67) ~[junit-platform-launcher-1.8.2.jar:1.8.2]
	at org.junit.platform.launcher.core.EngineExecutionOrchestrator.execute(EngineExecutionOrchestrator.java:52) ~[junit-platform-launcher-1.8.2.jar:1.8.2]
	at org.junit.platform.launcher.core.DefaultLauncher.execute(DefaultLauncher.java:114) ~[junit-platform-launcher-1.8.2.jar:1.8.2]
	at org.junit.platform.launcher.core.DefaultLauncher.execute(DefaultLauncher.java:86) ~[junit-platform-launcher-1.8.2.jar:1.8.2]
	at org.junit.platform.launcher.core.DefaultLauncherSession$DelegatingLauncher.execute(DefaultLauncherSession.java:86) ~[junit-platform-launcher-1.8.2.jar:1.8.2]
	at org.gradle.api.internal.tasks.testing.junitplatform.JUnitPlatformTestClassProcessor$CollectAllTestClassesExecutor.processAllTestClasses(JUnitPlatformTestClassProcessor.java:119) ~[na:na]
	at org.gradle.api.internal.tasks.testing.junitplatform.JUnitPlatformTestClassProcessor$CollectAllTestClassesExecutor.access$000(JUnitPlatformTestClassProcessor.java:94) ~[na:na]
	at org.gradle.api.internal.tasks.testing.junitplatform.JUnitPlatformTestClassProcessor.stop(JUnitPlatformTestClassProcessor.java:89) ~[na:na]
	at org.gradle.api.internal.tasks.testing.SuiteTestClassProcessor.stop(SuiteTestClassProcessor.java:62) ~[na:na]
	at java.base/jdk.internal.reflect.DirectMethodHandleAccessor.invoke(DirectMethodHandleAccessor.java:104) ~[na:na]
	at java.base/java.lang.reflect.Method.invoke(Method.java:578) ~[na:na]
	at org.gradle.internal.dispatch.ReflectionDispatch.dispatch(ReflectionDispatch.java:36) ~[na:na]
	at org.gradle.internal.dispatch.ReflectionDispatch.dispatch(ReflectionDispatch.java:24) ~[na:na]
	at org.gradle.internal.dispatch.ContextClassLoaderDispatch.dispatch(ContextClassLoaderDispatch.java:33) ~[na:na]
	at org.gradle.internal.dispatch.ProxyDispatchAdapter$DispatchingInvocationHandler.invoke(ProxyDispatchAdapter.java:94) ~[na:na]
	at jdk.proxy1/jdk.proxy1.$Proxy2.stop(Unknown Source) ~[na:na]
	at org.gradle.api.internal.tasks.testing.worker.TestWorker$3.run(TestWorker.java:193) ~[na:na]
	at org.gradle.api.internal.tasks.testing.worker.TestWorker.executeAndMaintainThreadName(TestWorker.java:129) ~[na:na]
	at org.gradle.api.internal.tasks.testing.worker.TestWorker.execute(TestWorker.java:100) ~[na:na]
	at org.gradle.api.internal.tasks.testing.worker.TestWorker.execute(TestWorker.java:60) ~[na:na]
	at org.gradle.process.internal.worker.child.ActionExecutionWorker.execute(ActionExecutionWorker.java:56) ~[na:na]
	at org.gradle.process.internal.worker.child.SystemApplicationClassLoaderWorker.call(SystemApplicationClassLoaderWorker.java:113) ~[na:na]
	at org.gradle.process.internal.worker.child.SystemApplicationClassLoaderWorker.call(SystemApplicationClassLoaderWorker.java:65) ~[na:na]
	at worker.org.gradle.process.internal.worker.GradleWorkerMain.run(GradleWorkerMain.java:69) ~[gradle-worker.jar:na]
	at worker.org.gradle.process.internal.worker.GradleWorkerMain.main(GradleWorkerMain.java:74) ~[gradle-worker.jar:na]

2024-03-10T12:57:20.581+02:00 DEBUG 10308 --- [    Test worker] o.s.s.w.s.HttpSessionRequestCache        : Saved request http://localhost/courses/3?continue to session
2024-03-10T12:57:20.585+02:00 DEBUG 10308 --- [    Test worker] o.s.s.web.DefaultRedirectStrategy        : Redirecting to http://localhost/users/login
2024-03-10T12:57:20.586+02:00 TRACE 10308 --- [    Test worker] o.s.s.w.header.writers.HstsHeaderWriter  : Not injecting HSTS header since it did not match request to [Is Secure]
2024-03-10T12:57:20.592+02:00 DEBUG 10308 --- [    Test worker] org.hibernate.SQL                        : select c1_0.id,c1_0.age_limit,c1_0.description,c1_0.end,c1_0.lecturer_id,c1_0.start,c1_0.title from courses c1_0
2024-03-10T12:57:20.596+02:00 DEBUG 10308 --- [    Test worker] org.hibernate.SQL                        : select u1_0.id,u1_0.email,u1_0.full_name,u1_0.password,u1_0.username,c1_0.lecturer_id,c1_0.id,c1_0.age_limit,c1_0.description,c1_0.end,c1_0.start,c1_0.title from users u1_0 left join courses c1_0 on u1_0.id=c1_0.lecturer_id where u1_0.id=?
2024-03-10T12:57:20.597+02:00 TRACE 10308 --- [    Test worker] org.hibernate.orm.jdbc.bind              : binding parameter (1:BIGINT) <- [4]
2024-03-10T12:57:20.599+02:00 DEBUG 10308 --- [    Test worker] org.hibernate.SQL                        : select sic1_0.students_id,sic1_1.id,sic1_1.age_limit,sic1_1.description,sic1_1.end,l1_0.id,l1_0.email,l1_0.full_name,l1_0.password,l1_0.username,sic1_1.start,sic1_1.title from users_sign_in_courses sic1_0 join courses sic1_1 on sic1_1.id=sic1_0.sign_in_courses_id left join users l1_0 on l1_0.id=sic1_1.lecturer_id where sic1_0.students_id=?
2024-03-10T12:57:20.600+02:00 TRACE 10308 --- [    Test worker] org.hibernate.orm.jdbc.bind              : binding parameter (1:BIGINT) <- [4]
2024-03-10T12:57:20.601+02:00 DEBUG 10308 --- [    Test worker] org.hibernate.SQL                        : select r1_0.user_id,r1_1.id,r1_1.role_type from users_roles r1_0 join roles r1_1 on r1_1.id=r1_0.roles_id where r1_0.user_id=?
2024-03-10T12:57:20.602+02:00 TRACE 10308 --- [    Test worker] org.hibernate.orm.jdbc.bind              : binding parameter (1:BIGINT) <- [4]
2024-03-10T12:57:20.602+02:00 DEBUG 10308 --- [    Test worker] org.hibernate.SQL                        : select s1_0.sign_in_courses_id,s1_1.id,s1_1.email,s1_1.full_name,s1_1.password,s1_1.username from users_sign_in_courses s1_0 join users s1_1 on s1_1.id=s1_0.students_id where s1_0.sign_in_courses_id=?
2024-03-10T12:57:20.603+02:00 TRACE 10308 --- [    Test worker] org.hibernate.orm.jdbc.bind              : binding parameter (1:BIGINT) <- [3]
2024-03-10T12:57:20.604+02:00 DEBUG 10308 --- [    Test worker] org.hibernate.SQL                        : delete from users_roles where user_id=?
2024-03-10T12:57:20.605+02:00 TRACE 10308 --- [    Test worker] org.hibernate.orm.jdbc.bind              : binding parameter (1:BIGINT) <- [4]
2024-03-10T12:57:20.605+02:00 DEBUG 10308 --- [    Test worker] org.hibernate.SQL                        : delete from courses where id=?
2024-03-10T12:57:20.606+02:00 TRACE 10308 --- [    Test worker] org.hibernate.orm.jdbc.bind              : binding parameter (1:BIGINT) <- [3]
2024-03-10T12:57:20.606+02:00 DEBUG 10308 --- [    Test worker] org.hibernate.SQL                        : delete from roles where id=?
2024-03-10T12:57:20.606+02:00 TRACE 10308 --- [    Test worker] org.hibernate.orm.jdbc.bind              : binding parameter (1:BIGINT) <- [4]
2024-03-10T12:57:20.607+02:00 DEBUG 10308 --- [    Test worker] org.hibernate.SQL                        : delete from users where id=?
2024-03-10T12:57:20.607+02:00 TRACE 10308 --- [    Test worker] org.hibernate.orm.jdbc.bind              : binding parameter (1:BIGINT) <- [4]
2024-03-10T12:57:20.632+02:00 DEBUG 10308 --- [    Test worker] org.hibernate.SQL                        : select u1_0.id,u1_0.email,u1_0.full_name,u1_0.password,u1_0.username from users u1_0
]]></system-out>
  <system-err><![CDATA[[2024.03.10 12:57:00] (Coverage): Error during class instrumentation: org.springframework.boot.logging.log4j2.Log4J2LoggingSystem: java.lang.RuntimeException: java.io.IOException: Class org/apache/logging/log4j/core/config/composite/CompositeConfiguration not found
[2024.03.10 12:57:02] (Coverage): Error during class instrumentation: io.micrometer.core.instrument.binder.kafka.KafkaMetrics: java.lang.RuntimeException: java.io.IOException: Class org/apache/kafka/common/MetricName not found
[2024.03.10 12:57:14] (Coverage): Error during class instrumentation: org.springframework.security.config.annotation.authentication.configurers.ldap.LdapAuthenticationProviderConfigurer: java.lang.RuntimeException: java.io.IOException: Class org/springframework/security/ldap/authentication/PasswordComparisonAuthenticator not found
]]></system-err>
</testsuite>
