<?xml version="1.0" encoding="UTF-8"?>
<testsuite name="com.example.roboworld.RoboWorldApplicationTests" tests="1" skipped="0" failures="0" errors="0" timestamp="2024-03-09T19:31:17" hostname="VANESAILIEVA" time="0.007">
  <properties/>
  <testcase name="contextLoads()" classname="com.example.roboworld.RoboWorldApplicationTests" time="0.007"/>
  <system-out><![CDATA[2024-03-09T21:31:15.584+02:00  INFO 22004 --- [    Test worker] t.c.s.AnnotationConfigContextLoaderUtils : Could not detect default configuration classes for test class [com.example.roboworld.RoboWorldApplicationTests]: RoboWorldApplicationTests does not declare any static, non-private, non-final, nested classes annotated with @Configuration.
2024-03-09T21:31:15.591+02:00  INFO 22004 --- [    Test worker] .b.t.c.SpringBootTestContextBootstrapper : Found @SpringBootConfiguration com.example.roboworld.RobotWorldApplication for test class com.example.roboworld.RoboWorldApplicationTests

  .   ____          _            __ _ _
 /\\ / ___'_ __ _ _(_)_ __  __ _ \ \ \ \
( ( )\___ | '_ | '_| | '_ \/ _` | \ \ \ \
 \\/  ___)| |_)| | | | | || (_| |  ) ) ) )
  '  |____| .__|_| |_|_| |_\__, | / / / /
 =========|_|==============|___/=/_/_/_/
 :: Spring Boot ::                (v3.2.2)

2024-03-09T21:31:15.646+02:00  INFO 22004 --- [    Test worker] c.e.roboworld.RoboWorldApplicationTests  : Starting RoboWorldApplicationTests using Java 20.0.2.1 with PID 22004 (started by vanes in D:\RoboWorld)
2024-03-09T21:31:15.647+02:00  INFO 22004 --- [    Test worker] c.e.roboworld.RoboWorldApplicationTests  : No active profile set, falling back to 1 default profile: "default"
2024-03-09T21:31:16.097+02:00  INFO 22004 --- [    Test worker] .s.d.r.c.RepositoryConfigurationDelegate : Bootstrapping Spring Data JPA repositories in DEFAULT mode.
2024-03-09T21:31:16.206+02:00  INFO 22004 --- [    Test worker] .s.d.r.c.RepositoryConfigurationDelegate : Finished Spring Data repository scanning in 107 ms. Found 7 JPA repository interfaces.
2024-03-09T21:31:16.479+02:00  INFO 22004 --- [    Test worker] o.hibernate.jpa.internal.util.LogHelper  : HHH000204: Processing PersistenceUnitInfo [name: default]
2024-03-09T21:31:16.484+02:00  INFO 22004 --- [    Test worker] o.h.c.internal.RegionFactoryInitiator    : HHH000026: Second-level cache disabled
2024-03-09T21:31:16.489+02:00  INFO 22004 --- [    Test worker] o.s.o.j.p.SpringPersistenceUnitInfo      : No LoadTimeWeaver setup: ignoring JPA class transformer
2024-03-09T21:31:16.490+02:00  INFO 22004 --- [    Test worker] com.zaxxer.hikari.HikariDataSource       : HikariPool-2 - Starting...
2024-03-09T21:31:16.518+02:00  INFO 22004 --- [    Test worker] com.zaxxer.hikari.pool.PoolBase          : HikariPool-2 - Driver does not support get/set network timeout for connections. (feature not supported)
2024-03-09T21:31:16.520+02:00  INFO 22004 --- [    Test worker] com.zaxxer.hikari.pool.HikariPool        : HikariPool-2 - Added connection org.hsqldb.jdbc.JDBCConnection@4491644a
2024-03-09T21:31:16.521+02:00  INFO 22004 --- [    Test worker] com.zaxxer.hikari.HikariDataSource       : HikariPool-2 - Start completed.
2024-03-09T21:31:16.772+02:00  INFO 22004 --- [    Test worker] o.h.e.t.j.p.i.JtaPlatformInitiator       : HHH000489: No JTA platform available (set 'hibernate.transaction.jta.platform' to enable JTA platform integration)
2024-03-09T21:31:16.802+02:00 DEBUG 22004 --- [    Test worker] org.hibernate.SQL                        : create table comments (id bigint generated by default as identity (start with 1), created timestamp(6), description varchar(255), forum_id bigint, user_id bigint, primary key (id))
2024-03-09T21:31:16.803+02:00 DEBUG 22004 --- [    Test worker] org.hibernate.SQL                        : create table courses (id bigint generated by default as identity (start with 1), age_limit varchar(255) check (age_limit in ('SixToEight','NineToTwelve','ThirteenToFifteen','SixteenToEighteen')), description varchar(255), end timestamp(6), start timestamp(6), title varchar(255), lecturer_id bigint, primary key (id))
2024-03-09T21:31:16.804+02:00 DEBUG 22004 --- [    Test worker] org.hibernate.SQL                        : create table forums (id bigint generated by default as identity (start with 1), created timestamp(6), description varchar(255) not null, title varchar(255) not null, primary key (id))
2024-03-09T21:31:16.805+02:00 DEBUG 22004 --- [    Test worker] org.hibernate.SQL                        : create table lectures (id bigint generated by default as identity (start with 1), ended timestamp(6), started timestamp(6), title varchar(255), course_id bigint, primary key (id))
2024-03-09T21:31:16.805+02:00 DEBUG 22004 --- [    Test worker] org.hibernate.SQL                        : create table reviews (id bigint generated by default as identity (start with 1), description varchar(255), name varchar(255), user_id bigint, primary key (id))
2024-03-09T21:31:16.806+02:00 DEBUG 22004 --- [    Test worker] org.hibernate.SQL                        : create table roles (id bigint generated by default as identity (start with 1), role_type varchar(255) check (role_type in ('User','Admin','Lecturer')), primary key (id))
2024-03-09T21:31:16.807+02:00 DEBUG 22004 --- [    Test worker] org.hibernate.SQL                        : create table users (id bigint generated by default as identity (start with 1), email varchar(255) not null, full_name varchar(255) not null, password varchar(255) not null, username varchar(255) not null, primary key (id))
2024-03-09T21:31:16.808+02:00 DEBUG 22004 --- [    Test worker] org.hibernate.SQL                        : create table users_roles (user_id bigint not null, roles_id bigint not null)
2024-03-09T21:31:16.809+02:00 DEBUG 22004 --- [    Test worker] org.hibernate.SQL                        : create table users_sign_in_courses (students_id bigint not null, sign_in_courses_id bigint not null)
2024-03-09T21:31:16.810+02:00 DEBUG 22004 --- [    Test worker] org.hibernate.SQL                        : alter table comments add constraint FKt7clst21fs6p4g71yf83fvw75 foreign key (forum_id) references forums
2024-03-09T21:31:16.810+02:00 DEBUG 22004 --- [    Test worker] org.hibernate.SQL                        : alter table comments add constraint FK8omq0tc18jd43bu5tjh6jvraq foreign key (user_id) references users
2024-03-09T21:31:16.811+02:00 DEBUG 22004 --- [    Test worker] org.hibernate.SQL                        : alter table courses add constraint FKit07wvai906qvcttvvg8pi1rr foreign key (lecturer_id) references users
2024-03-09T21:31:16.812+02:00 DEBUG 22004 --- [    Test worker] org.hibernate.SQL                        : alter table lectures add constraint FKsj4m8ipr4qnehoyxk7kbu3ide foreign key (course_id) references courses
2024-03-09T21:31:16.812+02:00 DEBUG 22004 --- [    Test worker] org.hibernate.SQL                        : alter table reviews add constraint FKcgy7qjc1r99dp117y9en6lxye foreign key (user_id) references users
2024-03-09T21:31:16.812+02:00 DEBUG 22004 --- [    Test worker] org.hibernate.SQL                        : alter table users_roles add constraint FKa62j07k5mhgifpp955h37ponj foreign key (roles_id) references roles
2024-03-09T21:31:16.814+02:00 DEBUG 22004 --- [    Test worker] org.hibernate.SQL                        : alter table users_roles add constraint FK2o0jvgh89lemvvo17cbqvdxaa foreign key (user_id) references users
2024-03-09T21:31:16.815+02:00 DEBUG 22004 --- [    Test worker] org.hibernate.SQL                        : alter table users_sign_in_courses add constraint FKl7ut2bxbya6jlcfuh99ubodm foreign key (sign_in_courses_id) references courses
2024-03-09T21:31:16.817+02:00 DEBUG 22004 --- [    Test worker] org.hibernate.SQL                        : alter table users_sign_in_courses add constraint FKcqjlj5ugearvp779k2efegjfw foreign key (students_id) references users
2024-03-09T21:31:16.818+02:00  INFO 22004 --- [    Test worker] j.LocalContainerEntityManagerFactoryBean : Initialized JPA EntityManagerFactory for persistence unit 'default'
2024-03-09T21:31:17.102+02:00  WARN 22004 --- [    Test worker] JpaBaseConfiguration$JpaWebConfiguration : spring.jpa.open-in-view is enabled by default. Therefore, database queries may be performed during view rendering. Explicitly configure spring.jpa.open-in-view to disable this warning
2024-03-09T21:31:17.165+02:00 TRACE 22004 --- [    Test worker] eGlobalAuthenticationAutowiredConfigurer : Eagerly initializing {org.springframework.boot.autoconfigure.security.servlet.SpringBootWebSecurityConfiguration$WebSecurityEnablerConfiguration=org.springframework.boot.autoconfigure.security.servlet.SpringBootWebSecurityConfiguration$WebSecurityEnablerConfiguration@67138427}
2024-03-09T21:31:17.209+02:00  INFO 22004 --- [    Test worker] o.s.b.a.w.s.WelcomePageHandlerMapping    : Adding welcome page template: index
2024-03-09T21:31:17.419+02:00  INFO 22004 --- [    Test worker] o.s.b.a.e.web.EndpointLinksResolver      : Exposing 1 endpoint(s) beneath base path '/actuator'
2024-03-09T21:31:17.477+02:00  INFO 22004 --- [    Test worker] o.s.s.web.DefaultSecurityFilterChain     : Will secure any request with [org.springframework.security.web.session.DisableEncodeUrlFilter@36840e6c, org.springframework.security.web.context.request.async.WebAsyncManagerIntegrationFilter@600dfbca, org.springframework.security.web.context.SecurityContextHolderFilter@730cc7da, org.springframework.security.web.header.HeaderWriterFilter@7a0d71d4, org.springframework.web.filter.CorsFilter@3d1d3525, org.springframework.security.web.csrf.CsrfFilter@4bf30a35, org.springframework.security.web.authentication.logout.LogoutFilter@2f832f81, org.springframework.security.web.authentication.UsernamePasswordAuthenticationFilter@5b2ecf2b, org.springframework.security.web.savedrequest.RequestCacheAwareFilter@13bf0814, org.springframework.security.web.servletapi.SecurityContextHolderAwareRequestFilter@6fa53b0d, org.springframework.security.web.authentication.rememberme.RememberMeAuthenticationFilter@1939ecca, org.springframework.security.web.authentication.AnonymousAuthenticationFilter@735c49cc, org.springframework.security.web.access.ExceptionTranslationFilter@2957c30c, org.springframework.security.web.access.intercept.AuthorizationFilter@6a474e00]
2024-03-09T21:31:17.791+02:00  INFO 22004 --- [    Test worker] c.e.roboworld.RoboWorldApplicationTests  : Started RoboWorldApplicationTests in 2.194 seconds (process running for 21.589)
]]></system-out>
  <system-err><![CDATA[]]></system-err>
</testsuite>
