<?xml version="1.0" encoding="UTF-8"?>
<testsuite name="com.example.roboworld.service.impl.RoboWorldUserDetailsServiceTest" tests="2" skipped="0" failures="0" errors="0" timestamp="2024-03-22T16:45:12" hostname="VANESAILIEVA" time="0.675">
  <properties/>
  <testcase name="userFound()" classname="com.example.roboworld.service.impl.RoboWorldUserDetailsServiceTest" time="0.656"/>
  <testcase name="userNotFound()" classname="com.example.roboworld.service.impl.RoboWorldUserDetailsServiceTest" time="0.015"/>
  <system-out><![CDATA[]]></system-out>
  <system-err><![CDATA[]]></system-err>
</testsuite>
