<?xml version="1.0" encoding="UTF-8"?>
<testsuite name="com.example.roboworld.service.impl.RoboWorldUserDetailsServiceTest" tests="2" skipped="0" failures="0" errors="0" timestamp="2024-03-08T16:59:12" hostname="VANESAILIEVA" time="0.263">
  <properties/>
  <testcase name="userFound()" classname="com.example.roboworld.service.impl.RoboWorldUserDetailsServiceTest" time="0.26"/>
  <testcase name="userNotFound()" classname="com.example.roboworld.service.impl.RoboWorldUserDetailsServiceTest" time="0.002"/>
  <system-out><![CDATA[]]></system-out>
  <system-err><![CDATA[]]></system-err>
</testsuite>
