<?xml version="1.0" encoding="UTF-8"?>
<testsuite name="com.example.roboworld.RoboWorldApplicationTests" tests="1" skipped="0" failures="0" errors="0" timestamp="2024-03-10T10:57:24" hostname="VANESAILIEVA" time="0.007">
  <properties/>
  <testcase name="contextLoads()" classname="com.example.roboworld.RoboWorldApplicationTests" time="0.007"/>
  <system-out><![CDATA[2024-03-10T12:57:21.964+02:00  INFO 10308 --- [    Test worker] t.c.s.AnnotationConfigContextLoaderUtils : Could not detect default configuration classes for test class [com.example.roboworld.RoboWorldApplicationTests]: RoboWorldApplicationTests does not declare any static, non-private, non-final, nested classes annotated with @Configuration.
2024-03-10T12:57:21.976+02:00  INFO 10308 --- [    Test worker] .b.t.c.SpringBootTestContextBootstrapper : Found @SpringBootConfiguration com.example.roboworld.RobotWorldApplication for test class com.example.roboworld.RoboWorldApplicationTests

  .   ____          _            __ _ _
 /\\ / ___'_ __ _ _(_)_ __  __ _ \ \ \ \
( ( )\___ | '_ | '_| | '_ \/ _` | \ \ \ \
 \\/  ___)| |_)| | | | | || (_| |  ) ) ) )
  '  |____| .__|_| |_|_| |_\__, | / / / /
 =========|_|==============|___/=/_/_/_/
 :: Spring Boot ::                (v3.2.2)

2024-03-10T12:57:22.047+02:00  INFO 10308 --- [    Test worker] c.e.roboworld.RoboWorldApplicationTests  : Starting RoboWorldApplicationTests using Java 20.0.2.1 with PID 10308 (started by vanes in D:\RoboWorld)
2024-03-10T12:57:22.049+02:00  INFO 10308 --- [    Test worker] c.e.roboworld.RoboWorldApplicationTests  : No active profile set, falling back to 1 default profile: "default"
2024-03-10T12:57:22.549+02:00  INFO 10308 --- [    Test worker] .s.d.r.c.RepositoryConfigurationDelegate : Bootstrapping Spring Data JPA repositories in DEFAULT mode.
2024-03-10T12:57:22.569+02:00  INFO 10308 --- [    Test worker] .s.d.r.c.RepositoryConfigurationDelegate : Finished Spring Data repository scanning in 19 ms. Found 7 JPA repository interfaces.
2024-03-10T12:57:22.723+02:00  INFO 10308 --- [    Test worker] o.hibernate.jpa.internal.util.LogHelper  : HHH000204: Processing PersistenceUnitInfo [name: default]
2024-03-10T12:57:22.725+02:00  INFO 10308 --- [    Test worker] o.h.c.internal.RegionFactoryInitiator    : HHH000026: Second-level cache disabled
2024-03-10T12:57:22.732+02:00  INFO 10308 --- [    Test worker] o.s.o.j.p.SpringPersistenceUnitInfo      : No LoadTimeWeaver setup: ignoring JPA class transformer
2024-03-10T12:57:22.733+02:00  INFO 10308 --- [    Test worker] com.zaxxer.hikari.HikariDataSource       : HikariPool-2 - Starting...
2024-03-10T12:57:22.753+02:00  INFO 10308 --- [    Test worker] com.zaxxer.hikari.pool.PoolBase          : HikariPool-2 - Driver does not support get/set network timeout for connections. (feature not supported)
2024-03-10T12:57:22.753+02:00  INFO 10308 --- [    Test worker] com.zaxxer.hikari.pool.HikariPool        : HikariPool-2 - Added connection org.hsqldb.jdbc.JDBCConnection@1a18b66
2024-03-10T12:57:22.753+02:00  INFO 10308 --- [    Test worker] com.zaxxer.hikari.HikariDataSource       : HikariPool-2 - Start completed.
2024-03-10T12:57:23.050+02:00  INFO 10308 --- [    Test worker] o.h.e.t.j.p.i.JtaPlatformInitiator       : HHH000489: No JTA platform available (set 'hibernate.transaction.jta.platform' to enable JTA platform integration)
2024-03-10T12:57:23.089+02:00 DEBUG 10308 --- [    Test worker] org.hibernate.SQL                        : create table comments (id bigint generated by default as identity (start with 1), created timestamp(6), description varchar(255), forum_id bigint, user_id bigint, primary key (id))
2024-03-10T12:57:23.091+02:00 DEBUG 10308 --- [    Test worker] org.hibernate.SQL                        : create table courses (id bigint generated by default as identity (start with 1), age_limit varchar(255) check (age_limit in ('SixToEight','NineToTwelve','ThirteenToFifteen','SixteenToEighteen')), description varchar(255), end timestamp(6), start timestamp(6), title varchar(255), lecturer_id bigint, primary key (id))
2024-03-10T12:57:23.092+02:00 DEBUG 10308 --- [    Test worker] org.hibernate.SQL                        : create table forums (id bigint generated by default as identity (start with 1), created timestamp(6), description varchar(255) not null, title varchar(255) not null, primary key (id))
2024-03-10T12:57:23.093+02:00 DEBUG 10308 --- [    Test worker] org.hibernate.SQL                        : create table lectures (id bigint generated by default as identity (start with 1), ended timestamp(6), started timestamp(6), title varchar(255), course_id bigint, primary key (id))
2024-03-10T12:57:23.094+02:00 DEBUG 10308 --- [    Test worker] org.hibernate.SQL                        : create table reviews (id bigint generated by default as identity (start with 1), description varchar(255), name varchar(255), user_id bigint, primary key (id))
2024-03-10T12:57:23.094+02:00 DEBUG 10308 --- [    Test worker] org.hibernate.SQL                        : create table roles (id bigint generated by default as identity (start with 1), role_type varchar(255) check (role_type in ('User','Admin','Lecturer')), primary key (id))
2024-03-10T12:57:23.095+02:00 DEBUG 10308 --- [    Test worker] org.hibernate.SQL                        : create table users (id bigint generated by default as identity (start with 1), email varchar(255) not null, full_name varchar(255) not null, password varchar(255) not null, username varchar(255) not null, primary key (id))
2024-03-10T12:57:23.096+02:00 DEBUG 10308 --- [    Test worker] org.hibernate.SQL                        : create table users_roles (user_id bigint not null, roles_id bigint not null)
2024-03-10T12:57:23.096+02:00 DEBUG 10308 --- [    Test worker] org.hibernate.SQL                        : create table users_sign_in_courses (students_id bigint not null, sign_in_courses_id bigint not null)
2024-03-10T12:57:23.097+02:00 DEBUG 10308 --- [    Test worker] org.hibernate.SQL                        : alter table comments add constraint FKt7clst21fs6p4g71yf83fvw75 foreign key (forum_id) references forums
2024-03-10T12:57:23.097+02:00 DEBUG 10308 --- [    Test worker] org.hibernate.SQL                        : alter table comments add constraint FK8omq0tc18jd43bu5tjh6jvraq foreign key (user_id) references users
2024-03-10T12:57:23.098+02:00 DEBUG 10308 --- [    Test worker] org.hibernate.SQL                        : alter table courses add constraint FKit07wvai906qvcttvvg8pi1rr foreign key (lecturer_id) references users
2024-03-10T12:57:23.099+02:00 DEBUG 10308 --- [    Test worker] org.hibernate.SQL                        : alter table lectures add constraint FKsj4m8ipr4qnehoyxk7kbu3ide foreign key (course_id) references courses
2024-03-10T12:57:23.100+02:00 DEBUG 10308 --- [    Test worker] org.hibernate.SQL                        : alter table reviews add constraint FKcgy7qjc1r99dp117y9en6lxye foreign key (user_id) references users
2024-03-10T12:57:23.100+02:00 DEBUG 10308 --- [    Test worker] org.hibernate.SQL                        : alter table users_roles add constraint FKa62j07k5mhgifpp955h37ponj foreign key (roles_id) references roles
2024-03-10T12:57:23.100+02:00 DEBUG 10308 --- [    Test worker] org.hibernate.SQL                        : alter table users_roles add constraint FK2o0jvgh89lemvvo17cbqvdxaa foreign key (user_id) references users
2024-03-10T12:57:23.102+02:00 DEBUG 10308 --- [    Test worker] org.hibernate.SQL                        : alter table users_sign_in_courses add constraint FKl7ut2bxbya6jlcfuh99ubodm foreign key (sign_in_courses_id) references courses
2024-03-10T12:57:23.104+02:00 DEBUG 10308 --- [    Test worker] org.hibernate.SQL                        : alter table users_sign_in_courses add constraint FKcqjlj5ugearvp779k2efegjfw foreign key (students_id) references users
2024-03-10T12:57:23.105+02:00  INFO 10308 --- [    Test worker] j.LocalContainerEntityManagerFactoryBean : Initialized JPA EntityManagerFactory for persistence unit 'default'
2024-03-10T12:57:23.582+02:00  WARN 10308 --- [    Test worker] JpaBaseConfiguration$JpaWebConfiguration : spring.jpa.open-in-view is enabled by default. Therefore, database queries may be performed during view rendering. Explicitly configure spring.jpa.open-in-view to disable this warning
2024-03-10T12:57:23.608+02:00 TRACE 10308 --- [    Test worker] eGlobalAuthenticationAutowiredConfigurer : Eagerly initializing {org.springframework.boot.autoconfigure.security.servlet.SpringBootWebSecurityConfiguration$WebSecurityEnablerConfiguration=org.springframework.boot.autoconfigure.security.servlet.SpringBootWebSecurityConfiguration$WebSecurityEnablerConfiguration@64ebcabf}
2024-03-10T12:57:23.632+02:00  INFO 10308 --- [    Test worker] o.s.b.a.w.s.WelcomePageHandlerMapping    : Adding welcome page template: index
2024-03-10T12:57:23.795+02:00  INFO 10308 --- [    Test worker] o.s.b.a.e.web.EndpointLinksResolver      : Exposing 1 endpoint(s) beneath base path '/actuator'
2024-03-10T12:57:23.863+02:00  INFO 10308 --- [    Test worker] o.s.s.web.DefaultSecurityFilterChain     : Will secure any request with [org.springframework.security.web.session.DisableEncodeUrlFilter@477090bf, org.springframework.security.web.context.request.async.WebAsyncManagerIntegrationFilter@2a3920fe, org.springframework.security.web.context.SecurityContextHolderFilter@5d1a1770, org.springframework.security.web.header.HeaderWriterFilter@3f2054d, org.springframework.web.filter.CorsFilter@3cf3216c, org.springframework.security.web.csrf.CsrfFilter@360ea519, org.springframework.security.web.authentication.logout.LogoutFilter@6e4a5825, org.springframework.security.web.authentication.UsernamePasswordAuthenticationFilter@efea306, org.springframework.security.web.savedrequest.RequestCacheAwareFilter@2b3c7194, org.springframework.security.web.servletapi.SecurityContextHolderAwareRequestFilter@c01fd44, org.springframework.security.web.authentication.rememberme.RememberMeAuthenticationFilter@45050433, org.springframework.security.web.authentication.AnonymousAuthenticationFilter@5bc2dbcd, org.springframework.security.web.access.ExceptionTranslationFilter@52e494a2, org.springframework.security.web.access.intercept.AuthorizationFilter@72435def]
2024-03-10T12:57:24.248+02:00  INFO 10308 --- [    Test worker] c.e.roboworld.RoboWorldApplicationTests  : Started RoboWorldApplicationTests in 2.247 seconds (process running for 30.522)
]]></system-out>
  <system-err><![CDATA[]]></system-err>
</testsuite>
