<?xml version="1.0" encoding="UTF-8"?>
<testsuite name="com.example.roboworld.web.RoboticsControllerTest" tests="5" skipped="0" failures="0" errors="0" timestamp="2024-03-10T10:57:25" hostname="VANESAILIEVA" time="0.465">
  <properties/>
  <testcase name="testGetEtymology()" classname="com.example.roboworld.web.RoboticsControllerTest" time="0.058"/>
  <testcase name="testGetUsage()" classname="com.example.roboworld.web.RoboticsControllerTest" time="0.156"/>
  <testcase name="testGetComponents()" classname="com.example.roboworld.web.RoboticsControllerTest" time="0.096"/>
  <testcase name="testGetHistory()" classname="com.example.roboworld.web.RoboticsControllerTest" time="0.051"/>
  <testcase name="testGetDirections()" classname="com.example.roboworld.web.RoboticsControllerTest" time="0.098"/>
  <system-out><![CDATA[2024-03-10T12:57:25.505+02:00  INFO 10308 --- [    Test worker] t.c.s.AnnotationConfigContextLoaderUtils : Could not detect default configuration classes for test class [com.example.roboworld.web.RoboticsControllerTest]: RoboticsControllerTest does not declare any static, non-private, non-final, nested classes annotated with @Configuration.
2024-03-10T12:57:25.507+02:00  INFO 10308 --- [    Test worker] .b.t.c.SpringBootTestContextBootstrapper : Found @SpringBootConfiguration com.example.roboworld.RobotWorldApplication for test class com.example.roboworld.web.RoboticsControllerTest
2024-03-10T12:57:25.513+02:00 TRACE 10308 --- [    Test worker] w.c.HttpSessionSecurityContextRepository : No HttpSession currently exists
2024-03-10T12:57:25.513+02:00 TRACE 10308 --- [    Test worker] w.c.HttpSessionSecurityContextRepository : Created SecurityContextImpl [Null authentication]
2024-03-10T12:57:25.513+02:00 TRACE 10308 --- [    Test worker] .s.s.w.c.SupplierDeferredSecurityContext : Created SecurityContextImpl [Null authentication]
2024-03-10T12:57:25.513+02:00 DEBUG 10308 --- [    Test worker] w.c.HttpSessionSecurityContextRepository : Created HttpSession as SecurityContext is non-default
2024-03-10T12:57:25.513+02:00 DEBUG 10308 --- [    Test worker] w.c.HttpSessionSecurityContextRepository : Stored SecurityContextImpl [Authentication=UsernamePasswordAuthenticationToken [Principal=org.springframework.security.core.userdetails.User [Username=user, Password=[PROTECTED], Enabled=true, AccountNonExpired=true, CredentialsNonExpired=true, AccountNonLocked=true, Granted Authorities=[ROLE_User]], Credentials=[PROTECTED], Authenticated=true, Details=null, Granted Authorities=[ROLE_User]]] to HttpSession [org.springframework.mock.web.MockHttpSession@39cb865d]
2024-03-10T12:57:25.514+02:00 TRACE 10308 --- [    Test worker] o.s.security.web.FilterChainProxy        : Trying to match request against DefaultSecurityFilterChain [RequestMatcher=any request, Filters=[org.springframework.security.web.session.DisableEncodeUrlFilter@711329fe, org.springframework.security.web.context.request.async.WebAsyncManagerIntegrationFilter@2088e339, org.springframework.security.web.context.SecurityContextHolderFilter@737652a9, org.springframework.security.web.header.HeaderWriterFilter@3776c917, org.springframework.web.filter.CorsFilter@37c5e2e6, org.springframework.security.web.csrf.CsrfFilter@d6de944, org.springframework.security.web.authentication.logout.LogoutFilter@6565691a, org.springframework.security.web.authentication.UsernamePasswordAuthenticationFilter@34ec33f4, org.springframework.security.web.savedrequest.RequestCacheAwareFilter@377fca35, org.springframework.security.web.servletapi.SecurityContextHolderAwareRequestFilter@48c8c722, org.springframework.security.web.authentication.rememberme.RememberMeAuthenticationFilter@18f90bd8, org.springframework.security.web.authentication.AnonymousAuthenticationFilter@342cc706, org.springframework.security.web.access.ExceptionTranslationFilter@ae449e7, org.springframework.security.web.access.intercept.AuthorizationFilter@60b90fd3]] (1/1)
2024-03-10T12:57:25.514+02:00 DEBUG 10308 --- [    Test worker] o.s.security.web.FilterChainProxy        : Securing GET /robotics/etymology
2024-03-10T12:57:25.515+02:00 TRACE 10308 --- [    Test worker] o.s.security.web.FilterChainProxy        : Invoking DisableEncodeUrlFilter (1/14)
2024-03-10T12:57:25.515+02:00 TRACE 10308 --- [    Test worker] o.s.security.web.FilterChainProxy        : Invoking WebAsyncManagerIntegrationFilter (2/14)
2024-03-10T12:57:25.515+02:00 TRACE 10308 --- [    Test worker] o.s.security.web.FilterChainProxy        : Invoking SecurityContextHolderFilter (3/14)
2024-03-10T12:57:25.515+02:00 TRACE 10308 --- [    Test worker] o.s.security.web.FilterChainProxy        : Invoking HeaderWriterFilter (4/14)
2024-03-10T12:57:25.515+02:00 TRACE 10308 --- [    Test worker] o.s.security.web.FilterChainProxy        : Invoking CorsFilter (5/14)
2024-03-10T12:57:25.515+02:00 TRACE 10308 --- [    Test worker] o.s.security.web.FilterChainProxy        : Invoking CsrfFilter (6/14)
2024-03-10T12:57:25.515+02:00 TRACE 10308 --- [    Test worker] o.s.security.web.csrf.CsrfFilter         : Did not protect against CSRF since request did not match CsrfNotRequired [TRACE, HEAD, GET, OPTIONS]
2024-03-10T12:57:25.515+02:00 TRACE 10308 --- [    Test worker] o.s.security.web.FilterChainProxy        : Invoking LogoutFilter (7/14)
2024-03-10T12:57:25.515+02:00 TRACE 10308 --- [    Test worker] o.s.s.w.a.logout.LogoutFilter            : Did not match request to Ant [pattern='/users/logout', POST]
2024-03-10T12:57:25.515+02:00 TRACE 10308 --- [    Test worker] o.s.security.web.FilterChainProxy        : Invoking UsernamePasswordAuthenticationFilter (8/14)
2024-03-10T12:57:25.515+02:00 TRACE 10308 --- [    Test worker] w.a.UsernamePasswordAuthenticationFilter : Did not match request to Ant [pattern='/users/login', POST]
2024-03-10T12:57:25.515+02:00 TRACE 10308 --- [    Test worker] o.s.security.web.FilterChainProxy        : Invoking RequestCacheAwareFilter (9/14)
2024-03-10T12:57:25.515+02:00 TRACE 10308 --- [    Test worker] o.s.s.w.s.HttpSessionRequestCache        : matchingRequestParameterName is required for getMatchingRequest to lookup a value, but not provided
2024-03-10T12:57:25.515+02:00 TRACE 10308 --- [    Test worker] o.s.security.web.FilterChainProxy        : Invoking SecurityContextHolderAwareRequestFilter (10/14)
2024-03-10T12:57:25.515+02:00 TRACE 10308 --- [    Test worker] o.s.security.web.FilterChainProxy        : Invoking RememberMeAuthenticationFilter (11/14)
2024-03-10T12:57:25.515+02:00 TRACE 10308 --- [    Test worker] w.c.HttpSessionSecurityContextRepository : Retrieved SecurityContextImpl [Authentication=UsernamePasswordAuthenticationToken [Principal=org.springframework.security.core.userdetails.User [Username=user, Password=[PROTECTED], Enabled=true, AccountNonExpired=true, CredentialsNonExpired=true, AccountNonLocked=true, Granted Authorities=[ROLE_User]], Credentials=[PROTECTED], Authenticated=true, Details=null, Granted Authorities=[ROLE_User]]] from SPRING_SECURITY_CONTEXT
2024-03-10T12:57:25.516+02:00 DEBUG 10308 --- [    Test worker] s.s.w.a.r.RememberMeAuthenticationFilter : SecurityContextHolder not populated with remember-me token, as it already contained: 'UsernamePasswordAuthenticationToken [Principal=org.springframework.security.core.userdetails.User [Username=user, Password=[PROTECTED], Enabled=true, AccountNonExpired=true, CredentialsNonExpired=true, AccountNonLocked=true, Granted Authorities=[ROLE_User]], Credentials=[PROTECTED], Authenticated=true, Details=null, Granted Authorities=[ROLE_User]]'
2024-03-10T12:57:25.516+02:00 TRACE 10308 --- [    Test worker] o.s.security.web.FilterChainProxy        : Invoking AnonymousAuthenticationFilter (12/14)
2024-03-10T12:57:25.516+02:00 TRACE 10308 --- [    Test worker] o.s.security.web.FilterChainProxy        : Invoking ExceptionTranslationFilter (13/14)
2024-03-10T12:57:25.516+02:00 TRACE 10308 --- [    Test worker] o.s.security.web.FilterChainProxy        : Invoking AuthorizationFilter (14/14)
2024-03-10T12:57:25.516+02:00 TRACE 10308 --- [    Test worker] estMatcherDelegatingAuthorizationManager : Authorizing SecurityContextHolderAwareRequestWrapper[ org.springframework.security.web.header.HeaderWriterFilter$HeaderWriterRequest@ba28d1b]
2024-03-10T12:57:25.516+02:00 TRACE 10308 --- [    Test worker] estMatcherDelegatingAuthorizationManager : Checking authorization on SecurityContextHolderAwareRequestWrapper[ org.springframework.security.web.header.HeaderWriterFilter$HeaderWriterRequest@ba28d1b] using org.springframework.security.authorization.AuthenticatedAuthorizationManager@2f71cdc0
2024-03-10T12:57:25.517+02:00 TRACE 10308 --- [    Test worker] o.s.s.w.a.AnonymousAuthenticationFilter  : Did not set SecurityContextHolder since already authenticated UsernamePasswordAuthenticationToken [Principal=org.springframework.security.core.userdetails.User [Username=user, Password=[PROTECTED], Enabled=true, AccountNonExpired=true, CredentialsNonExpired=true, AccountNonLocked=true, Granted Authorities=[ROLE_User]], Credentials=[PROTECTED], Authenticated=true, Details=null, Granted Authorities=[ROLE_User]]
2024-03-10T12:57:25.517+02:00 DEBUG 10308 --- [    Test worker] o.s.security.web.FilterChainProxy        : Secured GET /robotics/etymology
2024-03-10T12:57:25.540+02:00 TRACE 10308 --- [    Test worker] o.s.s.w.header.writers.HstsHeaderWriter  : Not injecting HSTS header since it did not match request to [Is Secure]
2024-03-10T12:57:25.573+02:00 TRACE 10308 --- [    Test worker] w.c.HttpSessionSecurityContextRepository : No HttpSession currently exists
2024-03-10T12:57:25.573+02:00 TRACE 10308 --- [    Test worker] w.c.HttpSessionSecurityContextRepository : Created SecurityContextImpl [Null authentication]
2024-03-10T12:57:25.573+02:00 TRACE 10308 --- [    Test worker] .s.s.w.c.SupplierDeferredSecurityContext : Created SecurityContextImpl [Null authentication]
2024-03-10T12:57:25.574+02:00 DEBUG 10308 --- [    Test worker] w.c.HttpSessionSecurityContextRepository : Created HttpSession as SecurityContext is non-default
2024-03-10T12:57:25.574+02:00 DEBUG 10308 --- [    Test worker] w.c.HttpSessionSecurityContextRepository : Stored SecurityContextImpl [Authentication=UsernamePasswordAuthenticationToken [Principal=org.springframework.security.core.userdetails.User [Username=user, Password=[PROTECTED], Enabled=true, AccountNonExpired=true, CredentialsNonExpired=true, AccountNonLocked=true, Granted Authorities=[ROLE_User]], Credentials=[PROTECTED], Authenticated=true, Details=null, Granted Authorities=[ROLE_User]]] to HttpSession [org.springframework.mock.web.MockHttpSession@608da061]
2024-03-10T12:57:25.575+02:00 TRACE 10308 --- [    Test worker] o.s.security.web.FilterChainProxy        : Trying to match request against DefaultSecurityFilterChain [RequestMatcher=any request, Filters=[org.springframework.security.web.session.DisableEncodeUrlFilter@711329fe, org.springframework.security.web.context.request.async.WebAsyncManagerIntegrationFilter@2088e339, org.springframework.security.web.context.SecurityContextHolderFilter@737652a9, org.springframework.security.web.header.HeaderWriterFilter@3776c917, org.springframework.web.filter.CorsFilter@37c5e2e6, org.springframework.security.web.csrf.CsrfFilter@d6de944, org.springframework.security.web.authentication.logout.LogoutFilter@6565691a, org.springframework.security.web.authentication.UsernamePasswordAuthenticationFilter@34ec33f4, org.springframework.security.web.savedrequest.RequestCacheAwareFilter@377fca35, org.springframework.security.web.servletapi.SecurityContextHolderAwareRequestFilter@48c8c722, org.springframework.security.web.authentication.rememberme.RememberMeAuthenticationFilter@18f90bd8, org.springframework.security.web.authentication.AnonymousAuthenticationFilter@342cc706, org.springframework.security.web.access.ExceptionTranslationFilter@ae449e7, org.springframework.security.web.access.intercept.AuthorizationFilter@60b90fd3]] (1/1)
2024-03-10T12:57:25.575+02:00 DEBUG 10308 --- [    Test worker] o.s.security.web.FilterChainProxy        : Securing GET /robotics/usage
2024-03-10T12:57:25.575+02:00 TRACE 10308 --- [    Test worker] o.s.security.web.FilterChainProxy        : Invoking DisableEncodeUrlFilter (1/14)
2024-03-10T12:57:25.575+02:00 TRACE 10308 --- [    Test worker] o.s.security.web.FilterChainProxy        : Invoking WebAsyncManagerIntegrationFilter (2/14)
2024-03-10T12:57:25.575+02:00 TRACE 10308 --- [    Test worker] o.s.security.web.FilterChainProxy        : Invoking SecurityContextHolderFilter (3/14)
2024-03-10T12:57:25.575+02:00 TRACE 10308 --- [    Test worker] o.s.security.web.FilterChainProxy        : Invoking HeaderWriterFilter (4/14)
2024-03-10T12:57:25.575+02:00 TRACE 10308 --- [    Test worker] o.s.security.web.FilterChainProxy        : Invoking CorsFilter (5/14)
2024-03-10T12:57:25.575+02:00 TRACE 10308 --- [    Test worker] o.s.security.web.FilterChainProxy        : Invoking CsrfFilter (6/14)
2024-03-10T12:57:25.575+02:00 TRACE 10308 --- [    Test worker] o.s.security.web.csrf.CsrfFilter         : Did not protect against CSRF since request did not match CsrfNotRequired [TRACE, HEAD, GET, OPTIONS]
2024-03-10T12:57:25.575+02:00 TRACE 10308 --- [    Test worker] o.s.security.web.FilterChainProxy        : Invoking LogoutFilter (7/14)
2024-03-10T12:57:25.575+02:00 TRACE 10308 --- [    Test worker] o.s.s.w.a.logout.LogoutFilter            : Did not match request to Ant [pattern='/users/logout', POST]
2024-03-10T12:57:25.575+02:00 TRACE 10308 --- [    Test worker] o.s.security.web.FilterChainProxy        : Invoking UsernamePasswordAuthenticationFilter (8/14)
2024-03-10T12:57:25.576+02:00 TRACE 10308 --- [    Test worker] w.a.UsernamePasswordAuthenticationFilter : Did not match request to Ant [pattern='/users/login', POST]
2024-03-10T12:57:25.576+02:00 TRACE 10308 --- [    Test worker] o.s.security.web.FilterChainProxy        : Invoking RequestCacheAwareFilter (9/14)
2024-03-10T12:57:25.576+02:00 TRACE 10308 --- [    Test worker] o.s.s.w.s.HttpSessionRequestCache        : matchingRequestParameterName is required for getMatchingRequest to lookup a value, but not provided
2024-03-10T12:57:25.576+02:00 TRACE 10308 --- [    Test worker] o.s.security.web.FilterChainProxy        : Invoking SecurityContextHolderAwareRequestFilter (10/14)
2024-03-10T12:57:25.576+02:00 TRACE 10308 --- [    Test worker] o.s.security.web.FilterChainProxy        : Invoking RememberMeAuthenticationFilter (11/14)
2024-03-10T12:57:25.576+02:00 TRACE 10308 --- [    Test worker] w.c.HttpSessionSecurityContextRepository : Retrieved SecurityContextImpl [Authentication=UsernamePasswordAuthenticationToken [Principal=org.springframework.security.core.userdetails.User [Username=user, Password=[PROTECTED], Enabled=true, AccountNonExpired=true, CredentialsNonExpired=true, AccountNonLocked=true, Granted Authorities=[ROLE_User]], Credentials=[PROTECTED], Authenticated=true, Details=null, Granted Authorities=[ROLE_User]]] from SPRING_SECURITY_CONTEXT
2024-03-10T12:57:25.576+02:00 DEBUG 10308 --- [    Test worker] s.s.w.a.r.RememberMeAuthenticationFilter : SecurityContextHolder not populated with remember-me token, as it already contained: 'UsernamePasswordAuthenticationToken [Principal=org.springframework.security.core.userdetails.User [Username=user, Password=[PROTECTED], Enabled=true, AccountNonExpired=true, CredentialsNonExpired=true, AccountNonLocked=true, Granted Authorities=[ROLE_User]], Credentials=[PROTECTED], Authenticated=true, Details=null, Granted Authorities=[ROLE_User]]'
2024-03-10T12:57:25.576+02:00 TRACE 10308 --- [    Test worker] o.s.security.web.FilterChainProxy        : Invoking AnonymousAuthenticationFilter (12/14)
2024-03-10T12:57:25.576+02:00 TRACE 10308 --- [    Test worker] o.s.security.web.FilterChainProxy        : Invoking ExceptionTranslationFilter (13/14)
2024-03-10T12:57:25.576+02:00 TRACE 10308 --- [    Test worker] o.s.security.web.FilterChainProxy        : Invoking AuthorizationFilter (14/14)
2024-03-10T12:57:25.576+02:00 TRACE 10308 --- [    Test worker] estMatcherDelegatingAuthorizationManager : Authorizing SecurityContextHolderAwareRequestWrapper[ org.springframework.security.web.header.HeaderWriterFilter$HeaderWriterRequest@620c558e]
2024-03-10T12:57:25.576+02:00 TRACE 10308 --- [    Test worker] estMatcherDelegatingAuthorizationManager : Checking authorization on SecurityContextHolderAwareRequestWrapper[ org.springframework.security.web.header.HeaderWriterFilter$HeaderWriterRequest@620c558e] using org.springframework.security.authorization.AuthenticatedAuthorizationManager@2f71cdc0
2024-03-10T12:57:25.576+02:00 TRACE 10308 --- [    Test worker] o.s.s.w.a.AnonymousAuthenticationFilter  : Did not set SecurityContextHolder since already authenticated UsernamePasswordAuthenticationToken [Principal=org.springframework.security.core.userdetails.User [Username=user, Password=[PROTECTED], Enabled=true, AccountNonExpired=true, CredentialsNonExpired=true, AccountNonLocked=true, Granted Authorities=[ROLE_User]], Credentials=[PROTECTED], Authenticated=true, Details=null, Granted Authorities=[ROLE_User]]
2024-03-10T12:57:25.577+02:00 DEBUG 10308 --- [    Test worker] o.s.security.web.FilterChainProxy        : Secured GET /robotics/usage
2024-03-10T12:57:25.676+02:00 TRACE 10308 --- [    Test worker] o.s.s.w.header.writers.HstsHeaderWriter  : Not injecting HSTS header since it did not match request to [Is Secure]
2024-03-10T12:57:25.733+02:00 TRACE 10308 --- [    Test worker] w.c.HttpSessionSecurityContextRepository : No HttpSession currently exists
2024-03-10T12:57:25.734+02:00 TRACE 10308 --- [    Test worker] w.c.HttpSessionSecurityContextRepository : Created SecurityContextImpl [Null authentication]
2024-03-10T12:57:25.734+02:00 TRACE 10308 --- [    Test worker] .s.s.w.c.SupplierDeferredSecurityContext : Created SecurityContextImpl [Null authentication]
2024-03-10T12:57:25.734+02:00 DEBUG 10308 --- [    Test worker] w.c.HttpSessionSecurityContextRepository : Created HttpSession as SecurityContext is non-default
2024-03-10T12:57:25.734+02:00 DEBUG 10308 --- [    Test worker] w.c.HttpSessionSecurityContextRepository : Stored SecurityContextImpl [Authentication=UsernamePasswordAuthenticationToken [Principal=org.springframework.security.core.userdetails.User [Username=user, Password=[PROTECTED], Enabled=true, AccountNonExpired=true, CredentialsNonExpired=true, AccountNonLocked=true, Granted Authorities=[ROLE_User]], Credentials=[PROTECTED], Authenticated=true, Details=null, Granted Authorities=[ROLE_User]]] to HttpSession [org.springframework.mock.web.MockHttpSession@fab91f]
2024-03-10T12:57:25.739+02:00 TRACE 10308 --- [    Test worker] o.s.security.web.FilterChainProxy        : Trying to match request against DefaultSecurityFilterChain [RequestMatcher=any request, Filters=[org.springframework.security.web.session.DisableEncodeUrlFilter@711329fe, org.springframework.security.web.context.request.async.WebAsyncManagerIntegrationFilter@2088e339, org.springframework.security.web.context.SecurityContextHolderFilter@737652a9, org.springframework.security.web.header.HeaderWriterFilter@3776c917, org.springframework.web.filter.CorsFilter@37c5e2e6, org.springframework.security.web.csrf.CsrfFilter@d6de944, org.springframework.security.web.authentication.logout.LogoutFilter@6565691a, org.springframework.security.web.authentication.UsernamePasswordAuthenticationFilter@34ec33f4, org.springframework.security.web.savedrequest.RequestCacheAwareFilter@377fca35, org.springframework.security.web.servletapi.SecurityContextHolderAwareRequestFilter@48c8c722, org.springframework.security.web.authentication.rememberme.RememberMeAuthenticationFilter@18f90bd8, org.springframework.security.web.authentication.AnonymousAuthenticationFilter@342cc706, org.springframework.security.web.access.ExceptionTranslationFilter@ae449e7, org.springframework.security.web.access.intercept.AuthorizationFilter@60b90fd3]] (1/1)
2024-03-10T12:57:25.740+02:00 DEBUG 10308 --- [    Test worker] o.s.security.web.FilterChainProxy        : Securing GET /robotics/components
2024-03-10T12:57:25.740+02:00 TRACE 10308 --- [    Test worker] o.s.security.web.FilterChainProxy        : Invoking DisableEncodeUrlFilter (1/14)
2024-03-10T12:57:25.740+02:00 TRACE 10308 --- [    Test worker] o.s.security.web.FilterChainProxy        : Invoking WebAsyncManagerIntegrationFilter (2/14)
2024-03-10T12:57:25.741+02:00 TRACE 10308 --- [    Test worker] o.s.security.web.FilterChainProxy        : Invoking SecurityContextHolderFilter (3/14)
2024-03-10T12:57:25.741+02:00 TRACE 10308 --- [    Test worker] o.s.security.web.FilterChainProxy        : Invoking HeaderWriterFilter (4/14)
2024-03-10T12:57:25.741+02:00 TRACE 10308 --- [    Test worker] o.s.security.web.FilterChainProxy        : Invoking CorsFilter (5/14)
2024-03-10T12:57:25.741+02:00 TRACE 10308 --- [    Test worker] o.s.security.web.FilterChainProxy        : Invoking CsrfFilter (6/14)
2024-03-10T12:57:25.741+02:00 TRACE 10308 --- [    Test worker] o.s.security.web.csrf.CsrfFilter         : Did not protect against CSRF since request did not match CsrfNotRequired [TRACE, HEAD, GET, OPTIONS]
2024-03-10T12:57:25.743+02:00 TRACE 10308 --- [    Test worker] o.s.security.web.FilterChainProxy        : Invoking LogoutFilter (7/14)
2024-03-10T12:57:25.744+02:00 TRACE 10308 --- [    Test worker] o.s.s.w.a.logout.LogoutFilter            : Did not match request to Ant [pattern='/users/logout', POST]
2024-03-10T12:57:25.744+02:00 TRACE 10308 --- [    Test worker] o.s.security.web.FilterChainProxy        : Invoking UsernamePasswordAuthenticationFilter (8/14)
2024-03-10T12:57:25.745+02:00 TRACE 10308 --- [    Test worker] w.a.UsernamePasswordAuthenticationFilter : Did not match request to Ant [pattern='/users/login', POST]
2024-03-10T12:57:25.745+02:00 TRACE 10308 --- [    Test worker] o.s.security.web.FilterChainProxy        : Invoking RequestCacheAwareFilter (9/14)
2024-03-10T12:57:25.745+02:00 TRACE 10308 --- [    Test worker] o.s.s.w.s.HttpSessionRequestCache        : matchingRequestParameterName is required for getMatchingRequest to lookup a value, but not provided
2024-03-10T12:57:25.745+02:00 TRACE 10308 --- [    Test worker] o.s.security.web.FilterChainProxy        : Invoking SecurityContextHolderAwareRequestFilter (10/14)
2024-03-10T12:57:25.745+02:00 TRACE 10308 --- [    Test worker] o.s.security.web.FilterChainProxy        : Invoking RememberMeAuthenticationFilter (11/14)
2024-03-10T12:57:25.746+02:00 TRACE 10308 --- [    Test worker] w.c.HttpSessionSecurityContextRepository : Retrieved SecurityContextImpl [Authentication=UsernamePasswordAuthenticationToken [Principal=org.springframework.security.core.userdetails.User [Username=user, Password=[PROTECTED], Enabled=true, AccountNonExpired=true, CredentialsNonExpired=true, AccountNonLocked=true, Granted Authorities=[ROLE_User]], Credentials=[PROTECTED], Authenticated=true, Details=null, Granted Authorities=[ROLE_User]]] from SPRING_SECURITY_CONTEXT
2024-03-10T12:57:25.746+02:00 DEBUG 10308 --- [    Test worker] s.s.w.a.r.RememberMeAuthenticationFilter : SecurityContextHolder not populated with remember-me token, as it already contained: 'UsernamePasswordAuthenticationToken [Principal=org.springframework.security.core.userdetails.User [Username=user, Password=[PROTECTED], Enabled=true, AccountNonExpired=true, CredentialsNonExpired=true, AccountNonLocked=true, Granted Authorities=[ROLE_User]], Credentials=[PROTECTED], Authenticated=true, Details=null, Granted Authorities=[ROLE_User]]'
2024-03-10T12:57:25.746+02:00 TRACE 10308 --- [    Test worker] o.s.security.web.FilterChainProxy        : Invoking AnonymousAuthenticationFilter (12/14)
2024-03-10T12:57:25.747+02:00 TRACE 10308 --- [    Test worker] o.s.security.web.FilterChainProxy        : Invoking ExceptionTranslationFilter (13/14)
2024-03-10T12:57:25.747+02:00 TRACE 10308 --- [    Test worker] o.s.security.web.FilterChainProxy        : Invoking AuthorizationFilter (14/14)
2024-03-10T12:57:25.747+02:00 TRACE 10308 --- [    Test worker] estMatcherDelegatingAuthorizationManager : Authorizing SecurityContextHolderAwareRequestWrapper[ org.springframework.security.web.header.HeaderWriterFilter$HeaderWriterRequest@da3cab]
2024-03-10T12:57:25.748+02:00 TRACE 10308 --- [    Test worker] estMatcherDelegatingAuthorizationManager : Checking authorization on SecurityContextHolderAwareRequestWrapper[ org.springframework.security.web.header.HeaderWriterFilter$HeaderWriterRequest@da3cab] using org.springframework.security.authorization.AuthenticatedAuthorizationManager@2f71cdc0
2024-03-10T12:57:25.748+02:00 TRACE 10308 --- [    Test worker] o.s.s.w.a.AnonymousAuthenticationFilter  : Did not set SecurityContextHolder since already authenticated UsernamePasswordAuthenticationToken [Principal=org.springframework.security.core.userdetails.User [Username=user, Password=[PROTECTED], Enabled=true, AccountNonExpired=true, CredentialsNonExpired=true, AccountNonLocked=true, Granted Authorities=[ROLE_User]], Credentials=[PROTECTED], Authenticated=true, Details=null, Granted Authorities=[ROLE_User]]
2024-03-10T12:57:25.748+02:00 DEBUG 10308 --- [    Test worker] o.s.security.web.FilterChainProxy        : Secured GET /robotics/components
2024-03-10T12:57:25.779+02:00 TRACE 10308 --- [    Test worker] o.s.s.w.header.writers.HstsHeaderWriter  : Not injecting HSTS header since it did not match request to [Is Secure]
2024-03-10T12:57:25.825+02:00 TRACE 10308 --- [    Test worker] w.c.HttpSessionSecurityContextRepository : No HttpSession currently exists
2024-03-10T12:57:25.825+02:00 TRACE 10308 --- [    Test worker] w.c.HttpSessionSecurityContextRepository : Created SecurityContextImpl [Null authentication]
2024-03-10T12:57:25.825+02:00 TRACE 10308 --- [    Test worker] .s.s.w.c.SupplierDeferredSecurityContext : Created SecurityContextImpl [Null authentication]
2024-03-10T12:57:25.825+02:00 DEBUG 10308 --- [    Test worker] w.c.HttpSessionSecurityContextRepository : Created HttpSession as SecurityContext is non-default
2024-03-10T12:57:25.825+02:00 DEBUG 10308 --- [    Test worker] w.c.HttpSessionSecurityContextRepository : Stored SecurityContextImpl [Authentication=UsernamePasswordAuthenticationToken [Principal=org.springframework.security.core.userdetails.User [Username=user, Password=[PROTECTED], Enabled=true, AccountNonExpired=true, CredentialsNonExpired=true, AccountNonLocked=true, Granted Authorities=[ROLE_User]], Credentials=[PROTECTED], Authenticated=true, Details=null, Granted Authorities=[ROLE_User]]] to HttpSession [org.springframework.mock.web.MockHttpSession@66ff37ff]
2024-03-10T12:57:25.826+02:00 TRACE 10308 --- [    Test worker] o.s.security.web.FilterChainProxy        : Trying to match request against DefaultSecurityFilterChain [RequestMatcher=any request, Filters=[org.springframework.security.web.session.DisableEncodeUrlFilter@711329fe, org.springframework.security.web.context.request.async.WebAsyncManagerIntegrationFilter@2088e339, org.springframework.security.web.context.SecurityContextHolderFilter@737652a9, org.springframework.security.web.header.HeaderWriterFilter@3776c917, org.springframework.web.filter.CorsFilter@37c5e2e6, org.springframework.security.web.csrf.CsrfFilter@d6de944, org.springframework.security.web.authentication.logout.LogoutFilter@6565691a, org.springframework.security.web.authentication.UsernamePasswordAuthenticationFilter@34ec33f4, org.springframework.security.web.savedrequest.RequestCacheAwareFilter@377fca35, org.springframework.security.web.servletapi.SecurityContextHolderAwareRequestFilter@48c8c722, org.springframework.security.web.authentication.rememberme.RememberMeAuthenticationFilter@18f90bd8, org.springframework.security.web.authentication.AnonymousAuthenticationFilter@342cc706, org.springframework.security.web.access.ExceptionTranslationFilter@ae449e7, org.springframework.security.web.access.intercept.AuthorizationFilter@60b90fd3]] (1/1)
2024-03-10T12:57:25.827+02:00 DEBUG 10308 --- [    Test worker] o.s.security.web.FilterChainProxy        : Securing GET /robotics/history
2024-03-10T12:57:25.827+02:00 TRACE 10308 --- [    Test worker] o.s.security.web.FilterChainProxy        : Invoking DisableEncodeUrlFilter (1/14)
2024-03-10T12:57:25.827+02:00 TRACE 10308 --- [    Test worker] o.s.security.web.FilterChainProxy        : Invoking WebAsyncManagerIntegrationFilter (2/14)
2024-03-10T12:57:25.827+02:00 TRACE 10308 --- [    Test worker] o.s.security.web.FilterChainProxy        : Invoking SecurityContextHolderFilter (3/14)
2024-03-10T12:57:25.827+02:00 TRACE 10308 --- [    Test worker] o.s.security.web.FilterChainProxy        : Invoking HeaderWriterFilter (4/14)
2024-03-10T12:57:25.827+02:00 TRACE 10308 --- [    Test worker] o.s.security.web.FilterChainProxy        : Invoking CorsFilter (5/14)
2024-03-10T12:57:25.827+02:00 TRACE 10308 --- [    Test worker] o.s.security.web.FilterChainProxy        : Invoking CsrfFilter (6/14)
2024-03-10T12:57:25.828+02:00 TRACE 10308 --- [    Test worker] o.s.security.web.csrf.CsrfFilter         : Did not protect against CSRF since request did not match CsrfNotRequired [TRACE, HEAD, GET, OPTIONS]
2024-03-10T12:57:25.828+02:00 TRACE 10308 --- [    Test worker] o.s.security.web.FilterChainProxy        : Invoking LogoutFilter (7/14)
2024-03-10T12:57:25.828+02:00 TRACE 10308 --- [    Test worker] o.s.s.w.a.logout.LogoutFilter            : Did not match request to Ant [pattern='/users/logout', POST]
2024-03-10T12:57:25.828+02:00 TRACE 10308 --- [    Test worker] o.s.security.web.FilterChainProxy        : Invoking UsernamePasswordAuthenticationFilter (8/14)
2024-03-10T12:57:25.828+02:00 TRACE 10308 --- [    Test worker] w.a.UsernamePasswordAuthenticationFilter : Did not match request to Ant [pattern='/users/login', POST]
2024-03-10T12:57:25.828+02:00 TRACE 10308 --- [    Test worker] o.s.security.web.FilterChainProxy        : Invoking RequestCacheAwareFilter (9/14)
2024-03-10T12:57:25.828+02:00 TRACE 10308 --- [    Test worker] o.s.s.w.s.HttpSessionRequestCache        : matchingRequestParameterName is required for getMatchingRequest to lookup a value, but not provided
2024-03-10T12:57:25.828+02:00 TRACE 10308 --- [    Test worker] o.s.security.web.FilterChainProxy        : Invoking SecurityContextHolderAwareRequestFilter (10/14)
2024-03-10T12:57:25.828+02:00 TRACE 10308 --- [    Test worker] o.s.security.web.FilterChainProxy        : Invoking RememberMeAuthenticationFilter (11/14)
2024-03-10T12:57:25.828+02:00 TRACE 10308 --- [    Test worker] w.c.HttpSessionSecurityContextRepository : Retrieved SecurityContextImpl [Authentication=UsernamePasswordAuthenticationToken [Principal=org.springframework.security.core.userdetails.User [Username=user, Password=[PROTECTED], Enabled=true, AccountNonExpired=true, CredentialsNonExpired=true, AccountNonLocked=true, Granted Authorities=[ROLE_User]], Credentials=[PROTECTED], Authenticated=true, Details=null, Granted Authorities=[ROLE_User]]] from SPRING_SECURITY_CONTEXT
2024-03-10T12:57:25.828+02:00 DEBUG 10308 --- [    Test worker] s.s.w.a.r.RememberMeAuthenticationFilter : SecurityContextHolder not populated with remember-me token, as it already contained: 'UsernamePasswordAuthenticationToken [Principal=org.springframework.security.core.userdetails.User [Username=user, Password=[PROTECTED], Enabled=true, AccountNonExpired=true, CredentialsNonExpired=true, AccountNonLocked=true, Granted Authorities=[ROLE_User]], Credentials=[PROTECTED], Authenticated=true, Details=null, Granted Authorities=[ROLE_User]]'
2024-03-10T12:57:25.828+02:00 TRACE 10308 --- [    Test worker] o.s.security.web.FilterChainProxy        : Invoking AnonymousAuthenticationFilter (12/14)
2024-03-10T12:57:25.828+02:00 TRACE 10308 --- [    Test worker] o.s.security.web.FilterChainProxy        : Invoking ExceptionTranslationFilter (13/14)
2024-03-10T12:57:25.828+02:00 TRACE 10308 --- [    Test worker] o.s.security.web.FilterChainProxy        : Invoking AuthorizationFilter (14/14)
2024-03-10T12:57:25.828+02:00 TRACE 10308 --- [    Test worker] estMatcherDelegatingAuthorizationManager : Authorizing SecurityContextHolderAwareRequestWrapper[ org.springframework.security.web.header.HeaderWriterFilter$HeaderWriterRequest@3bc19d3d]
2024-03-10T12:57:25.828+02:00 TRACE 10308 --- [    Test worker] estMatcherDelegatingAuthorizationManager : Checking authorization on SecurityContextHolderAwareRequestWrapper[ org.springframework.security.web.header.HeaderWriterFilter$HeaderWriterRequest@3bc19d3d] using org.springframework.security.authorization.AuthenticatedAuthorizationManager@2f71cdc0
2024-03-10T12:57:25.828+02:00 TRACE 10308 --- [    Test worker] o.s.s.w.a.AnonymousAuthenticationFilter  : Did not set SecurityContextHolder since already authenticated UsernamePasswordAuthenticationToken [Principal=org.springframework.security.core.userdetails.User [Username=user, Password=[PROTECTED], Enabled=true, AccountNonExpired=true, CredentialsNonExpired=true, AccountNonLocked=true, Granted Authorities=[ROLE_User]], Credentials=[PROTECTED], Authenticated=true, Details=null, Granted Authorities=[ROLE_User]]
2024-03-10T12:57:25.829+02:00 DEBUG 10308 --- [    Test worker] o.s.security.web.FilterChainProxy        : Secured GET /robotics/history
2024-03-10T12:57:25.850+02:00 TRACE 10308 --- [    Test worker] o.s.s.w.header.writers.HstsHeaderWriter  : Not injecting HSTS header since it did not match request to [Is Secure]
2024-03-10T12:57:25.882+02:00 TRACE 10308 --- [    Test worker] w.c.HttpSessionSecurityContextRepository : No HttpSession currently exists
2024-03-10T12:57:25.883+02:00 TRACE 10308 --- [    Test worker] w.c.HttpSessionSecurityContextRepository : Created SecurityContextImpl [Null authentication]
2024-03-10T12:57:25.884+02:00 TRACE 10308 --- [    Test worker] .s.s.w.c.SupplierDeferredSecurityContext : Created SecurityContextImpl [Null authentication]
2024-03-10T12:57:25.884+02:00 DEBUG 10308 --- [    Test worker] w.c.HttpSessionSecurityContextRepository : Created HttpSession as SecurityContext is non-default
2024-03-10T12:57:25.884+02:00 DEBUG 10308 --- [    Test worker] w.c.HttpSessionSecurityContextRepository : Stored SecurityContextImpl [Authentication=UsernamePasswordAuthenticationToken [Principal=org.springframework.security.core.userdetails.User [Username=user, Password=[PROTECTED], Enabled=true, AccountNonExpired=true, CredentialsNonExpired=true, AccountNonLocked=true, Granted Authorities=[ROLE_User]], Credentials=[PROTECTED], Authenticated=true, Details=null, Granted Authorities=[ROLE_User]]] to HttpSession [org.springframework.mock.web.MockHttpSession@6e8d2ccd]
2024-03-10T12:57:25.898+02:00 TRACE 10308 --- [    Test worker] o.s.security.web.FilterChainProxy        : Trying to match request against DefaultSecurityFilterChain [RequestMatcher=any request, Filters=[org.springframework.security.web.session.DisableEncodeUrlFilter@711329fe, org.springframework.security.web.context.request.async.WebAsyncManagerIntegrationFilter@2088e339, org.springframework.security.web.context.SecurityContextHolderFilter@737652a9, org.springframework.security.web.header.HeaderWriterFilter@3776c917, org.springframework.web.filter.CorsFilter@37c5e2e6, org.springframework.security.web.csrf.CsrfFilter@d6de944, org.springframework.security.web.authentication.logout.LogoutFilter@6565691a, org.springframework.security.web.authentication.UsernamePasswordAuthenticationFilter@34ec33f4, org.springframework.security.web.savedrequest.RequestCacheAwareFilter@377fca35, org.springframework.security.web.servletapi.SecurityContextHolderAwareRequestFilter@48c8c722, org.springframework.security.web.authentication.rememberme.RememberMeAuthenticationFilter@18f90bd8, org.springframework.security.web.authentication.AnonymousAuthenticationFilter@342cc706, org.springframework.security.web.access.ExceptionTranslationFilter@ae449e7, org.springframework.security.web.access.intercept.AuthorizationFilter@60b90fd3]] (1/1)
2024-03-10T12:57:25.899+02:00 DEBUG 10308 --- [    Test worker] o.s.security.web.FilterChainProxy        : Securing GET /robotics/directions
2024-03-10T12:57:25.900+02:00 TRACE 10308 --- [    Test worker] o.s.security.web.FilterChainProxy        : Invoking DisableEncodeUrlFilter (1/14)
2024-03-10T12:57:25.901+02:00 TRACE 10308 --- [    Test worker] o.s.security.web.FilterChainProxy        : Invoking WebAsyncManagerIntegrationFilter (2/14)
2024-03-10T12:57:25.902+02:00 TRACE 10308 --- [    Test worker] o.s.security.web.FilterChainProxy        : Invoking SecurityContextHolderFilter (3/14)
2024-03-10T12:57:25.902+02:00 TRACE 10308 --- [    Test worker] o.s.security.web.FilterChainProxy        : Invoking HeaderWriterFilter (4/14)
2024-03-10T12:57:25.911+02:00 TRACE 10308 --- [    Test worker] o.s.security.web.FilterChainProxy        : Invoking CorsFilter (5/14)
2024-03-10T12:57:25.912+02:00 TRACE 10308 --- [    Test worker] o.s.security.web.FilterChainProxy        : Invoking CsrfFilter (6/14)
2024-03-10T12:57:25.912+02:00 TRACE 10308 --- [    Test worker] o.s.security.web.csrf.CsrfFilter         : Did not protect against CSRF since request did not match CsrfNotRequired [TRACE, HEAD, GET, OPTIONS]
2024-03-10T12:57:25.913+02:00 TRACE 10308 --- [    Test worker] o.s.security.web.FilterChainProxy        : Invoking LogoutFilter (7/14)
2024-03-10T12:57:25.913+02:00 TRACE 10308 --- [    Test worker] o.s.s.w.a.logout.LogoutFilter            : Did not match request to Ant [pattern='/users/logout', POST]
2024-03-10T12:57:25.913+02:00 TRACE 10308 --- [    Test worker] o.s.security.web.FilterChainProxy        : Invoking UsernamePasswordAuthenticationFilter (8/14)
2024-03-10T12:57:25.914+02:00 TRACE 10308 --- [    Test worker] w.a.UsernamePasswordAuthenticationFilter : Did not match request to Ant [pattern='/users/login', POST]
2024-03-10T12:57:25.914+02:00 TRACE 10308 --- [    Test worker] o.s.security.web.FilterChainProxy        : Invoking RequestCacheAwareFilter (9/14)
2024-03-10T12:57:25.914+02:00 TRACE 10308 --- [    Test worker] o.s.s.w.s.HttpSessionRequestCache        : matchingRequestParameterName is required for getMatchingRequest to lookup a value, but not provided
2024-03-10T12:57:25.914+02:00 TRACE 10308 --- [    Test worker] o.s.security.web.FilterChainProxy        : Invoking SecurityContextHolderAwareRequestFilter (10/14)
2024-03-10T12:57:25.915+02:00 TRACE 10308 --- [    Test worker] o.s.security.web.FilterChainProxy        : Invoking RememberMeAuthenticationFilter (11/14)
2024-03-10T12:57:25.916+02:00 TRACE 10308 --- [    Test worker] w.c.HttpSessionSecurityContextRepository : Retrieved SecurityContextImpl [Authentication=UsernamePasswordAuthenticationToken [Principal=org.springframework.security.core.userdetails.User [Username=user, Password=[PROTECTED], Enabled=true, AccountNonExpired=true, CredentialsNonExpired=true, AccountNonLocked=true, Granted Authorities=[ROLE_User]], Credentials=[PROTECTED], Authenticated=true, Details=null, Granted Authorities=[ROLE_User]]] from SPRING_SECURITY_CONTEXT
2024-03-10T12:57:25.916+02:00 DEBUG 10308 --- [    Test worker] s.s.w.a.r.RememberMeAuthenticationFilter : SecurityContextHolder not populated with remember-me token, as it already contained: 'UsernamePasswordAuthenticationToken [Principal=org.springframework.security.core.userdetails.User [Username=user, Password=[PROTECTED], Enabled=true, AccountNonExpired=true, CredentialsNonExpired=true, AccountNonLocked=true, Granted Authorities=[ROLE_User]], Credentials=[PROTECTED], Authenticated=true, Details=null, Granted Authorities=[ROLE_User]]'
2024-03-10T12:57:25.916+02:00 TRACE 10308 --- [    Test worker] o.s.security.web.FilterChainProxy        : Invoking AnonymousAuthenticationFilter (12/14)
2024-03-10T12:57:25.917+02:00 TRACE 10308 --- [    Test worker] o.s.security.web.FilterChainProxy        : Invoking ExceptionTranslationFilter (13/14)
2024-03-10T12:57:25.919+02:00 TRACE 10308 --- [    Test worker] o.s.security.web.FilterChainProxy        : Invoking AuthorizationFilter (14/14)
2024-03-10T12:57:25.919+02:00 TRACE 10308 --- [    Test worker] estMatcherDelegatingAuthorizationManager : Authorizing SecurityContextHolderAwareRequestWrapper[ org.springframework.security.web.header.HeaderWriterFilter$HeaderWriterRequest@3d29a22d]
2024-03-10T12:57:25.920+02:00 TRACE 10308 --- [    Test worker] estMatcherDelegatingAuthorizationManager : Checking authorization on SecurityContextHolderAwareRequestWrapper[ org.springframework.security.web.header.HeaderWriterFilter$HeaderWriterRequest@3d29a22d] using org.springframework.security.authorization.AuthenticatedAuthorizationManager@2f71cdc0
2024-03-10T12:57:25.920+02:00 TRACE 10308 --- [    Test worker] o.s.s.w.a.AnonymousAuthenticationFilter  : Did not set SecurityContextHolder since already authenticated UsernamePasswordAuthenticationToken [Principal=org.springframework.security.core.userdetails.User [Username=user, Password=[PROTECTED], Enabled=true, AccountNonExpired=true, CredentialsNonExpired=true, AccountNonLocked=true, Granted Authorities=[ROLE_User]], Credentials=[PROTECTED], Authenticated=true, Details=null, Granted Authorities=[ROLE_User]]
2024-03-10T12:57:25.920+02:00 DEBUG 10308 --- [    Test worker] o.s.security.web.FilterChainProxy        : Secured GET /robotics/directions
2024-03-10T12:57:25.954+02:00 TRACE 10308 --- [    Test worker] o.s.s.w.header.writers.HstsHeaderWriter  : Not injecting HSTS header since it did not match request to [Is Secure]
]]></system-out>
  <system-err><![CDATA[]]></system-err>
</testsuite>
