<?xml version="1.0" encoding="UTF-8"?>
<testsuite name="com.example.roboworld.web.RoboticsControllerTest" tests="5" skipped="0" failures="0" errors="0" timestamp="2024-03-22T16:45:20" hostname="VANESAILIEVA" time="0.418">
  <properties/>
  <testcase name="testGetEtymology()" classname="com.example.roboworld.web.RoboticsControllerTest" time="0.07"/>
  <testcase name="testGetUsage()" classname="com.example.roboworld.web.RoboticsControllerTest" time="0.137"/>
  <testcase name="testGetComponents()" classname="com.example.roboworld.web.RoboticsControllerTest" time="0.067"/>
  <testcase name="testGetHistory()" classname="com.example.roboworld.web.RoboticsControllerTest" time="0.066"/>
  <testcase name="testGetDirections()" classname="com.example.roboworld.web.RoboticsControllerTest" time="0.064"/>
  <system-out><![CDATA[2024-03-22T18:45:20.869+02:00  INFO 23292 --- [    Test worker] t.c.s.AnnotationConfigContextLoaderUtils : Could not detect default configuration classes for test class [com.example.roboworld.web.RoboticsControllerTest]: RoboticsControllerTest does not declare any static, non-private, non-final, nested classes annotated with @Configuration.
2024-03-22T18:45:20.871+02:00  INFO 23292 --- [    Test worker] .b.t.c.SpringBootTestContextBootstrapper : Found @SpringBootConfiguration com.example.roboworld.RobotWorldApplication for test class com.example.roboworld.web.RoboticsControllerTest
2024-03-22T18:45:20.887+02:00 TRACE 23292 --- [    Test worker] w.c.HttpSessionSecurityContextRepository : No HttpSession currently exists
2024-03-22T18:45:20.887+02:00 TRACE 23292 --- [    Test worker] w.c.HttpSessionSecurityContextRepository : Created SecurityContextImpl [Null authentication]
2024-03-22T18:45:20.887+02:00 TRACE 23292 --- [    Test worker] .s.s.w.c.SupplierDeferredSecurityContext : Created SecurityContextImpl [Null authentication]
2024-03-22T18:45:20.887+02:00 DEBUG 23292 --- [    Test worker] w.c.HttpSessionSecurityContextRepository : Created HttpSession as SecurityContext is non-default
2024-03-22T18:45:20.887+02:00 DEBUG 23292 --- [    Test worker] w.c.HttpSessionSecurityContextRepository : Stored SecurityContextImpl [Authentication=UsernamePasswordAuthenticationToken [Principal=org.springframework.security.core.userdetails.User [Username=user, Password=[PROTECTED], Enabled=true, AccountNonExpired=true, CredentialsNonExpired=true, AccountNonLocked=true, Granted Authorities=[ROLE_User]], Credentials=[PROTECTED], Authenticated=true, Details=null, Granted Authorities=[ROLE_User]]] to HttpSession [org.springframework.mock.web.MockHttpSession@72621df0]
2024-03-22T18:45:20.889+02:00 TRACE 23292 --- [    Test worker] o.s.security.web.FilterChainProxy        : Trying to match request against DefaultSecurityFilterChain [RequestMatcher=any request, Filters=[org.springframework.security.web.session.DisableEncodeUrlFilter@d5b9704, org.springframework.security.web.context.request.async.WebAsyncManagerIntegrationFilter@326471ab, org.springframework.security.web.context.SecurityContextHolderFilter@98be09f, org.springframework.security.web.header.HeaderWriterFilter@1f7e6c3a, org.springframework.web.filter.CorsFilter@66af6b7b, org.springframework.security.web.csrf.CsrfFilter@44a83ca4, org.springframework.security.web.authentication.logout.LogoutFilter@6ac3ceda, org.springframework.security.web.authentication.UsernamePasswordAuthenticationFilter@285290a1, org.springframework.security.web.savedrequest.RequestCacheAwareFilter@2acec770, org.springframework.security.web.servletapi.SecurityContextHolderAwareRequestFilter@5b481d77, org.springframework.security.web.authentication.rememberme.RememberMeAuthenticationFilter@647b7f63, org.springframework.security.web.authentication.AnonymousAuthenticationFilter@5e232d07, org.springframework.security.web.access.ExceptionTranslationFilter@47a1b2f7, org.springframework.security.web.access.intercept.AuthorizationFilter@789f27e5]] (1/1)
2024-03-22T18:45:20.889+02:00 DEBUG 23292 --- [    Test worker] o.s.security.web.FilterChainProxy        : Securing GET /robotics/etymology
2024-03-22T18:45:20.889+02:00 TRACE 23292 --- [    Test worker] o.s.security.web.FilterChainProxy        : Invoking DisableEncodeUrlFilter (1/14)
2024-03-22T18:45:20.889+02:00 TRACE 23292 --- [    Test worker] o.s.security.web.FilterChainProxy        : Invoking WebAsyncManagerIntegrationFilter (2/14)
2024-03-22T18:45:20.890+02:00 TRACE 23292 --- [    Test worker] o.s.security.web.FilterChainProxy        : Invoking SecurityContextHolderFilter (3/14)
2024-03-22T18:45:20.890+02:00 TRACE 23292 --- [    Test worker] o.s.security.web.FilterChainProxy        : Invoking HeaderWriterFilter (4/14)
2024-03-22T18:45:20.890+02:00 TRACE 23292 --- [    Test worker] o.s.security.web.FilterChainProxy        : Invoking CorsFilter (5/14)
2024-03-22T18:45:20.890+02:00 TRACE 23292 --- [    Test worker] o.s.security.web.FilterChainProxy        : Invoking CsrfFilter (6/14)
2024-03-22T18:45:20.890+02:00 TRACE 23292 --- [    Test worker] o.s.security.web.csrf.CsrfFilter         : Did not protect against CSRF since request did not match CsrfNotRequired [TRACE, HEAD, GET, OPTIONS]
2024-03-22T18:45:20.890+02:00 TRACE 23292 --- [    Test worker] o.s.security.web.FilterChainProxy        : Invoking LogoutFilter (7/14)
2024-03-22T18:45:20.890+02:00 TRACE 23292 --- [    Test worker] o.s.s.w.a.logout.LogoutFilter            : Did not match request to Ant [pattern='/users/logout', POST]
2024-03-22T18:45:20.890+02:00 TRACE 23292 --- [    Test worker] o.s.security.web.FilterChainProxy        : Invoking UsernamePasswordAuthenticationFilter (8/14)
2024-03-22T18:45:20.890+02:00 TRACE 23292 --- [    Test worker] w.a.UsernamePasswordAuthenticationFilter : Did not match request to Ant [pattern='/users/login', POST]
2024-03-22T18:45:20.890+02:00 TRACE 23292 --- [    Test worker] o.s.security.web.FilterChainProxy        : Invoking RequestCacheAwareFilter (9/14)
2024-03-22T18:45:20.890+02:00 TRACE 23292 --- [    Test worker] o.s.s.w.s.HttpSessionRequestCache        : matchingRequestParameterName is required for getMatchingRequest to lookup a value, but not provided
2024-03-22T18:45:20.890+02:00 TRACE 23292 --- [    Test worker] o.s.security.web.FilterChainProxy        : Invoking SecurityContextHolderAwareRequestFilter (10/14)
2024-03-22T18:45:20.890+02:00 TRACE 23292 --- [    Test worker] o.s.security.web.FilterChainProxy        : Invoking RememberMeAuthenticationFilter (11/14)
2024-03-22T18:45:20.890+02:00 TRACE 23292 --- [    Test worker] w.c.HttpSessionSecurityContextRepository : Retrieved SecurityContextImpl [Authentication=UsernamePasswordAuthenticationToken [Principal=org.springframework.security.core.userdetails.User [Username=user, Password=[PROTECTED], Enabled=true, AccountNonExpired=true, CredentialsNonExpired=true, AccountNonLocked=true, Granted Authorities=[ROLE_User]], Credentials=[PROTECTED], Authenticated=true, Details=null, Granted Authorities=[ROLE_User]]] from SPRING_SECURITY_CONTEXT
2024-03-22T18:45:20.890+02:00 DEBUG 23292 --- [    Test worker] s.s.w.a.r.RememberMeAuthenticationFilter : SecurityContextHolder not populated with remember-me token, as it already contained: 'UsernamePasswordAuthenticationToken [Principal=org.springframework.security.core.userdetails.User [Username=user, Password=[PROTECTED], Enabled=true, AccountNonExpired=true, CredentialsNonExpired=true, AccountNonLocked=true, Granted Authorities=[ROLE_User]], Credentials=[PROTECTED], Authenticated=true, Details=null, Granted Authorities=[ROLE_User]]'
2024-03-22T18:45:20.890+02:00 TRACE 23292 --- [    Test worker] o.s.security.web.FilterChainProxy        : Invoking AnonymousAuthenticationFilter (12/14)
2024-03-22T18:45:20.890+02:00 TRACE 23292 --- [    Test worker] o.s.security.web.FilterChainProxy        : Invoking ExceptionTranslationFilter (13/14)
2024-03-22T18:45:20.890+02:00 TRACE 23292 --- [    Test worker] o.s.security.web.FilterChainProxy        : Invoking AuthorizationFilter (14/14)
2024-03-22T18:45:20.890+02:00 TRACE 23292 --- [    Test worker] estMatcherDelegatingAuthorizationManager : Authorizing SecurityContextHolderAwareRequestWrapper[ org.springframework.security.web.header.HeaderWriterFilter$HeaderWriterRequest@5c7f8c9f]
2024-03-22T18:45:20.890+02:00 TRACE 23292 --- [    Test worker] estMatcherDelegatingAuthorizationManager : Checking authorization on SecurityContextHolderAwareRequestWrapper[ org.springframework.security.web.header.HeaderWriterFilter$HeaderWriterRequest@5c7f8c9f] using org.springframework.security.config.annotation.web.configurers.AuthorizeHttpRequestsConfigurer$$Lambda$1504/0x000000080161b520@2ce33999
2024-03-22T18:45:20.891+02:00 DEBUG 23292 --- [    Test worker] o.s.security.web.FilterChainProxy        : Secured GET /robotics/etymology
2024-03-22T18:45:20.929+02:00 TRACE 23292 --- [    Test worker] o.s.s.w.a.AnonymousAuthenticationFilter  : Did not set SecurityContextHolder since already authenticated UsernamePasswordAuthenticationToken [Principal=org.springframework.security.core.userdetails.User [Username=user, Password=[PROTECTED], Enabled=true, AccountNonExpired=true, CredentialsNonExpired=true, AccountNonLocked=true, Granted Authorities=[ROLE_User]], Credentials=[PROTECTED], Authenticated=true, Details=null, Granted Authorities=[ROLE_User]]
2024-03-22T18:45:20.934+02:00 TRACE 23292 --- [    Test worker] o.s.s.w.header.writers.HstsHeaderWriter  : Not injecting HSTS header since it did not match request to [Is Secure]
2024-03-22T18:45:20.959+02:00 TRACE 23292 --- [    Test worker] w.c.HttpSessionSecurityContextRepository : No HttpSession currently exists
2024-03-22T18:45:20.959+02:00 TRACE 23292 --- [    Test worker] w.c.HttpSessionSecurityContextRepository : Created SecurityContextImpl [Null authentication]
2024-03-22T18:45:20.959+02:00 TRACE 23292 --- [    Test worker] .s.s.w.c.SupplierDeferredSecurityContext : Created SecurityContextImpl [Null authentication]
2024-03-22T18:45:20.959+02:00 DEBUG 23292 --- [    Test worker] w.c.HttpSessionSecurityContextRepository : Created HttpSession as SecurityContext is non-default
2024-03-22T18:45:20.960+02:00 DEBUG 23292 --- [    Test worker] w.c.HttpSessionSecurityContextRepository : Stored SecurityContextImpl [Authentication=UsernamePasswordAuthenticationToken [Principal=org.springframework.security.core.userdetails.User [Username=user, Password=[PROTECTED], Enabled=true, AccountNonExpired=true, CredentialsNonExpired=true, AccountNonLocked=true, Granted Authorities=[ROLE_User]], Credentials=[PROTECTED], Authenticated=true, Details=null, Granted Authorities=[ROLE_User]]] to HttpSession [org.springframework.mock.web.MockHttpSession@2d796279]
2024-03-22T18:45:20.962+02:00 TRACE 23292 --- [    Test worker] o.s.security.web.FilterChainProxy        : Trying to match request against DefaultSecurityFilterChain [RequestMatcher=any request, Filters=[org.springframework.security.web.session.DisableEncodeUrlFilter@d5b9704, org.springframework.security.web.context.request.async.WebAsyncManagerIntegrationFilter@326471ab, org.springframework.security.web.context.SecurityContextHolderFilter@98be09f, org.springframework.security.web.header.HeaderWriterFilter@1f7e6c3a, org.springframework.web.filter.CorsFilter@66af6b7b, org.springframework.security.web.csrf.CsrfFilter@44a83ca4, org.springframework.security.web.authentication.logout.LogoutFilter@6ac3ceda, org.springframework.security.web.authentication.UsernamePasswordAuthenticationFilter@285290a1, org.springframework.security.web.savedrequest.RequestCacheAwareFilter@2acec770, org.springframework.security.web.servletapi.SecurityContextHolderAwareRequestFilter@5b481d77, org.springframework.security.web.authentication.rememberme.RememberMeAuthenticationFilter@647b7f63, org.springframework.security.web.authentication.AnonymousAuthenticationFilter@5e232d07, org.springframework.security.web.access.ExceptionTranslationFilter@47a1b2f7, org.springframework.security.web.access.intercept.AuthorizationFilter@789f27e5]] (1/1)
2024-03-22T18:45:20.962+02:00 DEBUG 23292 --- [    Test worker] o.s.security.web.FilterChainProxy        : Securing GET /robotics/usage
2024-03-22T18:45:20.962+02:00 TRACE 23292 --- [    Test worker] o.s.security.web.FilterChainProxy        : Invoking DisableEncodeUrlFilter (1/14)
2024-03-22T18:45:20.963+02:00 TRACE 23292 --- [    Test worker] o.s.security.web.FilterChainProxy        : Invoking WebAsyncManagerIntegrationFilter (2/14)
2024-03-22T18:45:20.963+02:00 TRACE 23292 --- [    Test worker] o.s.security.web.FilterChainProxy        : Invoking SecurityContextHolderFilter (3/14)
2024-03-22T18:45:20.963+02:00 TRACE 23292 --- [    Test worker] o.s.security.web.FilterChainProxy        : Invoking HeaderWriterFilter (4/14)
2024-03-22T18:45:20.963+02:00 TRACE 23292 --- [    Test worker] o.s.security.web.FilterChainProxy        : Invoking CorsFilter (5/14)
2024-03-22T18:45:20.963+02:00 TRACE 23292 --- [    Test worker] o.s.security.web.FilterChainProxy        : Invoking CsrfFilter (6/14)
2024-03-22T18:45:20.963+02:00 TRACE 23292 --- [    Test worker] o.s.security.web.csrf.CsrfFilter         : Did not protect against CSRF since request did not match CsrfNotRequired [TRACE, HEAD, GET, OPTIONS]
2024-03-22T18:45:20.963+02:00 TRACE 23292 --- [    Test worker] o.s.security.web.FilterChainProxy        : Invoking LogoutFilter (7/14)
2024-03-22T18:45:20.963+02:00 TRACE 23292 --- [    Test worker] o.s.s.w.a.logout.LogoutFilter            : Did not match request to Ant [pattern='/users/logout', POST]
2024-03-22T18:45:20.963+02:00 TRACE 23292 --- [    Test worker] o.s.security.web.FilterChainProxy        : Invoking UsernamePasswordAuthenticationFilter (8/14)
2024-03-22T18:45:20.963+02:00 TRACE 23292 --- [    Test worker] w.a.UsernamePasswordAuthenticationFilter : Did not match request to Ant [pattern='/users/login', POST]
2024-03-22T18:45:20.963+02:00 TRACE 23292 --- [    Test worker] o.s.security.web.FilterChainProxy        : Invoking RequestCacheAwareFilter (9/14)
2024-03-22T18:45:20.964+02:00 TRACE 23292 --- [    Test worker] o.s.s.w.s.HttpSessionRequestCache        : matchingRequestParameterName is required for getMatchingRequest to lookup a value, but not provided
2024-03-22T18:45:20.964+02:00 TRACE 23292 --- [    Test worker] o.s.security.web.FilterChainProxy        : Invoking SecurityContextHolderAwareRequestFilter (10/14)
2024-03-22T18:45:20.964+02:00 TRACE 23292 --- [    Test worker] o.s.security.web.FilterChainProxy        : Invoking RememberMeAuthenticationFilter (11/14)
2024-03-22T18:45:20.965+02:00 TRACE 23292 --- [    Test worker] w.c.HttpSessionSecurityContextRepository : Retrieved SecurityContextImpl [Authentication=UsernamePasswordAuthenticationToken [Principal=org.springframework.security.core.userdetails.User [Username=user, Password=[PROTECTED], Enabled=true, AccountNonExpired=true, CredentialsNonExpired=true, AccountNonLocked=true, Granted Authorities=[ROLE_User]], Credentials=[PROTECTED], Authenticated=true, Details=null, Granted Authorities=[ROLE_User]]] from SPRING_SECURITY_CONTEXT
2024-03-22T18:45:20.965+02:00 DEBUG 23292 --- [    Test worker] s.s.w.a.r.RememberMeAuthenticationFilter : SecurityContextHolder not populated with remember-me token, as it already contained: 'UsernamePasswordAuthenticationToken [Principal=org.springframework.security.core.userdetails.User [Username=user, Password=[PROTECTED], Enabled=true, AccountNonExpired=true, CredentialsNonExpired=true, AccountNonLocked=true, Granted Authorities=[ROLE_User]], Credentials=[PROTECTED], Authenticated=true, Details=null, Granted Authorities=[ROLE_User]]'
2024-03-22T18:45:20.965+02:00 TRACE 23292 --- [    Test worker] o.s.security.web.FilterChainProxy        : Invoking AnonymousAuthenticationFilter (12/14)
2024-03-22T18:45:20.965+02:00 TRACE 23292 --- [    Test worker] o.s.security.web.FilterChainProxy        : Invoking ExceptionTranslationFilter (13/14)
2024-03-22T18:45:20.965+02:00 TRACE 23292 --- [    Test worker] o.s.security.web.FilterChainProxy        : Invoking AuthorizationFilter (14/14)
2024-03-22T18:45:20.965+02:00 TRACE 23292 --- [    Test worker] estMatcherDelegatingAuthorizationManager : Authorizing SecurityContextHolderAwareRequestWrapper[ org.springframework.security.web.header.HeaderWriterFilter$HeaderWriterRequest@a24e874]
2024-03-22T18:45:20.966+02:00 TRACE 23292 --- [    Test worker] estMatcherDelegatingAuthorizationManager : Checking authorization on SecurityContextHolderAwareRequestWrapper[ org.springframework.security.web.header.HeaderWriterFilter$HeaderWriterRequest@a24e874] using org.springframework.security.config.annotation.web.configurers.AuthorizeHttpRequestsConfigurer$$Lambda$1504/0x000000080161b520@2ce33999
2024-03-22T18:45:20.966+02:00 DEBUG 23292 --- [    Test worker] o.s.security.web.FilterChainProxy        : Secured GET /robotics/usage
2024-03-22T18:45:21.064+02:00 TRACE 23292 --- [    Test worker] o.s.s.w.a.AnonymousAuthenticationFilter  : Did not set SecurityContextHolder since already authenticated UsernamePasswordAuthenticationToken [Principal=org.springframework.security.core.userdetails.User [Username=user, Password=[PROTECTED], Enabled=true, AccountNonExpired=true, CredentialsNonExpired=true, AccountNonLocked=true, Granted Authorities=[ROLE_User]], Credentials=[PROTECTED], Authenticated=true, Details=null, Granted Authorities=[ROLE_User]]
2024-03-22T18:45:21.070+02:00 TRACE 23292 --- [    Test worker] o.s.s.w.header.writers.HstsHeaderWriter  : Not injecting HSTS header since it did not match request to [Is Secure]
2024-03-22T18:45:21.100+02:00 TRACE 23292 --- [    Test worker] w.c.HttpSessionSecurityContextRepository : No HttpSession currently exists
2024-03-22T18:45:21.100+02:00 TRACE 23292 --- [    Test worker] w.c.HttpSessionSecurityContextRepository : Created SecurityContextImpl [Null authentication]
2024-03-22T18:45:21.100+02:00 TRACE 23292 --- [    Test worker] .s.s.w.c.SupplierDeferredSecurityContext : Created SecurityContextImpl [Null authentication]
2024-03-22T18:45:21.100+02:00 DEBUG 23292 --- [    Test worker] w.c.HttpSessionSecurityContextRepository : Created HttpSession as SecurityContext is non-default
2024-03-22T18:45:21.100+02:00 DEBUG 23292 --- [    Test worker] w.c.HttpSessionSecurityContextRepository : Stored SecurityContextImpl [Authentication=UsernamePasswordAuthenticationToken [Principal=org.springframework.security.core.userdetails.User [Username=user, Password=[PROTECTED], Enabled=true, AccountNonExpired=true, CredentialsNonExpired=true, AccountNonLocked=true, Granted Authorities=[ROLE_User]], Credentials=[PROTECTED], Authenticated=true, Details=null, Granted Authorities=[ROLE_User]]] to HttpSession [org.springframework.mock.web.MockHttpSession@f8740f5]
2024-03-22T18:45:21.102+02:00 TRACE 23292 --- [    Test worker] o.s.security.web.FilterChainProxy        : Trying to match request against DefaultSecurityFilterChain [RequestMatcher=any request, Filters=[org.springframework.security.web.session.DisableEncodeUrlFilter@d5b9704, org.springframework.security.web.context.request.async.WebAsyncManagerIntegrationFilter@326471ab, org.springframework.security.web.context.SecurityContextHolderFilter@98be09f, org.springframework.security.web.header.HeaderWriterFilter@1f7e6c3a, org.springframework.web.filter.CorsFilter@66af6b7b, org.springframework.security.web.csrf.CsrfFilter@44a83ca4, org.springframework.security.web.authentication.logout.LogoutFilter@6ac3ceda, org.springframework.security.web.authentication.UsernamePasswordAuthenticationFilter@285290a1, org.springframework.security.web.savedrequest.RequestCacheAwareFilter@2acec770, org.springframework.security.web.servletapi.SecurityContextHolderAwareRequestFilter@5b481d77, org.springframework.security.web.authentication.rememberme.RememberMeAuthenticationFilter@647b7f63, org.springframework.security.web.authentication.AnonymousAuthenticationFilter@5e232d07, org.springframework.security.web.access.ExceptionTranslationFilter@47a1b2f7, org.springframework.security.web.access.intercept.AuthorizationFilter@789f27e5]] (1/1)
2024-03-22T18:45:21.102+02:00 DEBUG 23292 --- [    Test worker] o.s.security.web.FilterChainProxy        : Securing GET /robotics/components
2024-03-22T18:45:21.102+02:00 TRACE 23292 --- [    Test worker] o.s.security.web.FilterChainProxy        : Invoking DisableEncodeUrlFilter (1/14)
2024-03-22T18:45:21.102+02:00 TRACE 23292 --- [    Test worker] o.s.security.web.FilterChainProxy        : Invoking WebAsyncManagerIntegrationFilter (2/14)
2024-03-22T18:45:21.102+02:00 TRACE 23292 --- [    Test worker] o.s.security.web.FilterChainProxy        : Invoking SecurityContextHolderFilter (3/14)
2024-03-22T18:45:21.102+02:00 TRACE 23292 --- [    Test worker] o.s.security.web.FilterChainProxy        : Invoking HeaderWriterFilter (4/14)
2024-03-22T18:45:21.102+02:00 TRACE 23292 --- [    Test worker] o.s.security.web.FilterChainProxy        : Invoking CorsFilter (5/14)
2024-03-22T18:45:21.102+02:00 TRACE 23292 --- [    Test worker] o.s.security.web.FilterChainProxy        : Invoking CsrfFilter (6/14)
2024-03-22T18:45:21.102+02:00 TRACE 23292 --- [    Test worker] o.s.security.web.csrf.CsrfFilter         : Did not protect against CSRF since request did not match CsrfNotRequired [TRACE, HEAD, GET, OPTIONS]
2024-03-22T18:45:21.103+02:00 TRACE 23292 --- [    Test worker] o.s.security.web.FilterChainProxy        : Invoking LogoutFilter (7/14)
2024-03-22T18:45:21.103+02:00 TRACE 23292 --- [    Test worker] o.s.s.w.a.logout.LogoutFilter            : Did not match request to Ant [pattern='/users/logout', POST]
2024-03-22T18:45:21.103+02:00 TRACE 23292 --- [    Test worker] o.s.security.web.FilterChainProxy        : Invoking UsernamePasswordAuthenticationFilter (8/14)
2024-03-22T18:45:21.103+02:00 TRACE 23292 --- [    Test worker] w.a.UsernamePasswordAuthenticationFilter : Did not match request to Ant [pattern='/users/login', POST]
2024-03-22T18:45:21.103+02:00 TRACE 23292 --- [    Test worker] o.s.security.web.FilterChainProxy        : Invoking RequestCacheAwareFilter (9/14)
2024-03-22T18:45:21.103+02:00 TRACE 23292 --- [    Test worker] o.s.s.w.s.HttpSessionRequestCache        : matchingRequestParameterName is required for getMatchingRequest to lookup a value, but not provided
2024-03-22T18:45:21.104+02:00 TRACE 23292 --- [    Test worker] o.s.security.web.FilterChainProxy        : Invoking SecurityContextHolderAwareRequestFilter (10/14)
2024-03-22T18:45:21.104+02:00 TRACE 23292 --- [    Test worker] o.s.security.web.FilterChainProxy        : Invoking RememberMeAuthenticationFilter (11/14)
2024-03-22T18:45:21.104+02:00 TRACE 23292 --- [    Test worker] w.c.HttpSessionSecurityContextRepository : Retrieved SecurityContextImpl [Authentication=UsernamePasswordAuthenticationToken [Principal=org.springframework.security.core.userdetails.User [Username=user, Password=[PROTECTED], Enabled=true, AccountNonExpired=true, CredentialsNonExpired=true, AccountNonLocked=true, Granted Authorities=[ROLE_User]], Credentials=[PROTECTED], Authenticated=true, Details=null, Granted Authorities=[ROLE_User]]] from SPRING_SECURITY_CONTEXT
2024-03-22T18:45:21.104+02:00 DEBUG 23292 --- [    Test worker] s.s.w.a.r.RememberMeAuthenticationFilter : SecurityContextHolder not populated with remember-me token, as it already contained: 'UsernamePasswordAuthenticationToken [Principal=org.springframework.security.core.userdetails.User [Username=user, Password=[PROTECTED], Enabled=true, AccountNonExpired=true, CredentialsNonExpired=true, AccountNonLocked=true, Granted Authorities=[ROLE_User]], Credentials=[PROTECTED], Authenticated=true, Details=null, Granted Authorities=[ROLE_User]]'
2024-03-22T18:45:21.104+02:00 TRACE 23292 --- [    Test worker] o.s.security.web.FilterChainProxy        : Invoking AnonymousAuthenticationFilter (12/14)
2024-03-22T18:45:21.104+02:00 TRACE 23292 --- [    Test worker] o.s.security.web.FilterChainProxy        : Invoking ExceptionTranslationFilter (13/14)
2024-03-22T18:45:21.104+02:00 TRACE 23292 --- [    Test worker] o.s.security.web.FilterChainProxy        : Invoking AuthorizationFilter (14/14)
2024-03-22T18:45:21.104+02:00 TRACE 23292 --- [    Test worker] estMatcherDelegatingAuthorizationManager : Authorizing SecurityContextHolderAwareRequestWrapper[ org.springframework.security.web.header.HeaderWriterFilter$HeaderWriterRequest@22cd7e39]
2024-03-22T18:45:21.104+02:00 TRACE 23292 --- [    Test worker] estMatcherDelegatingAuthorizationManager : Checking authorization on SecurityContextHolderAwareRequestWrapper[ org.springframework.security.web.header.HeaderWriterFilter$HeaderWriterRequest@22cd7e39] using org.springframework.security.config.annotation.web.configurers.AuthorizeHttpRequestsConfigurer$$Lambda$1504/0x000000080161b520@2ce33999
2024-03-22T18:45:21.105+02:00 DEBUG 23292 --- [    Test worker] o.s.security.web.FilterChainProxy        : Secured GET /robotics/components
2024-03-22T18:45:21.125+02:00 TRACE 23292 --- [    Test worker] o.s.s.w.a.AnonymousAuthenticationFilter  : Did not set SecurityContextHolder since already authenticated UsernamePasswordAuthenticationToken [Principal=org.springframework.security.core.userdetails.User [Username=user, Password=[PROTECTED], Enabled=true, AccountNonExpired=true, CredentialsNonExpired=true, AccountNonLocked=true, Granted Authorities=[ROLE_User]], Credentials=[PROTECTED], Authenticated=true, Details=null, Granted Authorities=[ROLE_User]]
2024-03-22T18:45:21.131+02:00 TRACE 23292 --- [    Test worker] o.s.s.w.header.writers.HstsHeaderWriter  : Not injecting HSTS header since it did not match request to [Is Secure]
2024-03-22T18:45:21.170+02:00 TRACE 23292 --- [    Test worker] w.c.HttpSessionSecurityContextRepository : No HttpSession currently exists
2024-03-22T18:45:21.171+02:00 TRACE 23292 --- [    Test worker] w.c.HttpSessionSecurityContextRepository : Created SecurityContextImpl [Null authentication]
2024-03-22T18:45:21.171+02:00 TRACE 23292 --- [    Test worker] .s.s.w.c.SupplierDeferredSecurityContext : Created SecurityContextImpl [Null authentication]
2024-03-22T18:45:21.171+02:00 DEBUG 23292 --- [    Test worker] w.c.HttpSessionSecurityContextRepository : Created HttpSession as SecurityContext is non-default
2024-03-22T18:45:21.171+02:00 DEBUG 23292 --- [    Test worker] w.c.HttpSessionSecurityContextRepository : Stored SecurityContextImpl [Authentication=UsernamePasswordAuthenticationToken [Principal=org.springframework.security.core.userdetails.User [Username=user, Password=[PROTECTED], Enabled=true, AccountNonExpired=true, CredentialsNonExpired=true, AccountNonLocked=true, Granted Authorities=[ROLE_User]], Credentials=[PROTECTED], Authenticated=true, Details=null, Granted Authorities=[ROLE_User]]] to HttpSession [org.springframework.mock.web.MockHttpSession@68a06679]
2024-03-22T18:45:21.174+02:00 TRACE 23292 --- [    Test worker] o.s.security.web.FilterChainProxy        : Trying to match request against DefaultSecurityFilterChain [RequestMatcher=any request, Filters=[org.springframework.security.web.session.DisableEncodeUrlFilter@d5b9704, org.springframework.security.web.context.request.async.WebAsyncManagerIntegrationFilter@326471ab, org.springframework.security.web.context.SecurityContextHolderFilter@98be09f, org.springframework.security.web.header.HeaderWriterFilter@1f7e6c3a, org.springframework.web.filter.CorsFilter@66af6b7b, org.springframework.security.web.csrf.CsrfFilter@44a83ca4, org.springframework.security.web.authentication.logout.LogoutFilter@6ac3ceda, org.springframework.security.web.authentication.UsernamePasswordAuthenticationFilter@285290a1, org.springframework.security.web.savedrequest.RequestCacheAwareFilter@2acec770, org.springframework.security.web.servletapi.SecurityContextHolderAwareRequestFilter@5b481d77, org.springframework.security.web.authentication.rememberme.RememberMeAuthenticationFilter@647b7f63, org.springframework.security.web.authentication.AnonymousAuthenticationFilter@5e232d07, org.springframework.security.web.access.ExceptionTranslationFilter@47a1b2f7, org.springframework.security.web.access.intercept.AuthorizationFilter@789f27e5]] (1/1)
2024-03-22T18:45:21.174+02:00 DEBUG 23292 --- [    Test worker] o.s.security.web.FilterChainProxy        : Securing GET /robotics/history
2024-03-22T18:45:21.176+02:00 TRACE 23292 --- [    Test worker] o.s.security.web.FilterChainProxy        : Invoking DisableEncodeUrlFilter (1/14)
2024-03-22T18:45:21.176+02:00 TRACE 23292 --- [    Test worker] o.s.security.web.FilterChainProxy        : Invoking WebAsyncManagerIntegrationFilter (2/14)
2024-03-22T18:45:21.177+02:00 TRACE 23292 --- [    Test worker] o.s.security.web.FilterChainProxy        : Invoking SecurityContextHolderFilter (3/14)
2024-03-22T18:45:21.182+02:00 TRACE 23292 --- [    Test worker] o.s.security.web.FilterChainProxy        : Invoking HeaderWriterFilter (4/14)
2024-03-22T18:45:21.184+02:00 TRACE 23292 --- [    Test worker] o.s.security.web.FilterChainProxy        : Invoking CorsFilter (5/14)
2024-03-22T18:45:21.184+02:00 TRACE 23292 --- [    Test worker] o.s.security.web.FilterChainProxy        : Invoking CsrfFilter (6/14)
2024-03-22T18:45:21.185+02:00 TRACE 23292 --- [    Test worker] o.s.security.web.csrf.CsrfFilter         : Did not protect against CSRF since request did not match CsrfNotRequired [TRACE, HEAD, GET, OPTIONS]
2024-03-22T18:45:21.186+02:00 TRACE 23292 --- [    Test worker] o.s.security.web.FilterChainProxy        : Invoking LogoutFilter (7/14)
2024-03-22T18:45:21.186+02:00 TRACE 23292 --- [    Test worker] o.s.s.w.a.logout.LogoutFilter            : Did not match request to Ant [pattern='/users/logout', POST]
2024-03-22T18:45:21.188+02:00 TRACE 23292 --- [    Test worker] o.s.security.web.FilterChainProxy        : Invoking UsernamePasswordAuthenticationFilter (8/14)
2024-03-22T18:45:21.188+02:00 TRACE 23292 --- [    Test worker] w.a.UsernamePasswordAuthenticationFilter : Did not match request to Ant [pattern='/users/login', POST]
2024-03-22T18:45:21.188+02:00 TRACE 23292 --- [    Test worker] o.s.security.web.FilterChainProxy        : Invoking RequestCacheAwareFilter (9/14)
2024-03-22T18:45:21.188+02:00 TRACE 23292 --- [    Test worker] o.s.s.w.s.HttpSessionRequestCache        : matchingRequestParameterName is required for getMatchingRequest to lookup a value, but not provided
2024-03-22T18:45:21.188+02:00 TRACE 23292 --- [    Test worker] o.s.security.web.FilterChainProxy        : Invoking SecurityContextHolderAwareRequestFilter (10/14)
2024-03-22T18:45:21.189+02:00 TRACE 23292 --- [    Test worker] o.s.security.web.FilterChainProxy        : Invoking RememberMeAuthenticationFilter (11/14)
2024-03-22T18:45:21.190+02:00 TRACE 23292 --- [    Test worker] w.c.HttpSessionSecurityContextRepository : Retrieved SecurityContextImpl [Authentication=UsernamePasswordAuthenticationToken [Principal=org.springframework.security.core.userdetails.User [Username=user, Password=[PROTECTED], Enabled=true, AccountNonExpired=true, CredentialsNonExpired=true, AccountNonLocked=true, Granted Authorities=[ROLE_User]], Credentials=[PROTECTED], Authenticated=true, Details=null, Granted Authorities=[ROLE_User]]] from SPRING_SECURITY_CONTEXT
2024-03-22T18:45:21.190+02:00 DEBUG 23292 --- [    Test worker] s.s.w.a.r.RememberMeAuthenticationFilter : SecurityContextHolder not populated with remember-me token, as it already contained: 'UsernamePasswordAuthenticationToken [Principal=org.springframework.security.core.userdetails.User [Username=user, Password=[PROTECTED], Enabled=true, AccountNonExpired=true, CredentialsNonExpired=true, AccountNonLocked=true, Granted Authorities=[ROLE_User]], Credentials=[PROTECTED], Authenticated=true, Details=null, Granted Authorities=[ROLE_User]]'
2024-03-22T18:45:21.191+02:00 TRACE 23292 --- [    Test worker] o.s.security.web.FilterChainProxy        : Invoking AnonymousAuthenticationFilter (12/14)
2024-03-22T18:45:21.191+02:00 TRACE 23292 --- [    Test worker] o.s.security.web.FilterChainProxy        : Invoking ExceptionTranslationFilter (13/14)
2024-03-22T18:45:21.192+02:00 TRACE 23292 --- [    Test worker] o.s.security.web.FilterChainProxy        : Invoking AuthorizationFilter (14/14)
2024-03-22T18:45:21.194+02:00 TRACE 23292 --- [    Test worker] estMatcherDelegatingAuthorizationManager : Authorizing SecurityContextHolderAwareRequestWrapper[ org.springframework.security.web.header.HeaderWriterFilter$HeaderWriterRequest@2155e1e2]
2024-03-22T18:45:21.195+02:00 TRACE 23292 --- [    Test worker] estMatcherDelegatingAuthorizationManager : Checking authorization on SecurityContextHolderAwareRequestWrapper[ org.springframework.security.web.header.HeaderWriterFilter$HeaderWriterRequest@2155e1e2] using org.springframework.security.config.annotation.web.configurers.AuthorizeHttpRequestsConfigurer$$Lambda$1504/0x000000080161b520@2ce33999
2024-03-22T18:45:21.196+02:00 DEBUG 23292 --- [    Test worker] o.s.security.web.FilterChainProxy        : Secured GET /robotics/history
2024-03-22T18:45:21.214+02:00 TRACE 23292 --- [    Test worker] o.s.s.w.a.AnonymousAuthenticationFilter  : Did not set SecurityContextHolder since already authenticated UsernamePasswordAuthenticationToken [Principal=org.springframework.security.core.userdetails.User [Username=user, Password=[PROTECTED], Enabled=true, AccountNonExpired=true, CredentialsNonExpired=true, AccountNonLocked=true, Granted Authorities=[ROLE_User]], Credentials=[PROTECTED], Authenticated=true, Details=null, Granted Authorities=[ROLE_User]]
2024-03-22T18:45:21.222+02:00 TRACE 23292 --- [    Test worker] o.s.s.w.header.writers.HstsHeaderWriter  : Not injecting HSTS header since it did not match request to [Is Secure]
2024-03-22T18:45:21.238+02:00 TRACE 23292 --- [    Test worker] w.c.HttpSessionSecurityContextRepository : No HttpSession currently exists
2024-03-22T18:45:21.238+02:00 TRACE 23292 --- [    Test worker] w.c.HttpSessionSecurityContextRepository : Created SecurityContextImpl [Null authentication]
2024-03-22T18:45:21.238+02:00 TRACE 23292 --- [    Test worker] .s.s.w.c.SupplierDeferredSecurityContext : Created SecurityContextImpl [Null authentication]
2024-03-22T18:45:21.238+02:00 DEBUG 23292 --- [    Test worker] w.c.HttpSessionSecurityContextRepository : Created HttpSession as SecurityContext is non-default
2024-03-22T18:45:21.238+02:00 DEBUG 23292 --- [    Test worker] w.c.HttpSessionSecurityContextRepository : Stored SecurityContextImpl [Authentication=UsernamePasswordAuthenticationToken [Principal=org.springframework.security.core.userdetails.User [Username=user, Password=[PROTECTED], Enabled=true, AccountNonExpired=true, CredentialsNonExpired=true, AccountNonLocked=true, Granted Authorities=[ROLE_User]], Credentials=[PROTECTED], Authenticated=true, Details=null, Granted Authorities=[ROLE_User]]] to HttpSession [org.springframework.mock.web.MockHttpSession@41aa0ede]
2024-03-22T18:45:21.239+02:00 TRACE 23292 --- [    Test worker] o.s.security.web.FilterChainProxy        : Trying to match request against DefaultSecurityFilterChain [RequestMatcher=any request, Filters=[org.springframework.security.web.session.DisableEncodeUrlFilter@d5b9704, org.springframework.security.web.context.request.async.WebAsyncManagerIntegrationFilter@326471ab, org.springframework.security.web.context.SecurityContextHolderFilter@98be09f, org.springframework.security.web.header.HeaderWriterFilter@1f7e6c3a, org.springframework.web.filter.CorsFilter@66af6b7b, org.springframework.security.web.csrf.CsrfFilter@44a83ca4, org.springframework.security.web.authentication.logout.LogoutFilter@6ac3ceda, org.springframework.security.web.authentication.UsernamePasswordAuthenticationFilter@285290a1, org.springframework.security.web.savedrequest.RequestCacheAwareFilter@2acec770, org.springframework.security.web.servletapi.SecurityContextHolderAwareRequestFilter@5b481d77, org.springframework.security.web.authentication.rememberme.RememberMeAuthenticationFilter@647b7f63, org.springframework.security.web.authentication.AnonymousAuthenticationFilter@5e232d07, org.springframework.security.web.access.ExceptionTranslationFilter@47a1b2f7, org.springframework.security.web.access.intercept.AuthorizationFilter@789f27e5]] (1/1)
2024-03-22T18:45:21.239+02:00 DEBUG 23292 --- [    Test worker] o.s.security.web.FilterChainProxy        : Securing GET /robotics/directions
2024-03-22T18:45:21.239+02:00 TRACE 23292 --- [    Test worker] o.s.security.web.FilterChainProxy        : Invoking DisableEncodeUrlFilter (1/14)
2024-03-22T18:45:21.239+02:00 TRACE 23292 --- [    Test worker] o.s.security.web.FilterChainProxy        : Invoking WebAsyncManagerIntegrationFilter (2/14)
2024-03-22T18:45:21.239+02:00 TRACE 23292 --- [    Test worker] o.s.security.web.FilterChainProxy        : Invoking SecurityContextHolderFilter (3/14)
2024-03-22T18:45:21.239+02:00 TRACE 23292 --- [    Test worker] o.s.security.web.FilterChainProxy        : Invoking HeaderWriterFilter (4/14)
2024-03-22T18:45:21.239+02:00 TRACE 23292 --- [    Test worker] o.s.security.web.FilterChainProxy        : Invoking CorsFilter (5/14)
2024-03-22T18:45:21.239+02:00 TRACE 23292 --- [    Test worker] o.s.security.web.FilterChainProxy        : Invoking CsrfFilter (6/14)
2024-03-22T18:45:21.239+02:00 TRACE 23292 --- [    Test worker] o.s.security.web.csrf.CsrfFilter         : Did not protect against CSRF since request did not match CsrfNotRequired [TRACE, HEAD, GET, OPTIONS]
2024-03-22T18:45:21.239+02:00 TRACE 23292 --- [    Test worker] o.s.security.web.FilterChainProxy        : Invoking LogoutFilter (7/14)
2024-03-22T18:45:21.239+02:00 TRACE 23292 --- [    Test worker] o.s.s.w.a.logout.LogoutFilter            : Did not match request to Ant [pattern='/users/logout', POST]
2024-03-22T18:45:21.239+02:00 TRACE 23292 --- [    Test worker] o.s.security.web.FilterChainProxy        : Invoking UsernamePasswordAuthenticationFilter (8/14)
2024-03-22T18:45:21.240+02:00 TRACE 23292 --- [    Test worker] w.a.UsernamePasswordAuthenticationFilter : Did not match request to Ant [pattern='/users/login', POST]
2024-03-22T18:45:21.240+02:00 TRACE 23292 --- [    Test worker] o.s.security.web.FilterChainProxy        : Invoking RequestCacheAwareFilter (9/14)
2024-03-22T18:45:21.240+02:00 TRACE 23292 --- [    Test worker] o.s.s.w.s.HttpSessionRequestCache        : matchingRequestParameterName is required for getMatchingRequest to lookup a value, but not provided
2024-03-22T18:45:21.240+02:00 TRACE 23292 --- [    Test worker] o.s.security.web.FilterChainProxy        : Invoking SecurityContextHolderAwareRequestFilter (10/14)
2024-03-22T18:45:21.240+02:00 TRACE 23292 --- [    Test worker] o.s.security.web.FilterChainProxy        : Invoking RememberMeAuthenticationFilter (11/14)
2024-03-22T18:45:21.240+02:00 TRACE 23292 --- [    Test worker] w.c.HttpSessionSecurityContextRepository : Retrieved SecurityContextImpl [Authentication=UsernamePasswordAuthenticationToken [Principal=org.springframework.security.core.userdetails.User [Username=user, Password=[PROTECTED], Enabled=true, AccountNonExpired=true, CredentialsNonExpired=true, AccountNonLocked=true, Granted Authorities=[ROLE_User]], Credentials=[PROTECTED], Authenticated=true, Details=null, Granted Authorities=[ROLE_User]]] from SPRING_SECURITY_CONTEXT
2024-03-22T18:45:21.240+02:00 DEBUG 23292 --- [    Test worker] s.s.w.a.r.RememberMeAuthenticationFilter : SecurityContextHolder not populated with remember-me token, as it already contained: 'UsernamePasswordAuthenticationToken [Principal=org.springframework.security.core.userdetails.User [Username=user, Password=[PROTECTED], Enabled=true, AccountNonExpired=true, CredentialsNonExpired=true, AccountNonLocked=true, Granted Authorities=[ROLE_User]], Credentials=[PROTECTED], Authenticated=true, Details=null, Granted Authorities=[ROLE_User]]'
2024-03-22T18:45:21.240+02:00 TRACE 23292 --- [    Test worker] o.s.security.web.FilterChainProxy        : Invoking AnonymousAuthenticationFilter (12/14)
2024-03-22T18:45:21.240+02:00 TRACE 23292 --- [    Test worker] o.s.security.web.FilterChainProxy        : Invoking ExceptionTranslationFilter (13/14)
2024-03-22T18:45:21.240+02:00 TRACE 23292 --- [    Test worker] o.s.security.web.FilterChainProxy        : Invoking AuthorizationFilter (14/14)
2024-03-22T18:45:21.240+02:00 TRACE 23292 --- [    Test worker] estMatcherDelegatingAuthorizationManager : Authorizing SecurityContextHolderAwareRequestWrapper[ org.springframework.security.web.header.HeaderWriterFilter$HeaderWriterRequest@22e1da08]
2024-03-22T18:45:21.240+02:00 TRACE 23292 --- [    Test worker] estMatcherDelegatingAuthorizationManager : Checking authorization on SecurityContextHolderAwareRequestWrapper[ org.springframework.security.web.header.HeaderWriterFilter$HeaderWriterRequest@22e1da08] using org.springframework.security.config.annotation.web.configurers.AuthorizeHttpRequestsConfigurer$$Lambda$1504/0x000000080161b520@2ce33999
2024-03-22T18:45:21.240+02:00 DEBUG 23292 --- [    Test worker] o.s.security.web.FilterChainProxy        : Secured GET /robotics/directions
2024-03-22T18:45:21.273+02:00 TRACE 23292 --- [    Test worker] o.s.s.w.a.AnonymousAuthenticationFilter  : Did not set SecurityContextHolder since already authenticated UsernamePasswordAuthenticationToken [Principal=org.springframework.security.core.userdetails.User [Username=user, Password=[PROTECTED], Enabled=true, AccountNonExpired=true, CredentialsNonExpired=true, AccountNonLocked=true, Granted Authorities=[ROLE_User]], Credentials=[PROTECTED], Authenticated=true, Details=null, Granted Authorities=[ROLE_User]]
2024-03-22T18:45:21.275+02:00 TRACE 23292 --- [    Test worker] o.s.s.w.header.writers.HstsHeaderWriter  : Not injecting HSTS header since it did not match request to [Is Secure]
]]></system-out>
  <system-err><![CDATA[]]></system-err>
</testsuite>
