<?xml version="1.0" encoding="UTF-8"?>
<testsuite name="com.example.roboworld.web.RoboticsControllerTest" tests="5" skipped="0" failures="0" errors="0" timestamp="2024-03-09T10:41:51" hostname="VANESAILIEVA" time="0.222">
  <properties/>
  <testcase name="testGetEtymology()" classname="com.example.roboworld.web.RoboticsControllerTest" time="0.048"/>
  <testcase name="testGetUsage()" classname="com.example.roboworld.web.RoboticsControllerTest" time="0.033"/>
  <testcase name="testGetComponents()" classname="com.example.roboworld.web.RoboticsControllerTest" time="0.057"/>
  <testcase name="testGetHistory()" classname="com.example.roboworld.web.RoboticsControllerTest" time="0.035"/>
  <testcase name="testGetDirections()" classname="com.example.roboworld.web.RoboticsControllerTest" time="0.045"/>
  <system-out><![CDATA[2024-03-09T12:41:51.718+02:00  INFO 3772 --- [    Test worker] t.c.s.AnnotationConfigContextLoaderUtils : Could not detect default configuration classes for test class [com.example.roboworld.web.RoboticsControllerTest]: RoboticsControllerTest does not declare any static, non-private, non-final, nested classes annotated with @Configuration.
2024-03-09T12:41:51.719+02:00  INFO 3772 --- [    Test worker] .b.t.c.SpringBootTestContextBootstrapper : Found @SpringBootConfiguration com.example.roboworld.RobotWorldApplication for test class com.example.roboworld.web.RoboticsControllerTest
2024-03-09T12:41:51.724+02:00 TRACE 3772 --- [    Test worker] w.c.HttpSessionSecurityContextRepository : No HttpSession currently exists
2024-03-09T12:41:51.724+02:00 TRACE 3772 --- [    Test worker] w.c.HttpSessionSecurityContextRepository : Created SecurityContextImpl [Null authentication]
2024-03-09T12:41:51.725+02:00 TRACE 3772 --- [    Test worker] .s.s.w.c.SupplierDeferredSecurityContext : Created SecurityContextImpl [Null authentication]
2024-03-09T12:41:51.725+02:00 DEBUG 3772 --- [    Test worker] w.c.HttpSessionSecurityContextRepository : Created HttpSession as SecurityContext is non-default
2024-03-09T12:41:51.725+02:00 DEBUG 3772 --- [    Test worker] w.c.HttpSessionSecurityContextRepository : Stored SecurityContextImpl [Authentication=UsernamePasswordAuthenticationToken [Principal=org.springframework.security.core.userdetails.User [Username=user, Password=[PROTECTED], Enabled=true, AccountNonExpired=true, CredentialsNonExpired=true, AccountNonLocked=true, Granted Authorities=[ROLE_User]], Credentials=[PROTECTED], Authenticated=true, Details=null, Granted Authorities=[ROLE_User]]] to HttpSession [org.springframework.mock.web.MockHttpSession@3fe42f64]
2024-03-09T12:41:51.726+02:00 TRACE 3772 --- [    Test worker] o.s.security.web.FilterChainProxy        : Trying to match request against DefaultSecurityFilterChain [RequestMatcher=any request, Filters=[org.springframework.security.web.session.DisableEncodeUrlFilter@20bd4fd2, org.springframework.security.web.context.request.async.WebAsyncManagerIntegrationFilter@69cd4267, org.springframework.security.web.context.SecurityContextHolderFilter@7d3d89fb, org.springframework.security.web.header.HeaderWriterFilter@603042a5, org.springframework.web.filter.CorsFilter@1ebb6e20, org.springframework.security.web.csrf.CsrfFilter@2d0ed017, org.springframework.security.web.authentication.logout.LogoutFilter@2f42f20f, org.springframework.security.web.authentication.UsernamePasswordAuthenticationFilter@75c90ec5, org.springframework.security.web.savedrequest.RequestCacheAwareFilter@5757ef9b, org.springframework.security.web.servletapi.SecurityContextHolderAwareRequestFilter@62a30701, org.springframework.security.web.authentication.rememberme.RememberMeAuthenticationFilter@2dad7323, org.springframework.security.web.authentication.AnonymousAuthenticationFilter@85420, org.springframework.security.web.access.ExceptionTranslationFilter@5cfb4b71, org.springframework.security.web.access.intercept.AuthorizationFilter@271ced5f]] (1/1)
2024-03-09T12:41:51.726+02:00 DEBUG 3772 --- [    Test worker] o.s.security.web.FilterChainProxy        : Securing GET /robotics/etymology
2024-03-09T12:41:51.726+02:00 TRACE 3772 --- [    Test worker] o.s.security.web.FilterChainProxy        : Invoking DisableEncodeUrlFilter (1/14)
2024-03-09T12:41:51.726+02:00 TRACE 3772 --- [    Test worker] o.s.security.web.FilterChainProxy        : Invoking WebAsyncManagerIntegrationFilter (2/14)
2024-03-09T12:41:51.726+02:00 TRACE 3772 --- [    Test worker] o.s.security.web.FilterChainProxy        : Invoking SecurityContextHolderFilter (3/14)
2024-03-09T12:41:51.726+02:00 TRACE 3772 --- [    Test worker] o.s.security.web.FilterChainProxy        : Invoking HeaderWriterFilter (4/14)
2024-03-09T12:41:51.726+02:00 TRACE 3772 --- [    Test worker] o.s.security.web.FilterChainProxy        : Invoking CorsFilter (5/14)
2024-03-09T12:41:51.726+02:00 TRACE 3772 --- [    Test worker] o.s.security.web.FilterChainProxy        : Invoking CsrfFilter (6/14)
2024-03-09T12:41:51.726+02:00 TRACE 3772 --- [    Test worker] o.s.security.web.csrf.CsrfFilter         : Did not protect against CSRF since request did not match CsrfNotRequired [TRACE, HEAD, GET, OPTIONS]
2024-03-09T12:41:51.726+02:00 TRACE 3772 --- [    Test worker] o.s.security.web.FilterChainProxy        : Invoking LogoutFilter (7/14)
2024-03-09T12:41:51.726+02:00 TRACE 3772 --- [    Test worker] o.s.s.w.a.logout.LogoutFilter            : Did not match request to Ant [pattern='/users/logout', POST]
2024-03-09T12:41:51.726+02:00 TRACE 3772 --- [    Test worker] o.s.security.web.FilterChainProxy        : Invoking UsernamePasswordAuthenticationFilter (8/14)
2024-03-09T12:41:51.726+02:00 TRACE 3772 --- [    Test worker] w.a.UsernamePasswordAuthenticationFilter : Did not match request to Ant [pattern='/users/login', POST]
2024-03-09T12:41:51.728+02:00 TRACE 3772 --- [    Test worker] o.s.security.web.FilterChainProxy        : Invoking RequestCacheAwareFilter (9/14)
2024-03-09T12:41:51.728+02:00 TRACE 3772 --- [    Test worker] o.s.s.w.s.HttpSessionRequestCache        : matchingRequestParameterName is required for getMatchingRequest to lookup a value, but not provided
2024-03-09T12:41:51.728+02:00 TRACE 3772 --- [    Test worker] o.s.security.web.FilterChainProxy        : Invoking SecurityContextHolderAwareRequestFilter (10/14)
2024-03-09T12:41:51.728+02:00 TRACE 3772 --- [    Test worker] o.s.security.web.FilterChainProxy        : Invoking RememberMeAuthenticationFilter (11/14)
2024-03-09T12:41:51.728+02:00 TRACE 3772 --- [    Test worker] w.c.HttpSessionSecurityContextRepository : Retrieved SecurityContextImpl [Authentication=UsernamePasswordAuthenticationToken [Principal=org.springframework.security.core.userdetails.User [Username=user, Password=[PROTECTED], Enabled=true, AccountNonExpired=true, CredentialsNonExpired=true, AccountNonLocked=true, Granted Authorities=[ROLE_User]], Credentials=[PROTECTED], Authenticated=true, Details=null, Granted Authorities=[ROLE_User]]] from SPRING_SECURITY_CONTEXT
2024-03-09T12:41:51.728+02:00 DEBUG 3772 --- [    Test worker] s.s.w.a.r.RememberMeAuthenticationFilter : SecurityContextHolder not populated with remember-me token, as it already contained: 'UsernamePasswordAuthenticationToken [Principal=org.springframework.security.core.userdetails.User [Username=user, Password=[PROTECTED], Enabled=true, AccountNonExpired=true, CredentialsNonExpired=true, AccountNonLocked=true, Granted Authorities=[ROLE_User]], Credentials=[PROTECTED], Authenticated=true, Details=null, Granted Authorities=[ROLE_User]]'
2024-03-09T12:41:51.728+02:00 TRACE 3772 --- [    Test worker] o.s.security.web.FilterChainProxy        : Invoking AnonymousAuthenticationFilter (12/14)
2024-03-09T12:41:51.729+02:00 TRACE 3772 --- [    Test worker] o.s.security.web.FilterChainProxy        : Invoking ExceptionTranslationFilter (13/14)
2024-03-09T12:41:51.729+02:00 TRACE 3772 --- [    Test worker] o.s.security.web.FilterChainProxy        : Invoking AuthorizationFilter (14/14)
2024-03-09T12:41:51.729+02:00 TRACE 3772 --- [    Test worker] estMatcherDelegatingAuthorizationManager : Authorizing SecurityContextHolderAwareRequestWrapper[ org.springframework.security.web.header.HeaderWriterFilter$HeaderWriterRequest@44709ca4]
2024-03-09T12:41:51.729+02:00 TRACE 3772 --- [    Test worker] estMatcherDelegatingAuthorizationManager : Checking authorization on SecurityContextHolderAwareRequestWrapper[ org.springframework.security.web.header.HeaderWriterFilter$HeaderWriterRequest@44709ca4] using org.springframework.security.authorization.AuthenticatedAuthorizationManager@4d35f066
2024-03-09T12:41:51.729+02:00 TRACE 3772 --- [    Test worker] o.s.s.w.a.AnonymousAuthenticationFilter  : Did not set SecurityContextHolder since already authenticated UsernamePasswordAuthenticationToken [Principal=org.springframework.security.core.userdetails.User [Username=user, Password=[PROTECTED], Enabled=true, AccountNonExpired=true, CredentialsNonExpired=true, AccountNonLocked=true, Granted Authorities=[ROLE_User]], Credentials=[PROTECTED], Authenticated=true, Details=null, Granted Authorities=[ROLE_User]]
2024-03-09T12:41:51.730+02:00 DEBUG 3772 --- [    Test worker] o.s.security.web.FilterChainProxy        : Secured GET /robotics/etymology
2024-03-09T12:41:51.755+02:00 TRACE 3772 --- [    Test worker] o.s.s.w.header.writers.HstsHeaderWriter  : Not injecting HSTS header since it did not match request to [Is Secure]
2024-03-09T12:41:51.773+02:00 TRACE 3772 --- [    Test worker] w.c.HttpSessionSecurityContextRepository : No HttpSession currently exists
2024-03-09T12:41:51.773+02:00 TRACE 3772 --- [    Test worker] w.c.HttpSessionSecurityContextRepository : Created SecurityContextImpl [Null authentication]
2024-03-09T12:41:51.773+02:00 TRACE 3772 --- [    Test worker] .s.s.w.c.SupplierDeferredSecurityContext : Created SecurityContextImpl [Null authentication]
2024-03-09T12:41:51.773+02:00 DEBUG 3772 --- [    Test worker] w.c.HttpSessionSecurityContextRepository : Created HttpSession as SecurityContext is non-default
2024-03-09T12:41:51.773+02:00 DEBUG 3772 --- [    Test worker] w.c.HttpSessionSecurityContextRepository : Stored SecurityContextImpl [Authentication=UsernamePasswordAuthenticationToken [Principal=org.springframework.security.core.userdetails.User [Username=user, Password=[PROTECTED], Enabled=true, AccountNonExpired=true, CredentialsNonExpired=true, AccountNonLocked=true, Granted Authorities=[ROLE_User]], Credentials=[PROTECTED], Authenticated=true, Details=null, Granted Authorities=[ROLE_User]]] to HttpSession [org.springframework.mock.web.MockHttpSession@66bd6746]
2024-03-09T12:41:51.774+02:00 TRACE 3772 --- [    Test worker] o.s.security.web.FilterChainProxy        : Trying to match request against DefaultSecurityFilterChain [RequestMatcher=any request, Filters=[org.springframework.security.web.session.DisableEncodeUrlFilter@20bd4fd2, org.springframework.security.web.context.request.async.WebAsyncManagerIntegrationFilter@69cd4267, org.springframework.security.web.context.SecurityContextHolderFilter@7d3d89fb, org.springframework.security.web.header.HeaderWriterFilter@603042a5, org.springframework.web.filter.CorsFilter@1ebb6e20, org.springframework.security.web.csrf.CsrfFilter@2d0ed017, org.springframework.security.web.authentication.logout.LogoutFilter@2f42f20f, org.springframework.security.web.authentication.UsernamePasswordAuthenticationFilter@75c90ec5, org.springframework.security.web.savedrequest.RequestCacheAwareFilter@5757ef9b, org.springframework.security.web.servletapi.SecurityContextHolderAwareRequestFilter@62a30701, org.springframework.security.web.authentication.rememberme.RememberMeAuthenticationFilter@2dad7323, org.springframework.security.web.authentication.AnonymousAuthenticationFilter@85420, org.springframework.security.web.access.ExceptionTranslationFilter@5cfb4b71, org.springframework.security.web.access.intercept.AuthorizationFilter@271ced5f]] (1/1)
2024-03-09T12:41:51.774+02:00 DEBUG 3772 --- [    Test worker] o.s.security.web.FilterChainProxy        : Securing GET /robotics/usage
2024-03-09T12:41:51.774+02:00 TRACE 3772 --- [    Test worker] o.s.security.web.FilterChainProxy        : Invoking DisableEncodeUrlFilter (1/14)
2024-03-09T12:41:51.775+02:00 TRACE 3772 --- [    Test worker] o.s.security.web.FilterChainProxy        : Invoking WebAsyncManagerIntegrationFilter (2/14)
2024-03-09T12:41:51.775+02:00 TRACE 3772 --- [    Test worker] o.s.security.web.FilterChainProxy        : Invoking SecurityContextHolderFilter (3/14)
2024-03-09T12:41:51.775+02:00 TRACE 3772 --- [    Test worker] o.s.security.web.FilterChainProxy        : Invoking HeaderWriterFilter (4/14)
2024-03-09T12:41:51.775+02:00 TRACE 3772 --- [    Test worker] o.s.security.web.FilterChainProxy        : Invoking CorsFilter (5/14)
2024-03-09T12:41:51.775+02:00 TRACE 3772 --- [    Test worker] o.s.security.web.FilterChainProxy        : Invoking CsrfFilter (6/14)
2024-03-09T12:41:51.775+02:00 TRACE 3772 --- [    Test worker] o.s.security.web.csrf.CsrfFilter         : Did not protect against CSRF since request did not match CsrfNotRequired [TRACE, HEAD, GET, OPTIONS]
2024-03-09T12:41:51.775+02:00 TRACE 3772 --- [    Test worker] o.s.security.web.FilterChainProxy        : Invoking LogoutFilter (7/14)
2024-03-09T12:41:51.775+02:00 TRACE 3772 --- [    Test worker] o.s.s.w.a.logout.LogoutFilter            : Did not match request to Ant [pattern='/users/logout', POST]
2024-03-09T12:41:51.775+02:00 TRACE 3772 --- [    Test worker] o.s.security.web.FilterChainProxy        : Invoking UsernamePasswordAuthenticationFilter (8/14)
2024-03-09T12:41:51.775+02:00 TRACE 3772 --- [    Test worker] w.a.UsernamePasswordAuthenticationFilter : Did not match request to Ant [pattern='/users/login', POST]
2024-03-09T12:41:51.775+02:00 TRACE 3772 --- [    Test worker] o.s.security.web.FilterChainProxy        : Invoking RequestCacheAwareFilter (9/14)
2024-03-09T12:41:51.775+02:00 TRACE 3772 --- [    Test worker] o.s.s.w.s.HttpSessionRequestCache        : matchingRequestParameterName is required for getMatchingRequest to lookup a value, but not provided
2024-03-09T12:41:51.775+02:00 TRACE 3772 --- [    Test worker] o.s.security.web.FilterChainProxy        : Invoking SecurityContextHolderAwareRequestFilter (10/14)
2024-03-09T12:41:51.775+02:00 TRACE 3772 --- [    Test worker] o.s.security.web.FilterChainProxy        : Invoking RememberMeAuthenticationFilter (11/14)
2024-03-09T12:41:51.775+02:00 TRACE 3772 --- [    Test worker] w.c.HttpSessionSecurityContextRepository : Retrieved SecurityContextImpl [Authentication=UsernamePasswordAuthenticationToken [Principal=org.springframework.security.core.userdetails.User [Username=user, Password=[PROTECTED], Enabled=true, AccountNonExpired=true, CredentialsNonExpired=true, AccountNonLocked=true, Granted Authorities=[ROLE_User]], Credentials=[PROTECTED], Authenticated=true, Details=null, Granted Authorities=[ROLE_User]]] from SPRING_SECURITY_CONTEXT
2024-03-09T12:41:51.776+02:00 DEBUG 3772 --- [    Test worker] s.s.w.a.r.RememberMeAuthenticationFilter : SecurityContextHolder not populated with remember-me token, as it already contained: 'UsernamePasswordAuthenticationToken [Principal=org.springframework.security.core.userdetails.User [Username=user, Password=[PROTECTED], Enabled=true, AccountNonExpired=true, CredentialsNonExpired=true, AccountNonLocked=true, Granted Authorities=[ROLE_User]], Credentials=[PROTECTED], Authenticated=true, Details=null, Granted Authorities=[ROLE_User]]'
2024-03-09T12:41:51.776+02:00 TRACE 3772 --- [    Test worker] o.s.security.web.FilterChainProxy        : Invoking AnonymousAuthenticationFilter (12/14)
2024-03-09T12:41:51.776+02:00 TRACE 3772 --- [    Test worker] o.s.security.web.FilterChainProxy        : Invoking ExceptionTranslationFilter (13/14)
2024-03-09T12:41:51.776+02:00 TRACE 3772 --- [    Test worker] o.s.security.web.FilterChainProxy        : Invoking AuthorizationFilter (14/14)
2024-03-09T12:41:51.776+02:00 TRACE 3772 --- [    Test worker] estMatcherDelegatingAuthorizationManager : Authorizing SecurityContextHolderAwareRequestWrapper[ org.springframework.security.web.header.HeaderWriterFilter$HeaderWriterRequest@65e3f3eb]
2024-03-09T12:41:51.776+02:00 TRACE 3772 --- [    Test worker] estMatcherDelegatingAuthorizationManager : Checking authorization on SecurityContextHolderAwareRequestWrapper[ org.springframework.security.web.header.HeaderWriterFilter$HeaderWriterRequest@65e3f3eb] using org.springframework.security.authorization.AuthenticatedAuthorizationManager@4d35f066
2024-03-09T12:41:51.776+02:00 TRACE 3772 --- [    Test worker] o.s.s.w.a.AnonymousAuthenticationFilter  : Did not set SecurityContextHolder since already authenticated UsernamePasswordAuthenticationToken [Principal=org.springframework.security.core.userdetails.User [Username=user, Password=[PROTECTED], Enabled=true, AccountNonExpired=true, CredentialsNonExpired=true, AccountNonLocked=true, Granted Authorities=[ROLE_User]], Credentials=[PROTECTED], Authenticated=true, Details=null, Granted Authorities=[ROLE_User]]
2024-03-09T12:41:51.776+02:00 DEBUG 3772 --- [    Test worker] o.s.security.web.FilterChainProxy        : Secured GET /robotics/usage
2024-03-09T12:41:51.792+02:00 TRACE 3772 --- [    Test worker] o.s.s.w.header.writers.HstsHeaderWriter  : Not injecting HSTS header since it did not match request to [Is Secure]
2024-03-09T12:41:51.806+02:00 TRACE 3772 --- [    Test worker] w.c.HttpSessionSecurityContextRepository : No HttpSession currently exists
2024-03-09T12:41:51.806+02:00 TRACE 3772 --- [    Test worker] w.c.HttpSessionSecurityContextRepository : Created SecurityContextImpl [Null authentication]
2024-03-09T12:41:51.806+02:00 TRACE 3772 --- [    Test worker] .s.s.w.c.SupplierDeferredSecurityContext : Created SecurityContextImpl [Null authentication]
2024-03-09T12:41:51.806+02:00 DEBUG 3772 --- [    Test worker] w.c.HttpSessionSecurityContextRepository : Created HttpSession as SecurityContext is non-default
2024-03-09T12:41:51.806+02:00 DEBUG 3772 --- [    Test worker] w.c.HttpSessionSecurityContextRepository : Stored SecurityContextImpl [Authentication=UsernamePasswordAuthenticationToken [Principal=org.springframework.security.core.userdetails.User [Username=user, Password=[PROTECTED], Enabled=true, AccountNonExpired=true, CredentialsNonExpired=true, AccountNonLocked=true, Granted Authorities=[ROLE_User]], Credentials=[PROTECTED], Authenticated=true, Details=null, Granted Authorities=[ROLE_User]]] to HttpSession [org.springframework.mock.web.MockHttpSession@77da004a]
2024-03-09T12:41:51.808+02:00 TRACE 3772 --- [    Test worker] o.s.security.web.FilterChainProxy        : Trying to match request against DefaultSecurityFilterChain [RequestMatcher=any request, Filters=[org.springframework.security.web.session.DisableEncodeUrlFilter@20bd4fd2, org.springframework.security.web.context.request.async.WebAsyncManagerIntegrationFilter@69cd4267, org.springframework.security.web.context.SecurityContextHolderFilter@7d3d89fb, org.springframework.security.web.header.HeaderWriterFilter@603042a5, org.springframework.web.filter.CorsFilter@1ebb6e20, org.springframework.security.web.csrf.CsrfFilter@2d0ed017, org.springframework.security.web.authentication.logout.LogoutFilter@2f42f20f, org.springframework.security.web.authentication.UsernamePasswordAuthenticationFilter@75c90ec5, org.springframework.security.web.savedrequest.RequestCacheAwareFilter@5757ef9b, org.springframework.security.web.servletapi.SecurityContextHolderAwareRequestFilter@62a30701, org.springframework.security.web.authentication.rememberme.RememberMeAuthenticationFilter@2dad7323, org.springframework.security.web.authentication.AnonymousAuthenticationFilter@85420, org.springframework.security.web.access.ExceptionTranslationFilter@5cfb4b71, org.springframework.security.web.access.intercept.AuthorizationFilter@271ced5f]] (1/1)
2024-03-09T12:41:51.808+02:00 DEBUG 3772 --- [    Test worker] o.s.security.web.FilterChainProxy        : Securing GET /robotics/components
2024-03-09T12:41:51.808+02:00 TRACE 3772 --- [    Test worker] o.s.security.web.FilterChainProxy        : Invoking DisableEncodeUrlFilter (1/14)
2024-03-09T12:41:51.808+02:00 TRACE 3772 --- [    Test worker] o.s.security.web.FilterChainProxy        : Invoking WebAsyncManagerIntegrationFilter (2/14)
2024-03-09T12:41:51.810+02:00 TRACE 3772 --- [    Test worker] o.s.security.web.FilterChainProxy        : Invoking SecurityContextHolderFilter (3/14)
2024-03-09T12:41:51.810+02:00 TRACE 3772 --- [    Test worker] o.s.security.web.FilterChainProxy        : Invoking HeaderWriterFilter (4/14)
2024-03-09T12:41:51.810+02:00 TRACE 3772 --- [    Test worker] o.s.security.web.FilterChainProxy        : Invoking CorsFilter (5/14)
2024-03-09T12:41:51.810+02:00 TRACE 3772 --- [    Test worker] o.s.security.web.FilterChainProxy        : Invoking CsrfFilter (6/14)
2024-03-09T12:41:51.810+02:00 TRACE 3772 --- [    Test worker] o.s.security.web.csrf.CsrfFilter         : Did not protect against CSRF since request did not match CsrfNotRequired [TRACE, HEAD, GET, OPTIONS]
2024-03-09T12:41:51.810+02:00 TRACE 3772 --- [    Test worker] o.s.security.web.FilterChainProxy        : Invoking LogoutFilter (7/14)
2024-03-09T12:41:51.811+02:00 TRACE 3772 --- [    Test worker] o.s.s.w.a.logout.LogoutFilter            : Did not match request to Ant [pattern='/users/logout', POST]
2024-03-09T12:41:51.813+02:00 TRACE 3772 --- [    Test worker] o.s.security.web.FilterChainProxy        : Invoking UsernamePasswordAuthenticationFilter (8/14)
2024-03-09T12:41:51.813+02:00 TRACE 3772 --- [    Test worker] w.a.UsernamePasswordAuthenticationFilter : Did not match request to Ant [pattern='/users/login', POST]
2024-03-09T12:41:51.813+02:00 TRACE 3772 --- [    Test worker] o.s.security.web.FilterChainProxy        : Invoking RequestCacheAwareFilter (9/14)
2024-03-09T12:41:51.813+02:00 TRACE 3772 --- [    Test worker] o.s.s.w.s.HttpSessionRequestCache        : matchingRequestParameterName is required for getMatchingRequest to lookup a value, but not provided
2024-03-09T12:41:51.813+02:00 TRACE 3772 --- [    Test worker] o.s.security.web.FilterChainProxy        : Invoking SecurityContextHolderAwareRequestFilter (10/14)
2024-03-09T12:41:51.813+02:00 TRACE 3772 --- [    Test worker] o.s.security.web.FilterChainProxy        : Invoking RememberMeAuthenticationFilter (11/14)
2024-03-09T12:41:51.814+02:00 TRACE 3772 --- [    Test worker] w.c.HttpSessionSecurityContextRepository : Retrieved SecurityContextImpl [Authentication=UsernamePasswordAuthenticationToken [Principal=org.springframework.security.core.userdetails.User [Username=user, Password=[PROTECTED], Enabled=true, AccountNonExpired=true, CredentialsNonExpired=true, AccountNonLocked=true, Granted Authorities=[ROLE_User]], Credentials=[PROTECTED], Authenticated=true, Details=null, Granted Authorities=[ROLE_User]]] from SPRING_SECURITY_CONTEXT
2024-03-09T12:41:51.814+02:00 DEBUG 3772 --- [    Test worker] s.s.w.a.r.RememberMeAuthenticationFilter : SecurityContextHolder not populated with remember-me token, as it already contained: 'UsernamePasswordAuthenticationToken [Principal=org.springframework.security.core.userdetails.User [Username=user, Password=[PROTECTED], Enabled=true, AccountNonExpired=true, CredentialsNonExpired=true, AccountNonLocked=true, Granted Authorities=[ROLE_User]], Credentials=[PROTECTED], Authenticated=true, Details=null, Granted Authorities=[ROLE_User]]'
2024-03-09T12:41:51.814+02:00 TRACE 3772 --- [    Test worker] o.s.security.web.FilterChainProxy        : Invoking AnonymousAuthenticationFilter (12/14)
2024-03-09T12:41:51.814+02:00 TRACE 3772 --- [    Test worker] o.s.security.web.FilterChainProxy        : Invoking ExceptionTranslationFilter (13/14)
2024-03-09T12:41:51.814+02:00 TRACE 3772 --- [    Test worker] o.s.security.web.FilterChainProxy        : Invoking AuthorizationFilter (14/14)
2024-03-09T12:41:51.814+02:00 TRACE 3772 --- [    Test worker] estMatcherDelegatingAuthorizationManager : Authorizing SecurityContextHolderAwareRequestWrapper[ org.springframework.security.web.header.HeaderWriterFilter$HeaderWriterRequest@ddcd9f1]
2024-03-09T12:41:51.814+02:00 TRACE 3772 --- [    Test worker] estMatcherDelegatingAuthorizationManager : Checking authorization on SecurityContextHolderAwareRequestWrapper[ org.springframework.security.web.header.HeaderWriterFilter$HeaderWriterRequest@ddcd9f1] using org.springframework.security.authorization.AuthenticatedAuthorizationManager@4d35f066
2024-03-09T12:41:51.814+02:00 TRACE 3772 --- [    Test worker] o.s.s.w.a.AnonymousAuthenticationFilter  : Did not set SecurityContextHolder since already authenticated UsernamePasswordAuthenticationToken [Principal=org.springframework.security.core.userdetails.User [Username=user, Password=[PROTECTED], Enabled=true, AccountNonExpired=true, CredentialsNonExpired=true, AccountNonLocked=true, Granted Authorities=[ROLE_User]], Credentials=[PROTECTED], Authenticated=true, Details=null, Granted Authorities=[ROLE_User]]
2024-03-09T12:41:51.814+02:00 DEBUG 3772 --- [    Test worker] o.s.security.web.FilterChainProxy        : Secured GET /robotics/components
2024-03-09T12:41:51.834+02:00 TRACE 3772 --- [    Test worker] o.s.s.w.header.writers.HstsHeaderWriter  : Not injecting HSTS header since it did not match request to [Is Secure]
2024-03-09T12:41:51.865+02:00 TRACE 3772 --- [    Test worker] w.c.HttpSessionSecurityContextRepository : No HttpSession currently exists
2024-03-09T12:41:51.865+02:00 TRACE 3772 --- [    Test worker] w.c.HttpSessionSecurityContextRepository : Created SecurityContextImpl [Null authentication]
2024-03-09T12:41:51.865+02:00 TRACE 3772 --- [    Test worker] .s.s.w.c.SupplierDeferredSecurityContext : Created SecurityContextImpl [Null authentication]
2024-03-09T12:41:51.865+02:00 DEBUG 3772 --- [    Test worker] w.c.HttpSessionSecurityContextRepository : Created HttpSession as SecurityContext is non-default
2024-03-09T12:41:51.865+02:00 DEBUG 3772 --- [    Test worker] w.c.HttpSessionSecurityContextRepository : Stored SecurityContextImpl [Authentication=UsernamePasswordAuthenticationToken [Principal=org.springframework.security.core.userdetails.User [Username=user, Password=[PROTECTED], Enabled=true, AccountNonExpired=true, CredentialsNonExpired=true, AccountNonLocked=true, Granted Authorities=[ROLE_User]], Credentials=[PROTECTED], Authenticated=true, Details=null, Granted Authorities=[ROLE_User]]] to HttpSession [org.springframework.mock.web.MockHttpSession@5371083b]
2024-03-09T12:41:51.867+02:00 TRACE 3772 --- [    Test worker] o.s.security.web.FilterChainProxy        : Trying to match request against DefaultSecurityFilterChain [RequestMatcher=any request, Filters=[org.springframework.security.web.session.DisableEncodeUrlFilter@20bd4fd2, org.springframework.security.web.context.request.async.WebAsyncManagerIntegrationFilter@69cd4267, org.springframework.security.web.context.SecurityContextHolderFilter@7d3d89fb, org.springframework.security.web.header.HeaderWriterFilter@603042a5, org.springframework.web.filter.CorsFilter@1ebb6e20, org.springframework.security.web.csrf.CsrfFilter@2d0ed017, org.springframework.security.web.authentication.logout.LogoutFilter@2f42f20f, org.springframework.security.web.authentication.UsernamePasswordAuthenticationFilter@75c90ec5, org.springframework.security.web.savedrequest.RequestCacheAwareFilter@5757ef9b, org.springframework.security.web.servletapi.SecurityContextHolderAwareRequestFilter@62a30701, org.springframework.security.web.authentication.rememberme.RememberMeAuthenticationFilter@2dad7323, org.springframework.security.web.authentication.AnonymousAuthenticationFilter@85420, org.springframework.security.web.access.ExceptionTranslationFilter@5cfb4b71, org.springframework.security.web.access.intercept.AuthorizationFilter@271ced5f]] (1/1)
2024-03-09T12:41:51.867+02:00 DEBUG 3772 --- [    Test worker] o.s.security.web.FilterChainProxy        : Securing GET /robotics/history
2024-03-09T12:41:51.867+02:00 TRACE 3772 --- [    Test worker] o.s.security.web.FilterChainProxy        : Invoking DisableEncodeUrlFilter (1/14)
2024-03-09T12:41:51.867+02:00 TRACE 3772 --- [    Test worker] o.s.security.web.FilterChainProxy        : Invoking WebAsyncManagerIntegrationFilter (2/14)
2024-03-09T12:41:51.867+02:00 TRACE 3772 --- [    Test worker] o.s.security.web.FilterChainProxy        : Invoking SecurityContextHolderFilter (3/14)
2024-03-09T12:41:51.867+02:00 TRACE 3772 --- [    Test worker] o.s.security.web.FilterChainProxy        : Invoking HeaderWriterFilter (4/14)
2024-03-09T12:41:51.867+02:00 TRACE 3772 --- [    Test worker] o.s.security.web.FilterChainProxy        : Invoking CorsFilter (5/14)
2024-03-09T12:41:51.867+02:00 TRACE 3772 --- [    Test worker] o.s.security.web.FilterChainProxy        : Invoking CsrfFilter (6/14)
2024-03-09T12:41:51.867+02:00 TRACE 3772 --- [    Test worker] o.s.security.web.csrf.CsrfFilter         : Did not protect against CSRF since request did not match CsrfNotRequired [TRACE, HEAD, GET, OPTIONS]
2024-03-09T12:41:51.867+02:00 TRACE 3772 --- [    Test worker] o.s.security.web.FilterChainProxy        : Invoking LogoutFilter (7/14)
2024-03-09T12:41:51.867+02:00 TRACE 3772 --- [    Test worker] o.s.s.w.a.logout.LogoutFilter            : Did not match request to Ant [pattern='/users/logout', POST]
2024-03-09T12:41:51.867+02:00 TRACE 3772 --- [    Test worker] o.s.security.web.FilterChainProxy        : Invoking UsernamePasswordAuthenticationFilter (8/14)
2024-03-09T12:41:51.868+02:00 TRACE 3772 --- [    Test worker] w.a.UsernamePasswordAuthenticationFilter : Did not match request to Ant [pattern='/users/login', POST]
2024-03-09T12:41:51.868+02:00 TRACE 3772 --- [    Test worker] o.s.security.web.FilterChainProxy        : Invoking RequestCacheAwareFilter (9/14)
2024-03-09T12:41:51.868+02:00 TRACE 3772 --- [    Test worker] o.s.s.w.s.HttpSessionRequestCache        : matchingRequestParameterName is required for getMatchingRequest to lookup a value, but not provided
2024-03-09T12:41:51.868+02:00 TRACE 3772 --- [    Test worker] o.s.security.web.FilterChainProxy        : Invoking SecurityContextHolderAwareRequestFilter (10/14)
2024-03-09T12:41:51.868+02:00 TRACE 3772 --- [    Test worker] o.s.security.web.FilterChainProxy        : Invoking RememberMeAuthenticationFilter (11/14)
2024-03-09T12:41:51.868+02:00 TRACE 3772 --- [    Test worker] w.c.HttpSessionSecurityContextRepository : Retrieved SecurityContextImpl [Authentication=UsernamePasswordAuthenticationToken [Principal=org.springframework.security.core.userdetails.User [Username=user, Password=[PROTECTED], Enabled=true, AccountNonExpired=true, CredentialsNonExpired=true, AccountNonLocked=true, Granted Authorities=[ROLE_User]], Credentials=[PROTECTED], Authenticated=true, Details=null, Granted Authorities=[ROLE_User]]] from SPRING_SECURITY_CONTEXT
2024-03-09T12:41:51.868+02:00 DEBUG 3772 --- [    Test worker] s.s.w.a.r.RememberMeAuthenticationFilter : SecurityContextHolder not populated with remember-me token, as it already contained: 'UsernamePasswordAuthenticationToken [Principal=org.springframework.security.core.userdetails.User [Username=user, Password=[PROTECTED], Enabled=true, AccountNonExpired=true, CredentialsNonExpired=true, AccountNonLocked=true, Granted Authorities=[ROLE_User]], Credentials=[PROTECTED], Authenticated=true, Details=null, Granted Authorities=[ROLE_User]]'
2024-03-09T12:41:51.868+02:00 TRACE 3772 --- [    Test worker] o.s.security.web.FilterChainProxy        : Invoking AnonymousAuthenticationFilter (12/14)
2024-03-09T12:41:51.868+02:00 TRACE 3772 --- [    Test worker] o.s.security.web.FilterChainProxy        : Invoking ExceptionTranslationFilter (13/14)
2024-03-09T12:41:51.868+02:00 TRACE 3772 --- [    Test worker] o.s.security.web.FilterChainProxy        : Invoking AuthorizationFilter (14/14)
2024-03-09T12:41:51.869+02:00 TRACE 3772 --- [    Test worker] estMatcherDelegatingAuthorizationManager : Authorizing SecurityContextHolderAwareRequestWrapper[ org.springframework.security.web.header.HeaderWriterFilter$HeaderWriterRequest@2568cc21]
2024-03-09T12:41:51.869+02:00 TRACE 3772 --- [    Test worker] estMatcherDelegatingAuthorizationManager : Checking authorization on SecurityContextHolderAwareRequestWrapper[ org.springframework.security.web.header.HeaderWriterFilter$HeaderWriterRequest@2568cc21] using org.springframework.security.authorization.AuthenticatedAuthorizationManager@4d35f066
2024-03-09T12:41:51.869+02:00 TRACE 3772 --- [    Test worker] o.s.s.w.a.AnonymousAuthenticationFilter  : Did not set SecurityContextHolder since already authenticated UsernamePasswordAuthenticationToken [Principal=org.springframework.security.core.userdetails.User [Username=user, Password=[PROTECTED], Enabled=true, AccountNonExpired=true, CredentialsNonExpired=true, AccountNonLocked=true, Granted Authorities=[ROLE_User]], Credentials=[PROTECTED], Authenticated=true, Details=null, Granted Authorities=[ROLE_User]]
2024-03-09T12:41:51.869+02:00 DEBUG 3772 --- [    Test worker] o.s.security.web.FilterChainProxy        : Secured GET /robotics/history
2024-03-09T12:41:51.887+02:00 TRACE 3772 --- [    Test worker] o.s.s.w.header.writers.HstsHeaderWriter  : Not injecting HSTS header since it did not match request to [Is Secure]
2024-03-09T12:41:51.900+02:00 TRACE 3772 --- [    Test worker] w.c.HttpSessionSecurityContextRepository : No HttpSession currently exists
2024-03-09T12:41:51.900+02:00 TRACE 3772 --- [    Test worker] w.c.HttpSessionSecurityContextRepository : Created SecurityContextImpl [Null authentication]
2024-03-09T12:41:51.900+02:00 TRACE 3772 --- [    Test worker] .s.s.w.c.SupplierDeferredSecurityContext : Created SecurityContextImpl [Null authentication]
2024-03-09T12:41:51.900+02:00 DEBUG 3772 --- [    Test worker] w.c.HttpSessionSecurityContextRepository : Created HttpSession as SecurityContext is non-default
2024-03-09T12:41:51.900+02:00 DEBUG 3772 --- [    Test worker] w.c.HttpSessionSecurityContextRepository : Stored SecurityContextImpl [Authentication=UsernamePasswordAuthenticationToken [Principal=org.springframework.security.core.userdetails.User [Username=user, Password=[PROTECTED], Enabled=true, AccountNonExpired=true, CredentialsNonExpired=true, AccountNonLocked=true, Granted Authorities=[ROLE_User]], Credentials=[PROTECTED], Authenticated=true, Details=null, Granted Authorities=[ROLE_User]]] to HttpSession [org.springframework.mock.web.MockHttpSession@c3f234]
2024-03-09T12:41:51.901+02:00 TRACE 3772 --- [    Test worker] o.s.security.web.FilterChainProxy        : Trying to match request against DefaultSecurityFilterChain [RequestMatcher=any request, Filters=[org.springframework.security.web.session.DisableEncodeUrlFilter@20bd4fd2, org.springframework.security.web.context.request.async.WebAsyncManagerIntegrationFilter@69cd4267, org.springframework.security.web.context.SecurityContextHolderFilter@7d3d89fb, org.springframework.security.web.header.HeaderWriterFilter@603042a5, org.springframework.web.filter.CorsFilter@1ebb6e20, org.springframework.security.web.csrf.CsrfFilter@2d0ed017, org.springframework.security.web.authentication.logout.LogoutFilter@2f42f20f, org.springframework.security.web.authentication.UsernamePasswordAuthenticationFilter@75c90ec5, org.springframework.security.web.savedrequest.RequestCacheAwareFilter@5757ef9b, org.springframework.security.web.servletapi.SecurityContextHolderAwareRequestFilter@62a30701, org.springframework.security.web.authentication.rememberme.RememberMeAuthenticationFilter@2dad7323, org.springframework.security.web.authentication.AnonymousAuthenticationFilter@85420, org.springframework.security.web.access.ExceptionTranslationFilter@5cfb4b71, org.springframework.security.web.access.intercept.AuthorizationFilter@271ced5f]] (1/1)
2024-03-09T12:41:51.901+02:00 DEBUG 3772 --- [    Test worker] o.s.security.web.FilterChainProxy        : Securing GET /robotics/directions
2024-03-09T12:41:51.901+02:00 TRACE 3772 --- [    Test worker] o.s.security.web.FilterChainProxy        : Invoking DisableEncodeUrlFilter (1/14)
2024-03-09T12:41:51.902+02:00 TRACE 3772 --- [    Test worker] o.s.security.web.FilterChainProxy        : Invoking WebAsyncManagerIntegrationFilter (2/14)
2024-03-09T12:41:51.902+02:00 TRACE 3772 --- [    Test worker] o.s.security.web.FilterChainProxy        : Invoking SecurityContextHolderFilter (3/14)
2024-03-09T12:41:51.902+02:00 TRACE 3772 --- [    Test worker] o.s.security.web.FilterChainProxy        : Invoking HeaderWriterFilter (4/14)
2024-03-09T12:41:51.902+02:00 TRACE 3772 --- [    Test worker] o.s.security.web.FilterChainProxy        : Invoking CorsFilter (5/14)
2024-03-09T12:41:51.902+02:00 TRACE 3772 --- [    Test worker] o.s.security.web.FilterChainProxy        : Invoking CsrfFilter (6/14)
2024-03-09T12:41:51.902+02:00 TRACE 3772 --- [    Test worker] o.s.security.web.csrf.CsrfFilter         : Did not protect against CSRF since request did not match CsrfNotRequired [TRACE, HEAD, GET, OPTIONS]
2024-03-09T12:41:51.902+02:00 TRACE 3772 --- [    Test worker] o.s.security.web.FilterChainProxy        : Invoking LogoutFilter (7/14)
2024-03-09T12:41:51.902+02:00 TRACE 3772 --- [    Test worker] o.s.s.w.a.logout.LogoutFilter            : Did not match request to Ant [pattern='/users/logout', POST]
2024-03-09T12:41:51.902+02:00 TRACE 3772 --- [    Test worker] o.s.security.web.FilterChainProxy        : Invoking UsernamePasswordAuthenticationFilter (8/14)
2024-03-09T12:41:51.902+02:00 TRACE 3772 --- [    Test worker] w.a.UsernamePasswordAuthenticationFilter : Did not match request to Ant [pattern='/users/login', POST]
2024-03-09T12:41:51.902+02:00 TRACE 3772 --- [    Test worker] o.s.security.web.FilterChainProxy        : Invoking RequestCacheAwareFilter (9/14)
2024-03-09T12:41:51.902+02:00 TRACE 3772 --- [    Test worker] o.s.s.w.s.HttpSessionRequestCache        : matchingRequestParameterName is required for getMatchingRequest to lookup a value, but not provided
2024-03-09T12:41:51.902+02:00 TRACE 3772 --- [    Test worker] o.s.security.web.FilterChainProxy        : Invoking SecurityContextHolderAwareRequestFilter (10/14)
2024-03-09T12:41:51.902+02:00 TRACE 3772 --- [    Test worker] o.s.security.web.FilterChainProxy        : Invoking RememberMeAuthenticationFilter (11/14)
2024-03-09T12:41:51.902+02:00 TRACE 3772 --- [    Test worker] w.c.HttpSessionSecurityContextRepository : Retrieved SecurityContextImpl [Authentication=UsernamePasswordAuthenticationToken [Principal=org.springframework.security.core.userdetails.User [Username=user, Password=[PROTECTED], Enabled=true, AccountNonExpired=true, CredentialsNonExpired=true, AccountNonLocked=true, Granted Authorities=[ROLE_User]], Credentials=[PROTECTED], Authenticated=true, Details=null, Granted Authorities=[ROLE_User]]] from SPRING_SECURITY_CONTEXT
2024-03-09T12:41:51.902+02:00 DEBUG 3772 --- [    Test worker] s.s.w.a.r.RememberMeAuthenticationFilter : SecurityContextHolder not populated with remember-me token, as it already contained: 'UsernamePasswordAuthenticationToken [Principal=org.springframework.security.core.userdetails.User [Username=user, Password=[PROTECTED], Enabled=true, AccountNonExpired=true, CredentialsNonExpired=true, AccountNonLocked=true, Granted Authorities=[ROLE_User]], Credentials=[PROTECTED], Authenticated=true, Details=null, Granted Authorities=[ROLE_User]]'
2024-03-09T12:41:51.902+02:00 TRACE 3772 --- [    Test worker] o.s.security.web.FilterChainProxy        : Invoking AnonymousAuthenticationFilter (12/14)
2024-03-09T12:41:51.902+02:00 TRACE 3772 --- [    Test worker] o.s.security.web.FilterChainProxy        : Invoking ExceptionTranslationFilter (13/14)
2024-03-09T12:41:51.902+02:00 TRACE 3772 --- [    Test worker] o.s.security.web.FilterChainProxy        : Invoking AuthorizationFilter (14/14)
2024-03-09T12:41:51.902+02:00 TRACE 3772 --- [    Test worker] estMatcherDelegatingAuthorizationManager : Authorizing SecurityContextHolderAwareRequestWrapper[ org.springframework.security.web.header.HeaderWriterFilter$HeaderWriterRequest@36dc3fae]
2024-03-09T12:41:51.902+02:00 TRACE 3772 --- [    Test worker] estMatcherDelegatingAuthorizationManager : Checking authorization on SecurityContextHolderAwareRequestWrapper[ org.springframework.security.web.header.HeaderWriterFilter$HeaderWriterRequest@36dc3fae] using org.springframework.security.authorization.AuthenticatedAuthorizationManager@4d35f066
2024-03-09T12:41:51.903+02:00 TRACE 3772 --- [    Test worker] o.s.s.w.a.AnonymousAuthenticationFilter  : Did not set SecurityContextHolder since already authenticated UsernamePasswordAuthenticationToken [Principal=org.springframework.security.core.userdetails.User [Username=user, Password=[PROTECTED], Enabled=true, AccountNonExpired=true, CredentialsNonExpired=true, AccountNonLocked=true, Granted Authorities=[ROLE_User]], Credentials=[PROTECTED], Authenticated=true, Details=null, Granted Authorities=[ROLE_User]]
2024-03-09T12:41:51.903+02:00 DEBUG 3772 --- [    Test worker] o.s.security.web.FilterChainProxy        : Secured GET /robotics/directions
2024-03-09T12:41:51.933+02:00 TRACE 3772 --- [    Test worker] o.s.s.w.header.writers.HstsHeaderWriter  : Not injecting HSTS header since it did not match request to [Is Secure]
]]></system-out>
  <system-err><![CDATA[]]></system-err>
</testsuite>
