<?xml version="1.0" encoding="UTF-8"?>
<testsuite name="com.example.roboworld.web.RoboticsControllerTest" tests="5" skipped="0" failures="0" errors="0" timestamp="2024-03-09T19:31:19" hostname="VANESAILIEVA" time="0.297">
  <properties/>
  <testcase name="testGetEtymology()" classname="com.example.roboworld.web.RoboticsControllerTest" time="0.08"/>
  <testcase name="testGetUsage()" classname="com.example.roboworld.web.RoboticsControllerTest" time="0.056"/>
  <testcase name="testGetComponents()" classname="com.example.roboworld.web.RoboticsControllerTest" time="0.068"/>
  <testcase name="testGetHistory()" classname="com.example.roboworld.web.RoboticsControllerTest" time="0.041"/>
  <testcase name="testGetDirections()" classname="com.example.roboworld.web.RoboticsControllerTest" time="0.045"/>
  <system-out><![CDATA[2024-03-09T21:31:19.649+02:00  INFO 22004 --- [    Test worker] t.c.s.AnnotationConfigContextLoaderUtils : Could not detect default configuration classes for test class [com.example.roboworld.web.RoboticsControllerTest]: RoboticsControllerTest does not declare any static, non-private, non-final, nested classes annotated with @Configuration.
2024-03-09T21:31:19.654+02:00  INFO 22004 --- [    Test worker] .b.t.c.SpringBootTestContextBootstrapper : Found @SpringBootConfiguration com.example.roboworld.RobotWorldApplication for test class com.example.roboworld.web.RoboticsControllerTest
2024-03-09T21:31:19.662+02:00 TRACE 22004 --- [    Test worker] w.c.HttpSessionSecurityContextRepository : No HttpSession currently exists
2024-03-09T21:31:19.662+02:00 TRACE 22004 --- [    Test worker] w.c.HttpSessionSecurityContextRepository : Created SecurityContextImpl [Null authentication]
2024-03-09T21:31:19.662+02:00 TRACE 22004 --- [    Test worker] .s.s.w.c.SupplierDeferredSecurityContext : Created SecurityContextImpl [Null authentication]
2024-03-09T21:31:19.662+02:00 DEBUG 22004 --- [    Test worker] w.c.HttpSessionSecurityContextRepository : Created HttpSession as SecurityContext is non-default
2024-03-09T21:31:19.662+02:00 DEBUG 22004 --- [    Test worker] w.c.HttpSessionSecurityContextRepository : Stored SecurityContextImpl [Authentication=UsernamePasswordAuthenticationToken [Principal=org.springframework.security.core.userdetails.User [Username=user, Password=[PROTECTED], Enabled=true, AccountNonExpired=true, CredentialsNonExpired=true, AccountNonLocked=true, Granted Authorities=[ROLE_User]], Credentials=[PROTECTED], Authenticated=true, Details=null, Granted Authorities=[ROLE_User]]] to HttpSession [org.springframework.mock.web.MockHttpSession@37ce71f0]
2024-03-09T21:31:19.663+02:00 TRACE 22004 --- [    Test worker] o.s.security.web.FilterChainProxy        : Trying to match request against DefaultSecurityFilterChain [RequestMatcher=any request, Filters=[org.springframework.security.web.session.DisableEncodeUrlFilter@308a2eb0, org.springframework.security.web.context.request.async.WebAsyncManagerIntegrationFilter@1df1bd44, org.springframework.security.web.context.SecurityContextHolderFilter@664f1c53, org.springframework.security.web.header.HeaderWriterFilter@26cd77cc, org.springframework.web.filter.CorsFilter@ae449e7, org.springframework.security.web.csrf.CsrfFilter@5b4433dc, org.springframework.security.web.authentication.logout.LogoutFilter@774f2d7f, org.springframework.security.web.authentication.UsernamePasswordAuthenticationFilter@4f283b8f, org.springframework.security.web.savedrequest.RequestCacheAwareFilter@85420, org.springframework.security.web.servletapi.SecurityContextHolderAwareRequestFilter@c534814, org.springframework.security.web.authentication.rememberme.RememberMeAuthenticationFilter@6de6467a, org.springframework.security.web.authentication.AnonymousAuthenticationFilter@660dcd17, org.springframework.security.web.access.ExceptionTranslationFilter@4f7bb581, org.springframework.security.web.access.intercept.AuthorizationFilter@4de3a1ca]] (1/1)
2024-03-09T21:31:19.664+02:00 DEBUG 22004 --- [    Test worker] o.s.security.web.FilterChainProxy        : Securing GET /robotics/etymology
2024-03-09T21:31:19.664+02:00 TRACE 22004 --- [    Test worker] o.s.security.web.FilterChainProxy        : Invoking DisableEncodeUrlFilter (1/14)
2024-03-09T21:31:19.664+02:00 TRACE 22004 --- [    Test worker] o.s.security.web.FilterChainProxy        : Invoking WebAsyncManagerIntegrationFilter (2/14)
2024-03-09T21:31:19.664+02:00 TRACE 22004 --- [    Test worker] o.s.security.web.FilterChainProxy        : Invoking SecurityContextHolderFilter (3/14)
2024-03-09T21:31:19.664+02:00 TRACE 22004 --- [    Test worker] o.s.security.web.FilterChainProxy        : Invoking HeaderWriterFilter (4/14)
2024-03-09T21:31:19.664+02:00 TRACE 22004 --- [    Test worker] o.s.security.web.FilterChainProxy        : Invoking CorsFilter (5/14)
2024-03-09T21:31:19.664+02:00 TRACE 22004 --- [    Test worker] o.s.security.web.FilterChainProxy        : Invoking CsrfFilter (6/14)
2024-03-09T21:31:19.664+02:00 TRACE 22004 --- [    Test worker] o.s.security.web.csrf.CsrfFilter         : Did not protect against CSRF since request did not match CsrfNotRequired [TRACE, HEAD, GET, OPTIONS]
2024-03-09T21:31:19.664+02:00 TRACE 22004 --- [    Test worker] o.s.security.web.FilterChainProxy        : Invoking LogoutFilter (7/14)
2024-03-09T21:31:19.664+02:00 TRACE 22004 --- [    Test worker] o.s.s.w.a.logout.LogoutFilter            : Did not match request to Ant [pattern='/users/logout', POST]
2024-03-09T21:31:19.664+02:00 TRACE 22004 --- [    Test worker] o.s.security.web.FilterChainProxy        : Invoking UsernamePasswordAuthenticationFilter (8/14)
2024-03-09T21:31:19.664+02:00 TRACE 22004 --- [    Test worker] w.a.UsernamePasswordAuthenticationFilter : Did not match request to Ant [pattern='/users/login', POST]
2024-03-09T21:31:19.666+02:00 TRACE 22004 --- [    Test worker] o.s.security.web.FilterChainProxy        : Invoking RequestCacheAwareFilter (9/14)
2024-03-09T21:31:19.666+02:00 TRACE 22004 --- [    Test worker] o.s.s.w.s.HttpSessionRequestCache        : matchingRequestParameterName is required for getMatchingRequest to lookup a value, but not provided
2024-03-09T21:31:19.666+02:00 TRACE 22004 --- [    Test worker] o.s.security.web.FilterChainProxy        : Invoking SecurityContextHolderAwareRequestFilter (10/14)
2024-03-09T21:31:19.666+02:00 TRACE 22004 --- [    Test worker] o.s.security.web.FilterChainProxy        : Invoking RememberMeAuthenticationFilter (11/14)
2024-03-09T21:31:19.666+02:00 TRACE 22004 --- [    Test worker] w.c.HttpSessionSecurityContextRepository : Retrieved SecurityContextImpl [Authentication=UsernamePasswordAuthenticationToken [Principal=org.springframework.security.core.userdetails.User [Username=user, Password=[PROTECTED], Enabled=true, AccountNonExpired=true, CredentialsNonExpired=true, AccountNonLocked=true, Granted Authorities=[ROLE_User]], Credentials=[PROTECTED], Authenticated=true, Details=null, Granted Authorities=[ROLE_User]]] from SPRING_SECURITY_CONTEXT
2024-03-09T21:31:19.667+02:00 DEBUG 22004 --- [    Test worker] s.s.w.a.r.RememberMeAuthenticationFilter : SecurityContextHolder not populated with remember-me token, as it already contained: 'UsernamePasswordAuthenticationToken [Principal=org.springframework.security.core.userdetails.User [Username=user, Password=[PROTECTED], Enabled=true, AccountNonExpired=true, CredentialsNonExpired=true, AccountNonLocked=true, Granted Authorities=[ROLE_User]], Credentials=[PROTECTED], Authenticated=true, Details=null, Granted Authorities=[ROLE_User]]'
2024-03-09T21:31:19.667+02:00 TRACE 22004 --- [    Test worker] o.s.security.web.FilterChainProxy        : Invoking AnonymousAuthenticationFilter (12/14)
2024-03-09T21:31:19.667+02:00 TRACE 22004 --- [    Test worker] o.s.security.web.FilterChainProxy        : Invoking ExceptionTranslationFilter (13/14)
2024-03-09T21:31:19.667+02:00 TRACE 22004 --- [    Test worker] o.s.security.web.FilterChainProxy        : Invoking AuthorizationFilter (14/14)
2024-03-09T21:31:19.667+02:00 TRACE 22004 --- [    Test worker] estMatcherDelegatingAuthorizationManager : Authorizing SecurityContextHolderAwareRequestWrapper[ org.springframework.security.web.header.HeaderWriterFilter$HeaderWriterRequest@1fe9a01c]
2024-03-09T21:31:19.669+02:00 TRACE 22004 --- [    Test worker] estMatcherDelegatingAuthorizationManager : Checking authorization on SecurityContextHolderAwareRequestWrapper[ org.springframework.security.web.header.HeaderWriterFilter$HeaderWriterRequest@1fe9a01c] using org.springframework.security.authorization.AuthenticatedAuthorizationManager@78a689e7
2024-03-09T21:31:19.669+02:00 TRACE 22004 --- [    Test worker] o.s.s.w.a.AnonymousAuthenticationFilter  : Did not set SecurityContextHolder since already authenticated UsernamePasswordAuthenticationToken [Principal=org.springframework.security.core.userdetails.User [Username=user, Password=[PROTECTED], Enabled=true, AccountNonExpired=true, CredentialsNonExpired=true, AccountNonLocked=true, Granted Authorities=[ROLE_User]], Credentials=[PROTECTED], Authenticated=true, Details=null, Granted Authorities=[ROLE_User]]
2024-03-09T21:31:19.676+02:00 DEBUG 22004 --- [    Test worker] o.s.security.web.FilterChainProxy        : Secured GET /robotics/etymology
2024-03-09T21:31:19.722+02:00 TRACE 22004 --- [    Test worker] o.s.s.w.header.writers.HstsHeaderWriter  : Not injecting HSTS header since it did not match request to [Is Secure]
2024-03-09T21:31:19.744+02:00 TRACE 22004 --- [    Test worker] w.c.HttpSessionSecurityContextRepository : No HttpSession currently exists
2024-03-09T21:31:19.744+02:00 TRACE 22004 --- [    Test worker] w.c.HttpSessionSecurityContextRepository : Created SecurityContextImpl [Null authentication]
2024-03-09T21:31:19.744+02:00 TRACE 22004 --- [    Test worker] .s.s.w.c.SupplierDeferredSecurityContext : Created SecurityContextImpl [Null authentication]
2024-03-09T21:31:19.744+02:00 DEBUG 22004 --- [    Test worker] w.c.HttpSessionSecurityContextRepository : Created HttpSession as SecurityContext is non-default
2024-03-09T21:31:19.744+02:00 DEBUG 22004 --- [    Test worker] w.c.HttpSessionSecurityContextRepository : Stored SecurityContextImpl [Authentication=UsernamePasswordAuthenticationToken [Principal=org.springframework.security.core.userdetails.User [Username=user, Password=[PROTECTED], Enabled=true, AccountNonExpired=true, CredentialsNonExpired=true, AccountNonLocked=true, Granted Authorities=[ROLE_User]], Credentials=[PROTECTED], Authenticated=true, Details=null, Granted Authorities=[ROLE_User]]] to HttpSession [org.springframework.mock.web.MockHttpSession@1dae615d]
2024-03-09T21:31:19.746+02:00 TRACE 22004 --- [    Test worker] o.s.security.web.FilterChainProxy        : Trying to match request against DefaultSecurityFilterChain [RequestMatcher=any request, Filters=[org.springframework.security.web.session.DisableEncodeUrlFilter@308a2eb0, org.springframework.security.web.context.request.async.WebAsyncManagerIntegrationFilter@1df1bd44, org.springframework.security.web.context.SecurityContextHolderFilter@664f1c53, org.springframework.security.web.header.HeaderWriterFilter@26cd77cc, org.springframework.web.filter.CorsFilter@ae449e7, org.springframework.security.web.csrf.CsrfFilter@5b4433dc, org.springframework.security.web.authentication.logout.LogoutFilter@774f2d7f, org.springframework.security.web.authentication.UsernamePasswordAuthenticationFilter@4f283b8f, org.springframework.security.web.savedrequest.RequestCacheAwareFilter@85420, org.springframework.security.web.servletapi.SecurityContextHolderAwareRequestFilter@c534814, org.springframework.security.web.authentication.rememberme.RememberMeAuthenticationFilter@6de6467a, org.springframework.security.web.authentication.AnonymousAuthenticationFilter@660dcd17, org.springframework.security.web.access.ExceptionTranslationFilter@4f7bb581, org.springframework.security.web.access.intercept.AuthorizationFilter@4de3a1ca]] (1/1)
2024-03-09T21:31:19.746+02:00 DEBUG 22004 --- [    Test worker] o.s.security.web.FilterChainProxy        : Securing GET /robotics/usage
2024-03-09T21:31:19.746+02:00 TRACE 22004 --- [    Test worker] o.s.security.web.FilterChainProxy        : Invoking DisableEncodeUrlFilter (1/14)
2024-03-09T21:31:19.746+02:00 TRACE 22004 --- [    Test worker] o.s.security.web.FilterChainProxy        : Invoking WebAsyncManagerIntegrationFilter (2/14)
2024-03-09T21:31:19.746+02:00 TRACE 22004 --- [    Test worker] o.s.security.web.FilterChainProxy        : Invoking SecurityContextHolderFilter (3/14)
2024-03-09T21:31:19.746+02:00 TRACE 22004 --- [    Test worker] o.s.security.web.FilterChainProxy        : Invoking HeaderWriterFilter (4/14)
2024-03-09T21:31:19.747+02:00 TRACE 22004 --- [    Test worker] o.s.security.web.FilterChainProxy        : Invoking CorsFilter (5/14)
2024-03-09T21:31:19.747+02:00 TRACE 22004 --- [    Test worker] o.s.security.web.FilterChainProxy        : Invoking CsrfFilter (6/14)
2024-03-09T21:31:19.747+02:00 TRACE 22004 --- [    Test worker] o.s.security.web.csrf.CsrfFilter         : Did not protect against CSRF since request did not match CsrfNotRequired [TRACE, HEAD, GET, OPTIONS]
2024-03-09T21:31:19.747+02:00 TRACE 22004 --- [    Test worker] o.s.security.web.FilterChainProxy        : Invoking LogoutFilter (7/14)
2024-03-09T21:31:19.747+02:00 TRACE 22004 --- [    Test worker] o.s.s.w.a.logout.LogoutFilter            : Did not match request to Ant [pattern='/users/logout', POST]
2024-03-09T21:31:19.747+02:00 TRACE 22004 --- [    Test worker] o.s.security.web.FilterChainProxy        : Invoking UsernamePasswordAuthenticationFilter (8/14)
2024-03-09T21:31:19.747+02:00 TRACE 22004 --- [    Test worker] w.a.UsernamePasswordAuthenticationFilter : Did not match request to Ant [pattern='/users/login', POST]
2024-03-09T21:31:19.747+02:00 TRACE 22004 --- [    Test worker] o.s.security.web.FilterChainProxy        : Invoking RequestCacheAwareFilter (9/14)
2024-03-09T21:31:19.747+02:00 TRACE 22004 --- [    Test worker] o.s.s.w.s.HttpSessionRequestCache        : matchingRequestParameterName is required for getMatchingRequest to lookup a value, but not provided
2024-03-09T21:31:19.747+02:00 TRACE 22004 --- [    Test worker] o.s.security.web.FilterChainProxy        : Invoking SecurityContextHolderAwareRequestFilter (10/14)
2024-03-09T21:31:19.747+02:00 TRACE 22004 --- [    Test worker] o.s.security.web.FilterChainProxy        : Invoking RememberMeAuthenticationFilter (11/14)
2024-03-09T21:31:19.747+02:00 TRACE 22004 --- [    Test worker] w.c.HttpSessionSecurityContextRepository : Retrieved SecurityContextImpl [Authentication=UsernamePasswordAuthenticationToken [Principal=org.springframework.security.core.userdetails.User [Username=user, Password=[PROTECTED], Enabled=true, AccountNonExpired=true, CredentialsNonExpired=true, AccountNonLocked=true, Granted Authorities=[ROLE_User]], Credentials=[PROTECTED], Authenticated=true, Details=null, Granted Authorities=[ROLE_User]]] from SPRING_SECURITY_CONTEXT
2024-03-09T21:31:19.747+02:00 DEBUG 22004 --- [    Test worker] s.s.w.a.r.RememberMeAuthenticationFilter : SecurityContextHolder not populated with remember-me token, as it already contained: 'UsernamePasswordAuthenticationToken [Principal=org.springframework.security.core.userdetails.User [Username=user, Password=[PROTECTED], Enabled=true, AccountNonExpired=true, CredentialsNonExpired=true, AccountNonLocked=true, Granted Authorities=[ROLE_User]], Credentials=[PROTECTED], Authenticated=true, Details=null, Granted Authorities=[ROLE_User]]'
2024-03-09T21:31:19.747+02:00 TRACE 22004 --- [    Test worker] o.s.security.web.FilterChainProxy        : Invoking AnonymousAuthenticationFilter (12/14)
2024-03-09T21:31:19.747+02:00 TRACE 22004 --- [    Test worker] o.s.security.web.FilterChainProxy        : Invoking ExceptionTranslationFilter (13/14)
2024-03-09T21:31:19.747+02:00 TRACE 22004 --- [    Test worker] o.s.security.web.FilterChainProxy        : Invoking AuthorizationFilter (14/14)
2024-03-09T21:31:19.748+02:00 TRACE 22004 --- [    Test worker] estMatcherDelegatingAuthorizationManager : Authorizing SecurityContextHolderAwareRequestWrapper[ org.springframework.security.web.header.HeaderWriterFilter$HeaderWriterRequest@6818ccfe]
2024-03-09T21:31:19.748+02:00 TRACE 22004 --- [    Test worker] estMatcherDelegatingAuthorizationManager : Checking authorization on SecurityContextHolderAwareRequestWrapper[ org.springframework.security.web.header.HeaderWriterFilter$HeaderWriterRequest@6818ccfe] using org.springframework.security.authorization.AuthenticatedAuthorizationManager@78a689e7
2024-03-09T21:31:19.748+02:00 TRACE 22004 --- [    Test worker] o.s.s.w.a.AnonymousAuthenticationFilter  : Did not set SecurityContextHolder since already authenticated UsernamePasswordAuthenticationToken [Principal=org.springframework.security.core.userdetails.User [Username=user, Password=[PROTECTED], Enabled=true, AccountNonExpired=true, CredentialsNonExpired=true, AccountNonLocked=true, Granted Authorities=[ROLE_User]], Credentials=[PROTECTED], Authenticated=true, Details=null, Granted Authorities=[ROLE_User]]
2024-03-09T21:31:19.748+02:00 DEBUG 22004 --- [    Test worker] o.s.security.web.FilterChainProxy        : Secured GET /robotics/usage
2024-03-09T21:31:19.772+02:00 TRACE 22004 --- [    Test worker] o.s.s.w.header.writers.HstsHeaderWriter  : Not injecting HSTS header since it did not match request to [Is Secure]
2024-03-09T21:31:19.799+02:00 TRACE 22004 --- [    Test worker] w.c.HttpSessionSecurityContextRepository : No HttpSession currently exists
2024-03-09T21:31:19.800+02:00 TRACE 22004 --- [    Test worker] w.c.HttpSessionSecurityContextRepository : Created SecurityContextImpl [Null authentication]
2024-03-09T21:31:19.800+02:00 TRACE 22004 --- [    Test worker] .s.s.w.c.SupplierDeferredSecurityContext : Created SecurityContextImpl [Null authentication]
2024-03-09T21:31:19.800+02:00 DEBUG 22004 --- [    Test worker] w.c.HttpSessionSecurityContextRepository : Created HttpSession as SecurityContext is non-default
2024-03-09T21:31:19.800+02:00 DEBUG 22004 --- [    Test worker] w.c.HttpSessionSecurityContextRepository : Stored SecurityContextImpl [Authentication=UsernamePasswordAuthenticationToken [Principal=org.springframework.security.core.userdetails.User [Username=user, Password=[PROTECTED], Enabled=true, AccountNonExpired=true, CredentialsNonExpired=true, AccountNonLocked=true, Granted Authorities=[ROLE_User]], Credentials=[PROTECTED], Authenticated=true, Details=null, Granted Authorities=[ROLE_User]]] to HttpSession [org.springframework.mock.web.MockHttpSession@1e97a037]
2024-03-09T21:31:19.801+02:00 TRACE 22004 --- [    Test worker] o.s.security.web.FilterChainProxy        : Trying to match request against DefaultSecurityFilterChain [RequestMatcher=any request, Filters=[org.springframework.security.web.session.DisableEncodeUrlFilter@308a2eb0, org.springframework.security.web.context.request.async.WebAsyncManagerIntegrationFilter@1df1bd44, org.springframework.security.web.context.SecurityContextHolderFilter@664f1c53, org.springframework.security.web.header.HeaderWriterFilter@26cd77cc, org.springframework.web.filter.CorsFilter@ae449e7, org.springframework.security.web.csrf.CsrfFilter@5b4433dc, org.springframework.security.web.authentication.logout.LogoutFilter@774f2d7f, org.springframework.security.web.authentication.UsernamePasswordAuthenticationFilter@4f283b8f, org.springframework.security.web.savedrequest.RequestCacheAwareFilter@85420, org.springframework.security.web.servletapi.SecurityContextHolderAwareRequestFilter@c534814, org.springframework.security.web.authentication.rememberme.RememberMeAuthenticationFilter@6de6467a, org.springframework.security.web.authentication.AnonymousAuthenticationFilter@660dcd17, org.springframework.security.web.access.ExceptionTranslationFilter@4f7bb581, org.springframework.security.web.access.intercept.AuthorizationFilter@4de3a1ca]] (1/1)
2024-03-09T21:31:19.801+02:00 DEBUG 22004 --- [    Test worker] o.s.security.web.FilterChainProxy        : Securing GET /robotics/components
2024-03-09T21:31:19.801+02:00 TRACE 22004 --- [    Test worker] o.s.security.web.FilterChainProxy        : Invoking DisableEncodeUrlFilter (1/14)
2024-03-09T21:31:19.801+02:00 TRACE 22004 --- [    Test worker] o.s.security.web.FilterChainProxy        : Invoking WebAsyncManagerIntegrationFilter (2/14)
2024-03-09T21:31:19.801+02:00 TRACE 22004 --- [    Test worker] o.s.security.web.FilterChainProxy        : Invoking SecurityContextHolderFilter (3/14)
2024-03-09T21:31:19.801+02:00 TRACE 22004 --- [    Test worker] o.s.security.web.FilterChainProxy        : Invoking HeaderWriterFilter (4/14)
2024-03-09T21:31:19.801+02:00 TRACE 22004 --- [    Test worker] o.s.security.web.FilterChainProxy        : Invoking CorsFilter (5/14)
2024-03-09T21:31:19.802+02:00 TRACE 22004 --- [    Test worker] o.s.security.web.FilterChainProxy        : Invoking CsrfFilter (6/14)
2024-03-09T21:31:19.802+02:00 TRACE 22004 --- [    Test worker] o.s.security.web.csrf.CsrfFilter         : Did not protect against CSRF since request did not match CsrfNotRequired [TRACE, HEAD, GET, OPTIONS]
2024-03-09T21:31:19.802+02:00 TRACE 22004 --- [    Test worker] o.s.security.web.FilterChainProxy        : Invoking LogoutFilter (7/14)
2024-03-09T21:31:19.802+02:00 TRACE 22004 --- [    Test worker] o.s.s.w.a.logout.LogoutFilter            : Did not match request to Ant [pattern='/users/logout', POST]
2024-03-09T21:31:19.802+02:00 TRACE 22004 --- [    Test worker] o.s.security.web.FilterChainProxy        : Invoking UsernamePasswordAuthenticationFilter (8/14)
2024-03-09T21:31:19.802+02:00 TRACE 22004 --- [    Test worker] w.a.UsernamePasswordAuthenticationFilter : Did not match request to Ant [pattern='/users/login', POST]
2024-03-09T21:31:19.802+02:00 TRACE 22004 --- [    Test worker] o.s.security.web.FilterChainProxy        : Invoking RequestCacheAwareFilter (9/14)
2024-03-09T21:31:19.802+02:00 TRACE 22004 --- [    Test worker] o.s.s.w.s.HttpSessionRequestCache        : matchingRequestParameterName is required for getMatchingRequest to lookup a value, but not provided
2024-03-09T21:31:19.802+02:00 TRACE 22004 --- [    Test worker] o.s.security.web.FilterChainProxy        : Invoking SecurityContextHolderAwareRequestFilter (10/14)
2024-03-09T21:31:19.802+02:00 TRACE 22004 --- [    Test worker] o.s.security.web.FilterChainProxy        : Invoking RememberMeAuthenticationFilter (11/14)
2024-03-09T21:31:19.802+02:00 TRACE 22004 --- [    Test worker] w.c.HttpSessionSecurityContextRepository : Retrieved SecurityContextImpl [Authentication=UsernamePasswordAuthenticationToken [Principal=org.springframework.security.core.userdetails.User [Username=user, Password=[PROTECTED], Enabled=true, AccountNonExpired=true, CredentialsNonExpired=true, AccountNonLocked=true, Granted Authorities=[ROLE_User]], Credentials=[PROTECTED], Authenticated=true, Details=null, Granted Authorities=[ROLE_User]]] from SPRING_SECURITY_CONTEXT
2024-03-09T21:31:19.802+02:00 DEBUG 22004 --- [    Test worker] s.s.w.a.r.RememberMeAuthenticationFilter : SecurityContextHolder not populated with remember-me token, as it already contained: 'UsernamePasswordAuthenticationToken [Principal=org.springframework.security.core.userdetails.User [Username=user, Password=[PROTECTED], Enabled=true, AccountNonExpired=true, CredentialsNonExpired=true, AccountNonLocked=true, Granted Authorities=[ROLE_User]], Credentials=[PROTECTED], Authenticated=true, Details=null, Granted Authorities=[ROLE_User]]'
2024-03-09T21:31:19.802+02:00 TRACE 22004 --- [    Test worker] o.s.security.web.FilterChainProxy        : Invoking AnonymousAuthenticationFilter (12/14)
2024-03-09T21:31:19.802+02:00 TRACE 22004 --- [    Test worker] o.s.security.web.FilterChainProxy        : Invoking ExceptionTranslationFilter (13/14)
2024-03-09T21:31:19.802+02:00 TRACE 22004 --- [    Test worker] o.s.security.web.FilterChainProxy        : Invoking AuthorizationFilter (14/14)
2024-03-09T21:31:19.802+02:00 TRACE 22004 --- [    Test worker] estMatcherDelegatingAuthorizationManager : Authorizing SecurityContextHolderAwareRequestWrapper[ org.springframework.security.web.header.HeaderWriterFilter$HeaderWriterRequest@30c6f027]
2024-03-09T21:31:19.802+02:00 TRACE 22004 --- [    Test worker] estMatcherDelegatingAuthorizationManager : Checking authorization on SecurityContextHolderAwareRequestWrapper[ org.springframework.security.web.header.HeaderWriterFilter$HeaderWriterRequest@30c6f027] using org.springframework.security.authorization.AuthenticatedAuthorizationManager@78a689e7
2024-03-09T21:31:19.802+02:00 TRACE 22004 --- [    Test worker] o.s.s.w.a.AnonymousAuthenticationFilter  : Did not set SecurityContextHolder since already authenticated UsernamePasswordAuthenticationToken [Principal=org.springframework.security.core.userdetails.User [Username=user, Password=[PROTECTED], Enabled=true, AccountNonExpired=true, CredentialsNonExpired=true, AccountNonLocked=true, Granted Authorities=[ROLE_User]], Credentials=[PROTECTED], Authenticated=true, Details=null, Granted Authorities=[ROLE_User]]
2024-03-09T21:31:19.803+02:00 DEBUG 22004 --- [    Test worker] o.s.security.web.FilterChainProxy        : Secured GET /robotics/components
2024-03-09T21:31:19.832+02:00 TRACE 22004 --- [    Test worker] o.s.s.w.header.writers.HstsHeaderWriter  : Not injecting HSTS header since it did not match request to [Is Secure]
2024-03-09T21:31:19.868+02:00 TRACE 22004 --- [    Test worker] w.c.HttpSessionSecurityContextRepository : No HttpSession currently exists
2024-03-09T21:31:19.869+02:00 TRACE 22004 --- [    Test worker] w.c.HttpSessionSecurityContextRepository : Created SecurityContextImpl [Null authentication]
2024-03-09T21:31:19.869+02:00 TRACE 22004 --- [    Test worker] .s.s.w.c.SupplierDeferredSecurityContext : Created SecurityContextImpl [Null authentication]
2024-03-09T21:31:19.869+02:00 DEBUG 22004 --- [    Test worker] w.c.HttpSessionSecurityContextRepository : Created HttpSession as SecurityContext is non-default
2024-03-09T21:31:19.869+02:00 DEBUG 22004 --- [    Test worker] w.c.HttpSessionSecurityContextRepository : Stored SecurityContextImpl [Authentication=UsernamePasswordAuthenticationToken [Principal=org.springframework.security.core.userdetails.User [Username=user, Password=[PROTECTED], Enabled=true, AccountNonExpired=true, CredentialsNonExpired=true, AccountNonLocked=true, Granted Authorities=[ROLE_User]], Credentials=[PROTECTED], Authenticated=true, Details=null, Granted Authorities=[ROLE_User]]] to HttpSession [org.springframework.mock.web.MockHttpSession@42dc92de]
2024-03-09T21:31:19.870+02:00 TRACE 22004 --- [    Test worker] o.s.security.web.FilterChainProxy        : Trying to match request against DefaultSecurityFilterChain [RequestMatcher=any request, Filters=[org.springframework.security.web.session.DisableEncodeUrlFilter@308a2eb0, org.springframework.security.web.context.request.async.WebAsyncManagerIntegrationFilter@1df1bd44, org.springframework.security.web.context.SecurityContextHolderFilter@664f1c53, org.springframework.security.web.header.HeaderWriterFilter@26cd77cc, org.springframework.web.filter.CorsFilter@ae449e7, org.springframework.security.web.csrf.CsrfFilter@5b4433dc, org.springframework.security.web.authentication.logout.LogoutFilter@774f2d7f, org.springframework.security.web.authentication.UsernamePasswordAuthenticationFilter@4f283b8f, org.springframework.security.web.savedrequest.RequestCacheAwareFilter@85420, org.springframework.security.web.servletapi.SecurityContextHolderAwareRequestFilter@c534814, org.springframework.security.web.authentication.rememberme.RememberMeAuthenticationFilter@6de6467a, org.springframework.security.web.authentication.AnonymousAuthenticationFilter@660dcd17, org.springframework.security.web.access.ExceptionTranslationFilter@4f7bb581, org.springframework.security.web.access.intercept.AuthorizationFilter@4de3a1ca]] (1/1)
2024-03-09T21:31:19.870+02:00 DEBUG 22004 --- [    Test worker] o.s.security.web.FilterChainProxy        : Securing GET /robotics/history
2024-03-09T21:31:19.870+02:00 TRACE 22004 --- [    Test worker] o.s.security.web.FilterChainProxy        : Invoking DisableEncodeUrlFilter (1/14)
2024-03-09T21:31:19.870+02:00 TRACE 22004 --- [    Test worker] o.s.security.web.FilterChainProxy        : Invoking WebAsyncManagerIntegrationFilter (2/14)
2024-03-09T21:31:19.870+02:00 TRACE 22004 --- [    Test worker] o.s.security.web.FilterChainProxy        : Invoking SecurityContextHolderFilter (3/14)
2024-03-09T21:31:19.870+02:00 TRACE 22004 --- [    Test worker] o.s.security.web.FilterChainProxy        : Invoking HeaderWriterFilter (4/14)
2024-03-09T21:31:19.871+02:00 TRACE 22004 --- [    Test worker] o.s.security.web.FilterChainProxy        : Invoking CorsFilter (5/14)
2024-03-09T21:31:19.871+02:00 TRACE 22004 --- [    Test worker] o.s.security.web.FilterChainProxy        : Invoking CsrfFilter (6/14)
2024-03-09T21:31:19.871+02:00 TRACE 22004 --- [    Test worker] o.s.security.web.csrf.CsrfFilter         : Did not protect against CSRF since request did not match CsrfNotRequired [TRACE, HEAD, GET, OPTIONS]
2024-03-09T21:31:19.871+02:00 TRACE 22004 --- [    Test worker] o.s.security.web.FilterChainProxy        : Invoking LogoutFilter (7/14)
2024-03-09T21:31:19.871+02:00 TRACE 22004 --- [    Test worker] o.s.s.w.a.logout.LogoutFilter            : Did not match request to Ant [pattern='/users/logout', POST]
2024-03-09T21:31:19.871+02:00 TRACE 22004 --- [    Test worker] o.s.security.web.FilterChainProxy        : Invoking UsernamePasswordAuthenticationFilter (8/14)
2024-03-09T21:31:19.871+02:00 TRACE 22004 --- [    Test worker] w.a.UsernamePasswordAuthenticationFilter : Did not match request to Ant [pattern='/users/login', POST]
2024-03-09T21:31:19.871+02:00 TRACE 22004 --- [    Test worker] o.s.security.web.FilterChainProxy        : Invoking RequestCacheAwareFilter (9/14)
2024-03-09T21:31:19.871+02:00 TRACE 22004 --- [    Test worker] o.s.s.w.s.HttpSessionRequestCache        : matchingRequestParameterName is required for getMatchingRequest to lookup a value, but not provided
2024-03-09T21:31:19.871+02:00 TRACE 22004 --- [    Test worker] o.s.security.web.FilterChainProxy        : Invoking SecurityContextHolderAwareRequestFilter (10/14)
2024-03-09T21:31:19.871+02:00 TRACE 22004 --- [    Test worker] o.s.security.web.FilterChainProxy        : Invoking RememberMeAuthenticationFilter (11/14)
2024-03-09T21:31:19.871+02:00 TRACE 22004 --- [    Test worker] w.c.HttpSessionSecurityContextRepository : Retrieved SecurityContextImpl [Authentication=UsernamePasswordAuthenticationToken [Principal=org.springframework.security.core.userdetails.User [Username=user, Password=[PROTECTED], Enabled=true, AccountNonExpired=true, CredentialsNonExpired=true, AccountNonLocked=true, Granted Authorities=[ROLE_User]], Credentials=[PROTECTED], Authenticated=true, Details=null, Granted Authorities=[ROLE_User]]] from SPRING_SECURITY_CONTEXT
2024-03-09T21:31:19.871+02:00 DEBUG 22004 --- [    Test worker] s.s.w.a.r.RememberMeAuthenticationFilter : SecurityContextHolder not populated with remember-me token, as it already contained: 'UsernamePasswordAuthenticationToken [Principal=org.springframework.security.core.userdetails.User [Username=user, Password=[PROTECTED], Enabled=true, AccountNonExpired=true, CredentialsNonExpired=true, AccountNonLocked=true, Granted Authorities=[ROLE_User]], Credentials=[PROTECTED], Authenticated=true, Details=null, Granted Authorities=[ROLE_User]]'
2024-03-09T21:31:19.872+02:00 TRACE 22004 --- [    Test worker] o.s.security.web.FilterChainProxy        : Invoking AnonymousAuthenticationFilter (12/14)
2024-03-09T21:31:19.872+02:00 TRACE 22004 --- [    Test worker] o.s.security.web.FilterChainProxy        : Invoking ExceptionTranslationFilter (13/14)
2024-03-09T21:31:19.872+02:00 TRACE 22004 --- [    Test worker] o.s.security.web.FilterChainProxy        : Invoking AuthorizationFilter (14/14)
2024-03-09T21:31:19.872+02:00 TRACE 22004 --- [    Test worker] estMatcherDelegatingAuthorizationManager : Authorizing SecurityContextHolderAwareRequestWrapper[ org.springframework.security.web.header.HeaderWriterFilter$HeaderWriterRequest@58735597]
2024-03-09T21:31:19.872+02:00 TRACE 22004 --- [    Test worker] estMatcherDelegatingAuthorizationManager : Checking authorization on SecurityContextHolderAwareRequestWrapper[ org.springframework.security.web.header.HeaderWriterFilter$HeaderWriterRequest@58735597] using org.springframework.security.authorization.AuthenticatedAuthorizationManager@78a689e7
2024-03-09T21:31:19.872+02:00 TRACE 22004 --- [    Test worker] o.s.s.w.a.AnonymousAuthenticationFilter  : Did not set SecurityContextHolder since already authenticated UsernamePasswordAuthenticationToken [Principal=org.springframework.security.core.userdetails.User [Username=user, Password=[PROTECTED], Enabled=true, AccountNonExpired=true, CredentialsNonExpired=true, AccountNonLocked=true, Granted Authorities=[ROLE_User]], Credentials=[PROTECTED], Authenticated=true, Details=null, Granted Authorities=[ROLE_User]]
2024-03-09T21:31:19.873+02:00 DEBUG 22004 --- [    Test worker] o.s.security.web.FilterChainProxy        : Secured GET /robotics/history
2024-03-09T21:31:19.894+02:00 TRACE 22004 --- [    Test worker] o.s.s.w.header.writers.HstsHeaderWriter  : Not injecting HSTS header since it did not match request to [Is Secure]
2024-03-09T21:31:19.914+02:00 TRACE 22004 --- [    Test worker] w.c.HttpSessionSecurityContextRepository : No HttpSession currently exists
2024-03-09T21:31:19.914+02:00 TRACE 22004 --- [    Test worker] w.c.HttpSessionSecurityContextRepository : Created SecurityContextImpl [Null authentication]
2024-03-09T21:31:19.914+02:00 TRACE 22004 --- [    Test worker] .s.s.w.c.SupplierDeferredSecurityContext : Created SecurityContextImpl [Null authentication]
2024-03-09T21:31:19.914+02:00 DEBUG 22004 --- [    Test worker] w.c.HttpSessionSecurityContextRepository : Created HttpSession as SecurityContext is non-default
2024-03-09T21:31:19.914+02:00 DEBUG 22004 --- [    Test worker] w.c.HttpSessionSecurityContextRepository : Stored SecurityContextImpl [Authentication=UsernamePasswordAuthenticationToken [Principal=org.springframework.security.core.userdetails.User [Username=user, Password=[PROTECTED], Enabled=true, AccountNonExpired=true, CredentialsNonExpired=true, AccountNonLocked=true, Granted Authorities=[ROLE_User]], Credentials=[PROTECTED], Authenticated=true, Details=null, Granted Authorities=[ROLE_User]]] to HttpSession [org.springframework.mock.web.MockHttpSession@366ccef0]
2024-03-09T21:31:19.916+02:00 TRACE 22004 --- [    Test worker] o.s.security.web.FilterChainProxy        : Trying to match request against DefaultSecurityFilterChain [RequestMatcher=any request, Filters=[org.springframework.security.web.session.DisableEncodeUrlFilter@308a2eb0, org.springframework.security.web.context.request.async.WebAsyncManagerIntegrationFilter@1df1bd44, org.springframework.security.web.context.SecurityContextHolderFilter@664f1c53, org.springframework.security.web.header.HeaderWriterFilter@26cd77cc, org.springframework.web.filter.CorsFilter@ae449e7, org.springframework.security.web.csrf.CsrfFilter@5b4433dc, org.springframework.security.web.authentication.logout.LogoutFilter@774f2d7f, org.springframework.security.web.authentication.UsernamePasswordAuthenticationFilter@4f283b8f, org.springframework.security.web.savedrequest.RequestCacheAwareFilter@85420, org.springframework.security.web.servletapi.SecurityContextHolderAwareRequestFilter@c534814, org.springframework.security.web.authentication.rememberme.RememberMeAuthenticationFilter@6de6467a, org.springframework.security.web.authentication.AnonymousAuthenticationFilter@660dcd17, org.springframework.security.web.access.ExceptionTranslationFilter@4f7bb581, org.springframework.security.web.access.intercept.AuthorizationFilter@4de3a1ca]] (1/1)
2024-03-09T21:31:19.916+02:00 DEBUG 22004 --- [    Test worker] o.s.security.web.FilterChainProxy        : Securing GET /robotics/directions
2024-03-09T21:31:19.916+02:00 TRACE 22004 --- [    Test worker] o.s.security.web.FilterChainProxy        : Invoking DisableEncodeUrlFilter (1/14)
2024-03-09T21:31:19.916+02:00 TRACE 22004 --- [    Test worker] o.s.security.web.FilterChainProxy        : Invoking WebAsyncManagerIntegrationFilter (2/14)
2024-03-09T21:31:19.917+02:00 TRACE 22004 --- [    Test worker] o.s.security.web.FilterChainProxy        : Invoking SecurityContextHolderFilter (3/14)
2024-03-09T21:31:19.917+02:00 TRACE 22004 --- [    Test worker] o.s.security.web.FilterChainProxy        : Invoking HeaderWriterFilter (4/14)
2024-03-09T21:31:19.917+02:00 TRACE 22004 --- [    Test worker] o.s.security.web.FilterChainProxy        : Invoking CorsFilter (5/14)
2024-03-09T21:31:19.917+02:00 TRACE 22004 --- [    Test worker] o.s.security.web.FilterChainProxy        : Invoking CsrfFilter (6/14)
2024-03-09T21:31:19.917+02:00 TRACE 22004 --- [    Test worker] o.s.security.web.csrf.CsrfFilter         : Did not protect against CSRF since request did not match CsrfNotRequired [TRACE, HEAD, GET, OPTIONS]
2024-03-09T21:31:19.917+02:00 TRACE 22004 --- [    Test worker] o.s.security.web.FilterChainProxy        : Invoking LogoutFilter (7/14)
2024-03-09T21:31:19.917+02:00 TRACE 22004 --- [    Test worker] o.s.s.w.a.logout.LogoutFilter            : Did not match request to Ant [pattern='/users/logout', POST]
2024-03-09T21:31:19.917+02:00 TRACE 22004 --- [    Test worker] o.s.security.web.FilterChainProxy        : Invoking UsernamePasswordAuthenticationFilter (8/14)
2024-03-09T21:31:19.917+02:00 TRACE 22004 --- [    Test worker] w.a.UsernamePasswordAuthenticationFilter : Did not match request to Ant [pattern='/users/login', POST]
2024-03-09T21:31:19.917+02:00 TRACE 22004 --- [    Test worker] o.s.security.web.FilterChainProxy        : Invoking RequestCacheAwareFilter (9/14)
2024-03-09T21:31:19.917+02:00 TRACE 22004 --- [    Test worker] o.s.s.w.s.HttpSessionRequestCache        : matchingRequestParameterName is required for getMatchingRequest to lookup a value, but not provided
2024-03-09T21:31:19.917+02:00 TRACE 22004 --- [    Test worker] o.s.security.web.FilterChainProxy        : Invoking SecurityContextHolderAwareRequestFilter (10/14)
2024-03-09T21:31:19.917+02:00 TRACE 22004 --- [    Test worker] o.s.security.web.FilterChainProxy        : Invoking RememberMeAuthenticationFilter (11/14)
2024-03-09T21:31:19.917+02:00 TRACE 22004 --- [    Test worker] w.c.HttpSessionSecurityContextRepository : Retrieved SecurityContextImpl [Authentication=UsernamePasswordAuthenticationToken [Principal=org.springframework.security.core.userdetails.User [Username=user, Password=[PROTECTED], Enabled=true, AccountNonExpired=true, CredentialsNonExpired=true, AccountNonLocked=true, Granted Authorities=[ROLE_User]], Credentials=[PROTECTED], Authenticated=true, Details=null, Granted Authorities=[ROLE_User]]] from SPRING_SECURITY_CONTEXT
2024-03-09T21:31:19.917+02:00 DEBUG 22004 --- [    Test worker] s.s.w.a.r.RememberMeAuthenticationFilter : SecurityContextHolder not populated with remember-me token, as it already contained: 'UsernamePasswordAuthenticationToken [Principal=org.springframework.security.core.userdetails.User [Username=user, Password=[PROTECTED], Enabled=true, AccountNonExpired=true, CredentialsNonExpired=true, AccountNonLocked=true, Granted Authorities=[ROLE_User]], Credentials=[PROTECTED], Authenticated=true, Details=null, Granted Authorities=[ROLE_User]]'
2024-03-09T21:31:19.917+02:00 TRACE 22004 --- [    Test worker] o.s.security.web.FilterChainProxy        : Invoking AnonymousAuthenticationFilter (12/14)
2024-03-09T21:31:19.917+02:00 TRACE 22004 --- [    Test worker] o.s.security.web.FilterChainProxy        : Invoking ExceptionTranslationFilter (13/14)
2024-03-09T21:31:19.918+02:00 TRACE 22004 --- [    Test worker] o.s.security.web.FilterChainProxy        : Invoking AuthorizationFilter (14/14)
2024-03-09T21:31:19.918+02:00 TRACE 22004 --- [    Test worker] estMatcherDelegatingAuthorizationManager : Authorizing SecurityContextHolderAwareRequestWrapper[ org.springframework.security.web.header.HeaderWriterFilter$HeaderWriterRequest@5887015]
2024-03-09T21:31:19.918+02:00 TRACE 22004 --- [    Test worker] estMatcherDelegatingAuthorizationManager : Checking authorization on SecurityContextHolderAwareRequestWrapper[ org.springframework.security.web.header.HeaderWriterFilter$HeaderWriterRequest@5887015] using org.springframework.security.authorization.AuthenticatedAuthorizationManager@78a689e7
2024-03-09T21:31:19.918+02:00 TRACE 22004 --- [    Test worker] o.s.s.w.a.AnonymousAuthenticationFilter  : Did not set SecurityContextHolder since already authenticated UsernamePasswordAuthenticationToken [Principal=org.springframework.security.core.userdetails.User [Username=user, Password=[PROTECTED], Enabled=true, AccountNonExpired=true, CredentialsNonExpired=true, AccountNonLocked=true, Granted Authorities=[ROLE_User]], Credentials=[PROTECTED], Authenticated=true, Details=null, Granted Authorities=[ROLE_User]]
2024-03-09T21:31:19.918+02:00 DEBUG 22004 --- [    Test worker] o.s.security.web.FilterChainProxy        : Secured GET /robotics/directions
2024-03-09T21:31:19.943+02:00 TRACE 22004 --- [    Test worker] o.s.s.w.header.writers.HstsHeaderWriter  : Not injecting HSTS header since it did not match request to [Is Secure]
]]></system-out>
  <system-err><![CDATA[]]></system-err>
</testsuite>
