<?xml version="1.0" encoding="UTF-8"?>
<testsuite name="com.example.roboworld.web.HomeControllerTest" tests="1" skipped="0" failures="0" errors="0" timestamp="2024-03-09T19:31:19" hostname="VANESAILIEVA" time="0.067">
  <properties/>
  <testcase name="addReviewWithUser()" classname="com.example.roboworld.web.HomeControllerTest" time="0.067"/>
  <system-out><![CDATA[2024-03-09T21:31:19.572+02:00  INFO 22004 --- [    Test worker] t.c.s.AnnotationConfigContextLoaderUtils : Could not detect default configuration classes for test class [com.example.roboworld.web.HomeControllerTest]: HomeControllerTest does not declare any static, non-private, non-final, nested classes annotated with @Configuration.
2024-03-09T21:31:19.575+02:00  INFO 22004 --- [    Test worker] .b.t.c.SpringBootTestContextBootstrapper : Found @SpringBootConfiguration com.example.roboworld.RobotWorldApplication for test class com.example.roboworld.web.HomeControllerTest
2024-03-09T21:31:19.580+02:00 DEBUG 22004 --- [    Test worker] org.hibernate.SQL                        : select r1_0.id,r1_0.description,r1_0.name,r1_0.user_id from reviews r1_0
2024-03-09T21:31:19.583+02:00 DEBUG 22004 --- [    Test worker] org.hibernate.SQL                        : insert into roles (role_type,id) values (?,default)
2024-03-09T21:31:19.583+02:00 TRACE 22004 --- [    Test worker] org.hibernate.orm.jdbc.bind              : binding parameter (1:VARCHAR) <- [User]
2024-03-09T21:31:19.585+02:00 DEBUG 22004 --- [    Test worker] org.hibernate.SQL                        : insert into users (email,full_name,password,username,id) values (?,?,?,?,default)
2024-03-09T21:31:19.585+02:00 TRACE 22004 --- [    Test worker] org.hibernate.orm.jdbc.bind              : binding parameter (1:VARCHAR) <- [111@123]
2024-03-09T21:31:19.585+02:00 TRACE 22004 --- [    Test worker] org.hibernate.orm.jdbc.bind              : binding parameter (2:VARCHAR) <- [Test Testov]
2024-03-09T21:31:19.585+02:00 TRACE 22004 --- [    Test worker] org.hibernate.orm.jdbc.bind              : binding parameter (3:VARCHAR) <- [1234]
2024-03-09T21:31:19.585+02:00 TRACE 22004 --- [    Test worker] org.hibernate.orm.jdbc.bind              : binding parameter (4:VARCHAR) <- [user]
2024-03-09T21:31:19.586+02:00 DEBUG 22004 --- [    Test worker] org.hibernate.SQL                        : insert into users_roles (user_id,roles_id) values (?,?)
2024-03-09T21:31:19.588+02:00 TRACE 22004 --- [    Test worker] org.hibernate.orm.jdbc.bind              : binding parameter (1:BIGINT) <- [8]
2024-03-09T21:31:19.588+02:00 TRACE 22004 --- [    Test worker] org.hibernate.orm.jdbc.bind              : binding parameter (2:BIGINT) <- [8]
2024-03-09T21:31:19.592+02:00 DEBUG 22004 --- [    Test worker] org.hibernate.SQL                        : insert into reviews (description,name,user_id,id) values (?,?,?,default)
2024-03-09T21:31:19.593+02:00 TRACE 22004 --- [    Test worker] org.hibernate.orm.jdbc.bind              : binding parameter (1:VARCHAR) <- [testtttttttttt]
2024-03-09T21:31:19.593+02:00 TRACE 22004 --- [    Test worker] org.hibernate.orm.jdbc.bind              : binding parameter (2:VARCHAR) <- [Test T.]
2024-03-09T21:31:19.593+02:00 TRACE 22004 --- [    Test worker] org.hibernate.orm.jdbc.bind              : binding parameter (3:BIGINT) <- [8]
2024-03-09T21:31:19.595+02:00 TRACE 22004 --- [    Test worker] w.c.HttpSessionSecurityContextRepository : No HttpSession currently exists
2024-03-09T21:31:19.595+02:00 TRACE 22004 --- [    Test worker] w.c.HttpSessionSecurityContextRepository : Created SecurityContextImpl [Null authentication]
2024-03-09T21:31:19.595+02:00 TRACE 22004 --- [    Test worker] .s.s.w.c.SupplierDeferredSecurityContext : Created SecurityContextImpl [Null authentication]
2024-03-09T21:31:19.595+02:00 DEBUG 22004 --- [    Test worker] w.c.HttpSessionSecurityContextRepository : Created HttpSession as SecurityContext is non-default
2024-03-09T21:31:19.595+02:00 DEBUG 22004 --- [    Test worker] w.c.HttpSessionSecurityContextRepository : Stored SecurityContextImpl [Authentication=UsernamePasswordAuthenticationToken [Principal=org.springframework.security.core.userdetails.User [Username=user, Password=[PROTECTED], Enabled=true, AccountNonExpired=true, CredentialsNonExpired=true, AccountNonLocked=true, Granted Authorities=[ROLE_User]], Credentials=[PROTECTED], Authenticated=true, Details=null, Granted Authorities=[ROLE_User]]] to HttpSession [org.springframework.mock.web.MockHttpSession@364184]
2024-03-09T21:31:19.597+02:00 TRACE 22004 --- [    Test worker] o.s.security.web.FilterChainProxy        : Trying to match request against DefaultSecurityFilterChain [RequestMatcher=any request, Filters=[org.springframework.security.web.session.DisableEncodeUrlFilter@308a2eb0, org.springframework.security.web.context.request.async.WebAsyncManagerIntegrationFilter@1df1bd44, org.springframework.security.web.context.SecurityContextHolderFilter@664f1c53, org.springframework.security.web.header.HeaderWriterFilter@26cd77cc, org.springframework.web.filter.CorsFilter@ae449e7, org.springframework.security.web.csrf.CsrfFilter@5b4433dc, org.springframework.security.web.authentication.logout.LogoutFilter@774f2d7f, org.springframework.security.web.authentication.UsernamePasswordAuthenticationFilter@4f283b8f, org.springframework.security.web.savedrequest.RequestCacheAwareFilter@85420, org.springframework.security.web.servletapi.SecurityContextHolderAwareRequestFilter@c534814, org.springframework.security.web.authentication.rememberme.RememberMeAuthenticationFilter@6de6467a, org.springframework.security.web.authentication.AnonymousAuthenticationFilter@660dcd17, org.springframework.security.web.access.ExceptionTranslationFilter@4f7bb581, org.springframework.security.web.access.intercept.AuthorizationFilter@4de3a1ca]] (1/1)
2024-03-09T21:31:19.597+02:00 DEBUG 22004 --- [    Test worker] o.s.security.web.FilterChainProxy        : Securing POST /review/add
2024-03-09T21:31:19.597+02:00 TRACE 22004 --- [    Test worker] o.s.security.web.FilterChainProxy        : Invoking DisableEncodeUrlFilter (1/14)
2024-03-09T21:31:19.597+02:00 TRACE 22004 --- [    Test worker] o.s.security.web.FilterChainProxy        : Invoking WebAsyncManagerIntegrationFilter (2/14)
2024-03-09T21:31:19.597+02:00 TRACE 22004 --- [    Test worker] o.s.security.web.FilterChainProxy        : Invoking SecurityContextHolderFilter (3/14)
2024-03-09T21:31:19.599+02:00 TRACE 22004 --- [    Test worker] o.s.security.web.FilterChainProxy        : Invoking HeaderWriterFilter (4/14)
2024-03-09T21:31:19.599+02:00 TRACE 22004 --- [    Test worker] o.s.security.web.FilterChainProxy        : Invoking CorsFilter (5/14)
2024-03-09T21:31:19.599+02:00 TRACE 22004 --- [    Test worker] o.s.security.web.FilterChainProxy        : Invoking CsrfFilter (6/14)
2024-03-09T21:31:19.600+02:00 TRACE 22004 --- [    Test worker] o.s.security.web.FilterChainProxy        : Invoking LogoutFilter (7/14)
2024-03-09T21:31:19.600+02:00 TRACE 22004 --- [    Test worker] o.s.s.w.a.logout.LogoutFilter            : Did not match request to Ant [pattern='/users/logout', POST]
2024-03-09T21:31:19.600+02:00 TRACE 22004 --- [    Test worker] o.s.security.web.FilterChainProxy        : Invoking UsernamePasswordAuthenticationFilter (8/14)
2024-03-09T21:31:19.600+02:00 TRACE 22004 --- [    Test worker] w.a.UsernamePasswordAuthenticationFilter : Did not match request to Ant [pattern='/users/login', POST]
2024-03-09T21:31:19.600+02:00 TRACE 22004 --- [    Test worker] o.s.security.web.FilterChainProxy        : Invoking RequestCacheAwareFilter (9/14)
2024-03-09T21:31:19.600+02:00 TRACE 22004 --- [    Test worker] o.s.s.w.s.HttpSessionRequestCache        : matchingRequestParameterName is required for getMatchingRequest to lookup a value, but not provided
2024-03-09T21:31:19.600+02:00 TRACE 22004 --- [    Test worker] o.s.security.web.FilterChainProxy        : Invoking SecurityContextHolderAwareRequestFilter (10/14)
2024-03-09T21:31:19.600+02:00 TRACE 22004 --- [    Test worker] o.s.security.web.FilterChainProxy        : Invoking RememberMeAuthenticationFilter (11/14)
2024-03-09T21:31:19.600+02:00 TRACE 22004 --- [    Test worker] w.c.HttpSessionSecurityContextRepository : Retrieved SecurityContextImpl [Authentication=UsernamePasswordAuthenticationToken [Principal=org.springframework.security.core.userdetails.User [Username=user, Password=[PROTECTED], Enabled=true, AccountNonExpired=true, CredentialsNonExpired=true, AccountNonLocked=true, Granted Authorities=[ROLE_User]], Credentials=[PROTECTED], Authenticated=true, Details=null, Granted Authorities=[ROLE_User]]] from SPRING_SECURITY_CONTEXT
2024-03-09T21:31:19.600+02:00 DEBUG 22004 --- [    Test worker] s.s.w.a.r.RememberMeAuthenticationFilter : SecurityContextHolder not populated with remember-me token, as it already contained: 'UsernamePasswordAuthenticationToken [Principal=org.springframework.security.core.userdetails.User [Username=user, Password=[PROTECTED], Enabled=true, AccountNonExpired=true, CredentialsNonExpired=true, AccountNonLocked=true, Granted Authorities=[ROLE_User]], Credentials=[PROTECTED], Authenticated=true, Details=null, Granted Authorities=[ROLE_User]]'
2024-03-09T21:31:19.601+02:00 TRACE 22004 --- [    Test worker] o.s.security.web.FilterChainProxy        : Invoking AnonymousAuthenticationFilter (12/14)
2024-03-09T21:31:19.601+02:00 TRACE 22004 --- [    Test worker] o.s.security.web.FilterChainProxy        : Invoking ExceptionTranslationFilter (13/14)
2024-03-09T21:31:19.601+02:00 TRACE 22004 --- [    Test worker] o.s.security.web.FilterChainProxy        : Invoking AuthorizationFilter (14/14)
2024-03-09T21:31:19.601+02:00 TRACE 22004 --- [    Test worker] estMatcherDelegatingAuthorizationManager : Authorizing SecurityContextHolderAwareRequestWrapper[ org.springframework.security.web.header.HeaderWriterFilter$HeaderWriterRequest@5b51009c]
2024-03-09T21:31:19.601+02:00 TRACE 22004 --- [    Test worker] estMatcherDelegatingAuthorizationManager : Checking authorization on SecurityContextHolderAwareRequestWrapper[ org.springframework.security.web.header.HeaderWriterFilter$HeaderWriterRequest@5b51009c] using org.springframework.security.authorization.AuthenticatedAuthorizationManager@78a689e7
2024-03-09T21:31:19.601+02:00 TRACE 22004 --- [    Test worker] o.s.s.w.a.AnonymousAuthenticationFilter  : Did not set SecurityContextHolder since already authenticated UsernamePasswordAuthenticationToken [Principal=org.springframework.security.core.userdetails.User [Username=user, Password=[PROTECTED], Enabled=true, AccountNonExpired=true, CredentialsNonExpired=true, AccountNonLocked=true, Granted Authorities=[ROLE_User]], Credentials=[PROTECTED], Authenticated=true, Details=null, Granted Authorities=[ROLE_User]]
2024-03-09T21:31:19.601+02:00 DEBUG 22004 --- [    Test worker] o.s.security.web.FilterChainProxy        : Secured POST /review/add
2024-03-09T21:31:19.613+02:00 DEBUG 22004 --- [    Test worker] org.hibernate.SQL                        : select u1_0.id,u1_0.email,u1_0.full_name,u1_0.password,u1_0.username from users u1_0 where u1_0.username=?
2024-03-09T21:31:19.614+02:00 TRACE 22004 --- [    Test worker] org.hibernate.orm.jdbc.bind              : binding parameter (1:VARCHAR) <- [user]
2024-03-09T21:31:19.615+02:00 DEBUG 22004 --- [    Test worker] org.hibernate.SQL                        : select sic1_0.students_id,sic1_1.id,sic1_1.age_limit,sic1_1.description,sic1_1.end,l1_0.id,l1_0.email,l1_0.full_name,l1_0.password,l1_0.username,sic1_1.start,sic1_1.title from users_sign_in_courses sic1_0 join courses sic1_1 on sic1_1.id=sic1_0.sign_in_courses_id left join users l1_0 on l1_0.id=sic1_1.lecturer_id where sic1_0.students_id=?
2024-03-09T21:31:19.616+02:00 TRACE 22004 --- [    Test worker] org.hibernate.orm.jdbc.bind              : binding parameter (1:BIGINT) <- [8]
2024-03-09T21:31:19.616+02:00 DEBUG 22004 --- [    Test worker] org.hibernate.SQL                        : select r1_0.user_id,r1_1.id,r1_1.role_type from users_roles r1_0 join roles r1_1 on r1_1.id=r1_0.roles_id where r1_0.user_id=?
2024-03-09T21:31:19.617+02:00 TRACE 22004 --- [    Test worker] org.hibernate.orm.jdbc.bind              : binding parameter (1:BIGINT) <- [8]
2024-03-09T21:31:19.618+02:00 DEBUG 22004 --- [    Test worker] org.hibernate.SQL                        : select c1_0.lecturer_id,c1_0.id,c1_0.age_limit,c1_0.description,c1_0.end,c1_0.start,c1_0.title from courses c1_0 where c1_0.lecturer_id=?
2024-03-09T21:31:19.618+02:00 TRACE 22004 --- [    Test worker] org.hibernate.orm.jdbc.bind              : binding parameter (1:BIGINT) <- [8]
2024-03-09T21:31:19.619+02:00 DEBUG 22004 --- [    Test worker] org.hibernate.SQL                        : insert into reviews (description,name,user_id,id) values (?,?,?,default)
2024-03-09T21:31:19.620+02:00 TRACE 22004 --- [    Test worker] org.hibernate.orm.jdbc.bind              : binding parameter (1:VARCHAR) <- [testtttttt]
2024-03-09T21:31:19.620+02:00 TRACE 22004 --- [    Test worker] org.hibernate.orm.jdbc.bind              : binding parameter (2:VARCHAR) <- [Test T.]
2024-03-09T21:31:19.620+02:00 TRACE 22004 --- [    Test worker] org.hibernate.orm.jdbc.bind              : binding parameter (3:BIGINT) <- [8]
2024-03-09T21:31:19.621+02:00 TRACE 22004 --- [    Test worker] o.s.s.w.header.writers.HstsHeaderWriter  : Not injecting HSTS header since it did not match request to [Is Secure]
2024-03-09T21:31:19.624+02:00 DEBUG 22004 --- [    Test worker] org.hibernate.SQL                        : select count(*) from reviews r1_0
2024-03-09T21:31:19.631+02:00 DEBUG 22004 --- [    Test worker] org.hibernate.SQL                        : select r1_0.id,r1_0.description,r1_0.name,r1_0.user_id from reviews r1_0
2024-03-09T21:31:19.632+02:00 DEBUG 22004 --- [    Test worker] org.hibernate.SQL                        : select u1_0.id,u1_0.email,u1_0.full_name,u1_0.password,u1_0.username,c1_0.lecturer_id,c1_0.id,c1_0.age_limit,c1_0.description,c1_0.end,c1_0.start,c1_0.title from users u1_0 left join courses c1_0 on u1_0.id=c1_0.lecturer_id where u1_0.id=?
2024-03-09T21:31:19.633+02:00 TRACE 22004 --- [    Test worker] org.hibernate.orm.jdbc.bind              : binding parameter (1:BIGINT) <- [8]
2024-03-09T21:31:19.635+02:00 DEBUG 22004 --- [    Test worker] org.hibernate.SQL                        : select sic1_0.students_id,sic1_1.id,sic1_1.age_limit,sic1_1.description,sic1_1.end,l1_0.id,l1_0.email,l1_0.full_name,l1_0.password,l1_0.username,sic1_1.start,sic1_1.title from users_sign_in_courses sic1_0 join courses sic1_1 on sic1_1.id=sic1_0.sign_in_courses_id left join users l1_0 on l1_0.id=sic1_1.lecturer_id where sic1_0.students_id=?
2024-03-09T21:31:19.636+02:00 TRACE 22004 --- [    Test worker] org.hibernate.orm.jdbc.bind              : binding parameter (1:BIGINT) <- [8]
2024-03-09T21:31:19.637+02:00 DEBUG 22004 --- [    Test worker] org.hibernate.SQL                        : select r1_0.user_id,r1_1.id,r1_1.role_type from users_roles r1_0 join roles r1_1 on r1_1.id=r1_0.roles_id where r1_0.user_id=?
2024-03-09T21:31:19.638+02:00 TRACE 22004 --- [    Test worker] org.hibernate.orm.jdbc.bind              : binding parameter (1:BIGINT) <- [8]
2024-03-09T21:31:19.641+02:00 DEBUG 22004 --- [    Test worker] org.hibernate.SQL                        : delete from reviews where id=?
2024-03-09T21:31:19.641+02:00 TRACE 22004 --- [    Test worker] org.hibernate.orm.jdbc.bind              : binding parameter (1:BIGINT) <- [2]
2024-03-09T21:31:19.642+02:00 DEBUG 22004 --- [    Test worker] org.hibernate.SQL                        : delete from reviews where id=?
2024-03-09T21:31:19.642+02:00 TRACE 22004 --- [    Test worker] org.hibernate.orm.jdbc.bind              : binding parameter (1:BIGINT) <- [3]
]]></system-out>
  <system-err><![CDATA[]]></system-err>
</testsuite>
