<?xml version="1.0" encoding="UTF-8"?>
<testsuite name="com.example.roboworld.web.ForumRestControllerTest" tests="2" skipped="0" failures="0" errors="0" timestamp="2024-03-10T10:57:25" hostname="VANESAILIEVA" time="0.395">
  <properties/>
  <testcase name="testGetComments()" classname="com.example.roboworld.web.ForumRestControllerTest" time="0.144"/>
  <testcase name="testAddComment()" classname="com.example.roboworld.web.ForumRestControllerTest" time="0.219"/>
  <system-out><![CDATA[2024-03-10T12:57:25.095+02:00  INFO 10308 --- [    Test worker] t.c.s.AnnotationConfigContextLoaderUtils : Could not detect default configuration classes for test class [com.example.roboworld.web.ForumRestControllerTest]: ForumRestControllerTest does not declare any static, non-private, non-final, nested classes annotated with @Configuration.
2024-03-10T12:57:25.097+02:00  INFO 10308 --- [    Test worker] .b.t.c.SpringBootTestContextBootstrapper : Found @SpringBootConfiguration com.example.roboworld.RobotWorldApplication for test class com.example.roboworld.web.ForumRestControllerTest
2024-03-10T12:57:25.098+02:00  INFO 10308 --- [    Test worker] f.a.AutowiredAnnotationBeanPostProcessor : Autowired annotation should only be used on methods with parameters: public void com.example.roboworld.web.ForumRestControllerTest.tearDown()
2024-03-10T12:57:25.102+02:00 DEBUG 10308 --- [    Test worker] org.hibernate.SQL                        : select f1_0.id,f1_0.created,f1_0.description,f1_0.title from forums f1_0
2024-03-10T12:57:25.104+02:00 DEBUG 10308 --- [    Test worker] org.hibernate.SQL                        : select c1_0.id,c1_0.created,c1_0.description,c1_0.forum_id,c1_0.user_id from comments c1_0
2024-03-10T12:57:25.110+02:00 DEBUG 10308 --- [    Test worker] org.hibernate.SQL                        : select r1_0.id,r1_0.role_type from roles r1_0 where r1_0.role_type in (?)
2024-03-10T12:57:25.111+02:00 TRACE 10308 --- [    Test worker] org.hibernate.orm.jdbc.bind              : binding parameter (1:VARCHAR) <- [User]
2024-03-10T12:57:25.112+02:00 DEBUG 10308 --- [    Test worker] org.hibernate.SQL                        : insert into roles (role_type,id) values (?,default)
2024-03-10T12:57:25.112+02:00 TRACE 10308 --- [    Test worker] org.hibernate.orm.jdbc.bind              : binding parameter (1:VARCHAR) <- [User]
2024-03-10T12:57:25.117+02:00 DEBUG 10308 --- [    Test worker] org.hibernate.SQL                        : insert into users (email,full_name,password,username,id) values (?,?,?,?,default)
2024-03-10T12:57:25.118+02:00 TRACE 10308 --- [    Test worker] org.hibernate.orm.jdbc.bind              : binding parameter (1:VARCHAR) <- [example@com]
2024-03-10T12:57:25.118+02:00 TRACE 10308 --- [    Test worker] org.hibernate.orm.jdbc.bind              : binding parameter (2:VARCHAR) <- [Test Testov]
2024-03-10T12:57:25.118+02:00 TRACE 10308 --- [    Test worker] org.hibernate.orm.jdbc.bind              : binding parameter (3:VARCHAR) <- [1234]
2024-03-10T12:57:25.118+02:00 TRACE 10308 --- [    Test worker] org.hibernate.orm.jdbc.bind              : binding parameter (4:VARCHAR) <- [pesho]
2024-03-10T12:57:25.120+02:00 DEBUG 10308 --- [    Test worker] org.hibernate.SQL                        : insert into users_roles (user_id,roles_id) values (?,?)
2024-03-10T12:57:25.120+02:00 TRACE 10308 --- [    Test worker] org.hibernate.orm.jdbc.bind              : binding parameter (1:BIGINT) <- [11]
2024-03-10T12:57:25.120+02:00 TRACE 10308 --- [    Test worker] org.hibernate.orm.jdbc.bind              : binding parameter (2:BIGINT) <- [11]
2024-03-10T12:57:25.122+02:00 DEBUG 10308 --- [    Test worker] org.hibernate.SQL                        : select c1_0.id,c1_0.created,c1_0.description,c1_0.forum_id,c1_0.user_id from comments c1_0
2024-03-10T12:57:25.124+02:00 DEBUG 10308 --- [    Test worker] org.hibernate.SQL                        : insert into forums (created,description,title,id) values (?,?,?,default)
2024-03-10T12:57:25.125+02:00 TRACE 10308 --- [    Test worker] org.hibernate.orm.jdbc.bind              : binding parameter (1:TIMESTAMP) <- [2024-05-22T00:00]
2024-03-10T12:57:25.125+02:00 TRACE 10308 --- [    Test worker] org.hibernate.orm.jdbc.bind              : binding parameter (2:VARCHAR) <- [testtttt]
2024-03-10T12:57:25.125+02:00 TRACE 10308 --- [    Test worker] org.hibernate.orm.jdbc.bind              : binding parameter (3:VARCHAR) <- [testTitle]
2024-03-10T12:57:25.127+02:00 DEBUG 10308 --- [    Test worker] org.hibernate.SQL                        : insert into comments (created,description,forum_id,user_id,id) values (?,?,?,?,default)
2024-03-10T12:57:25.127+02:00 TRACE 10308 --- [    Test worker] org.hibernate.orm.jdbc.bind              : binding parameter (1:TIMESTAMP) <- [2024-03-10T12:57:25.126851]
2024-03-10T12:57:25.127+02:00 TRACE 10308 --- [    Test worker] org.hibernate.orm.jdbc.bind              : binding parameter (2:VARCHAR) <- [hey Spring is cool!]
2024-03-10T12:57:25.127+02:00 TRACE 10308 --- [    Test worker] org.hibernate.orm.jdbc.bind              : binding parameter (3:BIGINT) <- [1]
2024-03-10T12:57:25.127+02:00 TRACE 10308 --- [    Test worker] org.hibernate.orm.jdbc.bind              : binding parameter (4:BIGINT) <- [11]
2024-03-10T12:57:25.131+02:00 DEBUG 10308 --- [    Test worker] org.hibernate.SQL                        : insert into comments (created,description,forum_id,user_id,id) values (?,?,?,?,default)
2024-03-10T12:57:25.131+02:00 TRACE 10308 --- [    Test worker] org.hibernate.orm.jdbc.bind              : binding parameter (1:TIMESTAMP) <- [null]
2024-03-10T12:57:25.131+02:00 TRACE 10308 --- [    Test worker] org.hibernate.orm.jdbc.bind              : binding parameter (2:VARCHAR) <- [null]
2024-03-10T12:57:25.131+02:00 TRACE 10308 --- [    Test worker] org.hibernate.orm.jdbc.bind              : binding parameter (3:BIGINT) <- [null]
2024-03-10T12:57:25.131+02:00 TRACE 10308 --- [    Test worker] org.hibernate.orm.jdbc.bind              : binding parameter (4:BIGINT) <- [null]
2024-03-10T12:57:25.133+02:00 TRACE 10308 --- [    Test worker] w.c.HttpSessionSecurityContextRepository : No HttpSession currently exists
2024-03-10T12:57:25.133+02:00 TRACE 10308 --- [    Test worker] w.c.HttpSessionSecurityContextRepository : Created SecurityContextImpl [Null authentication]
2024-03-10T12:57:25.133+02:00 TRACE 10308 --- [    Test worker] .s.s.w.c.SupplierDeferredSecurityContext : Created SecurityContextImpl [Null authentication]
2024-03-10T12:57:25.133+02:00 DEBUG 10308 --- [    Test worker] w.c.HttpSessionSecurityContextRepository : Created HttpSession as SecurityContext is non-default
2024-03-10T12:57:25.133+02:00 DEBUG 10308 --- [    Test worker] w.c.HttpSessionSecurityContextRepository : Stored SecurityContextImpl [Authentication=UsernamePasswordAuthenticationToken [Principal=org.springframework.security.core.userdetails.User [Username=user, Password=[PROTECTED], Enabled=true, AccountNonExpired=true, CredentialsNonExpired=true, AccountNonLocked=true, Granted Authorities=[ROLE_User]], Credentials=[PROTECTED], Authenticated=true, Details=null, Granted Authorities=[ROLE_User]]] to HttpSession [org.springframework.mock.web.MockHttpSession@70e1a8ab]
2024-03-10T12:57:25.134+02:00 TRACE 10308 --- [    Test worker] o.s.security.web.FilterChainProxy        : Trying to match request against DefaultSecurityFilterChain [RequestMatcher=any request, Filters=[org.springframework.security.web.session.DisableEncodeUrlFilter@711329fe, org.springframework.security.web.context.request.async.WebAsyncManagerIntegrationFilter@2088e339, org.springframework.security.web.context.SecurityContextHolderFilter@737652a9, org.springframework.security.web.header.HeaderWriterFilter@3776c917, org.springframework.web.filter.CorsFilter@37c5e2e6, org.springframework.security.web.csrf.CsrfFilter@d6de944, org.springframework.security.web.authentication.logout.LogoutFilter@6565691a, org.springframework.security.web.authentication.UsernamePasswordAuthenticationFilter@34ec33f4, org.springframework.security.web.savedrequest.RequestCacheAwareFilter@377fca35, org.springframework.security.web.servletapi.SecurityContextHolderAwareRequestFilter@48c8c722, org.springframework.security.web.authentication.rememberme.RememberMeAuthenticationFilter@18f90bd8, org.springframework.security.web.authentication.AnonymousAuthenticationFilter@342cc706, org.springframework.security.web.access.ExceptionTranslationFilter@ae449e7, org.springframework.security.web.access.intercept.AuthorizationFilter@60b90fd3]] (1/1)
2024-03-10T12:57:25.134+02:00 DEBUG 10308 --- [    Test worker] o.s.security.web.FilterChainProxy        : Securing GET /api/comments/1
2024-03-10T12:57:25.134+02:00 TRACE 10308 --- [    Test worker] o.s.security.web.FilterChainProxy        : Invoking DisableEncodeUrlFilter (1/14)
2024-03-10T12:57:25.134+02:00 TRACE 10308 --- [    Test worker] o.s.security.web.FilterChainProxy        : Invoking WebAsyncManagerIntegrationFilter (2/14)
2024-03-10T12:57:25.134+02:00 TRACE 10308 --- [    Test worker] o.s.security.web.FilterChainProxy        : Invoking SecurityContextHolderFilter (3/14)
2024-03-10T12:57:25.134+02:00 TRACE 10308 --- [    Test worker] o.s.security.web.FilterChainProxy        : Invoking HeaderWriterFilter (4/14)
2024-03-10T12:57:25.135+02:00 TRACE 10308 --- [    Test worker] o.s.security.web.FilterChainProxy        : Invoking CorsFilter (5/14)
2024-03-10T12:57:25.135+02:00 TRACE 10308 --- [    Test worker] o.s.security.web.FilterChainProxy        : Invoking CsrfFilter (6/14)
2024-03-10T12:57:25.135+02:00 TRACE 10308 --- [    Test worker] o.s.security.web.csrf.CsrfFilter         : Did not protect against CSRF since request did not match CsrfNotRequired [TRACE, HEAD, GET, OPTIONS]
2024-03-10T12:57:25.135+02:00 TRACE 10308 --- [    Test worker] o.s.security.web.FilterChainProxy        : Invoking LogoutFilter (7/14)
2024-03-10T12:57:25.135+02:00 TRACE 10308 --- [    Test worker] o.s.s.w.a.logout.LogoutFilter            : Did not match request to Ant [pattern='/users/logout', POST]
2024-03-10T12:57:25.135+02:00 TRACE 10308 --- [    Test worker] o.s.security.web.FilterChainProxy        : Invoking UsernamePasswordAuthenticationFilter (8/14)
2024-03-10T12:57:25.135+02:00 TRACE 10308 --- [    Test worker] w.a.UsernamePasswordAuthenticationFilter : Did not match request to Ant [pattern='/users/login', POST]
2024-03-10T12:57:25.135+02:00 TRACE 10308 --- [    Test worker] o.s.security.web.FilterChainProxy        : Invoking RequestCacheAwareFilter (9/14)
2024-03-10T12:57:25.135+02:00 TRACE 10308 --- [    Test worker] o.s.s.w.s.HttpSessionRequestCache        : matchingRequestParameterName is required for getMatchingRequest to lookup a value, but not provided
2024-03-10T12:57:25.135+02:00 TRACE 10308 --- [    Test worker] o.s.security.web.FilterChainProxy        : Invoking SecurityContextHolderAwareRequestFilter (10/14)
2024-03-10T12:57:25.135+02:00 TRACE 10308 --- [    Test worker] o.s.security.web.FilterChainProxy        : Invoking RememberMeAuthenticationFilter (11/14)
2024-03-10T12:57:25.135+02:00 TRACE 10308 --- [    Test worker] w.c.HttpSessionSecurityContextRepository : Retrieved SecurityContextImpl [Authentication=UsernamePasswordAuthenticationToken [Principal=org.springframework.security.core.userdetails.User [Username=user, Password=[PROTECTED], Enabled=true, AccountNonExpired=true, CredentialsNonExpired=true, AccountNonLocked=true, Granted Authorities=[ROLE_User]], Credentials=[PROTECTED], Authenticated=true, Details=null, Granted Authorities=[ROLE_User]]] from SPRING_SECURITY_CONTEXT
2024-03-10T12:57:25.135+02:00 DEBUG 10308 --- [    Test worker] s.s.w.a.r.RememberMeAuthenticationFilter : SecurityContextHolder not populated with remember-me token, as it already contained: 'UsernamePasswordAuthenticationToken [Principal=org.springframework.security.core.userdetails.User [Username=user, Password=[PROTECTED], Enabled=true, AccountNonExpired=true, CredentialsNonExpired=true, AccountNonLocked=true, Granted Authorities=[ROLE_User]], Credentials=[PROTECTED], Authenticated=true, Details=null, Granted Authorities=[ROLE_User]]'
2024-03-10T12:57:25.136+02:00 TRACE 10308 --- [    Test worker] o.s.security.web.FilterChainProxy        : Invoking AnonymousAuthenticationFilter (12/14)
2024-03-10T12:57:25.136+02:00 TRACE 10308 --- [    Test worker] o.s.security.web.FilterChainProxy        : Invoking ExceptionTranslationFilter (13/14)
2024-03-10T12:57:25.136+02:00 TRACE 10308 --- [    Test worker] o.s.security.web.FilterChainProxy        : Invoking AuthorizationFilter (14/14)
2024-03-10T12:57:25.136+02:00 TRACE 10308 --- [    Test worker] estMatcherDelegatingAuthorizationManager : Authorizing SecurityContextHolderAwareRequestWrapper[ org.springframework.security.web.header.HeaderWriterFilter$HeaderWriterRequest@43ffaeb8]
2024-03-10T12:57:25.136+02:00 TRACE 10308 --- [    Test worker] estMatcherDelegatingAuthorizationManager : Checking authorization on SecurityContextHolderAwareRequestWrapper[ org.springframework.security.web.header.HeaderWriterFilter$HeaderWriterRequest@43ffaeb8] using org.springframework.security.authorization.AuthenticatedAuthorizationManager@2f71cdc0
2024-03-10T12:57:25.136+02:00 TRACE 10308 --- [    Test worker] o.s.s.w.a.AnonymousAuthenticationFilter  : Did not set SecurityContextHolder since already authenticated UsernamePasswordAuthenticationToken [Principal=org.springframework.security.core.userdetails.User [Username=user, Password=[PROTECTED], Enabled=true, AccountNonExpired=true, CredentialsNonExpired=true, AccountNonLocked=true, Granted Authorities=[ROLE_User]], Credentials=[PROTECTED], Authenticated=true, Details=null, Granted Authorities=[ROLE_User]]
2024-03-10T12:57:25.136+02:00 DEBUG 10308 --- [    Test worker] o.s.security.web.FilterChainProxy        : Secured GET /api/comments/1
2024-03-10T12:57:25.140+02:00 DEBUG 10308 --- [    Test worker] org.hibernate.SQL                        : select c1_0.id,c1_0.created,c1_0.description,c1_0.forum_id,c1_0.user_id from comments c1_0 left join forums f1_0 on f1_0.id=c1_0.forum_id where f1_0.id=?
2024-03-10T12:57:25.141+02:00 TRACE 10308 --- [    Test worker] org.hibernate.orm.jdbc.bind              : binding parameter (1:BIGINT) <- [1]
2024-03-10T12:57:25.143+02:00 DEBUG 10308 --- [    Test worker] org.hibernate.SQL                        : select f1_0.id,f1_0.created,f1_0.description,f1_0.title,c1_0.forum_id,c1_0.id,c1_0.created,c1_0.description,u1_0.id,u1_0.email,u1_0.full_name,u1_0.password,u1_0.username from forums f1_0 left join comments c1_0 on f1_0.id=c1_0.forum_id left join users u1_0 on u1_0.id=c1_0.user_id where f1_0.id=?
2024-03-10T12:57:25.145+02:00 TRACE 10308 --- [    Test worker] org.hibernate.orm.jdbc.bind              : binding parameter (1:BIGINT) <- [1]
2024-03-10T12:57:25.147+02:00 DEBUG 10308 --- [    Test worker] org.hibernate.SQL                        : select sic1_0.students_id,sic1_1.id,sic1_1.age_limit,sic1_1.description,sic1_1.end,l1_0.id,l1_0.email,l1_0.full_name,l1_0.password,l1_0.username,sic1_1.start,sic1_1.title from users_sign_in_courses sic1_0 join courses sic1_1 on sic1_1.id=sic1_0.sign_in_courses_id left join users l1_0 on l1_0.id=sic1_1.lecturer_id where sic1_0.students_id=?
2024-03-10T12:57:25.148+02:00 TRACE 10308 --- [    Test worker] org.hibernate.orm.jdbc.bind              : binding parameter (1:BIGINT) <- [11]
2024-03-10T12:57:25.148+02:00 DEBUG 10308 --- [    Test worker] org.hibernate.SQL                        : select r1_0.user_id,r1_1.id,r1_1.role_type from users_roles r1_0 join roles r1_1 on r1_1.id=r1_0.roles_id where r1_0.user_id=?
2024-03-10T12:57:25.148+02:00 TRACE 10308 --- [    Test worker] org.hibernate.orm.jdbc.bind              : binding parameter (1:BIGINT) <- [11]
2024-03-10T12:57:25.149+02:00 DEBUG 10308 --- [    Test worker] org.hibernate.SQL                        : select c1_0.lecturer_id,c1_0.id,c1_0.age_limit,c1_0.description,c1_0.end,c1_0.start,c1_0.title from courses c1_0 where c1_0.lecturer_id=?
2024-03-10T12:57:25.149+02:00 TRACE 10308 --- [    Test worker] org.hibernate.orm.jdbc.bind              : binding parameter (1:BIGINT) <- [11]
2024-03-10T12:57:25.244+02:00 TRACE 10308 --- [    Test worker] o.s.s.w.header.writers.HstsHeaderWriter  : Not injecting HSTS header since it did not match request to [Is Secure]
2024-03-10T12:57:25.253+02:00 DEBUG 10308 --- [    Test worker] org.hibernate.SQL                        : select f1_0.id,f1_0.created,f1_0.description,f1_0.title from forums f1_0
2024-03-10T12:57:25.255+02:00 DEBUG 10308 --- [    Test worker] org.hibernate.SQL                        : select c1_0.forum_id,c1_0.id,c1_0.created,c1_0.description,u1_0.id,u1_0.email,u1_0.full_name,u1_0.password,u1_0.username from comments c1_0 left join users u1_0 on u1_0.id=c1_0.user_id where c1_0.forum_id=?
2024-03-10T12:57:25.255+02:00 TRACE 10308 --- [    Test worker] org.hibernate.orm.jdbc.bind              : binding parameter (1:BIGINT) <- [1]
2024-03-10T12:57:25.257+02:00 DEBUG 10308 --- [    Test worker] org.hibernate.SQL                        : select sic1_0.students_id,sic1_1.id,sic1_1.age_limit,sic1_1.description,sic1_1.end,l1_0.id,l1_0.email,l1_0.full_name,l1_0.password,l1_0.username,sic1_1.start,sic1_1.title from users_sign_in_courses sic1_0 join courses sic1_1 on sic1_1.id=sic1_0.sign_in_courses_id left join users l1_0 on l1_0.id=sic1_1.lecturer_id where sic1_0.students_id=?
2024-03-10T12:57:25.258+02:00 TRACE 10308 --- [    Test worker] org.hibernate.orm.jdbc.bind              : binding parameter (1:BIGINT) <- [11]
2024-03-10T12:57:25.260+02:00 DEBUG 10308 --- [    Test worker] org.hibernate.SQL                        : select r1_0.user_id,r1_1.id,r1_1.role_type from users_roles r1_0 join roles r1_1 on r1_1.id=r1_0.roles_id where r1_0.user_id=?
2024-03-10T12:57:25.261+02:00 TRACE 10308 --- [    Test worker] org.hibernate.orm.jdbc.bind              : binding parameter (1:BIGINT) <- [11]
2024-03-10T12:57:25.266+02:00 DEBUG 10308 --- [    Test worker] org.hibernate.SQL                        : select c1_0.lecturer_id,c1_0.id,c1_0.age_limit,c1_0.description,c1_0.end,c1_0.start,c1_0.title from courses c1_0 where c1_0.lecturer_id=?
2024-03-10T12:57:25.266+02:00 TRACE 10308 --- [    Test worker] org.hibernate.orm.jdbc.bind              : binding parameter (1:BIGINT) <- [11]
2024-03-10T12:57:25.271+02:00 DEBUG 10308 --- [    Test worker] org.hibernate.SQL                        : delete from users_roles where user_id=?
2024-03-10T12:57:25.271+02:00 TRACE 10308 --- [    Test worker] org.hibernate.orm.jdbc.bind              : binding parameter (1:BIGINT) <- [11]
2024-03-10T12:57:25.272+02:00 DEBUG 10308 --- [    Test worker] org.hibernate.SQL                        : delete from comments where id=?
2024-03-10T12:57:25.273+02:00 TRACE 10308 --- [    Test worker] org.hibernate.orm.jdbc.bind              : binding parameter (1:BIGINT) <- [1]
2024-03-10T12:57:25.273+02:00 DEBUG 10308 --- [    Test worker] org.hibernate.SQL                        : delete from roles where id=?
2024-03-10T12:57:25.274+02:00 TRACE 10308 --- [    Test worker] org.hibernate.orm.jdbc.bind              : binding parameter (1:BIGINT) <- [11]
2024-03-10T12:57:25.274+02:00 DEBUG 10308 --- [    Test worker] org.hibernate.SQL                        : delete from users where id=?
2024-03-10T12:57:25.274+02:00 TRACE 10308 --- [    Test worker] org.hibernate.orm.jdbc.bind              : binding parameter (1:BIGINT) <- [11]
2024-03-10T12:57:25.275+02:00 DEBUG 10308 --- [    Test worker] org.hibernate.SQL                        : delete from forums where id=?
2024-03-10T12:57:25.275+02:00 TRACE 10308 --- [    Test worker] org.hibernate.orm.jdbc.bind              : binding parameter (1:BIGINT) <- [1]
2024-03-10T12:57:25.278+02:00 DEBUG 10308 --- [    Test worker] org.hibernate.SQL                        : select c1_0.id,c1_0.created,c1_0.description,c1_0.forum_id,c1_0.user_id from comments c1_0
2024-03-10T12:57:25.281+02:00 DEBUG 10308 --- [    Test worker] org.hibernate.SQL                        : delete from comments where id=?
2024-03-10T12:57:25.281+02:00 TRACE 10308 --- [    Test worker] org.hibernate.orm.jdbc.bind              : binding parameter (1:BIGINT) <- [2]
2024-03-10T12:57:25.288+02:00 DEBUG 10308 --- [    Test worker] org.hibernate.SQL                        : select r1_0.id,r1_0.role_type from roles r1_0 where r1_0.role_type in (?)
2024-03-10T12:57:25.289+02:00 TRACE 10308 --- [    Test worker] org.hibernate.orm.jdbc.bind              : binding parameter (1:VARCHAR) <- [User]
2024-03-10T12:57:25.290+02:00 DEBUG 10308 --- [    Test worker] org.hibernate.SQL                        : insert into roles (role_type,id) values (?,default)
2024-03-10T12:57:25.290+02:00 TRACE 10308 --- [    Test worker] org.hibernate.orm.jdbc.bind              : binding parameter (1:VARCHAR) <- [User]
2024-03-10T12:57:25.292+02:00 DEBUG 10308 --- [    Test worker] org.hibernate.SQL                        : insert into users (email,full_name,password,username,id) values (?,?,?,?,default)
2024-03-10T12:57:25.292+02:00 TRACE 10308 --- [    Test worker] org.hibernate.orm.jdbc.bind              : binding parameter (1:VARCHAR) <- [example@com]
2024-03-10T12:57:25.292+02:00 TRACE 10308 --- [    Test worker] org.hibernate.orm.jdbc.bind              : binding parameter (2:VARCHAR) <- [Test Testov]
2024-03-10T12:57:25.292+02:00 TRACE 10308 --- [    Test worker] org.hibernate.orm.jdbc.bind              : binding parameter (3:VARCHAR) <- [1234]
2024-03-10T12:57:25.292+02:00 TRACE 10308 --- [    Test worker] org.hibernate.orm.jdbc.bind              : binding parameter (4:VARCHAR) <- [pesho]
2024-03-10T12:57:25.294+02:00 DEBUG 10308 --- [    Test worker] org.hibernate.SQL                        : insert into users_roles (user_id,roles_id) values (?,?)
2024-03-10T12:57:25.295+02:00 TRACE 10308 --- [    Test worker] org.hibernate.orm.jdbc.bind              : binding parameter (1:BIGINT) <- [12]
2024-03-10T12:57:25.295+02:00 TRACE 10308 --- [    Test worker] org.hibernate.orm.jdbc.bind              : binding parameter (2:BIGINT) <- [12]
2024-03-10T12:57:25.297+02:00 DEBUG 10308 --- [    Test worker] org.hibernate.SQL                        : select c1_0.id,c1_0.created,c1_0.description,c1_0.forum_id,c1_0.user_id from comments c1_0
2024-03-10T12:57:25.300+02:00 DEBUG 10308 --- [    Test worker] org.hibernate.SQL                        : insert into forums (created,description,title,id) values (?,?,?,default)
2024-03-10T12:57:25.300+02:00 TRACE 10308 --- [    Test worker] org.hibernate.orm.jdbc.bind              : binding parameter (1:TIMESTAMP) <- [2024-05-22T00:00]
2024-03-10T12:57:25.301+02:00 TRACE 10308 --- [    Test worker] org.hibernate.orm.jdbc.bind              : binding parameter (2:VARCHAR) <- [testtttt]
2024-03-10T12:57:25.301+02:00 TRACE 10308 --- [    Test worker] org.hibernate.orm.jdbc.bind              : binding parameter (3:VARCHAR) <- [test title]
2024-03-10T12:57:25.306+02:00 TRACE 10308 --- [    Test worker] w.c.HttpSessionSecurityContextRepository : No HttpSession currently exists
2024-03-10T12:57:25.306+02:00 TRACE 10308 --- [    Test worker] w.c.HttpSessionSecurityContextRepository : Created SecurityContextImpl [Null authentication]
2024-03-10T12:57:25.306+02:00 TRACE 10308 --- [    Test worker] .s.s.w.c.SupplierDeferredSecurityContext : Created SecurityContextImpl [Null authentication]
2024-03-10T12:57:25.306+02:00 DEBUG 10308 --- [    Test worker] w.c.HttpSessionSecurityContextRepository : Created HttpSession as SecurityContext is non-default
2024-03-10T12:57:25.306+02:00 DEBUG 10308 --- [    Test worker] w.c.HttpSessionSecurityContextRepository : Stored SecurityContextImpl [Authentication=UsernamePasswordAuthenticationToken [Principal=org.springframework.security.core.userdetails.User [Username=pesho, Password=[PROTECTED], Enabled=true, AccountNonExpired=true, CredentialsNonExpired=true, AccountNonLocked=true, Granted Authorities=[ROLE_User]], Credentials=[PROTECTED], Authenticated=true, Details=null, Granted Authorities=[ROLE_User]]] to HttpSession [org.springframework.mock.web.MockHttpSession@67534bfc]
2024-03-10T12:57:25.308+02:00 TRACE 10308 --- [    Test worker] o.s.security.web.FilterChainProxy        : Trying to match request against DefaultSecurityFilterChain [RequestMatcher=any request, Filters=[org.springframework.security.web.session.DisableEncodeUrlFilter@711329fe, org.springframework.security.web.context.request.async.WebAsyncManagerIntegrationFilter@2088e339, org.springframework.security.web.context.SecurityContextHolderFilter@737652a9, org.springframework.security.web.header.HeaderWriterFilter@3776c917, org.springframework.web.filter.CorsFilter@37c5e2e6, org.springframework.security.web.csrf.CsrfFilter@d6de944, org.springframework.security.web.authentication.logout.LogoutFilter@6565691a, org.springframework.security.web.authentication.UsernamePasswordAuthenticationFilter@34ec33f4, org.springframework.security.web.savedrequest.RequestCacheAwareFilter@377fca35, org.springframework.security.web.servletapi.SecurityContextHolderAwareRequestFilter@48c8c722, org.springframework.security.web.authentication.rememberme.RememberMeAuthenticationFilter@18f90bd8, org.springframework.security.web.authentication.AnonymousAuthenticationFilter@342cc706, org.springframework.security.web.access.ExceptionTranslationFilter@ae449e7, org.springframework.security.web.access.intercept.AuthorizationFilter@60b90fd3]] (1/1)
2024-03-10T12:57:25.308+02:00 DEBUG 10308 --- [    Test worker] o.s.security.web.FilterChainProxy        : Securing POST /api/comments/2
2024-03-10T12:57:25.308+02:00 TRACE 10308 --- [    Test worker] o.s.security.web.FilterChainProxy        : Invoking DisableEncodeUrlFilter (1/14)
2024-03-10T12:57:25.309+02:00 TRACE 10308 --- [    Test worker] o.s.security.web.FilterChainProxy        : Invoking WebAsyncManagerIntegrationFilter (2/14)
2024-03-10T12:57:25.309+02:00 TRACE 10308 --- [    Test worker] o.s.security.web.FilterChainProxy        : Invoking SecurityContextHolderFilter (3/14)
2024-03-10T12:57:25.309+02:00 TRACE 10308 --- [    Test worker] o.s.security.web.FilterChainProxy        : Invoking HeaderWriterFilter (4/14)
2024-03-10T12:57:25.309+02:00 TRACE 10308 --- [    Test worker] o.s.security.web.FilterChainProxy        : Invoking CorsFilter (5/14)
2024-03-10T12:57:25.309+02:00 TRACE 10308 --- [    Test worker] o.s.security.web.FilterChainProxy        : Invoking CsrfFilter (6/14)
2024-03-10T12:57:25.309+02:00 TRACE 10308 --- [    Test worker] o.s.security.web.FilterChainProxy        : Invoking LogoutFilter (7/14)
2024-03-10T12:57:25.309+02:00 TRACE 10308 --- [    Test worker] o.s.s.w.a.logout.LogoutFilter            : Did not match request to Ant [pattern='/users/logout', POST]
2024-03-10T12:57:25.309+02:00 TRACE 10308 --- [    Test worker] o.s.security.web.FilterChainProxy        : Invoking UsernamePasswordAuthenticationFilter (8/14)
2024-03-10T12:57:25.310+02:00 TRACE 10308 --- [    Test worker] w.a.UsernamePasswordAuthenticationFilter : Did not match request to Ant [pattern='/users/login', POST]
2024-03-10T12:57:25.310+02:00 TRACE 10308 --- [    Test worker] o.s.security.web.FilterChainProxy        : Invoking RequestCacheAwareFilter (9/14)
2024-03-10T12:57:25.311+02:00 TRACE 10308 --- [    Test worker] o.s.s.w.s.HttpSessionRequestCache        : matchingRequestParameterName is required for getMatchingRequest to lookup a value, but not provided
2024-03-10T12:57:25.311+02:00 TRACE 10308 --- [    Test worker] o.s.security.web.FilterChainProxy        : Invoking SecurityContextHolderAwareRequestFilter (10/14)
2024-03-10T12:57:25.311+02:00 TRACE 10308 --- [    Test worker] o.s.security.web.FilterChainProxy        : Invoking RememberMeAuthenticationFilter (11/14)
2024-03-10T12:57:25.311+02:00 TRACE 10308 --- [    Test worker] w.c.HttpSessionSecurityContextRepository : Retrieved SecurityContextImpl [Authentication=UsernamePasswordAuthenticationToken [Principal=org.springframework.security.core.userdetails.User [Username=pesho, Password=[PROTECTED], Enabled=true, AccountNonExpired=true, CredentialsNonExpired=true, AccountNonLocked=true, Granted Authorities=[ROLE_User]], Credentials=[PROTECTED], Authenticated=true, Details=null, Granted Authorities=[ROLE_User]]] from SPRING_SECURITY_CONTEXT
2024-03-10T12:57:25.311+02:00 DEBUG 10308 --- [    Test worker] s.s.w.a.r.RememberMeAuthenticationFilter : SecurityContextHolder not populated with remember-me token, as it already contained: 'UsernamePasswordAuthenticationToken [Principal=org.springframework.security.core.userdetails.User [Username=pesho, Password=[PROTECTED], Enabled=true, AccountNonExpired=true, CredentialsNonExpired=true, AccountNonLocked=true, Granted Authorities=[ROLE_User]], Credentials=[PROTECTED], Authenticated=true, Details=null, Granted Authorities=[ROLE_User]]'
2024-03-10T12:57:25.311+02:00 TRACE 10308 --- [    Test worker] o.s.security.web.FilterChainProxy        : Invoking AnonymousAuthenticationFilter (12/14)
2024-03-10T12:57:25.311+02:00 TRACE 10308 --- [    Test worker] o.s.security.web.FilterChainProxy        : Invoking ExceptionTranslationFilter (13/14)
2024-03-10T12:57:25.311+02:00 TRACE 10308 --- [    Test worker] o.s.security.web.FilterChainProxy        : Invoking AuthorizationFilter (14/14)
2024-03-10T12:57:25.312+02:00 TRACE 10308 --- [    Test worker] estMatcherDelegatingAuthorizationManager : Authorizing SecurityContextHolderAwareRequestWrapper[ org.springframework.security.web.header.HeaderWriterFilter$HeaderWriterRequest@44e6d939]
2024-03-10T12:57:25.312+02:00 TRACE 10308 --- [    Test worker] estMatcherDelegatingAuthorizationManager : Checking authorization on SecurityContextHolderAwareRequestWrapper[ org.springframework.security.web.header.HeaderWriterFilter$HeaderWriterRequest@44e6d939] using org.springframework.security.authorization.AuthenticatedAuthorizationManager@2f71cdc0
2024-03-10T12:57:25.312+02:00 TRACE 10308 --- [    Test worker] o.s.s.w.a.AnonymousAuthenticationFilter  : Did not set SecurityContextHolder since already authenticated UsernamePasswordAuthenticationToken [Principal=org.springframework.security.core.userdetails.User [Username=pesho, Password=[PROTECTED], Enabled=true, AccountNonExpired=true, CredentialsNonExpired=true, AccountNonLocked=true, Granted Authorities=[ROLE_User]], Credentials=[PROTECTED], Authenticated=true, Details=null, Granted Authorities=[ROLE_User]]
2024-03-10T12:57:25.312+02:00 DEBUG 10308 --- [    Test worker] o.s.security.web.FilterChainProxy        : Secured POST /api/comments/2
2024-03-10T12:57:25.368+02:00 DEBUG 10308 --- [    Test worker] org.hibernate.SQL                        : select f1_0.id,f1_0.created,f1_0.description,f1_0.title,c1_0.forum_id,c1_0.id,c1_0.created,c1_0.description,u1_0.id,u1_0.email,u1_0.full_name,u1_0.password,u1_0.username from forums f1_0 left join comments c1_0 on f1_0.id=c1_0.forum_id left join users u1_0 on u1_0.id=c1_0.user_id where f1_0.id=?
2024-03-10T12:57:25.370+02:00 TRACE 10308 --- [    Test worker] org.hibernate.orm.jdbc.bind              : binding parameter (1:BIGINT) <- [2]
2024-03-10T12:57:25.382+02:00 DEBUG 10308 --- [    Test worker] org.hibernate.SQL                        : select u1_0.id,u1_0.email,u1_0.full_name,u1_0.password,u1_0.username from users u1_0 where u1_0.username=?
2024-03-10T12:57:25.384+02:00 TRACE 10308 --- [    Test worker] org.hibernate.orm.jdbc.bind              : binding parameter (1:VARCHAR) <- [pesho]
2024-03-10T12:57:25.387+02:00 DEBUG 10308 --- [    Test worker] org.hibernate.SQL                        : select sic1_0.students_id,sic1_1.id,sic1_1.age_limit,sic1_1.description,sic1_1.end,l1_0.id,l1_0.email,l1_0.full_name,l1_0.password,l1_0.username,sic1_1.start,sic1_1.title from users_sign_in_courses sic1_0 join courses sic1_1 on sic1_1.id=sic1_0.sign_in_courses_id left join users l1_0 on l1_0.id=sic1_1.lecturer_id where sic1_0.students_id=?
2024-03-10T12:57:25.388+02:00 TRACE 10308 --- [    Test worker] org.hibernate.orm.jdbc.bind              : binding parameter (1:BIGINT) <- [12]
2024-03-10T12:57:25.388+02:00 DEBUG 10308 --- [    Test worker] org.hibernate.SQL                        : select r1_0.user_id,r1_1.id,r1_1.role_type from users_roles r1_0 join roles r1_1 on r1_1.id=r1_0.roles_id where r1_0.user_id=?
2024-03-10T12:57:25.391+02:00 TRACE 10308 --- [    Test worker] org.hibernate.orm.jdbc.bind              : binding parameter (1:BIGINT) <- [12]
2024-03-10T12:57:25.392+02:00 DEBUG 10308 --- [    Test worker] org.hibernate.SQL                        : select c1_0.lecturer_id,c1_0.id,c1_0.age_limit,c1_0.description,c1_0.end,c1_0.start,c1_0.title from courses c1_0 where c1_0.lecturer_id=?
2024-03-10T12:57:25.395+02:00 TRACE 10308 --- [    Test worker] org.hibernate.orm.jdbc.bind              : binding parameter (1:BIGINT) <- [12]
2024-03-10T12:57:25.398+02:00 DEBUG 10308 --- [    Test worker] org.hibernate.SQL                        : select f1_0.id,f1_0.created,f1_0.description,f1_0.title from forums f1_0 where f1_0.title=?
2024-03-10T12:57:25.398+02:00 TRACE 10308 --- [    Test worker] org.hibernate.orm.jdbc.bind              : binding parameter (1:VARCHAR) <- [test title]
2024-03-10T12:57:25.400+02:00 DEBUG 10308 --- [    Test worker] org.hibernate.SQL                        : insert into comments (created,description,forum_id,user_id,id) values (?,?,?,?,default)
2024-03-10T12:57:25.401+02:00 TRACE 10308 --- [    Test worker] org.hibernate.orm.jdbc.bind              : binding parameter (1:TIMESTAMP) <- [2024-03-10T12:57:25.399239600]
2024-03-10T12:57:25.401+02:00 TRACE 10308 --- [    Test worker] org.hibernate.orm.jdbc.bind              : binding parameter (2:VARCHAR) <- [hey Spring is cool!]
2024-03-10T12:57:25.401+02:00 TRACE 10308 --- [    Test worker] org.hibernate.orm.jdbc.bind              : binding parameter (3:BIGINT) <- [2]
2024-03-10T12:57:25.402+02:00 TRACE 10308 --- [    Test worker] org.hibernate.orm.jdbc.bind              : binding parameter (4:BIGINT) <- [12]
2024-03-10T12:57:25.414+02:00 TRACE 10308 --- [    Test worker] o.s.s.w.header.writers.HstsHeaderWriter  : Not injecting HSTS header since it did not match request to [Is Secure]
2024-03-10T12:57:25.423+02:00 DEBUG 10308 --- [    Test worker] org.hibernate.SQL                        : select c1_0.id,c1_0.created,c1_0.description,c1_0.forum_id,c1_0.user_id from comments c1_0 where c1_0.description=?
2024-03-10T12:57:25.423+02:00 TRACE 10308 --- [    Test worker] org.hibernate.orm.jdbc.bind              : binding parameter (1:VARCHAR) <- [hey Spring is cool!]
2024-03-10T12:57:25.424+02:00 DEBUG 10308 --- [    Test worker] org.hibernate.SQL                        : select f1_0.id,f1_0.created,f1_0.description,f1_0.title,c1_0.forum_id,c1_0.id,c1_0.created,c1_0.description,u1_0.id,u1_0.email,u1_0.full_name,u1_0.password,u1_0.username from forums f1_0 left join comments c1_0 on f1_0.id=c1_0.forum_id left join users u1_0 on u1_0.id=c1_0.user_id where f1_0.id=?
2024-03-10T12:57:25.425+02:00 TRACE 10308 --- [    Test worker] org.hibernate.orm.jdbc.bind              : binding parameter (1:BIGINT) <- [2]
2024-03-10T12:57:25.428+02:00 DEBUG 10308 --- [    Test worker] org.hibernate.SQL                        : select sic1_0.students_id,sic1_1.id,sic1_1.age_limit,sic1_1.description,sic1_1.end,l1_0.id,l1_0.email,l1_0.full_name,l1_0.password,l1_0.username,sic1_1.start,sic1_1.title from users_sign_in_courses sic1_0 join courses sic1_1 on sic1_1.id=sic1_0.sign_in_courses_id left join users l1_0 on l1_0.id=sic1_1.lecturer_id where sic1_0.students_id=?
2024-03-10T12:57:25.429+02:00 TRACE 10308 --- [    Test worker] org.hibernate.orm.jdbc.bind              : binding parameter (1:BIGINT) <- [12]
2024-03-10T12:57:25.431+02:00 DEBUG 10308 --- [    Test worker] org.hibernate.SQL                        : select r1_0.user_id,r1_1.id,r1_1.role_type from users_roles r1_0 join roles r1_1 on r1_1.id=r1_0.roles_id where r1_0.user_id=?
2024-03-10T12:57:25.432+02:00 TRACE 10308 --- [    Test worker] org.hibernate.orm.jdbc.bind              : binding parameter (1:BIGINT) <- [12]
2024-03-10T12:57:25.433+02:00 DEBUG 10308 --- [    Test worker] org.hibernate.SQL                        : select c1_0.lecturer_id,c1_0.id,c1_0.age_limit,c1_0.description,c1_0.end,c1_0.start,c1_0.title from courses c1_0 where c1_0.lecturer_id=?
2024-03-10T12:57:25.436+02:00 TRACE 10308 --- [    Test worker] org.hibernate.orm.jdbc.bind              : binding parameter (1:BIGINT) <- [12]
]]></system-out>
  <system-err><![CDATA[]]></system-err>
</testsuite>
