<?xml version="1.0" encoding="UTF-8"?>
<testsuite name="com.example.roboworld.web.AdminControllerTest" tests="7" skipped="0" failures="0" errors="0" timestamp="2024-03-09T10:41:50" hostname="VANESAILIEVA" time="0.888">
  <properties/>
  <testcase name="deleteProfileWithUser()" classname="com.example.roboworld.web.AdminControllerTest" time="0.088"/>
  <testcase name="deleteProfileWithAdmin()" classname="com.example.roboworld.web.AdminControllerTest" time="0.064"/>
  <testcase name="getProfilesWithUser()" classname="com.example.roboworld.web.AdminControllerTest" time="0.042"/>
  <testcase name="deleteReviewWithAdmin()" classname="com.example.roboworld.web.AdminControllerTest" time="0.051"/>
  <testcase name="deleteProfileWithAnonymous()" classname="com.example.roboworld.web.AdminControllerTest" time="0.061"/>
  <testcase name="getProfilesWithAdmin()" classname="com.example.roboworld.web.AdminControllerTest" time="0.519"/>
  <testcase name="getProfilesWithAnonymous()" classname="com.example.roboworld.web.AdminControllerTest" time="0.053"/>
  <system-out><![CDATA[2024-03-09T12:41:50.491+02:00  INFO 3772 --- [    Test worker] t.c.s.AnnotationConfigContextLoaderUtils : Could not detect default configuration classes for test class [com.example.roboworld.web.AdminControllerTest]: AdminControllerTest does not declare any static, non-private, non-final, nested classes annotated with @Configuration.
2024-03-09T12:41:50.493+02:00  INFO 3772 --- [    Test worker] .b.t.c.SpringBootTestContextBootstrapper : Found @SpringBootConfiguration com.example.roboworld.RobotWorldApplication for test class com.example.roboworld.web.AdminControllerTest
2024-03-09T12:41:50.508+02:00 DEBUG 3772 --- [    Test worker] org.hibernate.SQL                        : select r1_0.id,r1_0.description,r1_0.name,r1_0.user_id from reviews r1_0
2024-03-09T12:41:50.510+02:00 DEBUG 3772 --- [    Test worker] org.hibernate.SQL                        : select u1_0.id,u1_0.email,u1_0.full_name,u1_0.password,u1_0.username from users u1_0
2024-03-09T12:41:50.516+02:00 DEBUG 3772 --- [    Test worker] org.hibernate.SQL                        : select r1_0.id,r1_0.role_type from roles r1_0 where r1_0.role_type in (?)
2024-03-09T12:41:50.516+02:00 TRACE 3772 --- [    Test worker] org.hibernate.orm.jdbc.bind              : binding parameter (1:VARCHAR) <- [User]
2024-03-09T12:41:50.518+02:00 DEBUG 3772 --- [    Test worker] org.hibernate.SQL                        : insert into roles (role_type,id) values (?,default)
2024-03-09T12:41:50.518+02:00 TRACE 3772 --- [    Test worker] org.hibernate.orm.jdbc.bind              : binding parameter (1:VARCHAR) <- [User]
2024-03-09T12:41:50.520+02:00 DEBUG 3772 --- [    Test worker] org.hibernate.SQL                        : insert into users (email,full_name,password,username,id) values (?,?,?,?,default)
2024-03-09T12:41:50.520+02:00 TRACE 3772 --- [    Test worker] org.hibernate.orm.jdbc.bind              : binding parameter (1:VARCHAR) <- [example@com]
2024-03-09T12:41:50.520+02:00 TRACE 3772 --- [    Test worker] org.hibernate.orm.jdbc.bind              : binding parameter (2:VARCHAR) <- [Test Testov]
2024-03-09T12:41:50.521+02:00 TRACE 3772 --- [    Test worker] org.hibernate.orm.jdbc.bind              : binding parameter (3:VARCHAR) <- [1234]
2024-03-09T12:41:50.521+02:00 TRACE 3772 --- [    Test worker] org.hibernate.orm.jdbc.bind              : binding parameter (4:VARCHAR) <- [user]
2024-03-09T12:41:50.521+02:00 DEBUG 3772 --- [    Test worker] org.hibernate.SQL                        : insert into users_roles (user_id,roles_id) values (?,?)
2024-03-09T12:41:50.522+02:00 TRACE 3772 --- [    Test worker] org.hibernate.orm.jdbc.bind              : binding parameter (1:BIGINT) <- [2]
2024-03-09T12:41:50.522+02:00 TRACE 3772 --- [    Test worker] org.hibernate.orm.jdbc.bind              : binding parameter (2:BIGINT) <- [2]
2024-03-09T12:41:50.524+02:00 TRACE 3772 --- [    Test worker] w.c.HttpSessionSecurityContextRepository : No HttpSession currently exists
2024-03-09T12:41:50.525+02:00 TRACE 3772 --- [    Test worker] w.c.HttpSessionSecurityContextRepository : Created SecurityContextImpl [Null authentication]
2024-03-09T12:41:50.526+02:00 TRACE 3772 --- [    Test worker] .s.s.w.c.SupplierDeferredSecurityContext : Created SecurityContextImpl [Null authentication]
2024-03-09T12:41:50.527+02:00 DEBUG 3772 --- [    Test worker] w.c.HttpSessionSecurityContextRepository : Created HttpSession as SecurityContext is non-default
2024-03-09T12:41:50.528+02:00 DEBUG 3772 --- [    Test worker] w.c.HttpSessionSecurityContextRepository : Stored SecurityContextImpl [Authentication=UsernamePasswordAuthenticationToken [Principal=org.springframework.security.core.userdetails.User [Username=user, Password=[PROTECTED], Enabled=true, AccountNonExpired=true, CredentialsNonExpired=true, AccountNonLocked=true, Granted Authorities=[ROLE_User]], Credentials=[PROTECTED], Authenticated=true, Details=null, Granted Authorities=[ROLE_User]]] to HttpSession [org.springframework.mock.web.MockHttpSession@4989d1d9]
2024-03-09T12:41:50.529+02:00 TRACE 3772 --- [    Test worker] o.s.security.web.FilterChainProxy        : Trying to match request against DefaultSecurityFilterChain [RequestMatcher=any request, Filters=[org.springframework.security.web.session.DisableEncodeUrlFilter@20bd4fd2, org.springframework.security.web.context.request.async.WebAsyncManagerIntegrationFilter@69cd4267, org.springframework.security.web.context.SecurityContextHolderFilter@7d3d89fb, org.springframework.security.web.header.HeaderWriterFilter@603042a5, org.springframework.web.filter.CorsFilter@1ebb6e20, org.springframework.security.web.csrf.CsrfFilter@2d0ed017, org.springframework.security.web.authentication.logout.LogoutFilter@2f42f20f, org.springframework.security.web.authentication.UsernamePasswordAuthenticationFilter@75c90ec5, org.springframework.security.web.savedrequest.RequestCacheAwareFilter@5757ef9b, org.springframework.security.web.servletapi.SecurityContextHolderAwareRequestFilter@62a30701, org.springframework.security.web.authentication.rememberme.RememberMeAuthenticationFilter@2dad7323, org.springframework.security.web.authentication.AnonymousAuthenticationFilter@85420, org.springframework.security.web.access.ExceptionTranslationFilter@5cfb4b71, org.springframework.security.web.access.intercept.AuthorizationFilter@271ced5f]] (1/1)
2024-03-09T12:41:50.531+02:00 DEBUG 3772 --- [    Test worker] o.s.security.web.FilterChainProxy        : Securing GET /users/delete/2
2024-03-09T12:41:50.531+02:00 TRACE 3772 --- [    Test worker] o.s.security.web.FilterChainProxy        : Invoking DisableEncodeUrlFilter (1/14)
2024-03-09T12:41:50.531+02:00 TRACE 3772 --- [    Test worker] o.s.security.web.FilterChainProxy        : Invoking WebAsyncManagerIntegrationFilter (2/14)
2024-03-09T12:41:50.532+02:00 TRACE 3772 --- [    Test worker] o.s.security.web.FilterChainProxy        : Invoking SecurityContextHolderFilter (3/14)
2024-03-09T12:41:50.532+02:00 TRACE 3772 --- [    Test worker] o.s.security.web.FilterChainProxy        : Invoking HeaderWriterFilter (4/14)
2024-03-09T12:41:50.533+02:00 TRACE 3772 --- [    Test worker] o.s.security.web.FilterChainProxy        : Invoking CorsFilter (5/14)
2024-03-09T12:41:50.533+02:00 TRACE 3772 --- [    Test worker] o.s.security.web.FilterChainProxy        : Invoking CsrfFilter (6/14)
2024-03-09T12:41:50.533+02:00 TRACE 3772 --- [    Test worker] o.s.security.web.csrf.CsrfFilter         : Did not protect against CSRF since request did not match CsrfNotRequired [TRACE, HEAD, GET, OPTIONS]
2024-03-09T12:41:50.533+02:00 TRACE 3772 --- [    Test worker] o.s.security.web.FilterChainProxy        : Invoking LogoutFilter (7/14)
2024-03-09T12:41:50.533+02:00 TRACE 3772 --- [    Test worker] o.s.s.w.a.logout.LogoutFilter            : Did not match request to Ant [pattern='/users/logout', POST]
2024-03-09T12:41:50.533+02:00 TRACE 3772 --- [    Test worker] o.s.security.web.FilterChainProxy        : Invoking UsernamePasswordAuthenticationFilter (8/14)
2024-03-09T12:41:50.533+02:00 TRACE 3772 --- [    Test worker] w.a.UsernamePasswordAuthenticationFilter : Did not match request to Ant [pattern='/users/login', POST]
2024-03-09T12:41:50.533+02:00 TRACE 3772 --- [    Test worker] o.s.security.web.FilterChainProxy        : Invoking RequestCacheAwareFilter (9/14)
2024-03-09T12:41:50.534+02:00 TRACE 3772 --- [    Test worker] o.s.s.w.s.HttpSessionRequestCache        : matchingRequestParameterName is required for getMatchingRequest to lookup a value, but not provided
2024-03-09T12:41:50.534+02:00 TRACE 3772 --- [    Test worker] o.s.security.web.FilterChainProxy        : Invoking SecurityContextHolderAwareRequestFilter (10/14)
2024-03-09T12:41:50.534+02:00 TRACE 3772 --- [    Test worker] o.s.security.web.FilterChainProxy        : Invoking RememberMeAuthenticationFilter (11/14)
2024-03-09T12:41:50.534+02:00 TRACE 3772 --- [    Test worker] w.c.HttpSessionSecurityContextRepository : Retrieved SecurityContextImpl [Authentication=UsernamePasswordAuthenticationToken [Principal=org.springframework.security.core.userdetails.User [Username=user, Password=[PROTECTED], Enabled=true, AccountNonExpired=true, CredentialsNonExpired=true, AccountNonLocked=true, Granted Authorities=[ROLE_User]], Credentials=[PROTECTED], Authenticated=true, Details=null, Granted Authorities=[ROLE_User]]] from SPRING_SECURITY_CONTEXT
2024-03-09T12:41:50.535+02:00 DEBUG 3772 --- [    Test worker] s.s.w.a.r.RememberMeAuthenticationFilter : SecurityContextHolder not populated with remember-me token, as it already contained: 'UsernamePasswordAuthenticationToken [Principal=org.springframework.security.core.userdetails.User [Username=user, Password=[PROTECTED], Enabled=true, AccountNonExpired=true, CredentialsNonExpired=true, AccountNonLocked=true, Granted Authorities=[ROLE_User]], Credentials=[PROTECTED], Authenticated=true, Details=null, Granted Authorities=[ROLE_User]]'
2024-03-09T12:41:50.535+02:00 TRACE 3772 --- [    Test worker] o.s.security.web.FilterChainProxy        : Invoking AnonymousAuthenticationFilter (12/14)
2024-03-09T12:41:50.535+02:00 TRACE 3772 --- [    Test worker] o.s.security.web.FilterChainProxy        : Invoking ExceptionTranslationFilter (13/14)
2024-03-09T12:41:50.535+02:00 TRACE 3772 --- [    Test worker] o.s.security.web.FilterChainProxy        : Invoking AuthorizationFilter (14/14)
2024-03-09T12:41:50.535+02:00 TRACE 3772 --- [    Test worker] estMatcherDelegatingAuthorizationManager : Authorizing SecurityContextHolderAwareRequestWrapper[ org.springframework.security.web.header.HeaderWriterFilter$HeaderWriterRequest@6f0fe11f]
2024-03-09T12:41:50.536+02:00 TRACE 3772 --- [    Test worker] estMatcherDelegatingAuthorizationManager : Checking authorization on SecurityContextHolderAwareRequestWrapper[ org.springframework.security.web.header.HeaderWriterFilter$HeaderWriterRequest@6f0fe11f] using AuthorityAuthorizationManager[authorities=[ROLE_Admin]]
2024-03-09T12:41:50.536+02:00 TRACE 3772 --- [    Test worker] o.s.s.w.a.AnonymousAuthenticationFilter  : Did not set SecurityContextHolder since already authenticated UsernamePasswordAuthenticationToken [Principal=org.springframework.security.core.userdetails.User [Username=user, Password=[PROTECTED], Enabled=true, AccountNonExpired=true, CredentialsNonExpired=true, AccountNonLocked=true, Granted Authorities=[ROLE_User]], Credentials=[PROTECTED], Authenticated=true, Details=null, Granted Authorities=[ROLE_User]]
2024-03-09T12:41:50.541+02:00 TRACE 3772 --- [    Test worker] o.s.s.w.a.ExceptionTranslationFilter     : Sending UsernamePasswordAuthenticationToken [Principal=org.springframework.security.core.userdetails.User [Username=user, Password=[PROTECTED], Enabled=true, AccountNonExpired=true, CredentialsNonExpired=true, AccountNonLocked=true, Granted Authorities=[ROLE_User]], Credentials=[PROTECTED], Authenticated=true, Details=null, Granted Authorities=[ROLE_User]] to access denied handler since access is denied

org.springframework.security.access.AccessDeniedException: Access Denied
	at org.springframework.security.web.access.intercept.AuthorizationFilter.doFilter(AuthorizationFilter.java:98) ~[spring-security-web-6.2.1.jar:6.2.1]
	at org.springframework.security.web.ObservationFilterChainDecorator$ObservationFilter.wrapFilter(ObservationFilterChainDecorator.java:240) ~[spring-security-web-6.2.1.jar:6.2.1]
	at org.springframework.security.web.ObservationFilterChainDecorator$ObservationFilter.doFilter(ObservationFilterChainDecorator.java:227) ~[spring-security-web-6.2.1.jar:6.2.1]
	at org.springframework.security.web.ObservationFilterChainDecorator$VirtualFilterChain.doFilter(ObservationFilterChainDecorator.java:137) ~[spring-security-web-6.2.1.jar:6.2.1]
	at org.springframework.security.web.access.ExceptionTranslationFilter.doFilter(ExceptionTranslationFilter.java:126) ~[spring-security-web-6.2.1.jar:6.2.1]
	at org.springframework.security.web.access.ExceptionTranslationFilter.doFilter(ExceptionTranslationFilter.java:120) ~[spring-security-web-6.2.1.jar:6.2.1]
	at org.springframework.security.web.ObservationFilterChainDecorator$ObservationFilter.wrapFilter(ObservationFilterChainDecorator.java:240) ~[spring-security-web-6.2.1.jar:6.2.1]
	at org.springframework.security.web.ObservationFilterChainDecorator$ObservationFilter.doFilter(ObservationFilterChainDecorator.java:227) ~[spring-security-web-6.2.1.jar:6.2.1]
	at org.springframework.security.web.ObservationFilterChainDecorator$VirtualFilterChain.doFilter(ObservationFilterChainDecorator.java:137) ~[spring-security-web-6.2.1.jar:6.2.1]
	at org.springframework.security.web.authentication.AnonymousAuthenticationFilter.doFilter(AnonymousAuthenticationFilter.java:100) ~[spring-security-web-6.2.1.jar:6.2.1]
	at org.springframework.security.web.ObservationFilterChainDecorator$ObservationFilter.wrapFilter(ObservationFilterChainDecorator.java:240) ~[spring-security-web-6.2.1.jar:6.2.1]
	at org.springframework.security.web.ObservationFilterChainDecorator$ObservationFilter.doFilter(ObservationFilterChainDecorator.java:227) ~[spring-security-web-6.2.1.jar:6.2.1]
	at org.springframework.security.web.ObservationFilterChainDecorator$VirtualFilterChain.doFilter(ObservationFilterChainDecorator.java:137) ~[spring-security-web-6.2.1.jar:6.2.1]
	at org.springframework.security.web.authentication.rememberme.RememberMeAuthenticationFilter.doFilter(RememberMeAuthenticationFilter.java:110) ~[spring-security-web-6.2.1.jar:6.2.1]
	at org.springframework.security.web.authentication.rememberme.RememberMeAuthenticationFilter.doFilter(RememberMeAuthenticationFilter.java:101) ~[spring-security-web-6.2.1.jar:6.2.1]
	at org.springframework.security.web.ObservationFilterChainDecorator$ObservationFilter.wrapFilter(ObservationFilterChainDecorator.java:240) ~[spring-security-web-6.2.1.jar:6.2.1]
	at org.springframework.security.web.ObservationFilterChainDecorator$ObservationFilter.doFilter(ObservationFilterChainDecorator.java:227) ~[spring-security-web-6.2.1.jar:6.2.1]
	at org.springframework.security.web.ObservationFilterChainDecorator$VirtualFilterChain.doFilter(ObservationFilterChainDecorator.java:137) ~[spring-security-web-6.2.1.jar:6.2.1]
	at org.springframework.security.web.servletapi.SecurityContextHolderAwareRequestFilter.doFilter(SecurityContextHolderAwareRequestFilter.java:179) ~[spring-security-web-6.2.1.jar:6.2.1]
	at org.springframework.security.web.ObservationFilterChainDecorator$ObservationFilter.wrapFilter(ObservationFilterChainDecorator.java:240) ~[spring-security-web-6.2.1.jar:6.2.1]
	at org.springframework.security.web.ObservationFilterChainDecorator$ObservationFilter.doFilter(ObservationFilterChainDecorator.java:227) ~[spring-security-web-6.2.1.jar:6.2.1]
	at org.springframework.security.web.ObservationFilterChainDecorator$VirtualFilterChain.doFilter(ObservationFilterChainDecorator.java:137) ~[spring-security-web-6.2.1.jar:6.2.1]
	at org.springframework.security.web.savedrequest.RequestCacheAwareFilter.doFilter(RequestCacheAwareFilter.java:63) ~[spring-security-web-6.2.1.jar:6.2.1]
	at org.springframework.security.web.ObservationFilterChainDecorator$ObservationFilter.wrapFilter(ObservationFilterChainDecorator.java:240) ~[spring-security-web-6.2.1.jar:6.2.1]
	at org.springframework.security.web.ObservationFilterChainDecorator$ObservationFilter.doFilter(ObservationFilterChainDecorator.java:227) ~[spring-security-web-6.2.1.jar:6.2.1]
	at org.springframework.security.web.ObservationFilterChainDecorator$VirtualFilterChain.doFilter(ObservationFilterChainDecorator.java:137) ~[spring-security-web-6.2.1.jar:6.2.1]
	at org.springframework.security.web.authentication.AbstractAuthenticationProcessingFilter.doFilter(AbstractAuthenticationProcessingFilter.java:227) ~[spring-security-web-6.2.1.jar:6.2.1]
	at org.springframework.security.web.authentication.AbstractAuthenticationProcessingFilter.doFilter(AbstractAuthenticationProcessingFilter.java:221) ~[spring-security-web-6.2.1.jar:6.2.1]
	at org.springframework.security.web.ObservationFilterChainDecorator$ObservationFilter.wrapFilter(ObservationFilterChainDecorator.java:240) ~[spring-security-web-6.2.1.jar:6.2.1]
	at org.springframework.security.web.ObservationFilterChainDecorator$ObservationFilter.doFilter(ObservationFilterChainDecorator.java:227) ~[spring-security-web-6.2.1.jar:6.2.1]
	at org.springframework.security.web.ObservationFilterChainDecorator$VirtualFilterChain.doFilter(ObservationFilterChainDecorator.java:137) ~[spring-security-web-6.2.1.jar:6.2.1]
	at org.springframework.security.web.authentication.logout.LogoutFilter.doFilter(LogoutFilter.java:107) ~[spring-security-web-6.2.1.jar:6.2.1]
	at org.springframework.security.web.authentication.logout.LogoutFilter.doFilter(LogoutFilter.java:93) ~[spring-security-web-6.2.1.jar:6.2.1]
	at org.springframework.security.web.ObservationFilterChainDecorator$ObservationFilter.wrapFilter(ObservationFilterChainDecorator.java:240) ~[spring-security-web-6.2.1.jar:6.2.1]
	at org.springframework.security.web.ObservationFilterChainDecorator$ObservationFilter.doFilter(ObservationFilterChainDecorator.java:227) ~[spring-security-web-6.2.1.jar:6.2.1]
	at org.springframework.security.web.ObservationFilterChainDecorator$VirtualFilterChain.doFilter(ObservationFilterChainDecorator.java:137) ~[spring-security-web-6.2.1.jar:6.2.1]
	at org.springframework.security.web.csrf.CsrfFilter.doFilterInternal(CsrfFilter.java:117) ~[spring-security-web-6.2.1.jar:6.2.1]
	at org.springframework.web.filter.OncePerRequestFilter.doFilter(OncePerRequestFilter.java:116) ~[spring-web-6.1.3.jar:6.1.3]
	at org.springframework.security.web.ObservationFilterChainDecorator$ObservationFilter.wrapFilter(ObservationFilterChainDecorator.java:240) ~[spring-security-web-6.2.1.jar:6.2.1]
	at org.springframework.security.web.ObservationFilterChainDecorator$ObservationFilter.doFilter(ObservationFilterChainDecorator.java:227) ~[spring-security-web-6.2.1.jar:6.2.1]
	at org.springframework.security.web.ObservationFilterChainDecorator$VirtualFilterChain.doFilter(ObservationFilterChainDecorator.java:137) ~[spring-security-web-6.2.1.jar:6.2.1]
	at org.springframework.web.filter.CorsFilter.doFilterInternal(CorsFilter.java:91) ~[spring-web-6.1.3.jar:6.1.3]
	at org.springframework.web.filter.OncePerRequestFilter.doFilter(OncePerRequestFilter.java:116) ~[spring-web-6.1.3.jar:6.1.3]
	at org.springframework.security.web.ObservationFilterChainDecorator$ObservationFilter.wrapFilter(ObservationFilterChainDecorator.java:240) ~[spring-security-web-6.2.1.jar:6.2.1]
	at org.springframework.security.web.ObservationFilterChainDecorator$ObservationFilter.doFilter(ObservationFilterChainDecorator.java:227) ~[spring-security-web-6.2.1.jar:6.2.1]
	at org.springframework.security.web.ObservationFilterChainDecorator$VirtualFilterChain.doFilter(ObservationFilterChainDecorator.java:137) ~[spring-security-web-6.2.1.jar:6.2.1]
	at org.springframework.security.web.header.HeaderWriterFilter.doHeadersAfter(HeaderWriterFilter.java:90) ~[spring-security-web-6.2.1.jar:6.2.1]
	at org.springframework.security.web.header.HeaderWriterFilter.doFilterInternal(HeaderWriterFilter.java:75) ~[spring-security-web-6.2.1.jar:6.2.1]
	at org.springframework.web.filter.OncePerRequestFilter.doFilter(OncePerRequestFilter.java:116) ~[spring-web-6.1.3.jar:6.1.3]
	at org.springframework.security.web.ObservationFilterChainDecorator$ObservationFilter.wrapFilter(ObservationFilterChainDecorator.java:240) ~[spring-security-web-6.2.1.jar:6.2.1]
	at org.springframework.security.web.ObservationFilterChainDecorator$ObservationFilter.doFilter(ObservationFilterChainDecorator.java:227) ~[spring-security-web-6.2.1.jar:6.2.1]
	at org.springframework.security.web.ObservationFilterChainDecorator$VirtualFilterChain.doFilter(ObservationFilterChainDecorator.java:137) ~[spring-security-web-6.2.1.jar:6.2.1]
	at org.springframework.security.web.context.SecurityContextHolderFilter.doFilter(SecurityContextHolderFilter.java:82) ~[spring-security-web-6.2.1.jar:6.2.1]
	at org.springframework.security.web.context.SecurityContextHolderFilter.doFilter(SecurityContextHolderFilter.java:69) ~[spring-security-web-6.2.1.jar:6.2.1]
	at org.springframework.security.web.ObservationFilterChainDecorator$ObservationFilter.wrapFilter(ObservationFilterChainDecorator.java:240) ~[spring-security-web-6.2.1.jar:6.2.1]
	at org.springframework.security.web.ObservationFilterChainDecorator$ObservationFilter.doFilter(ObservationFilterChainDecorator.java:227) ~[spring-security-web-6.2.1.jar:6.2.1]
	at org.springframework.security.web.ObservationFilterChainDecorator$VirtualFilterChain.doFilter(ObservationFilterChainDecorator.java:137) ~[spring-security-web-6.2.1.jar:6.2.1]
	at org.springframework.security.web.context.request.async.WebAsyncManagerIntegrationFilter.doFilterInternal(WebAsyncManagerIntegrationFilter.java:62) ~[spring-security-web-6.2.1.jar:6.2.1]
	at org.springframework.web.filter.OncePerRequestFilter.doFilter(OncePerRequestFilter.java:116) ~[spring-web-6.1.3.jar:6.1.3]
	at org.springframework.security.web.ObservationFilterChainDecorator$ObservationFilter.wrapFilter(ObservationFilterChainDecorator.java:240) ~[spring-security-web-6.2.1.jar:6.2.1]
	at org.springframework.security.web.ObservationFilterChainDecorator$ObservationFilter.doFilter(ObservationFilterChainDecorator.java:227) ~[spring-security-web-6.2.1.jar:6.2.1]
	at org.springframework.security.web.ObservationFilterChainDecorator$VirtualFilterChain.doFilter(ObservationFilterChainDecorator.java:137) ~[spring-security-web-6.2.1.jar:6.2.1]
	at org.springframework.security.web.session.DisableEncodeUrlFilter.doFilterInternal(DisableEncodeUrlFilter.java:42) ~[spring-security-web-6.2.1.jar:6.2.1]
	at org.springframework.web.filter.OncePerRequestFilter.doFilter(OncePerRequestFilter.java:116) ~[spring-web-6.1.3.jar:6.1.3]
	at org.springframework.security.web.ObservationFilterChainDecorator$ObservationFilter.wrapFilter(ObservationFilterChainDecorator.java:240) ~[spring-security-web-6.2.1.jar:6.2.1]
	at org.springframework.security.web.ObservationFilterChainDecorator$AroundFilterObservation$SimpleAroundFilterObservation.lambda$wrap$0(ObservationFilterChainDecorator.java:323) ~[spring-security-web-6.2.1.jar:6.2.1]
	at org.springframework.security.web.ObservationFilterChainDecorator$ObservationFilter.doFilter(ObservationFilterChainDecorator.java:224) ~[spring-security-web-6.2.1.jar:6.2.1]
	at org.springframework.security.web.ObservationFilterChainDecorator$VirtualFilterChain.doFilter(ObservationFilterChainDecorator.java:137) ~[spring-security-web-6.2.1.jar:6.2.1]
	at org.springframework.security.web.FilterChainProxy.doFilterInternal(FilterChainProxy.java:233) ~[spring-security-web-6.2.1.jar:6.2.1]
	at org.springframework.security.web.FilterChainProxy.doFilter(FilterChainProxy.java:191) ~[spring-security-web-6.2.1.jar:6.2.1]
	at org.springframework.web.filter.CompositeFilter$VirtualFilterChain.doFilter(CompositeFilter.java:113) ~[spring-web-6.1.3.jar:6.1.3]
	at org.springframework.web.servlet.handler.HandlerMappingIntrospector.lambda$createCacheFilter$3(HandlerMappingIntrospector.java:195) ~[spring-webmvc-6.1.3.jar:6.1.3]
	at org.springframework.web.filter.CompositeFilter$VirtualFilterChain.doFilter(CompositeFilter.java:113) ~[spring-web-6.1.3.jar:6.1.3]
	at org.springframework.web.filter.CompositeFilter.doFilter(CompositeFilter.java:74) ~[spring-web-6.1.3.jar:6.1.3]
	at org.springframework.security.config.annotation.web.configuration.WebMvcSecurityConfiguration$CompositeFilterChainProxy.doFilter(WebMvcSecurityConfiguration.java:225) ~[spring-security-config-6.2.1.jar:6.2.1]
	at org.springframework.web.filter.DelegatingFilterProxy.invokeDelegate(DelegatingFilterProxy.java:352) ~[spring-web-6.1.3.jar:6.1.3]
	at org.springframework.web.filter.DelegatingFilterProxy.doFilter(DelegatingFilterProxy.java:268) ~[spring-web-6.1.3.jar:6.1.3]
	at org.springframework.test.web.servlet.setup.MockMvcFilterDecorator.doFilter(MockMvcFilterDecorator.java:151) ~[spring-test-6.1.3.jar:6.1.3]
	at org.springframework.mock.web.MockFilterChain.doFilter(MockFilterChain.java:132) ~[spring-test-6.1.3.jar:6.1.3]
	at org.springframework.web.filter.RequestContextFilter.doFilterInternal(RequestContextFilter.java:100) ~[spring-web-6.1.3.jar:6.1.3]
	at org.springframework.web.filter.OncePerRequestFilter.doFilter(OncePerRequestFilter.java:116) ~[spring-web-6.1.3.jar:6.1.3]
	at org.springframework.test.web.servlet.setup.MockMvcFilterDecorator.doFilter(MockMvcFilterDecorator.java:151) ~[spring-test-6.1.3.jar:6.1.3]
	at org.springframework.mock.web.MockFilterChain.doFilter(MockFilterChain.java:132) ~[spring-test-6.1.3.jar:6.1.3]
	at org.springframework.web.filter.FormContentFilter.doFilterInternal(FormContentFilter.java:93) ~[spring-web-6.1.3.jar:6.1.3]
	at org.springframework.web.filter.OncePerRequestFilter.doFilter(OncePerRequestFilter.java:116) ~[spring-web-6.1.3.jar:6.1.3]
	at org.springframework.test.web.servlet.setup.MockMvcFilterDecorator.doFilter(MockMvcFilterDecorator.java:151) ~[spring-test-6.1.3.jar:6.1.3]
	at org.springframework.mock.web.MockFilterChain.doFilter(MockFilterChain.java:132) ~[spring-test-6.1.3.jar:6.1.3]
	at org.springframework.web.filter.HiddenHttpMethodFilter.doFilterInternal(HiddenHttpMethodFilter.java:91) ~[spring-web-6.1.3.jar:6.1.3]
	at org.springframework.web.filter.OncePerRequestFilter.doFilter(OncePerRequestFilter.java:116) ~[spring-web-6.1.3.jar:6.1.3]
	at org.springframework.test.web.servlet.setup.MockMvcFilterDecorator.doFilter(MockMvcFilterDecorator.java:151) ~[spring-test-6.1.3.jar:6.1.3]
	at org.springframework.mock.web.MockFilterChain.doFilter(MockFilterChain.java:132) ~[spring-test-6.1.3.jar:6.1.3]
	at org.springframework.web.filter.ServerHttpObservationFilter.doFilterInternal(ServerHttpObservationFilter.java:109) ~[spring-web-6.1.3.jar:6.1.3]
	at org.springframework.web.filter.OncePerRequestFilter.doFilter(OncePerRequestFilter.java:116) ~[spring-web-6.1.3.jar:6.1.3]
	at org.springframework.test.web.servlet.setup.MockMvcFilterDecorator.doFilter(MockMvcFilterDecorator.java:151) ~[spring-test-6.1.3.jar:6.1.3]
	at org.springframework.mock.web.MockFilterChain.doFilter(MockFilterChain.java:132) ~[spring-test-6.1.3.jar:6.1.3]
	at org.springframework.web.filter.CharacterEncodingFilter.doFilterInternal(CharacterEncodingFilter.java:201) ~[spring-web-6.1.3.jar:6.1.3]
	at org.springframework.web.filter.OncePerRequestFilter.doFilter(OncePerRequestFilter.java:116) ~[spring-web-6.1.3.jar:6.1.3]
	at org.springframework.test.web.servlet.setup.MockMvcFilterDecorator.doFilter(MockMvcFilterDecorator.java:151) ~[spring-test-6.1.3.jar:6.1.3]
	at org.springframework.mock.web.MockFilterChain.doFilter(MockFilterChain.java:132) ~[spring-test-6.1.3.jar:6.1.3]
	at org.springframework.test.web.servlet.MockMvc.perform(MockMvc.java:201) ~[spring-test-6.1.3.jar:6.1.3]
	at com.example.roboworld.web.AdminControllerTest.deleteProfileWithUser(AdminControllerTest.java:108) ~[test/:na]
	at java.base/jdk.internal.reflect.DirectMethodHandleAccessor.invoke(DirectMethodHandleAccessor.java:104) ~[na:na]
	at java.base/java.lang.reflect.Method.invoke(Method.java:578) ~[na:na]
	at org.junit.platform.commons.util.ReflectionUtils.invokeMethod(ReflectionUtils.java:728) ~[junit-platform-commons-1.10.1.jar:1.10.1]
	at org.junit.jupiter.engine.execution.MethodInvocation.proceed(MethodInvocation.java:60) ~[junit-jupiter-engine-5.10.1.jar:5.10.1]
	at org.junit.jupiter.engine.execution.InvocationInterceptorChain$ValidatingInvocation.proceed(InvocationInterceptorChain.java:131) ~[junit-jupiter-engine-5.10.1.jar:5.10.1]
	at org.junit.jupiter.engine.extension.TimeoutExtension.intercept(TimeoutExtension.java:156) ~[junit-jupiter-engine-5.10.1.jar:5.10.1]
	at org.junit.jupiter.engine.extension.TimeoutExtension.interceptTestableMethod(TimeoutExtension.java:147) ~[junit-jupiter-engine-5.10.1.jar:5.10.1]
	at org.junit.jupiter.engine.extension.TimeoutExtension.interceptTestMethod(TimeoutExtension.java:86) ~[junit-jupiter-engine-5.10.1.jar:5.10.1]
	at org.junit.jupiter.engine.execution.InterceptingExecutableInvoker$ReflectiveInterceptorCall.lambda$ofVoidMethod$0(InterceptingExecutableInvoker.java:103) ~[junit-jupiter-engine-5.10.1.jar:5.10.1]
	at org.junit.jupiter.engine.execution.InterceptingExecutableInvoker.lambda$invoke$0(InterceptingExecutableInvoker.java:93) ~[junit-jupiter-engine-5.10.1.jar:5.10.1]
	at org.junit.jupiter.engine.execution.InvocationInterceptorChain$InterceptedInvocation.proceed(InvocationInterceptorChain.java:106) ~[junit-jupiter-engine-5.10.1.jar:5.10.1]
	at org.junit.jupiter.engine.execution.InvocationInterceptorChain.proceed(InvocationInterceptorChain.java:64) ~[junit-jupiter-engine-5.10.1.jar:5.10.1]
	at org.junit.jupiter.engine.execution.InvocationInterceptorChain.chainAndInvoke(InvocationInterceptorChain.java:45) ~[junit-jupiter-engine-5.10.1.jar:5.10.1]
	at org.junit.jupiter.engine.execution.InvocationInterceptorChain.invoke(InvocationInterceptorChain.java:37) ~[junit-jupiter-engine-5.10.1.jar:5.10.1]
	at org.junit.jupiter.engine.execution.InterceptingExecutableInvoker.invoke(InterceptingExecutableInvoker.java:92) ~[junit-jupiter-engine-5.10.1.jar:5.10.1]
	at org.junit.jupiter.engine.execution.InterceptingExecutableInvoker.invoke(InterceptingExecutableInvoker.java:86) ~[junit-jupiter-engine-5.10.1.jar:5.10.1]
	at org.junit.jupiter.engine.descriptor.TestMethodTestDescriptor.lambda$invokeTestMethod$7(TestMethodTestDescriptor.java:218) ~[junit-jupiter-engine-5.10.1.jar:5.10.1]
	at org.junit.platform.engine.support.hierarchical.ThrowableCollector.execute(ThrowableCollector.java:73) ~[junit-platform-engine-1.10.1.jar:1.10.1]
	at org.junit.jupiter.engine.descriptor.TestMethodTestDescriptor.invokeTestMethod(TestMethodTestDescriptor.java:214) ~[junit-jupiter-engine-5.10.1.jar:5.10.1]
	at org.junit.jupiter.engine.descriptor.TestMethodTestDescriptor.execute(TestMethodTestDescriptor.java:139) ~[junit-jupiter-engine-5.10.1.jar:5.10.1]
	at org.junit.jupiter.engine.descriptor.TestMethodTestDescriptor.execute(TestMethodTestDescriptor.java:69) ~[junit-jupiter-engine-5.10.1.jar:5.10.1]
	at org.junit.platform.engine.support.hierarchical.NodeTestTask.lambda$executeRecursively$6(NodeTestTask.java:151) ~[junit-platform-engine-1.10.1.jar:1.10.1]
	at org.junit.platform.engine.support.hierarchical.ThrowableCollector.execute(ThrowableCollector.java:73) ~[junit-platform-engine-1.10.1.jar:1.10.1]
	at org.junit.platform.engine.support.hierarchical.NodeTestTask.lambda$executeRecursively$8(NodeTestTask.java:141) ~[junit-platform-engine-1.10.1.jar:1.10.1]
	at org.junit.platform.engine.support.hierarchical.Node.around(Node.java:137) ~[junit-platform-engine-1.10.1.jar:1.10.1]
	at org.junit.platform.engine.support.hierarchical.NodeTestTask.lambda$executeRecursively$9(NodeTestTask.java:139) ~[junit-platform-engine-1.10.1.jar:1.10.1]
	at org.junit.platform.engine.support.hierarchical.ThrowableCollector.execute(ThrowableCollector.java:73) ~[junit-platform-engine-1.10.1.jar:1.10.1]
	at org.junit.platform.engine.support.hierarchical.NodeTestTask.executeRecursively(NodeTestTask.java:138) ~[junit-platform-engine-1.10.1.jar:1.10.1]
	at org.junit.platform.engine.support.hierarchical.NodeTestTask.execute(NodeTestTask.java:95) ~[junit-platform-engine-1.10.1.jar:1.10.1]
	at java.base/java.util.ArrayList.forEach(ArrayList.java:1511) ~[na:na]
	at org.junit.platform.engine.support.hierarchical.SameThreadHierarchicalTestExecutorService.invokeAll(SameThreadHierarchicalTestExecutorService.java:41) ~[junit-platform-engine-1.10.1.jar:1.10.1]
	at org.junit.platform.engine.support.hierarchical.NodeTestTask.lambda$executeRecursively$6(NodeTestTask.java:155) ~[junit-platform-engine-1.10.1.jar:1.10.1]
	at org.junit.platform.engine.support.hierarchical.ThrowableCollector.execute(ThrowableCollector.java:73) ~[junit-platform-engine-1.10.1.jar:1.10.1]
	at org.junit.platform.engine.support.hierarchical.NodeTestTask.lambda$executeRecursively$8(NodeTestTask.java:141) ~[junit-platform-engine-1.10.1.jar:1.10.1]
	at org.junit.platform.engine.support.hierarchical.Node.around(Node.java:137) ~[junit-platform-engine-1.10.1.jar:1.10.1]
	at org.junit.platform.engine.support.hierarchical.NodeTestTask.lambda$executeRecursively$9(NodeTestTask.java:139) ~[junit-platform-engine-1.10.1.jar:1.10.1]
	at org.junit.platform.engine.support.hierarchical.ThrowableCollector.execute(ThrowableCollector.java:73) ~[junit-platform-engine-1.10.1.jar:1.10.1]
	at org.junit.platform.engine.support.hierarchical.NodeTestTask.executeRecursively(NodeTestTask.java:138) ~[junit-platform-engine-1.10.1.jar:1.10.1]
	at org.junit.platform.engine.support.hierarchical.NodeTestTask.execute(NodeTestTask.java:95) ~[junit-platform-engine-1.10.1.jar:1.10.1]
	at java.base/java.util.ArrayList.forEach(ArrayList.java:1511) ~[na:na]
	at org.junit.platform.engine.support.hierarchical.SameThreadHierarchicalTestExecutorService.invokeAll(SameThreadHierarchicalTestExecutorService.java:41) ~[junit-platform-engine-1.10.1.jar:1.10.1]
	at org.junit.platform.engine.support.hierarchical.NodeTestTask.lambda$executeRecursively$6(NodeTestTask.java:155) ~[junit-platform-engine-1.10.1.jar:1.10.1]
	at org.junit.platform.engine.support.hierarchical.ThrowableCollector.execute(ThrowableCollector.java:73) ~[junit-platform-engine-1.10.1.jar:1.10.1]
	at org.junit.platform.engine.support.hierarchical.NodeTestTask.lambda$executeRecursively$8(NodeTestTask.java:141) ~[junit-platform-engine-1.10.1.jar:1.10.1]
	at org.junit.platform.engine.support.hierarchical.Node.around(Node.java:137) ~[junit-platform-engine-1.10.1.jar:1.10.1]
	at org.junit.platform.engine.support.hierarchical.NodeTestTask.lambda$executeRecursively$9(NodeTestTask.java:139) ~[junit-platform-engine-1.10.1.jar:1.10.1]
	at org.junit.platform.engine.support.hierarchical.ThrowableCollector.execute(ThrowableCollector.java:73) ~[junit-platform-engine-1.10.1.jar:1.10.1]
	at org.junit.platform.engine.support.hierarchical.NodeTestTask.executeRecursively(NodeTestTask.java:138) ~[junit-platform-engine-1.10.1.jar:1.10.1]
	at org.junit.platform.engine.support.hierarchical.NodeTestTask.execute(NodeTestTask.java:95) ~[junit-platform-engine-1.10.1.jar:1.10.1]
	at org.junit.platform.engine.support.hierarchical.SameThreadHierarchicalTestExecutorService.submit(SameThreadHierarchicalTestExecutorService.java:35) ~[junit-platform-engine-1.10.1.jar:1.10.1]
	at org.junit.platform.engine.support.hierarchical.HierarchicalTestExecutor.execute(HierarchicalTestExecutor.java:57) ~[junit-platform-engine-1.10.1.jar:1.10.1]
	at org.junit.platform.engine.support.hierarchical.HierarchicalTestEngine.execute(HierarchicalTestEngine.java:54) ~[junit-platform-engine-1.10.1.jar:1.10.1]
	at org.junit.platform.launcher.core.EngineExecutionOrchestrator.execute(EngineExecutionOrchestrator.java:107) ~[junit-platform-launcher-1.8.2.jar:1.8.2]
	at org.junit.platform.launcher.core.EngineExecutionOrchestrator.execute(EngineExecutionOrchestrator.java:88) ~[junit-platform-launcher-1.8.2.jar:1.8.2]
	at org.junit.platform.launcher.core.EngineExecutionOrchestrator.lambda$execute$0(EngineExecutionOrchestrator.java:54) ~[junit-platform-launcher-1.8.2.jar:1.8.2]
	at org.junit.platform.launcher.core.EngineExecutionOrchestrator.withInterceptedStreams(EngineExecutionOrchestrator.java:67) ~[junit-platform-launcher-1.8.2.jar:1.8.2]
	at org.junit.platform.launcher.core.EngineExecutionOrchestrator.execute(EngineExecutionOrchestrator.java:52) ~[junit-platform-launcher-1.8.2.jar:1.8.2]
	at org.junit.platform.launcher.core.DefaultLauncher.execute(DefaultLauncher.java:114) ~[junit-platform-launcher-1.8.2.jar:1.8.2]
	at org.junit.platform.launcher.core.DefaultLauncher.execute(DefaultLauncher.java:86) ~[junit-platform-launcher-1.8.2.jar:1.8.2]
	at org.junit.platform.launcher.core.DefaultLauncherSession$DelegatingLauncher.execute(DefaultLauncherSession.java:86) ~[junit-platform-launcher-1.8.2.jar:1.8.2]
	at org.gradle.api.internal.tasks.testing.junitplatform.JUnitPlatformTestClassProcessor$CollectAllTestClassesExecutor.processAllTestClasses(JUnitPlatformTestClassProcessor.java:119) ~[na:na]
	at org.gradle.api.internal.tasks.testing.junitplatform.JUnitPlatformTestClassProcessor$CollectAllTestClassesExecutor.access$000(JUnitPlatformTestClassProcessor.java:94) ~[na:na]
	at org.gradle.api.internal.tasks.testing.junitplatform.JUnitPlatformTestClassProcessor.stop(JUnitPlatformTestClassProcessor.java:89) ~[na:na]
	at org.gradle.api.internal.tasks.testing.SuiteTestClassProcessor.stop(SuiteTestClassProcessor.java:62) ~[na:na]
	at java.base/jdk.internal.reflect.DirectMethodHandleAccessor.invoke(DirectMethodHandleAccessor.java:104) ~[na:na]
	at java.base/java.lang.reflect.Method.invoke(Method.java:578) ~[na:na]
	at org.gradle.internal.dispatch.ReflectionDispatch.dispatch(ReflectionDispatch.java:36) ~[na:na]
	at org.gradle.internal.dispatch.ReflectionDispatch.dispatch(ReflectionDispatch.java:24) ~[na:na]
	at org.gradle.internal.dispatch.ContextClassLoaderDispatch.dispatch(ContextClassLoaderDispatch.java:33) ~[na:na]
	at org.gradle.internal.dispatch.ProxyDispatchAdapter$DispatchingInvocationHandler.invoke(ProxyDispatchAdapter.java:94) ~[na:na]
	at jdk.proxy1/jdk.proxy1.$Proxy2.stop(Unknown Source) ~[na:na]
	at org.gradle.api.internal.tasks.testing.worker.TestWorker$3.run(TestWorker.java:193) ~[na:na]
	at org.gradle.api.internal.tasks.testing.worker.TestWorker.executeAndMaintainThreadName(TestWorker.java:129) ~[na:na]
	at org.gradle.api.internal.tasks.testing.worker.TestWorker.execute(TestWorker.java:100) ~[na:na]
	at org.gradle.api.internal.tasks.testing.worker.TestWorker.execute(TestWorker.java:60) ~[na:na]
	at org.gradle.process.internal.worker.child.ActionExecutionWorker.execute(ActionExecutionWorker.java:56) ~[na:na]
	at org.gradle.process.internal.worker.child.SystemApplicationClassLoaderWorker.call(SystemApplicationClassLoaderWorker.java:113) ~[na:na]
	at org.gradle.process.internal.worker.child.SystemApplicationClassLoaderWorker.call(SystemApplicationClassLoaderWorker.java:65) ~[na:na]
	at worker.org.gradle.process.internal.worker.GradleWorkerMain.run(GradleWorkerMain.java:69) ~[gradle-worker.jar:na]
	at worker.org.gradle.process.internal.worker.GradleWorkerMain.main(GradleWorkerMain.java:74) ~[gradle-worker.jar:na]

2024-03-09T12:41:50.558+02:00 DEBUG 3772 --- [    Test worker] o.s.s.w.access.AccessDeniedHandlerImpl   : Responding with 403 status code
2024-03-09T12:41:50.558+02:00 TRACE 3772 --- [    Test worker] o.s.s.w.header.writers.HstsHeaderWriter  : Not injecting HSTS header since it did not match request to [Is Secure]
2024-03-09T12:41:50.569+02:00 DEBUG 3772 --- [    Test worker] org.hibernate.SQL                        : select r1_0.id,r1_0.description,r1_0.name,r1_0.user_id from reviews r1_0
2024-03-09T12:41:50.574+02:00 DEBUG 3772 --- [    Test worker] org.hibernate.SQL                        : select u1_0.id,u1_0.email,u1_0.full_name,u1_0.password,u1_0.username from users u1_0
2024-03-09T12:41:50.575+02:00 DEBUG 3772 --- [    Test worker] org.hibernate.SQL                        : select r1_0.user_id,r1_1.id,r1_1.role_type from users_roles r1_0 join roles r1_1 on r1_1.id=r1_0.roles_id where r1_0.user_id=?
2024-03-09T12:41:50.576+02:00 TRACE 3772 --- [    Test worker] org.hibernate.orm.jdbc.bind              : binding parameter (1:BIGINT) <- [2]
2024-03-09T12:41:50.577+02:00 DEBUG 3772 --- [    Test worker] org.hibernate.SQL                        : select c1_0.lecturer_id,c1_0.id,c1_0.age_limit,c1_0.description,c1_0.end,c1_0.start,c1_0.title from courses c1_0 where c1_0.lecturer_id=?
2024-03-09T12:41:50.578+02:00 TRACE 3772 --- [    Test worker] org.hibernate.orm.jdbc.bind              : binding parameter (1:BIGINT) <- [2]
2024-03-09T12:41:50.579+02:00 DEBUG 3772 --- [    Test worker] org.hibernate.SQL                        : delete from users_roles where user_id=?
2024-03-09T12:41:50.580+02:00 TRACE 3772 --- [    Test worker] org.hibernate.orm.jdbc.bind              : binding parameter (1:BIGINT) <- [2]
2024-03-09T12:41:50.581+02:00 DEBUG 3772 --- [    Test worker] org.hibernate.SQL                        : delete from roles where id=?
2024-03-09T12:41:50.582+02:00 TRACE 3772 --- [    Test worker] org.hibernate.orm.jdbc.bind              : binding parameter (1:BIGINT) <- [2]
2024-03-09T12:41:50.582+02:00 DEBUG 3772 --- [    Test worker] org.hibernate.SQL                        : delete from users where id=?
2024-03-09T12:41:50.582+02:00 TRACE 3772 --- [    Test worker] org.hibernate.orm.jdbc.bind              : binding parameter (1:BIGINT) <- [2]
2024-03-09T12:41:50.593+02:00 DEBUG 3772 --- [    Test worker] org.hibernate.SQL                        : select r1_0.id,r1_0.description,r1_0.name,r1_0.user_id from reviews r1_0
2024-03-09T12:41:50.596+02:00 DEBUG 3772 --- [    Test worker] org.hibernate.SQL                        : select u1_0.id,u1_0.email,u1_0.full_name,u1_0.password,u1_0.username from users u1_0
2024-03-09T12:41:50.598+02:00 DEBUG 3772 --- [    Test worker] org.hibernate.SQL                        : select r1_0.id,r1_0.role_type from roles r1_0 where r1_0.role_type in (?)
2024-03-09T12:41:50.599+02:00 TRACE 3772 --- [    Test worker] org.hibernate.orm.jdbc.bind              : binding parameter (1:VARCHAR) <- [Admin]
2024-03-09T12:41:50.600+02:00 DEBUG 3772 --- [    Test worker] org.hibernate.SQL                        : insert into roles (role_type,id) values (?,default)
2024-03-09T12:41:50.602+02:00 TRACE 3772 --- [    Test worker] org.hibernate.orm.jdbc.bind              : binding parameter (1:VARCHAR) <- [User]
2024-03-09T12:41:50.603+02:00 DEBUG 3772 --- [    Test worker] org.hibernate.SQL                        : insert into users (email,full_name,password,username,id) values (?,?,?,?,default)
2024-03-09T12:41:50.604+02:00 TRACE 3772 --- [    Test worker] org.hibernate.orm.jdbc.bind              : binding parameter (1:VARCHAR) <- [example@com]
2024-03-09T12:41:50.604+02:00 TRACE 3772 --- [    Test worker] org.hibernate.orm.jdbc.bind              : binding parameter (2:VARCHAR) <- [Test Testov]
2024-03-09T12:41:50.604+02:00 TRACE 3772 --- [    Test worker] org.hibernate.orm.jdbc.bind              : binding parameter (3:VARCHAR) <- [1234]
2024-03-09T12:41:50.604+02:00 TRACE 3772 --- [    Test worker] org.hibernate.orm.jdbc.bind              : binding parameter (4:VARCHAR) <- [admin]
2024-03-09T12:41:50.606+02:00 DEBUG 3772 --- [    Test worker] org.hibernate.SQL                        : insert into users_roles (user_id,roles_id) values (?,?)
2024-03-09T12:41:50.606+02:00 TRACE 3772 --- [    Test worker] org.hibernate.orm.jdbc.bind              : binding parameter (1:BIGINT) <- [3]
2024-03-09T12:41:50.606+02:00 TRACE 3772 --- [    Test worker] org.hibernate.orm.jdbc.bind              : binding parameter (2:BIGINT) <- [3]
2024-03-09T12:41:50.609+02:00 DEBUG 3772 --- [    Test worker] org.hibernate.SQL                        : select count(*) from users u1_0
2024-03-09T12:41:50.611+02:00 TRACE 3772 --- [    Test worker] w.c.HttpSessionSecurityContextRepository : No HttpSession currently exists
2024-03-09T12:41:50.612+02:00 TRACE 3772 --- [    Test worker] w.c.HttpSessionSecurityContextRepository : Created SecurityContextImpl [Null authentication]
2024-03-09T12:41:50.612+02:00 TRACE 3772 --- [    Test worker] .s.s.w.c.SupplierDeferredSecurityContext : Created SecurityContextImpl [Null authentication]
2024-03-09T12:41:50.612+02:00 DEBUG 3772 --- [    Test worker] w.c.HttpSessionSecurityContextRepository : Created HttpSession as SecurityContext is non-default
2024-03-09T12:41:50.613+02:00 DEBUG 3772 --- [    Test worker] w.c.HttpSessionSecurityContextRepository : Stored SecurityContextImpl [Authentication=UsernamePasswordAuthenticationToken [Principal=org.springframework.security.core.userdetails.User [Username=admin, Password=[PROTECTED], Enabled=true, AccountNonExpired=true, CredentialsNonExpired=true, AccountNonLocked=true, Granted Authorities=[ROLE_Admin]], Credentials=[PROTECTED], Authenticated=true, Details=null, Granted Authorities=[ROLE_Admin]]] to HttpSession [org.springframework.mock.web.MockHttpSession@4de73fd2]
2024-03-09T12:41:50.616+02:00 TRACE 3772 --- [    Test worker] o.s.security.web.FilterChainProxy        : Trying to match request against DefaultSecurityFilterChain [RequestMatcher=any request, Filters=[org.springframework.security.web.session.DisableEncodeUrlFilter@20bd4fd2, org.springframework.security.web.context.request.async.WebAsyncManagerIntegrationFilter@69cd4267, org.springframework.security.web.context.SecurityContextHolderFilter@7d3d89fb, org.springframework.security.web.header.HeaderWriterFilter@603042a5, org.springframework.web.filter.CorsFilter@1ebb6e20, org.springframework.security.web.csrf.CsrfFilter@2d0ed017, org.springframework.security.web.authentication.logout.LogoutFilter@2f42f20f, org.springframework.security.web.authentication.UsernamePasswordAuthenticationFilter@75c90ec5, org.springframework.security.web.savedrequest.RequestCacheAwareFilter@5757ef9b, org.springframework.security.web.servletapi.SecurityContextHolderAwareRequestFilter@62a30701, org.springframework.security.web.authentication.rememberme.RememberMeAuthenticationFilter@2dad7323, org.springframework.security.web.authentication.AnonymousAuthenticationFilter@85420, org.springframework.security.web.access.ExceptionTranslationFilter@5cfb4b71, org.springframework.security.web.access.intercept.AuthorizationFilter@271ced5f]] (1/1)
2024-03-09T12:41:50.616+02:00 DEBUG 3772 --- [    Test worker] o.s.security.web.FilterChainProxy        : Securing GET /users/delete/3
2024-03-09T12:41:50.617+02:00 TRACE 3772 --- [    Test worker] o.s.security.web.FilterChainProxy        : Invoking DisableEncodeUrlFilter (1/14)
2024-03-09T12:41:50.617+02:00 TRACE 3772 --- [    Test worker] o.s.security.web.FilterChainProxy        : Invoking WebAsyncManagerIntegrationFilter (2/14)
2024-03-09T12:41:50.620+02:00 TRACE 3772 --- [    Test worker] o.s.security.web.FilterChainProxy        : Invoking SecurityContextHolderFilter (3/14)
2024-03-09T12:41:50.620+02:00 TRACE 3772 --- [    Test worker] o.s.security.web.FilterChainProxy        : Invoking HeaderWriterFilter (4/14)
2024-03-09T12:41:50.622+02:00 TRACE 3772 --- [    Test worker] o.s.security.web.FilterChainProxy        : Invoking CorsFilter (5/14)
2024-03-09T12:41:50.624+02:00 TRACE 3772 --- [    Test worker] o.s.security.web.FilterChainProxy        : Invoking CsrfFilter (6/14)
2024-03-09T12:41:50.625+02:00 TRACE 3772 --- [    Test worker] o.s.security.web.csrf.CsrfFilter         : Did not protect against CSRF since request did not match CsrfNotRequired [TRACE, HEAD, GET, OPTIONS]
2024-03-09T12:41:50.625+02:00 TRACE 3772 --- [    Test worker] o.s.security.web.FilterChainProxy        : Invoking LogoutFilter (7/14)
2024-03-09T12:41:50.625+02:00 TRACE 3772 --- [    Test worker] o.s.s.w.a.logout.LogoutFilter            : Did not match request to Ant [pattern='/users/logout', POST]
2024-03-09T12:41:50.625+02:00 TRACE 3772 --- [    Test worker] o.s.security.web.FilterChainProxy        : Invoking UsernamePasswordAuthenticationFilter (8/14)
2024-03-09T12:41:50.625+02:00 TRACE 3772 --- [    Test worker] w.a.UsernamePasswordAuthenticationFilter : Did not match request to Ant [pattern='/users/login', POST]
2024-03-09T12:41:50.625+02:00 TRACE 3772 --- [    Test worker] o.s.security.web.FilterChainProxy        : Invoking RequestCacheAwareFilter (9/14)
2024-03-09T12:41:50.625+02:00 TRACE 3772 --- [    Test worker] o.s.s.w.s.HttpSessionRequestCache        : matchingRequestParameterName is required for getMatchingRequest to lookup a value, but not provided
2024-03-09T12:41:50.625+02:00 TRACE 3772 --- [    Test worker] o.s.security.web.FilterChainProxy        : Invoking SecurityContextHolderAwareRequestFilter (10/14)
2024-03-09T12:41:50.626+02:00 TRACE 3772 --- [    Test worker] o.s.security.web.FilterChainProxy        : Invoking RememberMeAuthenticationFilter (11/14)
2024-03-09T12:41:50.626+02:00 TRACE 3772 --- [    Test worker] w.c.HttpSessionSecurityContextRepository : Retrieved SecurityContextImpl [Authentication=UsernamePasswordAuthenticationToken [Principal=org.springframework.security.core.userdetails.User [Username=admin, Password=[PROTECTED], Enabled=true, AccountNonExpired=true, CredentialsNonExpired=true, AccountNonLocked=true, Granted Authorities=[ROLE_Admin]], Credentials=[PROTECTED], Authenticated=true, Details=null, Granted Authorities=[ROLE_Admin]]] from SPRING_SECURITY_CONTEXT
2024-03-09T12:41:50.626+02:00 DEBUG 3772 --- [    Test worker] s.s.w.a.r.RememberMeAuthenticationFilter : SecurityContextHolder not populated with remember-me token, as it already contained: 'UsernamePasswordAuthenticationToken [Principal=org.springframework.security.core.userdetails.User [Username=admin, Password=[PROTECTED], Enabled=true, AccountNonExpired=true, CredentialsNonExpired=true, AccountNonLocked=true, Granted Authorities=[ROLE_Admin]], Credentials=[PROTECTED], Authenticated=true, Details=null, Granted Authorities=[ROLE_Admin]]'
2024-03-09T12:41:50.626+02:00 TRACE 3772 --- [    Test worker] o.s.security.web.FilterChainProxy        : Invoking AnonymousAuthenticationFilter (12/14)
2024-03-09T12:41:50.626+02:00 TRACE 3772 --- [    Test worker] o.s.security.web.FilterChainProxy        : Invoking ExceptionTranslationFilter (13/14)
2024-03-09T12:41:50.626+02:00 TRACE 3772 --- [    Test worker] o.s.security.web.FilterChainProxy        : Invoking AuthorizationFilter (14/14)
2024-03-09T12:41:50.626+02:00 TRACE 3772 --- [    Test worker] estMatcherDelegatingAuthorizationManager : Authorizing SecurityContextHolderAwareRequestWrapper[ org.springframework.security.web.header.HeaderWriterFilter$HeaderWriterRequest@68217ca5]
2024-03-09T12:41:50.627+02:00 TRACE 3772 --- [    Test worker] estMatcherDelegatingAuthorizationManager : Checking authorization on SecurityContextHolderAwareRequestWrapper[ org.springframework.security.web.header.HeaderWriterFilter$HeaderWriterRequest@68217ca5] using AuthorityAuthorizationManager[authorities=[ROLE_Admin]]
2024-03-09T12:41:50.627+02:00 TRACE 3772 --- [    Test worker] o.s.s.w.a.AnonymousAuthenticationFilter  : Did not set SecurityContextHolder since already authenticated UsernamePasswordAuthenticationToken [Principal=org.springframework.security.core.userdetails.User [Username=admin, Password=[PROTECTED], Enabled=true, AccountNonExpired=true, CredentialsNonExpired=true, AccountNonLocked=true, Granted Authorities=[ROLE_Admin]], Credentials=[PROTECTED], Authenticated=true, Details=null, Granted Authorities=[ROLE_Admin]]
2024-03-09T12:41:50.627+02:00 DEBUG 3772 --- [    Test worker] o.s.security.web.FilterChainProxy        : Secured GET /users/delete/3
2024-03-09T12:41:50.633+02:00 DEBUG 3772 --- [    Test worker] org.hibernate.SQL                        : select u1_0.id,u1_0.email,u1_0.full_name,u1_0.password,u1_0.username,c1_0.lecturer_id,c1_0.id,c1_0.age_limit,c1_0.description,c1_0.end,c1_0.start,c1_0.title from users u1_0 left join courses c1_0 on u1_0.id=c1_0.lecturer_id where u1_0.id=?
2024-03-09T12:41:50.634+02:00 TRACE 3772 --- [    Test worker] org.hibernate.orm.jdbc.bind              : binding parameter (1:BIGINT) <- [3]
2024-03-09T12:41:50.635+02:00 DEBUG 3772 --- [    Test worker] org.hibernate.SQL                        : select r1_0.user_id,r1_1.id,r1_1.role_type from users_roles r1_0 join roles r1_1 on r1_1.id=r1_0.roles_id where r1_0.user_id=?
2024-03-09T12:41:50.637+02:00 TRACE 3772 --- [    Test worker] org.hibernate.orm.jdbc.bind              : binding parameter (1:BIGINT) <- [3]
2024-03-09T12:41:50.638+02:00 DEBUG 3772 --- [    Test worker] org.hibernate.SQL                        : delete from users_roles where user_id=?
2024-03-09T12:41:50.639+02:00 TRACE 3772 --- [    Test worker] org.hibernate.orm.jdbc.bind              : binding parameter (1:BIGINT) <- [3]
2024-03-09T12:41:50.640+02:00 DEBUG 3772 --- [    Test worker] org.hibernate.SQL                        : delete from roles where id=?
2024-03-09T12:41:50.640+02:00 TRACE 3772 --- [    Test worker] org.hibernate.orm.jdbc.bind              : binding parameter (1:BIGINT) <- [3]
2024-03-09T12:41:50.640+02:00 DEBUG 3772 --- [    Test worker] org.hibernate.SQL                        : delete from users where id=?
2024-03-09T12:41:50.640+02:00 TRACE 3772 --- [    Test worker] org.hibernate.orm.jdbc.bind              : binding parameter (1:BIGINT) <- [3]
2024-03-09T12:41:50.641+02:00 TRACE 3772 --- [    Test worker] o.s.s.w.header.writers.HstsHeaderWriter  : Not injecting HSTS header since it did not match request to [Is Secure]
2024-03-09T12:41:50.644+02:00 DEBUG 3772 --- [    Test worker] org.hibernate.SQL                        : select count(*) from users u1_0
2024-03-09T12:41:50.646+02:00 DEBUG 3772 --- [    Test worker] org.hibernate.SQL                        : select r1_0.id,r1_0.description,r1_0.name,r1_0.user_id from reviews r1_0
2024-03-09T12:41:50.648+02:00 DEBUG 3772 --- [    Test worker] org.hibernate.SQL                        : select u1_0.id,u1_0.email,u1_0.full_name,u1_0.password,u1_0.username from users u1_0
2024-03-09T12:41:50.661+02:00 DEBUG 3772 --- [    Test worker] org.hibernate.SQL                        : select r1_0.id,r1_0.description,r1_0.name,r1_0.user_id from reviews r1_0
2024-03-09T12:41:50.663+02:00 DEBUG 3772 --- [    Test worker] org.hibernate.SQL                        : select u1_0.id,u1_0.email,u1_0.full_name,u1_0.password,u1_0.username from users u1_0
2024-03-09T12:41:50.666+02:00 TRACE 3772 --- [    Test worker] w.c.HttpSessionSecurityContextRepository : No HttpSession currently exists
2024-03-09T12:41:50.667+02:00 TRACE 3772 --- [    Test worker] w.c.HttpSessionSecurityContextRepository : Created SecurityContextImpl [Null authentication]
2024-03-09T12:41:50.667+02:00 TRACE 3772 --- [    Test worker] .s.s.w.c.SupplierDeferredSecurityContext : Created SecurityContextImpl [Null authentication]
2024-03-09T12:41:50.667+02:00 DEBUG 3772 --- [    Test worker] w.c.HttpSessionSecurityContextRepository : Created HttpSession as SecurityContext is non-default
2024-03-09T12:41:50.667+02:00 DEBUG 3772 --- [    Test worker] w.c.HttpSessionSecurityContextRepository : Stored SecurityContextImpl [Authentication=UsernamePasswordAuthenticationToken [Principal=org.springframework.security.core.userdetails.User [Username=user, Password=[PROTECTED], Enabled=true, AccountNonExpired=true, CredentialsNonExpired=true, AccountNonLocked=true, Granted Authorities=[ROLE_User]], Credentials=[PROTECTED], Authenticated=true, Details=null, Granted Authorities=[ROLE_User]]] to HttpSession [org.springframework.mock.web.MockHttpSession@333674ad]
2024-03-09T12:41:50.669+02:00 TRACE 3772 --- [    Test worker] o.s.security.web.FilterChainProxy        : Trying to match request against DefaultSecurityFilterChain [RequestMatcher=any request, Filters=[org.springframework.security.web.session.DisableEncodeUrlFilter@20bd4fd2, org.springframework.security.web.context.request.async.WebAsyncManagerIntegrationFilter@69cd4267, org.springframework.security.web.context.SecurityContextHolderFilter@7d3d89fb, org.springframework.security.web.header.HeaderWriterFilter@603042a5, org.springframework.web.filter.CorsFilter@1ebb6e20, org.springframework.security.web.csrf.CsrfFilter@2d0ed017, org.springframework.security.web.authentication.logout.LogoutFilter@2f42f20f, org.springframework.security.web.authentication.UsernamePasswordAuthenticationFilter@75c90ec5, org.springframework.security.web.savedrequest.RequestCacheAwareFilter@5757ef9b, org.springframework.security.web.servletapi.SecurityContextHolderAwareRequestFilter@62a30701, org.springframework.security.web.authentication.rememberme.RememberMeAuthenticationFilter@2dad7323, org.springframework.security.web.authentication.AnonymousAuthenticationFilter@85420, org.springframework.security.web.access.ExceptionTranslationFilter@5cfb4b71, org.springframework.security.web.access.intercept.AuthorizationFilter@271ced5f]] (1/1)
2024-03-09T12:41:50.669+02:00 DEBUG 3772 --- [    Test worker] o.s.security.web.FilterChainProxy        : Securing GET /users/profiles
2024-03-09T12:41:50.669+02:00 TRACE 3772 --- [    Test worker] o.s.security.web.FilterChainProxy        : Invoking DisableEncodeUrlFilter (1/14)
2024-03-09T12:41:50.669+02:00 TRACE 3772 --- [    Test worker] o.s.security.web.FilterChainProxy        : Invoking WebAsyncManagerIntegrationFilter (2/14)
2024-03-09T12:41:50.670+02:00 TRACE 3772 --- [    Test worker] o.s.security.web.FilterChainProxy        : Invoking SecurityContextHolderFilter (3/14)
2024-03-09T12:41:50.670+02:00 TRACE 3772 --- [    Test worker] o.s.security.web.FilterChainProxy        : Invoking HeaderWriterFilter (4/14)
2024-03-09T12:41:50.670+02:00 TRACE 3772 --- [    Test worker] o.s.security.web.FilterChainProxy        : Invoking CorsFilter (5/14)
2024-03-09T12:41:50.670+02:00 TRACE 3772 --- [    Test worker] o.s.security.web.FilterChainProxy        : Invoking CsrfFilter (6/14)
2024-03-09T12:41:50.670+02:00 TRACE 3772 --- [    Test worker] o.s.security.web.csrf.CsrfFilter         : Did not protect against CSRF since request did not match CsrfNotRequired [TRACE, HEAD, GET, OPTIONS]
2024-03-09T12:41:50.670+02:00 TRACE 3772 --- [    Test worker] o.s.security.web.FilterChainProxy        : Invoking LogoutFilter (7/14)
2024-03-09T12:41:50.670+02:00 TRACE 3772 --- [    Test worker] o.s.s.w.a.logout.LogoutFilter            : Did not match request to Ant [pattern='/users/logout', POST]
2024-03-09T12:41:50.670+02:00 TRACE 3772 --- [    Test worker] o.s.security.web.FilterChainProxy        : Invoking UsernamePasswordAuthenticationFilter (8/14)
2024-03-09T12:41:50.670+02:00 TRACE 3772 --- [    Test worker] w.a.UsernamePasswordAuthenticationFilter : Did not match request to Ant [pattern='/users/login', POST]
2024-03-09T12:41:50.670+02:00 TRACE 3772 --- [    Test worker] o.s.security.web.FilterChainProxy        : Invoking RequestCacheAwareFilter (9/14)
2024-03-09T12:41:50.670+02:00 TRACE 3772 --- [    Test worker] o.s.s.w.s.HttpSessionRequestCache        : matchingRequestParameterName is required for getMatchingRequest to lookup a value, but not provided
2024-03-09T12:41:50.671+02:00 TRACE 3772 --- [    Test worker] o.s.security.web.FilterChainProxy        : Invoking SecurityContextHolderAwareRequestFilter (10/14)
2024-03-09T12:41:50.673+02:00 TRACE 3772 --- [    Test worker] o.s.security.web.FilterChainProxy        : Invoking RememberMeAuthenticationFilter (11/14)
2024-03-09T12:41:50.673+02:00 TRACE 3772 --- [    Test worker] w.c.HttpSessionSecurityContextRepository : Retrieved SecurityContextImpl [Authentication=UsernamePasswordAuthenticationToken [Principal=org.springframework.security.core.userdetails.User [Username=user, Password=[PROTECTED], Enabled=true, AccountNonExpired=true, CredentialsNonExpired=true, AccountNonLocked=true, Granted Authorities=[ROLE_User]], Credentials=[PROTECTED], Authenticated=true, Details=null, Granted Authorities=[ROLE_User]]] from SPRING_SECURITY_CONTEXT
2024-03-09T12:41:50.674+02:00 DEBUG 3772 --- [    Test worker] s.s.w.a.r.RememberMeAuthenticationFilter : SecurityContextHolder not populated with remember-me token, as it already contained: 'UsernamePasswordAuthenticationToken [Principal=org.springframework.security.core.userdetails.User [Username=user, Password=[PROTECTED], Enabled=true, AccountNonExpired=true, CredentialsNonExpired=true, AccountNonLocked=true, Granted Authorities=[ROLE_User]], Credentials=[PROTECTED], Authenticated=true, Details=null, Granted Authorities=[ROLE_User]]'
2024-03-09T12:41:50.674+02:00 TRACE 3772 --- [    Test worker] o.s.security.web.FilterChainProxy        : Invoking AnonymousAuthenticationFilter (12/14)
2024-03-09T12:41:50.674+02:00 TRACE 3772 --- [    Test worker] o.s.security.web.FilterChainProxy        : Invoking ExceptionTranslationFilter (13/14)
2024-03-09T12:41:50.675+02:00 TRACE 3772 --- [    Test worker] o.s.security.web.FilterChainProxy        : Invoking AuthorizationFilter (14/14)
2024-03-09T12:41:50.675+02:00 TRACE 3772 --- [    Test worker] estMatcherDelegatingAuthorizationManager : Authorizing SecurityContextHolderAwareRequestWrapper[ org.springframework.security.web.header.HeaderWriterFilter$HeaderWriterRequest@107b7bea]
2024-03-09T12:41:50.675+02:00 TRACE 3772 --- [    Test worker] estMatcherDelegatingAuthorizationManager : Checking authorization on SecurityContextHolderAwareRequestWrapper[ org.springframework.security.web.header.HeaderWriterFilter$HeaderWriterRequest@107b7bea] using AuthorityAuthorizationManager[authorities=[ROLE_Admin]]
2024-03-09T12:41:50.675+02:00 TRACE 3772 --- [    Test worker] o.s.s.w.a.AnonymousAuthenticationFilter  : Did not set SecurityContextHolder since already authenticated UsernamePasswordAuthenticationToken [Principal=org.springframework.security.core.userdetails.User [Username=user, Password=[PROTECTED], Enabled=true, AccountNonExpired=true, CredentialsNonExpired=true, AccountNonLocked=true, Granted Authorities=[ROLE_User]], Credentials=[PROTECTED], Authenticated=true, Details=null, Granted Authorities=[ROLE_User]]
2024-03-09T12:41:50.676+02:00 TRACE 3772 --- [    Test worker] o.s.s.w.a.ExceptionTranslationFilter     : Sending UsernamePasswordAuthenticationToken [Principal=org.springframework.security.core.userdetails.User [Username=user, Password=[PROTECTED], Enabled=true, AccountNonExpired=true, CredentialsNonExpired=true, AccountNonLocked=true, Granted Authorities=[ROLE_User]], Credentials=[PROTECTED], Authenticated=true, Details=null, Granted Authorities=[ROLE_User]] to access denied handler since access is denied

org.springframework.security.access.AccessDeniedException: Access Denied
	at org.springframework.security.web.access.intercept.AuthorizationFilter.doFilter(AuthorizationFilter.java:98) ~[spring-security-web-6.2.1.jar:6.2.1]
	at org.springframework.security.web.ObservationFilterChainDecorator$ObservationFilter.wrapFilter(ObservationFilterChainDecorator.java:240) ~[spring-security-web-6.2.1.jar:6.2.1]
	at org.springframework.security.web.ObservationFilterChainDecorator$ObservationFilter.doFilter(ObservationFilterChainDecorator.java:227) ~[spring-security-web-6.2.1.jar:6.2.1]
	at org.springframework.security.web.ObservationFilterChainDecorator$VirtualFilterChain.doFilter(ObservationFilterChainDecorator.java:137) ~[spring-security-web-6.2.1.jar:6.2.1]
	at org.springframework.security.web.access.ExceptionTranslationFilter.doFilter(ExceptionTranslationFilter.java:126) ~[spring-security-web-6.2.1.jar:6.2.1]
	at org.springframework.security.web.access.ExceptionTranslationFilter.doFilter(ExceptionTranslationFilter.java:120) ~[spring-security-web-6.2.1.jar:6.2.1]
	at org.springframework.security.web.ObservationFilterChainDecorator$ObservationFilter.wrapFilter(ObservationFilterChainDecorator.java:240) ~[spring-security-web-6.2.1.jar:6.2.1]
	at org.springframework.security.web.ObservationFilterChainDecorator$ObservationFilter.doFilter(ObservationFilterChainDecorator.java:227) ~[spring-security-web-6.2.1.jar:6.2.1]
	at org.springframework.security.web.ObservationFilterChainDecorator$VirtualFilterChain.doFilter(ObservationFilterChainDecorator.java:137) ~[spring-security-web-6.2.1.jar:6.2.1]
	at org.springframework.security.web.authentication.AnonymousAuthenticationFilter.doFilter(AnonymousAuthenticationFilter.java:100) ~[spring-security-web-6.2.1.jar:6.2.1]
	at org.springframework.security.web.ObservationFilterChainDecorator$ObservationFilter.wrapFilter(ObservationFilterChainDecorator.java:240) ~[spring-security-web-6.2.1.jar:6.2.1]
	at org.springframework.security.web.ObservationFilterChainDecorator$ObservationFilter.doFilter(ObservationFilterChainDecorator.java:227) ~[spring-security-web-6.2.1.jar:6.2.1]
	at org.springframework.security.web.ObservationFilterChainDecorator$VirtualFilterChain.doFilter(ObservationFilterChainDecorator.java:137) ~[spring-security-web-6.2.1.jar:6.2.1]
	at org.springframework.security.web.authentication.rememberme.RememberMeAuthenticationFilter.doFilter(RememberMeAuthenticationFilter.java:110) ~[spring-security-web-6.2.1.jar:6.2.1]
	at org.springframework.security.web.authentication.rememberme.RememberMeAuthenticationFilter.doFilter(RememberMeAuthenticationFilter.java:101) ~[spring-security-web-6.2.1.jar:6.2.1]
	at org.springframework.security.web.ObservationFilterChainDecorator$ObservationFilter.wrapFilter(ObservationFilterChainDecorator.java:240) ~[spring-security-web-6.2.1.jar:6.2.1]
	at org.springframework.security.web.ObservationFilterChainDecorator$ObservationFilter.doFilter(ObservationFilterChainDecorator.java:227) ~[spring-security-web-6.2.1.jar:6.2.1]
	at org.springframework.security.web.ObservationFilterChainDecorator$VirtualFilterChain.doFilter(ObservationFilterChainDecorator.java:137) ~[spring-security-web-6.2.1.jar:6.2.1]
	at org.springframework.security.web.servletapi.SecurityContextHolderAwareRequestFilter.doFilter(SecurityContextHolderAwareRequestFilter.java:179) ~[spring-security-web-6.2.1.jar:6.2.1]
	at org.springframework.security.web.ObservationFilterChainDecorator$ObservationFilter.wrapFilter(ObservationFilterChainDecorator.java:240) ~[spring-security-web-6.2.1.jar:6.2.1]
	at org.springframework.security.web.ObservationFilterChainDecorator$ObservationFilter.doFilter(ObservationFilterChainDecorator.java:227) ~[spring-security-web-6.2.1.jar:6.2.1]
	at org.springframework.security.web.ObservationFilterChainDecorator$VirtualFilterChain.doFilter(ObservationFilterChainDecorator.java:137) ~[spring-security-web-6.2.1.jar:6.2.1]
	at org.springframework.security.web.savedrequest.RequestCacheAwareFilter.doFilter(RequestCacheAwareFilter.java:63) ~[spring-security-web-6.2.1.jar:6.2.1]
	at org.springframework.security.web.ObservationFilterChainDecorator$ObservationFilter.wrapFilter(ObservationFilterChainDecorator.java:240) ~[spring-security-web-6.2.1.jar:6.2.1]
	at org.springframework.security.web.ObservationFilterChainDecorator$ObservationFilter.doFilter(ObservationFilterChainDecorator.java:227) ~[spring-security-web-6.2.1.jar:6.2.1]
	at org.springframework.security.web.ObservationFilterChainDecorator$VirtualFilterChain.doFilter(ObservationFilterChainDecorator.java:137) ~[spring-security-web-6.2.1.jar:6.2.1]
	at org.springframework.security.web.authentication.AbstractAuthenticationProcessingFilter.doFilter(AbstractAuthenticationProcessingFilter.java:227) ~[spring-security-web-6.2.1.jar:6.2.1]
	at org.springframework.security.web.authentication.AbstractAuthenticationProcessingFilter.doFilter(AbstractAuthenticationProcessingFilter.java:221) ~[spring-security-web-6.2.1.jar:6.2.1]
	at org.springframework.security.web.ObservationFilterChainDecorator$ObservationFilter.wrapFilter(ObservationFilterChainDecorator.java:240) ~[spring-security-web-6.2.1.jar:6.2.1]
	at org.springframework.security.web.ObservationFilterChainDecorator$ObservationFilter.doFilter(ObservationFilterChainDecorator.java:227) ~[spring-security-web-6.2.1.jar:6.2.1]
	at org.springframework.security.web.ObservationFilterChainDecorator$VirtualFilterChain.doFilter(ObservationFilterChainDecorator.java:137) ~[spring-security-web-6.2.1.jar:6.2.1]
	at org.springframework.security.web.authentication.logout.LogoutFilter.doFilter(LogoutFilter.java:107) ~[spring-security-web-6.2.1.jar:6.2.1]
	at org.springframework.security.web.authentication.logout.LogoutFilter.doFilter(LogoutFilter.java:93) ~[spring-security-web-6.2.1.jar:6.2.1]
	at org.springframework.security.web.ObservationFilterChainDecorator$ObservationFilter.wrapFilter(ObservationFilterChainDecorator.java:240) ~[spring-security-web-6.2.1.jar:6.2.1]
	at org.springframework.security.web.ObservationFilterChainDecorator$ObservationFilter.doFilter(ObservationFilterChainDecorator.java:227) ~[spring-security-web-6.2.1.jar:6.2.1]
	at org.springframework.security.web.ObservationFilterChainDecorator$VirtualFilterChain.doFilter(ObservationFilterChainDecorator.java:137) ~[spring-security-web-6.2.1.jar:6.2.1]
	at org.springframework.security.web.csrf.CsrfFilter.doFilterInternal(CsrfFilter.java:117) ~[spring-security-web-6.2.1.jar:6.2.1]
	at org.springframework.web.filter.OncePerRequestFilter.doFilter(OncePerRequestFilter.java:116) ~[spring-web-6.1.3.jar:6.1.3]
	at org.springframework.security.web.ObservationFilterChainDecorator$ObservationFilter.wrapFilter(ObservationFilterChainDecorator.java:240) ~[spring-security-web-6.2.1.jar:6.2.1]
	at org.springframework.security.web.ObservationFilterChainDecorator$ObservationFilter.doFilter(ObservationFilterChainDecorator.java:227) ~[spring-security-web-6.2.1.jar:6.2.1]
	at org.springframework.security.web.ObservationFilterChainDecorator$VirtualFilterChain.doFilter(ObservationFilterChainDecorator.java:137) ~[spring-security-web-6.2.1.jar:6.2.1]
	at org.springframework.web.filter.CorsFilter.doFilterInternal(CorsFilter.java:91) ~[spring-web-6.1.3.jar:6.1.3]
	at org.springframework.web.filter.OncePerRequestFilter.doFilter(OncePerRequestFilter.java:116) ~[spring-web-6.1.3.jar:6.1.3]
	at org.springframework.security.web.ObservationFilterChainDecorator$ObservationFilter.wrapFilter(ObservationFilterChainDecorator.java:240) ~[spring-security-web-6.2.1.jar:6.2.1]
	at org.springframework.security.web.ObservationFilterChainDecorator$ObservationFilter.doFilter(ObservationFilterChainDecorator.java:227) ~[spring-security-web-6.2.1.jar:6.2.1]
	at org.springframework.security.web.ObservationFilterChainDecorator$VirtualFilterChain.doFilter(ObservationFilterChainDecorator.java:137) ~[spring-security-web-6.2.1.jar:6.2.1]
	at org.springframework.security.web.header.HeaderWriterFilter.doHeadersAfter(HeaderWriterFilter.java:90) ~[spring-security-web-6.2.1.jar:6.2.1]
	at org.springframework.security.web.header.HeaderWriterFilter.doFilterInternal(HeaderWriterFilter.java:75) ~[spring-security-web-6.2.1.jar:6.2.1]
	at org.springframework.web.filter.OncePerRequestFilter.doFilter(OncePerRequestFilter.java:116) ~[spring-web-6.1.3.jar:6.1.3]
	at org.springframework.security.web.ObservationFilterChainDecorator$ObservationFilter.wrapFilter(ObservationFilterChainDecorator.java:240) ~[spring-security-web-6.2.1.jar:6.2.1]
	at org.springframework.security.web.ObservationFilterChainDecorator$ObservationFilter.doFilter(ObservationFilterChainDecorator.java:227) ~[spring-security-web-6.2.1.jar:6.2.1]
	at org.springframework.security.web.ObservationFilterChainDecorator$VirtualFilterChain.doFilter(ObservationFilterChainDecorator.java:137) ~[spring-security-web-6.2.1.jar:6.2.1]
	at org.springframework.security.web.context.SecurityContextHolderFilter.doFilter(SecurityContextHolderFilter.java:82) ~[spring-security-web-6.2.1.jar:6.2.1]
	at org.springframework.security.web.context.SecurityContextHolderFilter.doFilter(SecurityContextHolderFilter.java:69) ~[spring-security-web-6.2.1.jar:6.2.1]
	at org.springframework.security.web.ObservationFilterChainDecorator$ObservationFilter.wrapFilter(ObservationFilterChainDecorator.java:240) ~[spring-security-web-6.2.1.jar:6.2.1]
	at org.springframework.security.web.ObservationFilterChainDecorator$ObservationFilter.doFilter(ObservationFilterChainDecorator.java:227) ~[spring-security-web-6.2.1.jar:6.2.1]
	at org.springframework.security.web.ObservationFilterChainDecorator$VirtualFilterChain.doFilter(ObservationFilterChainDecorator.java:137) ~[spring-security-web-6.2.1.jar:6.2.1]
	at org.springframework.security.web.context.request.async.WebAsyncManagerIntegrationFilter.doFilterInternal(WebAsyncManagerIntegrationFilter.java:62) ~[spring-security-web-6.2.1.jar:6.2.1]
	at org.springframework.web.filter.OncePerRequestFilter.doFilter(OncePerRequestFilter.java:116) ~[spring-web-6.1.3.jar:6.1.3]
	at org.springframework.security.web.ObservationFilterChainDecorator$ObservationFilter.wrapFilter(ObservationFilterChainDecorator.java:240) ~[spring-security-web-6.2.1.jar:6.2.1]
	at org.springframework.security.web.ObservationFilterChainDecorator$ObservationFilter.doFilter(ObservationFilterChainDecorator.java:227) ~[spring-security-web-6.2.1.jar:6.2.1]
	at org.springframework.security.web.ObservationFilterChainDecorator$VirtualFilterChain.doFilter(ObservationFilterChainDecorator.java:137) ~[spring-security-web-6.2.1.jar:6.2.1]
	at org.springframework.security.web.session.DisableEncodeUrlFilter.doFilterInternal(DisableEncodeUrlFilter.java:42) ~[spring-security-web-6.2.1.jar:6.2.1]
	at org.springframework.web.filter.OncePerRequestFilter.doFilter(OncePerRequestFilter.java:116) ~[spring-web-6.1.3.jar:6.1.3]
	at org.springframework.security.web.ObservationFilterChainDecorator$ObservationFilter.wrapFilter(ObservationFilterChainDecorator.java:240) ~[spring-security-web-6.2.1.jar:6.2.1]
	at org.springframework.security.web.ObservationFilterChainDecorator$AroundFilterObservation$SimpleAroundFilterObservation.lambda$wrap$0(ObservationFilterChainDecorator.java:323) ~[spring-security-web-6.2.1.jar:6.2.1]
	at org.springframework.security.web.ObservationFilterChainDecorator$ObservationFilter.doFilter(ObservationFilterChainDecorator.java:224) ~[spring-security-web-6.2.1.jar:6.2.1]
	at org.springframework.security.web.ObservationFilterChainDecorator$VirtualFilterChain.doFilter(ObservationFilterChainDecorator.java:137) ~[spring-security-web-6.2.1.jar:6.2.1]
	at org.springframework.security.web.FilterChainProxy.doFilterInternal(FilterChainProxy.java:233) ~[spring-security-web-6.2.1.jar:6.2.1]
	at org.springframework.security.web.FilterChainProxy.doFilter(FilterChainProxy.java:191) ~[spring-security-web-6.2.1.jar:6.2.1]
	at org.springframework.web.filter.CompositeFilter$VirtualFilterChain.doFilter(CompositeFilter.java:113) ~[spring-web-6.1.3.jar:6.1.3]
	at org.springframework.web.servlet.handler.HandlerMappingIntrospector.lambda$createCacheFilter$3(HandlerMappingIntrospector.java:195) ~[spring-webmvc-6.1.3.jar:6.1.3]
	at org.springframework.web.filter.CompositeFilter$VirtualFilterChain.doFilter(CompositeFilter.java:113) ~[spring-web-6.1.3.jar:6.1.3]
	at org.springframework.web.filter.CompositeFilter.doFilter(CompositeFilter.java:74) ~[spring-web-6.1.3.jar:6.1.3]
	at org.springframework.security.config.annotation.web.configuration.WebMvcSecurityConfiguration$CompositeFilterChainProxy.doFilter(WebMvcSecurityConfiguration.java:225) ~[spring-security-config-6.2.1.jar:6.2.1]
	at org.springframework.web.filter.DelegatingFilterProxy.invokeDelegate(DelegatingFilterProxy.java:352) ~[spring-web-6.1.3.jar:6.1.3]
	at org.springframework.web.filter.DelegatingFilterProxy.doFilter(DelegatingFilterProxy.java:268) ~[spring-web-6.1.3.jar:6.1.3]
	at org.springframework.test.web.servlet.setup.MockMvcFilterDecorator.doFilter(MockMvcFilterDecorator.java:151) ~[spring-test-6.1.3.jar:6.1.3]
	at org.springframework.mock.web.MockFilterChain.doFilter(MockFilterChain.java:132) ~[spring-test-6.1.3.jar:6.1.3]
	at org.springframework.web.filter.RequestContextFilter.doFilterInternal(RequestContextFilter.java:100) ~[spring-web-6.1.3.jar:6.1.3]
	at org.springframework.web.filter.OncePerRequestFilter.doFilter(OncePerRequestFilter.java:116) ~[spring-web-6.1.3.jar:6.1.3]
	at org.springframework.test.web.servlet.setup.MockMvcFilterDecorator.doFilter(MockMvcFilterDecorator.java:151) ~[spring-test-6.1.3.jar:6.1.3]
	at org.springframework.mock.web.MockFilterChain.doFilter(MockFilterChain.java:132) ~[spring-test-6.1.3.jar:6.1.3]
	at org.springframework.web.filter.FormContentFilter.doFilterInternal(FormContentFilter.java:93) ~[spring-web-6.1.3.jar:6.1.3]
	at org.springframework.web.filter.OncePerRequestFilter.doFilter(OncePerRequestFilter.java:116) ~[spring-web-6.1.3.jar:6.1.3]
	at org.springframework.test.web.servlet.setup.MockMvcFilterDecorator.doFilter(MockMvcFilterDecorator.java:151) ~[spring-test-6.1.3.jar:6.1.3]
	at org.springframework.mock.web.MockFilterChain.doFilter(MockFilterChain.java:132) ~[spring-test-6.1.3.jar:6.1.3]
	at org.springframework.web.filter.HiddenHttpMethodFilter.doFilterInternal(HiddenHttpMethodFilter.java:91) ~[spring-web-6.1.3.jar:6.1.3]
	at org.springframework.web.filter.OncePerRequestFilter.doFilter(OncePerRequestFilter.java:116) ~[spring-web-6.1.3.jar:6.1.3]
	at org.springframework.test.web.servlet.setup.MockMvcFilterDecorator.doFilter(MockMvcFilterDecorator.java:151) ~[spring-test-6.1.3.jar:6.1.3]
	at org.springframework.mock.web.MockFilterChain.doFilter(MockFilterChain.java:132) ~[spring-test-6.1.3.jar:6.1.3]
	at org.springframework.web.filter.ServerHttpObservationFilter.doFilterInternal(ServerHttpObservationFilter.java:109) ~[spring-web-6.1.3.jar:6.1.3]
	at org.springframework.web.filter.OncePerRequestFilter.doFilter(OncePerRequestFilter.java:116) ~[spring-web-6.1.3.jar:6.1.3]
	at org.springframework.test.web.servlet.setup.MockMvcFilterDecorator.doFilter(MockMvcFilterDecorator.java:151) ~[spring-test-6.1.3.jar:6.1.3]
	at org.springframework.mock.web.MockFilterChain.doFilter(MockFilterChain.java:132) ~[spring-test-6.1.3.jar:6.1.3]
	at org.springframework.web.filter.CharacterEncodingFilter.doFilterInternal(CharacterEncodingFilter.java:201) ~[spring-web-6.1.3.jar:6.1.3]
	at org.springframework.web.filter.OncePerRequestFilter.doFilter(OncePerRequestFilter.java:116) ~[spring-web-6.1.3.jar:6.1.3]
	at org.springframework.test.web.servlet.setup.MockMvcFilterDecorator.doFilter(MockMvcFilterDecorator.java:151) ~[spring-test-6.1.3.jar:6.1.3]
	at org.springframework.mock.web.MockFilterChain.doFilter(MockFilterChain.java:132) ~[spring-test-6.1.3.jar:6.1.3]
	at org.springframework.test.web.servlet.MockMvc.perform(MockMvc.java:201) ~[spring-test-6.1.3.jar:6.1.3]
	at com.example.roboworld.web.AdminControllerTest.getProfilesWithUser(AdminControllerTest.java:83) ~[test/:na]
	at java.base/jdk.internal.reflect.DirectMethodHandleAccessor.invoke(DirectMethodHandleAccessor.java:104) ~[na:na]
	at java.base/java.lang.reflect.Method.invoke(Method.java:578) ~[na:na]
	at org.junit.platform.commons.util.ReflectionUtils.invokeMethod(ReflectionUtils.java:728) ~[junit-platform-commons-1.10.1.jar:1.10.1]
	at org.junit.jupiter.engine.execution.MethodInvocation.proceed(MethodInvocation.java:60) ~[junit-jupiter-engine-5.10.1.jar:5.10.1]
	at org.junit.jupiter.engine.execution.InvocationInterceptorChain$ValidatingInvocation.proceed(InvocationInterceptorChain.java:131) ~[junit-jupiter-engine-5.10.1.jar:5.10.1]
	at org.junit.jupiter.engine.extension.TimeoutExtension.intercept(TimeoutExtension.java:156) ~[junit-jupiter-engine-5.10.1.jar:5.10.1]
	at org.junit.jupiter.engine.extension.TimeoutExtension.interceptTestableMethod(TimeoutExtension.java:147) ~[junit-jupiter-engine-5.10.1.jar:5.10.1]
	at org.junit.jupiter.engine.extension.TimeoutExtension.interceptTestMethod(TimeoutExtension.java:86) ~[junit-jupiter-engine-5.10.1.jar:5.10.1]
	at org.junit.jupiter.engine.execution.InterceptingExecutableInvoker$ReflectiveInterceptorCall.lambda$ofVoidMethod$0(InterceptingExecutableInvoker.java:103) ~[junit-jupiter-engine-5.10.1.jar:5.10.1]
	at org.junit.jupiter.engine.execution.InterceptingExecutableInvoker.lambda$invoke$0(InterceptingExecutableInvoker.java:93) ~[junit-jupiter-engine-5.10.1.jar:5.10.1]
	at org.junit.jupiter.engine.execution.InvocationInterceptorChain$InterceptedInvocation.proceed(InvocationInterceptorChain.java:106) ~[junit-jupiter-engine-5.10.1.jar:5.10.1]
	at org.junit.jupiter.engine.execution.InvocationInterceptorChain.proceed(InvocationInterceptorChain.java:64) ~[junit-jupiter-engine-5.10.1.jar:5.10.1]
	at org.junit.jupiter.engine.execution.InvocationInterceptorChain.chainAndInvoke(InvocationInterceptorChain.java:45) ~[junit-jupiter-engine-5.10.1.jar:5.10.1]
	at org.junit.jupiter.engine.execution.InvocationInterceptorChain.invoke(InvocationInterceptorChain.java:37) ~[junit-jupiter-engine-5.10.1.jar:5.10.1]
	at org.junit.jupiter.engine.execution.InterceptingExecutableInvoker.invoke(InterceptingExecutableInvoker.java:92) ~[junit-jupiter-engine-5.10.1.jar:5.10.1]
	at org.junit.jupiter.engine.execution.InterceptingExecutableInvoker.invoke(InterceptingExecutableInvoker.java:86) ~[junit-jupiter-engine-5.10.1.jar:5.10.1]
	at org.junit.jupiter.engine.descriptor.TestMethodTestDescriptor.lambda$invokeTestMethod$7(TestMethodTestDescriptor.java:218) ~[junit-jupiter-engine-5.10.1.jar:5.10.1]
	at org.junit.platform.engine.support.hierarchical.ThrowableCollector.execute(ThrowableCollector.java:73) ~[junit-platform-engine-1.10.1.jar:1.10.1]
	at org.junit.jupiter.engine.descriptor.TestMethodTestDescriptor.invokeTestMethod(TestMethodTestDescriptor.java:214) ~[junit-jupiter-engine-5.10.1.jar:5.10.1]
	at org.junit.jupiter.engine.descriptor.TestMethodTestDescriptor.execute(TestMethodTestDescriptor.java:139) ~[junit-jupiter-engine-5.10.1.jar:5.10.1]
	at org.junit.jupiter.engine.descriptor.TestMethodTestDescriptor.execute(TestMethodTestDescriptor.java:69) ~[junit-jupiter-engine-5.10.1.jar:5.10.1]
	at org.junit.platform.engine.support.hierarchical.NodeTestTask.lambda$executeRecursively$6(NodeTestTask.java:151) ~[junit-platform-engine-1.10.1.jar:1.10.1]
	at org.junit.platform.engine.support.hierarchical.ThrowableCollector.execute(ThrowableCollector.java:73) ~[junit-platform-engine-1.10.1.jar:1.10.1]
	at org.junit.platform.engine.support.hierarchical.NodeTestTask.lambda$executeRecursively$8(NodeTestTask.java:141) ~[junit-platform-engine-1.10.1.jar:1.10.1]
	at org.junit.platform.engine.support.hierarchical.Node.around(Node.java:137) ~[junit-platform-engine-1.10.1.jar:1.10.1]
	at org.junit.platform.engine.support.hierarchical.NodeTestTask.lambda$executeRecursively$9(NodeTestTask.java:139) ~[junit-platform-engine-1.10.1.jar:1.10.1]
	at org.junit.platform.engine.support.hierarchical.ThrowableCollector.execute(ThrowableCollector.java:73) ~[junit-platform-engine-1.10.1.jar:1.10.1]
	at org.junit.platform.engine.support.hierarchical.NodeTestTask.executeRecursively(NodeTestTask.java:138) ~[junit-platform-engine-1.10.1.jar:1.10.1]
	at org.junit.platform.engine.support.hierarchical.NodeTestTask.execute(NodeTestTask.java:95) ~[junit-platform-engine-1.10.1.jar:1.10.1]
	at java.base/java.util.ArrayList.forEach(ArrayList.java:1511) ~[na:na]
	at org.junit.platform.engine.support.hierarchical.SameThreadHierarchicalTestExecutorService.invokeAll(SameThreadHierarchicalTestExecutorService.java:41) ~[junit-platform-engine-1.10.1.jar:1.10.1]
	at org.junit.platform.engine.support.hierarchical.NodeTestTask.lambda$executeRecursively$6(NodeTestTask.java:155) ~[junit-platform-engine-1.10.1.jar:1.10.1]
	at org.junit.platform.engine.support.hierarchical.ThrowableCollector.execute(ThrowableCollector.java:73) ~[junit-platform-engine-1.10.1.jar:1.10.1]
	at org.junit.platform.engine.support.hierarchical.NodeTestTask.lambda$executeRecursively$8(NodeTestTask.java:141) ~[junit-platform-engine-1.10.1.jar:1.10.1]
	at org.junit.platform.engine.support.hierarchical.Node.around(Node.java:137) ~[junit-platform-engine-1.10.1.jar:1.10.1]
	at org.junit.platform.engine.support.hierarchical.NodeTestTask.lambda$executeRecursively$9(NodeTestTask.java:139) ~[junit-platform-engine-1.10.1.jar:1.10.1]
	at org.junit.platform.engine.support.hierarchical.ThrowableCollector.execute(ThrowableCollector.java:73) ~[junit-platform-engine-1.10.1.jar:1.10.1]
	at org.junit.platform.engine.support.hierarchical.NodeTestTask.executeRecursively(NodeTestTask.java:138) ~[junit-platform-engine-1.10.1.jar:1.10.1]
	at org.junit.platform.engine.support.hierarchical.NodeTestTask.execute(NodeTestTask.java:95) ~[junit-platform-engine-1.10.1.jar:1.10.1]
	at java.base/java.util.ArrayList.forEach(ArrayList.java:1511) ~[na:na]
	at org.junit.platform.engine.support.hierarchical.SameThreadHierarchicalTestExecutorService.invokeAll(SameThreadHierarchicalTestExecutorService.java:41) ~[junit-platform-engine-1.10.1.jar:1.10.1]
	at org.junit.platform.engine.support.hierarchical.NodeTestTask.lambda$executeRecursively$6(NodeTestTask.java:155) ~[junit-platform-engine-1.10.1.jar:1.10.1]
	at org.junit.platform.engine.support.hierarchical.ThrowableCollector.execute(ThrowableCollector.java:73) ~[junit-platform-engine-1.10.1.jar:1.10.1]
	at org.junit.platform.engine.support.hierarchical.NodeTestTask.lambda$executeRecursively$8(NodeTestTask.java:141) ~[junit-platform-engine-1.10.1.jar:1.10.1]
	at org.junit.platform.engine.support.hierarchical.Node.around(Node.java:137) ~[junit-platform-engine-1.10.1.jar:1.10.1]
	at org.junit.platform.engine.support.hierarchical.NodeTestTask.lambda$executeRecursively$9(NodeTestTask.java:139) ~[junit-platform-engine-1.10.1.jar:1.10.1]
	at org.junit.platform.engine.support.hierarchical.ThrowableCollector.execute(ThrowableCollector.java:73) ~[junit-platform-engine-1.10.1.jar:1.10.1]
	at org.junit.platform.engine.support.hierarchical.NodeTestTask.executeRecursively(NodeTestTask.java:138) ~[junit-platform-engine-1.10.1.jar:1.10.1]
	at org.junit.platform.engine.support.hierarchical.NodeTestTask.execute(NodeTestTask.java:95) ~[junit-platform-engine-1.10.1.jar:1.10.1]
	at org.junit.platform.engine.support.hierarchical.SameThreadHierarchicalTestExecutorService.submit(SameThreadHierarchicalTestExecutorService.java:35) ~[junit-platform-engine-1.10.1.jar:1.10.1]
	at org.junit.platform.engine.support.hierarchical.HierarchicalTestExecutor.execute(HierarchicalTestExecutor.java:57) ~[junit-platform-engine-1.10.1.jar:1.10.1]
	at org.junit.platform.engine.support.hierarchical.HierarchicalTestEngine.execute(HierarchicalTestEngine.java:54) ~[junit-platform-engine-1.10.1.jar:1.10.1]
	at org.junit.platform.launcher.core.EngineExecutionOrchestrator.execute(EngineExecutionOrchestrator.java:107) ~[junit-platform-launcher-1.8.2.jar:1.8.2]
	at org.junit.platform.launcher.core.EngineExecutionOrchestrator.execute(EngineExecutionOrchestrator.java:88) ~[junit-platform-launcher-1.8.2.jar:1.8.2]
	at org.junit.platform.launcher.core.EngineExecutionOrchestrator.lambda$execute$0(EngineExecutionOrchestrator.java:54) ~[junit-platform-launcher-1.8.2.jar:1.8.2]
	at org.junit.platform.launcher.core.EngineExecutionOrchestrator.withInterceptedStreams(EngineExecutionOrchestrator.java:67) ~[junit-platform-launcher-1.8.2.jar:1.8.2]
	at org.junit.platform.launcher.core.EngineExecutionOrchestrator.execute(EngineExecutionOrchestrator.java:52) ~[junit-platform-launcher-1.8.2.jar:1.8.2]
	at org.junit.platform.launcher.core.DefaultLauncher.execute(DefaultLauncher.java:114) ~[junit-platform-launcher-1.8.2.jar:1.8.2]
	at org.junit.platform.launcher.core.DefaultLauncher.execute(DefaultLauncher.java:86) ~[junit-platform-launcher-1.8.2.jar:1.8.2]
	at org.junit.platform.launcher.core.DefaultLauncherSession$DelegatingLauncher.execute(DefaultLauncherSession.java:86) ~[junit-platform-launcher-1.8.2.jar:1.8.2]
	at org.gradle.api.internal.tasks.testing.junitplatform.JUnitPlatformTestClassProcessor$CollectAllTestClassesExecutor.processAllTestClasses(JUnitPlatformTestClassProcessor.java:119) ~[na:na]
	at org.gradle.api.internal.tasks.testing.junitplatform.JUnitPlatformTestClassProcessor$CollectAllTestClassesExecutor.access$000(JUnitPlatformTestClassProcessor.java:94) ~[na:na]
	at org.gradle.api.internal.tasks.testing.junitplatform.JUnitPlatformTestClassProcessor.stop(JUnitPlatformTestClassProcessor.java:89) ~[na:na]
	at org.gradle.api.internal.tasks.testing.SuiteTestClassProcessor.stop(SuiteTestClassProcessor.java:62) ~[na:na]
	at java.base/jdk.internal.reflect.DirectMethodHandleAccessor.invoke(DirectMethodHandleAccessor.java:104) ~[na:na]
	at java.base/java.lang.reflect.Method.invoke(Method.java:578) ~[na:na]
	at org.gradle.internal.dispatch.ReflectionDispatch.dispatch(ReflectionDispatch.java:36) ~[na:na]
	at org.gradle.internal.dispatch.ReflectionDispatch.dispatch(ReflectionDispatch.java:24) ~[na:na]
	at org.gradle.internal.dispatch.ContextClassLoaderDispatch.dispatch(ContextClassLoaderDispatch.java:33) ~[na:na]
	at org.gradle.internal.dispatch.ProxyDispatchAdapter$DispatchingInvocationHandler.invoke(ProxyDispatchAdapter.java:94) ~[na:na]
	at jdk.proxy1/jdk.proxy1.$Proxy2.stop(Unknown Source) ~[na:na]
	at org.gradle.api.internal.tasks.testing.worker.TestWorker$3.run(TestWorker.java:193) ~[na:na]
	at org.gradle.api.internal.tasks.testing.worker.TestWorker.executeAndMaintainThreadName(TestWorker.java:129) ~[na:na]
	at org.gradle.api.internal.tasks.testing.worker.TestWorker.execute(TestWorker.java:100) ~[na:na]
	at org.gradle.api.internal.tasks.testing.worker.TestWorker.execute(TestWorker.java:60) ~[na:na]
	at org.gradle.process.internal.worker.child.ActionExecutionWorker.execute(ActionExecutionWorker.java:56) ~[na:na]
	at org.gradle.process.internal.worker.child.SystemApplicationClassLoaderWorker.call(SystemApplicationClassLoaderWorker.java:113) ~[na:na]
	at org.gradle.process.internal.worker.child.SystemApplicationClassLoaderWorker.call(SystemApplicationClassLoaderWorker.java:65) ~[na:na]
	at worker.org.gradle.process.internal.worker.GradleWorkerMain.run(GradleWorkerMain.java:69) ~[gradle-worker.jar:na]
	at worker.org.gradle.process.internal.worker.GradleWorkerMain.main(GradleWorkerMain.java:74) ~[gradle-worker.jar:na]

2024-03-09T12:41:50.682+02:00 DEBUG 3772 --- [    Test worker] o.s.s.w.access.AccessDeniedHandlerImpl   : Responding with 403 status code
2024-03-09T12:41:50.683+02:00 TRACE 3772 --- [    Test worker] o.s.s.w.header.writers.HstsHeaderWriter  : Not injecting HSTS header since it did not match request to [Is Secure]
2024-03-09T12:41:50.690+02:00 DEBUG 3772 --- [    Test worker] org.hibernate.SQL                        : select r1_0.id,r1_0.description,r1_0.name,r1_0.user_id from reviews r1_0
2024-03-09T12:41:50.692+02:00 DEBUG 3772 --- [    Test worker] org.hibernate.SQL                        : select u1_0.id,u1_0.email,u1_0.full_name,u1_0.password,u1_0.username from users u1_0
2024-03-09T12:41:50.702+02:00 DEBUG 3772 --- [    Test worker] org.hibernate.SQL                        : select r1_0.id,r1_0.description,r1_0.name,r1_0.user_id from reviews r1_0
2024-03-09T12:41:50.705+02:00 DEBUG 3772 --- [    Test worker] org.hibernate.SQL                        : select u1_0.id,u1_0.email,u1_0.full_name,u1_0.password,u1_0.username from users u1_0
2024-03-09T12:41:50.708+02:00 DEBUG 3772 --- [    Test worker] org.hibernate.SQL                        : insert into roles (role_type,id) values (?,default)
2024-03-09T12:41:50.709+02:00 TRACE 3772 --- [    Test worker] org.hibernate.orm.jdbc.bind              : binding parameter (1:VARCHAR) <- [User]
2024-03-09T12:41:50.714+02:00 DEBUG 3772 --- [    Test worker] org.hibernate.SQL                        : insert into users (email,full_name,password,username,id) values (?,?,?,?,default)
2024-03-09T12:41:50.715+02:00 TRACE 3772 --- [    Test worker] org.hibernate.orm.jdbc.bind              : binding parameter (1:VARCHAR) <- [111@123]
2024-03-09T12:41:50.715+02:00 TRACE 3772 --- [    Test worker] org.hibernate.orm.jdbc.bind              : binding parameter (2:VARCHAR) <- [Test Testov]
2024-03-09T12:41:50.715+02:00 TRACE 3772 --- [    Test worker] org.hibernate.orm.jdbc.bind              : binding parameter (3:VARCHAR) <- [1234]
2024-03-09T12:41:50.715+02:00 TRACE 3772 --- [    Test worker] org.hibernate.orm.jdbc.bind              : binding parameter (4:VARCHAR) <- [user]
2024-03-09T12:41:50.716+02:00 DEBUG 3772 --- [    Test worker] org.hibernate.SQL                        : insert into users_roles (user_id,roles_id) values (?,?)
2024-03-09T12:41:50.717+02:00 TRACE 3772 --- [    Test worker] org.hibernate.orm.jdbc.bind              : binding parameter (1:BIGINT) <- [4]
2024-03-09T12:41:50.717+02:00 TRACE 3772 --- [    Test worker] org.hibernate.orm.jdbc.bind              : binding parameter (2:BIGINT) <- [4]
2024-03-09T12:41:50.719+02:00 DEBUG 3772 --- [    Test worker] org.hibernate.SQL                        : insert into reviews (description,name,user_id,id) values (?,?,?,default)
2024-03-09T12:41:50.719+02:00 TRACE 3772 --- [    Test worker] org.hibernate.orm.jdbc.bind              : binding parameter (1:VARCHAR) <- [testtttttttttt]
2024-03-09T12:41:50.719+02:00 TRACE 3772 --- [    Test worker] org.hibernate.orm.jdbc.bind              : binding parameter (2:VARCHAR) <- [test title]
2024-03-09T12:41:50.719+02:00 TRACE 3772 --- [    Test worker] org.hibernate.orm.jdbc.bind              : binding parameter (3:BIGINT) <- [4]
2024-03-09T12:41:50.720+02:00 TRACE 3772 --- [    Test worker] w.c.HttpSessionSecurityContextRepository : No HttpSession currently exists
2024-03-09T12:41:50.720+02:00 TRACE 3772 --- [    Test worker] w.c.HttpSessionSecurityContextRepository : Created SecurityContextImpl [Null authentication]
2024-03-09T12:41:50.720+02:00 TRACE 3772 --- [    Test worker] .s.s.w.c.SupplierDeferredSecurityContext : Created SecurityContextImpl [Null authentication]
2024-03-09T12:41:50.721+02:00 DEBUG 3772 --- [    Test worker] w.c.HttpSessionSecurityContextRepository : Created HttpSession as SecurityContext is non-default
2024-03-09T12:41:50.721+02:00 DEBUG 3772 --- [    Test worker] w.c.HttpSessionSecurityContextRepository : Stored SecurityContextImpl [Authentication=UsernamePasswordAuthenticationToken [Principal=org.springframework.security.core.userdetails.User [Username=admin, Password=[PROTECTED], Enabled=true, AccountNonExpired=true, CredentialsNonExpired=true, AccountNonLocked=true, Granted Authorities=[ROLE_Admin]], Credentials=[PROTECTED], Authenticated=true, Details=null, Granted Authorities=[ROLE_Admin]]] to HttpSession [org.springframework.mock.web.MockHttpSession@1f554ccc]
2024-03-09T12:41:50.722+02:00 TRACE 3772 --- [    Test worker] o.s.security.web.FilterChainProxy        : Trying to match request against DefaultSecurityFilterChain [RequestMatcher=any request, Filters=[org.springframework.security.web.session.DisableEncodeUrlFilter@20bd4fd2, org.springframework.security.web.context.request.async.WebAsyncManagerIntegrationFilter@69cd4267, org.springframework.security.web.context.SecurityContextHolderFilter@7d3d89fb, org.springframework.security.web.header.HeaderWriterFilter@603042a5, org.springframework.web.filter.CorsFilter@1ebb6e20, org.springframework.security.web.csrf.CsrfFilter@2d0ed017, org.springframework.security.web.authentication.logout.LogoutFilter@2f42f20f, org.springframework.security.web.authentication.UsernamePasswordAuthenticationFilter@75c90ec5, org.springframework.security.web.savedrequest.RequestCacheAwareFilter@5757ef9b, org.springframework.security.web.servletapi.SecurityContextHolderAwareRequestFilter@62a30701, org.springframework.security.web.authentication.rememberme.RememberMeAuthenticationFilter@2dad7323, org.springframework.security.web.authentication.AnonymousAuthenticationFilter@85420, org.springframework.security.web.access.ExceptionTranslationFilter@5cfb4b71, org.springframework.security.web.access.intercept.AuthorizationFilter@271ced5f]] (1/1)
2024-03-09T12:41:50.722+02:00 DEBUG 3772 --- [    Test worker] o.s.security.web.FilterChainProxy        : Securing GET /review/delete/1
2024-03-09T12:41:50.722+02:00 TRACE 3772 --- [    Test worker] o.s.security.web.FilterChainProxy        : Invoking DisableEncodeUrlFilter (1/14)
2024-03-09T12:41:50.724+02:00 TRACE 3772 --- [    Test worker] o.s.security.web.FilterChainProxy        : Invoking WebAsyncManagerIntegrationFilter (2/14)
2024-03-09T12:41:50.724+02:00 TRACE 3772 --- [    Test worker] o.s.security.web.FilterChainProxy        : Invoking SecurityContextHolderFilter (3/14)
2024-03-09T12:41:50.724+02:00 TRACE 3772 --- [    Test worker] o.s.security.web.FilterChainProxy        : Invoking HeaderWriterFilter (4/14)
2024-03-09T12:41:50.724+02:00 TRACE 3772 --- [    Test worker] o.s.security.web.FilterChainProxy        : Invoking CorsFilter (5/14)
2024-03-09T12:41:50.724+02:00 TRACE 3772 --- [    Test worker] o.s.security.web.FilterChainProxy        : Invoking CsrfFilter (6/14)
2024-03-09T12:41:50.724+02:00 TRACE 3772 --- [    Test worker] o.s.security.web.csrf.CsrfFilter         : Did not protect against CSRF since request did not match CsrfNotRequired [TRACE, HEAD, GET, OPTIONS]
2024-03-09T12:41:50.724+02:00 TRACE 3772 --- [    Test worker] o.s.security.web.FilterChainProxy        : Invoking LogoutFilter (7/14)
2024-03-09T12:41:50.724+02:00 TRACE 3772 --- [    Test worker] o.s.s.w.a.logout.LogoutFilter            : Did not match request to Ant [pattern='/users/logout', POST]
2024-03-09T12:41:50.724+02:00 TRACE 3772 --- [    Test worker] o.s.security.web.FilterChainProxy        : Invoking UsernamePasswordAuthenticationFilter (8/14)
2024-03-09T12:41:50.724+02:00 TRACE 3772 --- [    Test worker] w.a.UsernamePasswordAuthenticationFilter : Did not match request to Ant [pattern='/users/login', POST]
2024-03-09T12:41:50.724+02:00 TRACE 3772 --- [    Test worker] o.s.security.web.FilterChainProxy        : Invoking RequestCacheAwareFilter (9/14)
2024-03-09T12:41:50.724+02:00 TRACE 3772 --- [    Test worker] o.s.s.w.s.HttpSessionRequestCache        : matchingRequestParameterName is required for getMatchingRequest to lookup a value, but not provided
2024-03-09T12:41:50.724+02:00 TRACE 3772 --- [    Test worker] o.s.security.web.FilterChainProxy        : Invoking SecurityContextHolderAwareRequestFilter (10/14)
2024-03-09T12:41:50.724+02:00 TRACE 3772 --- [    Test worker] o.s.security.web.FilterChainProxy        : Invoking RememberMeAuthenticationFilter (11/14)
2024-03-09T12:41:50.725+02:00 TRACE 3772 --- [    Test worker] w.c.HttpSessionSecurityContextRepository : Retrieved SecurityContextImpl [Authentication=UsernamePasswordAuthenticationToken [Principal=org.springframework.security.core.userdetails.User [Username=admin, Password=[PROTECTED], Enabled=true, AccountNonExpired=true, CredentialsNonExpired=true, AccountNonLocked=true, Granted Authorities=[ROLE_Admin]], Credentials=[PROTECTED], Authenticated=true, Details=null, Granted Authorities=[ROLE_Admin]]] from SPRING_SECURITY_CONTEXT
2024-03-09T12:41:50.725+02:00 DEBUG 3772 --- [    Test worker] s.s.w.a.r.RememberMeAuthenticationFilter : SecurityContextHolder not populated with remember-me token, as it already contained: 'UsernamePasswordAuthenticationToken [Principal=org.springframework.security.core.userdetails.User [Username=admin, Password=[PROTECTED], Enabled=true, AccountNonExpired=true, CredentialsNonExpired=true, AccountNonLocked=true, Granted Authorities=[ROLE_Admin]], Credentials=[PROTECTED], Authenticated=true, Details=null, Granted Authorities=[ROLE_Admin]]'
2024-03-09T12:41:50.725+02:00 TRACE 3772 --- [    Test worker] o.s.security.web.FilterChainProxy        : Invoking AnonymousAuthenticationFilter (12/14)
2024-03-09T12:41:50.725+02:00 TRACE 3772 --- [    Test worker] o.s.security.web.FilterChainProxy        : Invoking ExceptionTranslationFilter (13/14)
2024-03-09T12:41:50.725+02:00 TRACE 3772 --- [    Test worker] o.s.security.web.FilterChainProxy        : Invoking AuthorizationFilter (14/14)
2024-03-09T12:41:50.725+02:00 TRACE 3772 --- [    Test worker] estMatcherDelegatingAuthorizationManager : Authorizing SecurityContextHolderAwareRequestWrapper[ org.springframework.security.web.header.HeaderWriterFilter$HeaderWriterRequest@4845abe5]
2024-03-09T12:41:50.726+02:00 TRACE 3772 --- [    Test worker] estMatcherDelegatingAuthorizationManager : Checking authorization on SecurityContextHolderAwareRequestWrapper[ org.springframework.security.web.header.HeaderWriterFilter$HeaderWriterRequest@4845abe5] using org.springframework.security.authorization.AuthenticatedAuthorizationManager@4d35f066
2024-03-09T12:41:50.726+02:00 TRACE 3772 --- [    Test worker] o.s.s.w.a.AnonymousAuthenticationFilter  : Did not set SecurityContextHolder since already authenticated UsernamePasswordAuthenticationToken [Principal=org.springframework.security.core.userdetails.User [Username=admin, Password=[PROTECTED], Enabled=true, AccountNonExpired=true, CredentialsNonExpired=true, AccountNonLocked=true, Granted Authorities=[ROLE_Admin]], Credentials=[PROTECTED], Authenticated=true, Details=null, Granted Authorities=[ROLE_Admin]]
2024-03-09T12:41:50.726+02:00 DEBUG 3772 --- [    Test worker] o.s.security.web.FilterChainProxy        : Secured GET /review/delete/1
2024-03-09T12:41:50.728+02:00 DEBUG 3772 --- [    Test worker] org.hibernate.SQL                        : select r1_0.id,r1_0.description,r1_0.name,u1_0.id,u1_0.email,u1_0.full_name,u1_0.password,u1_0.username,c1_0.lecturer_id,c1_0.id,c1_0.age_limit,c1_0.description,c1_0.end,c1_0.start,c1_0.title from reviews r1_0 left join users u1_0 on u1_0.id=r1_0.user_id left join courses c1_0 on u1_0.id=c1_0.lecturer_id where r1_0.id=?
2024-03-09T12:41:50.729+02:00 TRACE 3772 --- [    Test worker] org.hibernate.orm.jdbc.bind              : binding parameter (1:BIGINT) <- [1]
2024-03-09T12:41:50.730+02:00 DEBUG 3772 --- [    Test worker] org.hibernate.SQL                        : select r1_0.user_id,r1_1.id,r1_1.role_type from users_roles r1_0 join roles r1_1 on r1_1.id=r1_0.roles_id where r1_0.user_id=?
2024-03-09T12:41:50.731+02:00 TRACE 3772 --- [    Test worker] org.hibernate.orm.jdbc.bind              : binding parameter (1:BIGINT) <- [4]
2024-03-09T12:41:50.732+02:00 DEBUG 3772 --- [    Test worker] org.hibernate.SQL                        : delete from reviews where id=?
2024-03-09T12:41:50.732+02:00 TRACE 3772 --- [    Test worker] org.hibernate.orm.jdbc.bind              : binding parameter (1:BIGINT) <- [1]
2024-03-09T12:41:50.733+02:00 TRACE 3772 --- [    Test worker] o.s.s.w.header.writers.HstsHeaderWriter  : Not injecting HSTS header since it did not match request to [Is Secure]
2024-03-09T12:41:50.737+02:00 DEBUG 3772 --- [    Test worker] org.hibernate.SQL                        : select count(*) from reviews r1_0
2024-03-09T12:41:50.738+02:00 DEBUG 3772 --- [    Test worker] org.hibernate.SQL                        : select r1_0.id,r1_0.description,r1_0.name,r1_0.user_id from reviews r1_0
2024-03-09T12:41:50.740+02:00 DEBUG 3772 --- [    Test worker] org.hibernate.SQL                        : select u1_0.id,u1_0.email,u1_0.full_name,u1_0.password,u1_0.username from users u1_0
2024-03-09T12:41:50.741+02:00 DEBUG 3772 --- [    Test worker] org.hibernate.SQL                        : select r1_0.user_id,r1_1.id,r1_1.role_type from users_roles r1_0 join roles r1_1 on r1_1.id=r1_0.roles_id where r1_0.user_id=?
2024-03-09T12:41:50.741+02:00 TRACE 3772 --- [    Test worker] org.hibernate.orm.jdbc.bind              : binding parameter (1:BIGINT) <- [4]
2024-03-09T12:41:50.742+02:00 DEBUG 3772 --- [    Test worker] org.hibernate.SQL                        : select c1_0.lecturer_id,c1_0.id,c1_0.age_limit,c1_0.description,c1_0.end,c1_0.start,c1_0.title from courses c1_0 where c1_0.lecturer_id=?
2024-03-09T12:41:50.742+02:00 TRACE 3772 --- [    Test worker] org.hibernate.orm.jdbc.bind              : binding parameter (1:BIGINT) <- [4]
2024-03-09T12:41:50.743+02:00 DEBUG 3772 --- [    Test worker] org.hibernate.SQL                        : delete from users_roles where user_id=?
2024-03-09T12:41:50.745+02:00 TRACE 3772 --- [    Test worker] org.hibernate.orm.jdbc.bind              : binding parameter (1:BIGINT) <- [4]
2024-03-09T12:41:50.745+02:00 DEBUG 3772 --- [    Test worker] org.hibernate.SQL                        : delete from roles where id=?
2024-03-09T12:41:50.745+02:00 TRACE 3772 --- [    Test worker] org.hibernate.orm.jdbc.bind              : binding parameter (1:BIGINT) <- [4]
2024-03-09T12:41:50.746+02:00 DEBUG 3772 --- [    Test worker] org.hibernate.SQL                        : delete from users where id=?
2024-03-09T12:41:50.746+02:00 TRACE 3772 --- [    Test worker] org.hibernate.orm.jdbc.bind              : binding parameter (1:BIGINT) <- [4]
2024-03-09T12:41:50.755+02:00 DEBUG 3772 --- [    Test worker] org.hibernate.SQL                        : select r1_0.id,r1_0.description,r1_0.name,r1_0.user_id from reviews r1_0
2024-03-09T12:41:50.759+02:00 DEBUG 3772 --- [    Test worker] org.hibernate.SQL                        : select u1_0.id,u1_0.email,u1_0.full_name,u1_0.password,u1_0.username from users u1_0
2024-03-09T12:41:50.764+02:00 DEBUG 3772 --- [    Test worker] org.hibernate.SQL                        : select r1_0.id,r1_0.role_type from roles r1_0 where r1_0.role_type in (?)
2024-03-09T12:41:50.764+02:00 TRACE 3772 --- [    Test worker] org.hibernate.orm.jdbc.bind              : binding parameter (1:VARCHAR) <- [User]
2024-03-09T12:41:50.766+02:00 DEBUG 3772 --- [    Test worker] org.hibernate.SQL                        : insert into roles (role_type,id) values (?,default)
2024-03-09T12:41:50.766+02:00 TRACE 3772 --- [    Test worker] org.hibernate.orm.jdbc.bind              : binding parameter (1:VARCHAR) <- [User]
2024-03-09T12:41:50.768+02:00 DEBUG 3772 --- [    Test worker] org.hibernate.SQL                        : insert into users (email,full_name,password,username,id) values (?,?,?,?,default)
2024-03-09T12:41:50.770+02:00 TRACE 3772 --- [    Test worker] org.hibernate.orm.jdbc.bind              : binding parameter (1:VARCHAR) <- [example@com]
2024-03-09T12:41:50.771+02:00 TRACE 3772 --- [    Test worker] org.hibernate.orm.jdbc.bind              : binding parameter (2:VARCHAR) <- [Test Testov]
2024-03-09T12:41:50.771+02:00 TRACE 3772 --- [    Test worker] org.hibernate.orm.jdbc.bind              : binding parameter (3:VARCHAR) <- [1234]
2024-03-09T12:41:50.771+02:00 TRACE 3772 --- [    Test worker] org.hibernate.orm.jdbc.bind              : binding parameter (4:VARCHAR) <- [user]
2024-03-09T12:41:50.773+02:00 DEBUG 3772 --- [    Test worker] org.hibernate.SQL                        : insert into users_roles (user_id,roles_id) values (?,?)
2024-03-09T12:41:50.773+02:00 TRACE 3772 --- [    Test worker] org.hibernate.orm.jdbc.bind              : binding parameter (1:BIGINT) <- [5]
2024-03-09T12:41:50.773+02:00 TRACE 3772 --- [    Test worker] org.hibernate.orm.jdbc.bind              : binding parameter (2:BIGINT) <- [5]
2024-03-09T12:41:50.777+02:00 TRACE 3772 --- [    Test worker] o.s.security.web.FilterChainProxy        : Trying to match request against DefaultSecurityFilterChain [RequestMatcher=any request, Filters=[org.springframework.security.web.session.DisableEncodeUrlFilter@20bd4fd2, org.springframework.security.web.context.request.async.WebAsyncManagerIntegrationFilter@69cd4267, org.springframework.security.web.context.SecurityContextHolderFilter@7d3d89fb, org.springframework.security.web.header.HeaderWriterFilter@603042a5, org.springframework.web.filter.CorsFilter@1ebb6e20, org.springframework.security.web.csrf.CsrfFilter@2d0ed017, org.springframework.security.web.authentication.logout.LogoutFilter@2f42f20f, org.springframework.security.web.authentication.UsernamePasswordAuthenticationFilter@75c90ec5, org.springframework.security.web.savedrequest.RequestCacheAwareFilter@5757ef9b, org.springframework.security.web.servletapi.SecurityContextHolderAwareRequestFilter@62a30701, org.springframework.security.web.authentication.rememberme.RememberMeAuthenticationFilter@2dad7323, org.springframework.security.web.authentication.AnonymousAuthenticationFilter@85420, org.springframework.security.web.access.ExceptionTranslationFilter@5cfb4b71, org.springframework.security.web.access.intercept.AuthorizationFilter@271ced5f]] (1/1)
2024-03-09T12:41:50.777+02:00 DEBUG 3772 --- [    Test worker] o.s.security.web.FilterChainProxy        : Securing GET /users/delete/5
2024-03-09T12:41:50.777+02:00 TRACE 3772 --- [    Test worker] o.s.security.web.FilterChainProxy        : Invoking DisableEncodeUrlFilter (1/14)
2024-03-09T12:41:50.777+02:00 TRACE 3772 --- [    Test worker] o.s.security.web.FilterChainProxy        : Invoking WebAsyncManagerIntegrationFilter (2/14)
2024-03-09T12:41:50.777+02:00 TRACE 3772 --- [    Test worker] o.s.security.web.FilterChainProxy        : Invoking SecurityContextHolderFilter (3/14)
2024-03-09T12:41:50.777+02:00 TRACE 3772 --- [    Test worker] o.s.security.web.FilterChainProxy        : Invoking HeaderWriterFilter (4/14)
2024-03-09T12:41:50.777+02:00 TRACE 3772 --- [    Test worker] o.s.security.web.FilterChainProxy        : Invoking CorsFilter (5/14)
2024-03-09T12:41:50.778+02:00 TRACE 3772 --- [    Test worker] o.s.security.web.FilterChainProxy        : Invoking CsrfFilter (6/14)
2024-03-09T12:41:50.778+02:00 TRACE 3772 --- [    Test worker] o.s.security.web.csrf.CsrfFilter         : Did not protect against CSRF since request did not match CsrfNotRequired [TRACE, HEAD, GET, OPTIONS]
2024-03-09T12:41:50.778+02:00 TRACE 3772 --- [    Test worker] o.s.security.web.FilterChainProxy        : Invoking LogoutFilter (7/14)
2024-03-09T12:41:50.778+02:00 TRACE 3772 --- [    Test worker] o.s.s.w.a.logout.LogoutFilter            : Did not match request to Ant [pattern='/users/logout', POST]
2024-03-09T12:41:50.778+02:00 TRACE 3772 --- [    Test worker] o.s.security.web.FilterChainProxy        : Invoking UsernamePasswordAuthenticationFilter (8/14)
2024-03-09T12:41:50.778+02:00 TRACE 3772 --- [    Test worker] w.a.UsernamePasswordAuthenticationFilter : Did not match request to Ant [pattern='/users/login', POST]
2024-03-09T12:41:50.778+02:00 TRACE 3772 --- [    Test worker] o.s.security.web.FilterChainProxy        : Invoking RequestCacheAwareFilter (9/14)
2024-03-09T12:41:50.778+02:00 TRACE 3772 --- [    Test worker] o.s.s.w.s.HttpSessionRequestCache        : matchingRequestParameterName is required for getMatchingRequest to lookup a value, but not provided
2024-03-09T12:41:50.779+02:00 TRACE 3772 --- [    Test worker] o.s.security.web.FilterChainProxy        : Invoking SecurityContextHolderAwareRequestFilter (10/14)
2024-03-09T12:41:50.779+02:00 TRACE 3772 --- [    Test worker] o.s.security.web.FilterChainProxy        : Invoking RememberMeAuthenticationFilter (11/14)
2024-03-09T12:41:50.779+02:00 TRACE 3772 --- [    Test worker] w.c.HttpSessionSecurityContextRepository : No HttpSession currently exists
2024-03-09T12:41:50.779+02:00 TRACE 3772 --- [    Test worker] w.c.HttpSessionSecurityContextRepository : Created SecurityContextImpl [Null authentication]
2024-03-09T12:41:50.779+02:00 TRACE 3772 --- [    Test worker] .s.s.w.c.SupplierDeferredSecurityContext : Created SecurityContextImpl [Null authentication]
2024-03-09T12:41:50.779+02:00 TRACE 3772 --- [    Test worker] o.s.security.web.FilterChainProxy        : Invoking AnonymousAuthenticationFilter (12/14)
2024-03-09T12:41:50.779+02:00 TRACE 3772 --- [    Test worker] o.s.security.web.FilterChainProxy        : Invoking ExceptionTranslationFilter (13/14)
2024-03-09T12:41:50.779+02:00 TRACE 3772 --- [    Test worker] o.s.security.web.FilterChainProxy        : Invoking AuthorizationFilter (14/14)
2024-03-09T12:41:50.780+02:00 TRACE 3772 --- [    Test worker] estMatcherDelegatingAuthorizationManager : Authorizing SecurityContextHolderAwareRequestWrapper[ org.springframework.security.web.header.HeaderWriterFilter$HeaderWriterRequest@aa3e0d7]
2024-03-09T12:41:50.780+02:00 TRACE 3772 --- [    Test worker] estMatcherDelegatingAuthorizationManager : Checking authorization on SecurityContextHolderAwareRequestWrapper[ org.springframework.security.web.header.HeaderWriterFilter$HeaderWriterRequest@aa3e0d7] using AuthorityAuthorizationManager[authorities=[ROLE_Admin]]
2024-03-09T12:41:50.780+02:00 TRACE 3772 --- [    Test worker] o.s.s.w.a.AnonymousAuthenticationFilter  : Set SecurityContextHolder to AnonymousAuthenticationToken [Principal=anonymousUser, Credentials=[PROTECTED], Authenticated=true, Details=WebAuthenticationDetails [RemoteIpAddress=127.0.0.1, SessionId=null], Granted Authorities=[ROLE_ANONYMOUS]]
2024-03-09T12:41:50.781+02:00 TRACE 3772 --- [    Test worker] o.s.s.w.a.ExceptionTranslationFilter     : Sending AnonymousAuthenticationToken [Principal=anonymousUser, Credentials=[PROTECTED], Authenticated=true, Details=WebAuthenticationDetails [RemoteIpAddress=127.0.0.1, SessionId=null], Granted Authorities=[ROLE_ANONYMOUS]] to authentication entry point since access is denied

org.springframework.security.access.AccessDeniedException: Access Denied
	at org.springframework.security.web.access.intercept.AuthorizationFilter.doFilter(AuthorizationFilter.java:98) ~[spring-security-web-6.2.1.jar:6.2.1]
	at org.springframework.security.web.ObservationFilterChainDecorator$ObservationFilter.wrapFilter(ObservationFilterChainDecorator.java:240) ~[spring-security-web-6.2.1.jar:6.2.1]
	at org.springframework.security.web.ObservationFilterChainDecorator$ObservationFilter.doFilter(ObservationFilterChainDecorator.java:227) ~[spring-security-web-6.2.1.jar:6.2.1]
	at org.springframework.security.web.ObservationFilterChainDecorator$VirtualFilterChain.doFilter(ObservationFilterChainDecorator.java:137) ~[spring-security-web-6.2.1.jar:6.2.1]
	at org.springframework.security.web.access.ExceptionTranslationFilter.doFilter(ExceptionTranslationFilter.java:126) ~[spring-security-web-6.2.1.jar:6.2.1]
	at org.springframework.security.web.access.ExceptionTranslationFilter.doFilter(ExceptionTranslationFilter.java:120) ~[spring-security-web-6.2.1.jar:6.2.1]
	at org.springframework.security.web.ObservationFilterChainDecorator$ObservationFilter.wrapFilter(ObservationFilterChainDecorator.java:240) ~[spring-security-web-6.2.1.jar:6.2.1]
	at org.springframework.security.web.ObservationFilterChainDecorator$ObservationFilter.doFilter(ObservationFilterChainDecorator.java:227) ~[spring-security-web-6.2.1.jar:6.2.1]
	at org.springframework.security.web.ObservationFilterChainDecorator$VirtualFilterChain.doFilter(ObservationFilterChainDecorator.java:137) ~[spring-security-web-6.2.1.jar:6.2.1]
	at org.springframework.security.web.authentication.AnonymousAuthenticationFilter.doFilter(AnonymousAuthenticationFilter.java:100) ~[spring-security-web-6.2.1.jar:6.2.1]
	at org.springframework.security.web.ObservationFilterChainDecorator$ObservationFilter.wrapFilter(ObservationFilterChainDecorator.java:240) ~[spring-security-web-6.2.1.jar:6.2.1]
	at org.springframework.security.web.ObservationFilterChainDecorator$ObservationFilter.doFilter(ObservationFilterChainDecorator.java:227) ~[spring-security-web-6.2.1.jar:6.2.1]
	at org.springframework.security.web.ObservationFilterChainDecorator$VirtualFilterChain.doFilter(ObservationFilterChainDecorator.java:137) ~[spring-security-web-6.2.1.jar:6.2.1]
	at org.springframework.security.web.authentication.rememberme.RememberMeAuthenticationFilter.doFilter(RememberMeAuthenticationFilter.java:145) ~[spring-security-web-6.2.1.jar:6.2.1]
	at org.springframework.security.web.authentication.rememberme.RememberMeAuthenticationFilter.doFilter(RememberMeAuthenticationFilter.java:101) ~[spring-security-web-6.2.1.jar:6.2.1]
	at org.springframework.security.web.ObservationFilterChainDecorator$ObservationFilter.wrapFilter(ObservationFilterChainDecorator.java:240) ~[spring-security-web-6.2.1.jar:6.2.1]
	at org.springframework.security.web.ObservationFilterChainDecorator$ObservationFilter.doFilter(ObservationFilterChainDecorator.java:227) ~[spring-security-web-6.2.1.jar:6.2.1]
	at org.springframework.security.web.ObservationFilterChainDecorator$VirtualFilterChain.doFilter(ObservationFilterChainDecorator.java:137) ~[spring-security-web-6.2.1.jar:6.2.1]
	at org.springframework.security.web.servletapi.SecurityContextHolderAwareRequestFilter.doFilter(SecurityContextHolderAwareRequestFilter.java:179) ~[spring-security-web-6.2.1.jar:6.2.1]
	at org.springframework.security.web.ObservationFilterChainDecorator$ObservationFilter.wrapFilter(ObservationFilterChainDecorator.java:240) ~[spring-security-web-6.2.1.jar:6.2.1]
	at org.springframework.security.web.ObservationFilterChainDecorator$ObservationFilter.doFilter(ObservationFilterChainDecorator.java:227) ~[spring-security-web-6.2.1.jar:6.2.1]
	at org.springframework.security.web.ObservationFilterChainDecorator$VirtualFilterChain.doFilter(ObservationFilterChainDecorator.java:137) ~[spring-security-web-6.2.1.jar:6.2.1]
	at org.springframework.security.web.savedrequest.RequestCacheAwareFilter.doFilter(RequestCacheAwareFilter.java:63) ~[spring-security-web-6.2.1.jar:6.2.1]
	at org.springframework.security.web.ObservationFilterChainDecorator$ObservationFilter.wrapFilter(ObservationFilterChainDecorator.java:240) ~[spring-security-web-6.2.1.jar:6.2.1]
	at org.springframework.security.web.ObservationFilterChainDecorator$ObservationFilter.doFilter(ObservationFilterChainDecorator.java:227) ~[spring-security-web-6.2.1.jar:6.2.1]
	at org.springframework.security.web.ObservationFilterChainDecorator$VirtualFilterChain.doFilter(ObservationFilterChainDecorator.java:137) ~[spring-security-web-6.2.1.jar:6.2.1]
	at org.springframework.security.web.authentication.AbstractAuthenticationProcessingFilter.doFilter(AbstractAuthenticationProcessingFilter.java:227) ~[spring-security-web-6.2.1.jar:6.2.1]
	at org.springframework.security.web.authentication.AbstractAuthenticationProcessingFilter.doFilter(AbstractAuthenticationProcessingFilter.java:221) ~[spring-security-web-6.2.1.jar:6.2.1]
	at org.springframework.security.web.ObservationFilterChainDecorator$ObservationFilter.wrapFilter(ObservationFilterChainDecorator.java:240) ~[spring-security-web-6.2.1.jar:6.2.1]
	at org.springframework.security.web.ObservationFilterChainDecorator$ObservationFilter.doFilter(ObservationFilterChainDecorator.java:227) ~[spring-security-web-6.2.1.jar:6.2.1]
	at org.springframework.security.web.ObservationFilterChainDecorator$VirtualFilterChain.doFilter(ObservationFilterChainDecorator.java:137) ~[spring-security-web-6.2.1.jar:6.2.1]
	at org.springframework.security.web.authentication.logout.LogoutFilter.doFilter(LogoutFilter.java:107) ~[spring-security-web-6.2.1.jar:6.2.1]
	at org.springframework.security.web.authentication.logout.LogoutFilter.doFilter(LogoutFilter.java:93) ~[spring-security-web-6.2.1.jar:6.2.1]
	at org.springframework.security.web.ObservationFilterChainDecorator$ObservationFilter.wrapFilter(ObservationFilterChainDecorator.java:240) ~[spring-security-web-6.2.1.jar:6.2.1]
	at org.springframework.security.web.ObservationFilterChainDecorator$ObservationFilter.doFilter(ObservationFilterChainDecorator.java:227) ~[spring-security-web-6.2.1.jar:6.2.1]
	at org.springframework.security.web.ObservationFilterChainDecorator$VirtualFilterChain.doFilter(ObservationFilterChainDecorator.java:137) ~[spring-security-web-6.2.1.jar:6.2.1]
	at org.springframework.security.web.csrf.CsrfFilter.doFilterInternal(CsrfFilter.java:117) ~[spring-security-web-6.2.1.jar:6.2.1]
	at org.springframework.web.filter.OncePerRequestFilter.doFilter(OncePerRequestFilter.java:116) ~[spring-web-6.1.3.jar:6.1.3]
	at org.springframework.security.web.ObservationFilterChainDecorator$ObservationFilter.wrapFilter(ObservationFilterChainDecorator.java:240) ~[spring-security-web-6.2.1.jar:6.2.1]
	at org.springframework.security.web.ObservationFilterChainDecorator$ObservationFilter.doFilter(ObservationFilterChainDecorator.java:227) ~[spring-security-web-6.2.1.jar:6.2.1]
	at org.springframework.security.web.ObservationFilterChainDecorator$VirtualFilterChain.doFilter(ObservationFilterChainDecorator.java:137) ~[spring-security-web-6.2.1.jar:6.2.1]
	at org.springframework.web.filter.CorsFilter.doFilterInternal(CorsFilter.java:91) ~[spring-web-6.1.3.jar:6.1.3]
	at org.springframework.web.filter.OncePerRequestFilter.doFilter(OncePerRequestFilter.java:116) ~[spring-web-6.1.3.jar:6.1.3]
	at org.springframework.security.web.ObservationFilterChainDecorator$ObservationFilter.wrapFilter(ObservationFilterChainDecorator.java:240) ~[spring-security-web-6.2.1.jar:6.2.1]
	at org.springframework.security.web.ObservationFilterChainDecorator$ObservationFilter.doFilter(ObservationFilterChainDecorator.java:227) ~[spring-security-web-6.2.1.jar:6.2.1]
	at org.springframework.security.web.ObservationFilterChainDecorator$VirtualFilterChain.doFilter(ObservationFilterChainDecorator.java:137) ~[spring-security-web-6.2.1.jar:6.2.1]
	at org.springframework.security.web.header.HeaderWriterFilter.doHeadersAfter(HeaderWriterFilter.java:90) ~[spring-security-web-6.2.1.jar:6.2.1]
	at org.springframework.security.web.header.HeaderWriterFilter.doFilterInternal(HeaderWriterFilter.java:75) ~[spring-security-web-6.2.1.jar:6.2.1]
	at org.springframework.web.filter.OncePerRequestFilter.doFilter(OncePerRequestFilter.java:116) ~[spring-web-6.1.3.jar:6.1.3]
	at org.springframework.security.web.ObservationFilterChainDecorator$ObservationFilter.wrapFilter(ObservationFilterChainDecorator.java:240) ~[spring-security-web-6.2.1.jar:6.2.1]
	at org.springframework.security.web.ObservationFilterChainDecorator$ObservationFilter.doFilter(ObservationFilterChainDecorator.java:227) ~[spring-security-web-6.2.1.jar:6.2.1]
	at org.springframework.security.web.ObservationFilterChainDecorator$VirtualFilterChain.doFilter(ObservationFilterChainDecorator.java:137) ~[spring-security-web-6.2.1.jar:6.2.1]
	at org.springframework.security.web.context.SecurityContextHolderFilter.doFilter(SecurityContextHolderFilter.java:82) ~[spring-security-web-6.2.1.jar:6.2.1]
	at org.springframework.security.web.context.SecurityContextHolderFilter.doFilter(SecurityContextHolderFilter.java:69) ~[spring-security-web-6.2.1.jar:6.2.1]
	at org.springframework.security.web.ObservationFilterChainDecorator$ObservationFilter.wrapFilter(ObservationFilterChainDecorator.java:240) ~[spring-security-web-6.2.1.jar:6.2.1]
	at org.springframework.security.web.ObservationFilterChainDecorator$ObservationFilter.doFilter(ObservationFilterChainDecorator.java:227) ~[spring-security-web-6.2.1.jar:6.2.1]
	at org.springframework.security.web.ObservationFilterChainDecorator$VirtualFilterChain.doFilter(ObservationFilterChainDecorator.java:137) ~[spring-security-web-6.2.1.jar:6.2.1]
	at org.springframework.security.web.context.request.async.WebAsyncManagerIntegrationFilter.doFilterInternal(WebAsyncManagerIntegrationFilter.java:62) ~[spring-security-web-6.2.1.jar:6.2.1]
	at org.springframework.web.filter.OncePerRequestFilter.doFilter(OncePerRequestFilter.java:116) ~[spring-web-6.1.3.jar:6.1.3]
	at org.springframework.security.web.ObservationFilterChainDecorator$ObservationFilter.wrapFilter(ObservationFilterChainDecorator.java:240) ~[spring-security-web-6.2.1.jar:6.2.1]
	at org.springframework.security.web.ObservationFilterChainDecorator$ObservationFilter.doFilter(ObservationFilterChainDecorator.java:227) ~[spring-security-web-6.2.1.jar:6.2.1]
	at org.springframework.security.web.ObservationFilterChainDecorator$VirtualFilterChain.doFilter(ObservationFilterChainDecorator.java:137) ~[spring-security-web-6.2.1.jar:6.2.1]
	at org.springframework.security.web.session.DisableEncodeUrlFilter.doFilterInternal(DisableEncodeUrlFilter.java:42) ~[spring-security-web-6.2.1.jar:6.2.1]
	at org.springframework.web.filter.OncePerRequestFilter.doFilter(OncePerRequestFilter.java:116) ~[spring-web-6.1.3.jar:6.1.3]
	at org.springframework.security.web.ObservationFilterChainDecorator$ObservationFilter.wrapFilter(ObservationFilterChainDecorator.java:240) ~[spring-security-web-6.2.1.jar:6.2.1]
	at org.springframework.security.web.ObservationFilterChainDecorator$AroundFilterObservation$SimpleAroundFilterObservation.lambda$wrap$0(ObservationFilterChainDecorator.java:323) ~[spring-security-web-6.2.1.jar:6.2.1]
	at org.springframework.security.web.ObservationFilterChainDecorator$ObservationFilter.doFilter(ObservationFilterChainDecorator.java:224) ~[spring-security-web-6.2.1.jar:6.2.1]
	at org.springframework.security.web.ObservationFilterChainDecorator$VirtualFilterChain.doFilter(ObservationFilterChainDecorator.java:137) ~[spring-security-web-6.2.1.jar:6.2.1]
	at org.springframework.security.web.FilterChainProxy.doFilterInternal(FilterChainProxy.java:233) ~[spring-security-web-6.2.1.jar:6.2.1]
	at org.springframework.security.web.FilterChainProxy.doFilter(FilterChainProxy.java:191) ~[spring-security-web-6.2.1.jar:6.2.1]
	at org.springframework.web.filter.CompositeFilter$VirtualFilterChain.doFilter(CompositeFilter.java:113) ~[spring-web-6.1.3.jar:6.1.3]
	at org.springframework.web.servlet.handler.HandlerMappingIntrospector.lambda$createCacheFilter$3(HandlerMappingIntrospector.java:195) ~[spring-webmvc-6.1.3.jar:6.1.3]
	at org.springframework.web.filter.CompositeFilter$VirtualFilterChain.doFilter(CompositeFilter.java:113) ~[spring-web-6.1.3.jar:6.1.3]
	at org.springframework.web.filter.CompositeFilter.doFilter(CompositeFilter.java:74) ~[spring-web-6.1.3.jar:6.1.3]
	at org.springframework.security.config.annotation.web.configuration.WebMvcSecurityConfiguration$CompositeFilterChainProxy.doFilter(WebMvcSecurityConfiguration.java:225) ~[spring-security-config-6.2.1.jar:6.2.1]
	at org.springframework.web.filter.DelegatingFilterProxy.invokeDelegate(DelegatingFilterProxy.java:352) ~[spring-web-6.1.3.jar:6.1.3]
	at org.springframework.web.filter.DelegatingFilterProxy.doFilter(DelegatingFilterProxy.java:268) ~[spring-web-6.1.3.jar:6.1.3]
	at org.springframework.test.web.servlet.setup.MockMvcFilterDecorator.doFilter(MockMvcFilterDecorator.java:151) ~[spring-test-6.1.3.jar:6.1.3]
	at org.springframework.mock.web.MockFilterChain.doFilter(MockFilterChain.java:132) ~[spring-test-6.1.3.jar:6.1.3]
	at org.springframework.web.filter.RequestContextFilter.doFilterInternal(RequestContextFilter.java:100) ~[spring-web-6.1.3.jar:6.1.3]
	at org.springframework.web.filter.OncePerRequestFilter.doFilter(OncePerRequestFilter.java:116) ~[spring-web-6.1.3.jar:6.1.3]
	at org.springframework.test.web.servlet.setup.MockMvcFilterDecorator.doFilter(MockMvcFilterDecorator.java:151) ~[spring-test-6.1.3.jar:6.1.3]
	at org.springframework.mock.web.MockFilterChain.doFilter(MockFilterChain.java:132) ~[spring-test-6.1.3.jar:6.1.3]
	at org.springframework.web.filter.FormContentFilter.doFilterInternal(FormContentFilter.java:93) ~[spring-web-6.1.3.jar:6.1.3]
	at org.springframework.web.filter.OncePerRequestFilter.doFilter(OncePerRequestFilter.java:116) ~[spring-web-6.1.3.jar:6.1.3]
	at org.springframework.test.web.servlet.setup.MockMvcFilterDecorator.doFilter(MockMvcFilterDecorator.java:151) ~[spring-test-6.1.3.jar:6.1.3]
	at org.springframework.mock.web.MockFilterChain.doFilter(MockFilterChain.java:132) ~[spring-test-6.1.3.jar:6.1.3]
	at org.springframework.web.filter.HiddenHttpMethodFilter.doFilterInternal(HiddenHttpMethodFilter.java:91) ~[spring-web-6.1.3.jar:6.1.3]
	at org.springframework.web.filter.OncePerRequestFilter.doFilter(OncePerRequestFilter.java:116) ~[spring-web-6.1.3.jar:6.1.3]
	at org.springframework.test.web.servlet.setup.MockMvcFilterDecorator.doFilter(MockMvcFilterDecorator.java:151) ~[spring-test-6.1.3.jar:6.1.3]
	at org.springframework.mock.web.MockFilterChain.doFilter(MockFilterChain.java:132) ~[spring-test-6.1.3.jar:6.1.3]
	at org.springframework.web.filter.ServerHttpObservationFilter.doFilterInternal(ServerHttpObservationFilter.java:109) ~[spring-web-6.1.3.jar:6.1.3]
	at org.springframework.web.filter.OncePerRequestFilter.doFilter(OncePerRequestFilter.java:116) ~[spring-web-6.1.3.jar:6.1.3]
	at org.springframework.test.web.servlet.setup.MockMvcFilterDecorator.doFilter(MockMvcFilterDecorator.java:151) ~[spring-test-6.1.3.jar:6.1.3]
	at org.springframework.mock.web.MockFilterChain.doFilter(MockFilterChain.java:132) ~[spring-test-6.1.3.jar:6.1.3]
	at org.springframework.web.filter.CharacterEncodingFilter.doFilterInternal(CharacterEncodingFilter.java:201) ~[spring-web-6.1.3.jar:6.1.3]
	at org.springframework.web.filter.OncePerRequestFilter.doFilter(OncePerRequestFilter.java:116) ~[spring-web-6.1.3.jar:6.1.3]
	at org.springframework.test.web.servlet.setup.MockMvcFilterDecorator.doFilter(MockMvcFilterDecorator.java:151) ~[spring-test-6.1.3.jar:6.1.3]
	at org.springframework.mock.web.MockFilterChain.doFilter(MockFilterChain.java:132) ~[spring-test-6.1.3.jar:6.1.3]
	at org.springframework.test.web.servlet.MockMvc.perform(MockMvc.java:201) ~[spring-test-6.1.3.jar:6.1.3]
	at com.example.roboworld.web.AdminControllerTest.deleteProfileWithAnonymous(AdminControllerTest.java:98) ~[test/:na]
	at java.base/jdk.internal.reflect.DirectMethodHandleAccessor.invoke(DirectMethodHandleAccessor.java:104) ~[na:na]
	at java.base/java.lang.reflect.Method.invoke(Method.java:578) ~[na:na]
	at org.junit.platform.commons.util.ReflectionUtils.invokeMethod(ReflectionUtils.java:728) ~[junit-platform-commons-1.10.1.jar:1.10.1]
	at org.junit.jupiter.engine.execution.MethodInvocation.proceed(MethodInvocation.java:60) ~[junit-jupiter-engine-5.10.1.jar:5.10.1]
	at org.junit.jupiter.engine.execution.InvocationInterceptorChain$ValidatingInvocation.proceed(InvocationInterceptorChain.java:131) ~[junit-jupiter-engine-5.10.1.jar:5.10.1]
	at org.junit.jupiter.engine.extension.TimeoutExtension.intercept(TimeoutExtension.java:156) ~[junit-jupiter-engine-5.10.1.jar:5.10.1]
	at org.junit.jupiter.engine.extension.TimeoutExtension.interceptTestableMethod(TimeoutExtension.java:147) ~[junit-jupiter-engine-5.10.1.jar:5.10.1]
	at org.junit.jupiter.engine.extension.TimeoutExtension.interceptTestMethod(TimeoutExtension.java:86) ~[junit-jupiter-engine-5.10.1.jar:5.10.1]
	at org.junit.jupiter.engine.execution.InterceptingExecutableInvoker$ReflectiveInterceptorCall.lambda$ofVoidMethod$0(InterceptingExecutableInvoker.java:103) ~[junit-jupiter-engine-5.10.1.jar:5.10.1]
	at org.junit.jupiter.engine.execution.InterceptingExecutableInvoker.lambda$invoke$0(InterceptingExecutableInvoker.java:93) ~[junit-jupiter-engine-5.10.1.jar:5.10.1]
	at org.junit.jupiter.engine.execution.InvocationInterceptorChain$InterceptedInvocation.proceed(InvocationInterceptorChain.java:106) ~[junit-jupiter-engine-5.10.1.jar:5.10.1]
	at org.junit.jupiter.engine.execution.InvocationInterceptorChain.proceed(InvocationInterceptorChain.java:64) ~[junit-jupiter-engine-5.10.1.jar:5.10.1]
	at org.junit.jupiter.engine.execution.InvocationInterceptorChain.chainAndInvoke(InvocationInterceptorChain.java:45) ~[junit-jupiter-engine-5.10.1.jar:5.10.1]
	at org.junit.jupiter.engine.execution.InvocationInterceptorChain.invoke(InvocationInterceptorChain.java:37) ~[junit-jupiter-engine-5.10.1.jar:5.10.1]
	at org.junit.jupiter.engine.execution.InterceptingExecutableInvoker.invoke(InterceptingExecutableInvoker.java:92) ~[junit-jupiter-engine-5.10.1.jar:5.10.1]
	at org.junit.jupiter.engine.execution.InterceptingExecutableInvoker.invoke(InterceptingExecutableInvoker.java:86) ~[junit-jupiter-engine-5.10.1.jar:5.10.1]
	at org.junit.jupiter.engine.descriptor.TestMethodTestDescriptor.lambda$invokeTestMethod$7(TestMethodTestDescriptor.java:218) ~[junit-jupiter-engine-5.10.1.jar:5.10.1]
	at org.junit.platform.engine.support.hierarchical.ThrowableCollector.execute(ThrowableCollector.java:73) ~[junit-platform-engine-1.10.1.jar:1.10.1]
	at org.junit.jupiter.engine.descriptor.TestMethodTestDescriptor.invokeTestMethod(TestMethodTestDescriptor.java:214) ~[junit-jupiter-engine-5.10.1.jar:5.10.1]
	at org.junit.jupiter.engine.descriptor.TestMethodTestDescriptor.execute(TestMethodTestDescriptor.java:139) ~[junit-jupiter-engine-5.10.1.jar:5.10.1]
	at org.junit.jupiter.engine.descriptor.TestMethodTestDescriptor.execute(TestMethodTestDescriptor.java:69) ~[junit-jupiter-engine-5.10.1.jar:5.10.1]
	at org.junit.platform.engine.support.hierarchical.NodeTestTask.lambda$executeRecursively$6(NodeTestTask.java:151) ~[junit-platform-engine-1.10.1.jar:1.10.1]
	at org.junit.platform.engine.support.hierarchical.ThrowableCollector.execute(ThrowableCollector.java:73) ~[junit-platform-engine-1.10.1.jar:1.10.1]
	at org.junit.platform.engine.support.hierarchical.NodeTestTask.lambda$executeRecursively$8(NodeTestTask.java:141) ~[junit-platform-engine-1.10.1.jar:1.10.1]
	at org.junit.platform.engine.support.hierarchical.Node.around(Node.java:137) ~[junit-platform-engine-1.10.1.jar:1.10.1]
	at org.junit.platform.engine.support.hierarchical.NodeTestTask.lambda$executeRecursively$9(NodeTestTask.java:139) ~[junit-platform-engine-1.10.1.jar:1.10.1]
	at org.junit.platform.engine.support.hierarchical.ThrowableCollector.execute(ThrowableCollector.java:73) ~[junit-platform-engine-1.10.1.jar:1.10.1]
	at org.junit.platform.engine.support.hierarchical.NodeTestTask.executeRecursively(NodeTestTask.java:138) ~[junit-platform-engine-1.10.1.jar:1.10.1]
	at org.junit.platform.engine.support.hierarchical.NodeTestTask.execute(NodeTestTask.java:95) ~[junit-platform-engine-1.10.1.jar:1.10.1]
	at java.base/java.util.ArrayList.forEach(ArrayList.java:1511) ~[na:na]
	at org.junit.platform.engine.support.hierarchical.SameThreadHierarchicalTestExecutorService.invokeAll(SameThreadHierarchicalTestExecutorService.java:41) ~[junit-platform-engine-1.10.1.jar:1.10.1]
	at org.junit.platform.engine.support.hierarchical.NodeTestTask.lambda$executeRecursively$6(NodeTestTask.java:155) ~[junit-platform-engine-1.10.1.jar:1.10.1]
	at org.junit.platform.engine.support.hierarchical.ThrowableCollector.execute(ThrowableCollector.java:73) ~[junit-platform-engine-1.10.1.jar:1.10.1]
	at org.junit.platform.engine.support.hierarchical.NodeTestTask.lambda$executeRecursively$8(NodeTestTask.java:141) ~[junit-platform-engine-1.10.1.jar:1.10.1]
	at org.junit.platform.engine.support.hierarchical.Node.around(Node.java:137) ~[junit-platform-engine-1.10.1.jar:1.10.1]
	at org.junit.platform.engine.support.hierarchical.NodeTestTask.lambda$executeRecursively$9(NodeTestTask.java:139) ~[junit-platform-engine-1.10.1.jar:1.10.1]
	at org.junit.platform.engine.support.hierarchical.ThrowableCollector.execute(ThrowableCollector.java:73) ~[junit-platform-engine-1.10.1.jar:1.10.1]
	at org.junit.platform.engine.support.hierarchical.NodeTestTask.executeRecursively(NodeTestTask.java:138) ~[junit-platform-engine-1.10.1.jar:1.10.1]
	at org.junit.platform.engine.support.hierarchical.NodeTestTask.execute(NodeTestTask.java:95) ~[junit-platform-engine-1.10.1.jar:1.10.1]
	at java.base/java.util.ArrayList.forEach(ArrayList.java:1511) ~[na:na]
	at org.junit.platform.engine.support.hierarchical.SameThreadHierarchicalTestExecutorService.invokeAll(SameThreadHierarchicalTestExecutorService.java:41) ~[junit-platform-engine-1.10.1.jar:1.10.1]
	at org.junit.platform.engine.support.hierarchical.NodeTestTask.lambda$executeRecursively$6(NodeTestTask.java:155) ~[junit-platform-engine-1.10.1.jar:1.10.1]
	at org.junit.platform.engine.support.hierarchical.ThrowableCollector.execute(ThrowableCollector.java:73) ~[junit-platform-engine-1.10.1.jar:1.10.1]
	at org.junit.platform.engine.support.hierarchical.NodeTestTask.lambda$executeRecursively$8(NodeTestTask.java:141) ~[junit-platform-engine-1.10.1.jar:1.10.1]
	at org.junit.platform.engine.support.hierarchical.Node.around(Node.java:137) ~[junit-platform-engine-1.10.1.jar:1.10.1]
	at org.junit.platform.engine.support.hierarchical.NodeTestTask.lambda$executeRecursively$9(NodeTestTask.java:139) ~[junit-platform-engine-1.10.1.jar:1.10.1]
	at org.junit.platform.engine.support.hierarchical.ThrowableCollector.execute(ThrowableCollector.java:73) ~[junit-platform-engine-1.10.1.jar:1.10.1]
	at org.junit.platform.engine.support.hierarchical.NodeTestTask.executeRecursively(NodeTestTask.java:138) ~[junit-platform-engine-1.10.1.jar:1.10.1]
	at org.junit.platform.engine.support.hierarchical.NodeTestTask.execute(NodeTestTask.java:95) ~[junit-platform-engine-1.10.1.jar:1.10.1]
	at org.junit.platform.engine.support.hierarchical.SameThreadHierarchicalTestExecutorService.submit(SameThreadHierarchicalTestExecutorService.java:35) ~[junit-platform-engine-1.10.1.jar:1.10.1]
	at org.junit.platform.engine.support.hierarchical.HierarchicalTestExecutor.execute(HierarchicalTestExecutor.java:57) ~[junit-platform-engine-1.10.1.jar:1.10.1]
	at org.junit.platform.engine.support.hierarchical.HierarchicalTestEngine.execute(HierarchicalTestEngine.java:54) ~[junit-platform-engine-1.10.1.jar:1.10.1]
	at org.junit.platform.launcher.core.EngineExecutionOrchestrator.execute(EngineExecutionOrchestrator.java:107) ~[junit-platform-launcher-1.8.2.jar:1.8.2]
	at org.junit.platform.launcher.core.EngineExecutionOrchestrator.execute(EngineExecutionOrchestrator.java:88) ~[junit-platform-launcher-1.8.2.jar:1.8.2]
	at org.junit.platform.launcher.core.EngineExecutionOrchestrator.lambda$execute$0(EngineExecutionOrchestrator.java:54) ~[junit-platform-launcher-1.8.2.jar:1.8.2]
	at org.junit.platform.launcher.core.EngineExecutionOrchestrator.withInterceptedStreams(EngineExecutionOrchestrator.java:67) ~[junit-platform-launcher-1.8.2.jar:1.8.2]
	at org.junit.platform.launcher.core.EngineExecutionOrchestrator.execute(EngineExecutionOrchestrator.java:52) ~[junit-platform-launcher-1.8.2.jar:1.8.2]
	at org.junit.platform.launcher.core.DefaultLauncher.execute(DefaultLauncher.java:114) ~[junit-platform-launcher-1.8.2.jar:1.8.2]
	at org.junit.platform.launcher.core.DefaultLauncher.execute(DefaultLauncher.java:86) ~[junit-platform-launcher-1.8.2.jar:1.8.2]
	at org.junit.platform.launcher.core.DefaultLauncherSession$DelegatingLauncher.execute(DefaultLauncherSession.java:86) ~[junit-platform-launcher-1.8.2.jar:1.8.2]
	at org.gradle.api.internal.tasks.testing.junitplatform.JUnitPlatformTestClassProcessor$CollectAllTestClassesExecutor.processAllTestClasses(JUnitPlatformTestClassProcessor.java:119) ~[na:na]
	at org.gradle.api.internal.tasks.testing.junitplatform.JUnitPlatformTestClassProcessor$CollectAllTestClassesExecutor.access$000(JUnitPlatformTestClassProcessor.java:94) ~[na:na]
	at org.gradle.api.internal.tasks.testing.junitplatform.JUnitPlatformTestClassProcessor.stop(JUnitPlatformTestClassProcessor.java:89) ~[na:na]
	at org.gradle.api.internal.tasks.testing.SuiteTestClassProcessor.stop(SuiteTestClassProcessor.java:62) ~[na:na]
	at java.base/jdk.internal.reflect.DirectMethodHandleAccessor.invoke(DirectMethodHandleAccessor.java:104) ~[na:na]
	at java.base/java.lang.reflect.Method.invoke(Method.java:578) ~[na:na]
	at org.gradle.internal.dispatch.ReflectionDispatch.dispatch(ReflectionDispatch.java:36) ~[na:na]
	at org.gradle.internal.dispatch.ReflectionDispatch.dispatch(ReflectionDispatch.java:24) ~[na:na]
	at org.gradle.internal.dispatch.ContextClassLoaderDispatch.dispatch(ContextClassLoaderDispatch.java:33) ~[na:na]
	at org.gradle.internal.dispatch.ProxyDispatchAdapter$DispatchingInvocationHandler.invoke(ProxyDispatchAdapter.java:94) ~[na:na]
	at jdk.proxy1/jdk.proxy1.$Proxy2.stop(Unknown Source) ~[na:na]
	at org.gradle.api.internal.tasks.testing.worker.TestWorker$3.run(TestWorker.java:193) ~[na:na]
	at org.gradle.api.internal.tasks.testing.worker.TestWorker.executeAndMaintainThreadName(TestWorker.java:129) ~[na:na]
	at org.gradle.api.internal.tasks.testing.worker.TestWorker.execute(TestWorker.java:100) ~[na:na]
	at org.gradle.api.internal.tasks.testing.worker.TestWorker.execute(TestWorker.java:60) ~[na:na]
	at org.gradle.process.internal.worker.child.ActionExecutionWorker.execute(ActionExecutionWorker.java:56) ~[na:na]
	at org.gradle.process.internal.worker.child.SystemApplicationClassLoaderWorker.call(SystemApplicationClassLoaderWorker.java:113) ~[na:na]
	at org.gradle.process.internal.worker.child.SystemApplicationClassLoaderWorker.call(SystemApplicationClassLoaderWorker.java:65) ~[na:na]
	at worker.org.gradle.process.internal.worker.GradleWorkerMain.run(GradleWorkerMain.java:69) ~[gradle-worker.jar:na]
	at worker.org.gradle.process.internal.worker.GradleWorkerMain.main(GradleWorkerMain.java:74) ~[gradle-worker.jar:na]

2024-03-09T12:41:50.789+02:00 DEBUG 3772 --- [    Test worker] o.s.s.w.s.HttpSessionRequestCache        : Saved request http://localhost/users/delete/5?continue to session
2024-03-09T12:41:50.789+02:00 DEBUG 3772 --- [    Test worker] o.s.s.web.DefaultRedirectStrategy        : Redirecting to http://localhost/users/login
2024-03-09T12:41:50.790+02:00 TRACE 3772 --- [    Test worker] o.s.s.w.header.writers.HstsHeaderWriter  : Not injecting HSTS header since it did not match request to [Is Secure]
2024-03-09T12:41:50.794+02:00 DEBUG 3772 --- [    Test worker] org.hibernate.SQL                        : select r1_0.id,r1_0.description,r1_0.name,r1_0.user_id from reviews r1_0
2024-03-09T12:41:50.797+02:00 DEBUG 3772 --- [    Test worker] org.hibernate.SQL                        : select u1_0.id,u1_0.email,u1_0.full_name,u1_0.password,u1_0.username from users u1_0
2024-03-09T12:41:50.798+02:00 DEBUG 3772 --- [    Test worker] org.hibernate.SQL                        : select r1_0.user_id,r1_1.id,r1_1.role_type from users_roles r1_0 join roles r1_1 on r1_1.id=r1_0.roles_id where r1_0.user_id=?
2024-03-09T12:41:50.799+02:00 TRACE 3772 --- [    Test worker] org.hibernate.orm.jdbc.bind              : binding parameter (1:BIGINT) <- [5]
2024-03-09T12:41:50.800+02:00 DEBUG 3772 --- [    Test worker] org.hibernate.SQL                        : select c1_0.lecturer_id,c1_0.id,c1_0.age_limit,c1_0.description,c1_0.end,c1_0.start,c1_0.title from courses c1_0 where c1_0.lecturer_id=?
2024-03-09T12:41:50.800+02:00 TRACE 3772 --- [    Test worker] org.hibernate.orm.jdbc.bind              : binding parameter (1:BIGINT) <- [5]
2024-03-09T12:41:50.801+02:00 DEBUG 3772 --- [    Test worker] org.hibernate.SQL                        : delete from users_roles where user_id=?
2024-03-09T12:41:50.803+02:00 TRACE 3772 --- [    Test worker] org.hibernate.orm.jdbc.bind              : binding parameter (1:BIGINT) <- [5]
2024-03-09T12:41:50.803+02:00 DEBUG 3772 --- [    Test worker] org.hibernate.SQL                        : delete from roles where id=?
2024-03-09T12:41:50.804+02:00 TRACE 3772 --- [    Test worker] org.hibernate.orm.jdbc.bind              : binding parameter (1:BIGINT) <- [5]
2024-03-09T12:41:50.805+02:00 DEBUG 3772 --- [    Test worker] org.hibernate.SQL                        : delete from users where id=?
2024-03-09T12:41:50.806+02:00 TRACE 3772 --- [    Test worker] org.hibernate.orm.jdbc.bind              : binding parameter (1:BIGINT) <- [5]
2024-03-09T12:41:50.818+02:00 DEBUG 3772 --- [    Test worker] org.hibernate.SQL                        : select r1_0.id,r1_0.description,r1_0.name,r1_0.user_id from reviews r1_0
2024-03-09T12:41:50.827+02:00 DEBUG 3772 --- [    Test worker] org.hibernate.SQL                        : select u1_0.id,u1_0.email,u1_0.full_name,u1_0.password,u1_0.username from users u1_0
2024-03-09T12:41:50.829+02:00 TRACE 3772 --- [    Test worker] w.c.HttpSessionSecurityContextRepository : No HttpSession currently exists
2024-03-09T12:41:50.830+02:00 TRACE 3772 --- [    Test worker] w.c.HttpSessionSecurityContextRepository : Created SecurityContextImpl [Null authentication]
2024-03-09T12:41:50.830+02:00 TRACE 3772 --- [    Test worker] .s.s.w.c.SupplierDeferredSecurityContext : Created SecurityContextImpl [Null authentication]
2024-03-09T12:41:50.831+02:00 DEBUG 3772 --- [    Test worker] w.c.HttpSessionSecurityContextRepository : Created HttpSession as SecurityContext is non-default
2024-03-09T12:41:50.831+02:00 DEBUG 3772 --- [    Test worker] w.c.HttpSessionSecurityContextRepository : Stored SecurityContextImpl [Authentication=UsernamePasswordAuthenticationToken [Principal=org.springframework.security.core.userdetails.User [Username=admin, Password=[PROTECTED], Enabled=true, AccountNonExpired=true, CredentialsNonExpired=true, AccountNonLocked=true, Granted Authorities=[ROLE_Admin]], Credentials=[PROTECTED], Authenticated=true, Details=null, Granted Authorities=[ROLE_Admin]]] to HttpSession [org.springframework.mock.web.MockHttpSession@184db8d7]
2024-03-09T12:41:50.838+02:00 TRACE 3772 --- [    Test worker] o.s.security.web.FilterChainProxy        : Trying to match request against DefaultSecurityFilterChain [RequestMatcher=any request, Filters=[org.springframework.security.web.session.DisableEncodeUrlFilter@20bd4fd2, org.springframework.security.web.context.request.async.WebAsyncManagerIntegrationFilter@69cd4267, org.springframework.security.web.context.SecurityContextHolderFilter@7d3d89fb, org.springframework.security.web.header.HeaderWriterFilter@603042a5, org.springframework.web.filter.CorsFilter@1ebb6e20, org.springframework.security.web.csrf.CsrfFilter@2d0ed017, org.springframework.security.web.authentication.logout.LogoutFilter@2f42f20f, org.springframework.security.web.authentication.UsernamePasswordAuthenticationFilter@75c90ec5, org.springframework.security.web.savedrequest.RequestCacheAwareFilter@5757ef9b, org.springframework.security.web.servletapi.SecurityContextHolderAwareRequestFilter@62a30701, org.springframework.security.web.authentication.rememberme.RememberMeAuthenticationFilter@2dad7323, org.springframework.security.web.authentication.AnonymousAuthenticationFilter@85420, org.springframework.security.web.access.ExceptionTranslationFilter@5cfb4b71, org.springframework.security.web.access.intercept.AuthorizationFilter@271ced5f]] (1/1)
2024-03-09T12:41:50.838+02:00 DEBUG 3772 --- [    Test worker] o.s.security.web.FilterChainProxy        : Securing GET /users/profiles
2024-03-09T12:41:50.839+02:00 TRACE 3772 --- [    Test worker] o.s.security.web.FilterChainProxy        : Invoking DisableEncodeUrlFilter (1/14)
2024-03-09T12:41:50.869+02:00 TRACE 3772 --- [    Test worker] o.s.security.web.FilterChainProxy        : Invoking WebAsyncManagerIntegrationFilter (2/14)
2024-03-09T12:41:50.870+02:00 TRACE 3772 --- [    Test worker] o.s.security.web.FilterChainProxy        : Invoking SecurityContextHolderFilter (3/14)
2024-03-09T12:41:50.870+02:00 TRACE 3772 --- [    Test worker] o.s.security.web.FilterChainProxy        : Invoking HeaderWriterFilter (4/14)
2024-03-09T12:41:50.870+02:00 TRACE 3772 --- [    Test worker] o.s.security.web.FilterChainProxy        : Invoking CorsFilter (5/14)
2024-03-09T12:41:50.870+02:00 TRACE 3772 --- [    Test worker] o.s.security.web.FilterChainProxy        : Invoking CsrfFilter (6/14)
2024-03-09T12:41:50.871+02:00 TRACE 3772 --- [    Test worker] o.s.security.web.csrf.CsrfFilter         : Did not protect against CSRF since request did not match CsrfNotRequired [TRACE, HEAD, GET, OPTIONS]
2024-03-09T12:41:50.874+02:00 TRACE 3772 --- [    Test worker] o.s.security.web.FilterChainProxy        : Invoking LogoutFilter (7/14)
2024-03-09T12:41:50.875+02:00 TRACE 3772 --- [    Test worker] o.s.s.w.a.logout.LogoutFilter            : Did not match request to Ant [pattern='/users/logout', POST]
2024-03-09T12:41:50.875+02:00 TRACE 3772 --- [    Test worker] o.s.security.web.FilterChainProxy        : Invoking UsernamePasswordAuthenticationFilter (8/14)
2024-03-09T12:41:50.875+02:00 TRACE 3772 --- [    Test worker] w.a.UsernamePasswordAuthenticationFilter : Did not match request to Ant [pattern='/users/login', POST]
2024-03-09T12:41:50.875+02:00 TRACE 3772 --- [    Test worker] o.s.security.web.FilterChainProxy        : Invoking RequestCacheAwareFilter (9/14)
2024-03-09T12:41:50.875+02:00 TRACE 3772 --- [    Test worker] o.s.s.w.s.HttpSessionRequestCache        : matchingRequestParameterName is required for getMatchingRequest to lookup a value, but not provided
2024-03-09T12:41:50.875+02:00 TRACE 3772 --- [    Test worker] o.s.security.web.FilterChainProxy        : Invoking SecurityContextHolderAwareRequestFilter (10/14)
2024-03-09T12:41:50.875+02:00 TRACE 3772 --- [    Test worker] o.s.security.web.FilterChainProxy        : Invoking RememberMeAuthenticationFilter (11/14)
2024-03-09T12:41:50.875+02:00 TRACE 3772 --- [    Test worker] w.c.HttpSessionSecurityContextRepository : Retrieved SecurityContextImpl [Authentication=UsernamePasswordAuthenticationToken [Principal=org.springframework.security.core.userdetails.User [Username=admin, Password=[PROTECTED], Enabled=true, AccountNonExpired=true, CredentialsNonExpired=true, AccountNonLocked=true, Granted Authorities=[ROLE_Admin]], Credentials=[PROTECTED], Authenticated=true, Details=null, Granted Authorities=[ROLE_Admin]]] from SPRING_SECURITY_CONTEXT
2024-03-09T12:41:50.875+02:00 DEBUG 3772 --- [    Test worker] s.s.w.a.r.RememberMeAuthenticationFilter : SecurityContextHolder not populated with remember-me token, as it already contained: 'UsernamePasswordAuthenticationToken [Principal=org.springframework.security.core.userdetails.User [Username=admin, Password=[PROTECTED], Enabled=true, AccountNonExpired=true, CredentialsNonExpired=true, AccountNonLocked=true, Granted Authorities=[ROLE_Admin]], Credentials=[PROTECTED], Authenticated=true, Details=null, Granted Authorities=[ROLE_Admin]]'
2024-03-09T12:41:50.878+02:00 TRACE 3772 --- [    Test worker] o.s.security.web.FilterChainProxy        : Invoking AnonymousAuthenticationFilter (12/14)
2024-03-09T12:41:50.878+02:00 TRACE 3772 --- [    Test worker] o.s.security.web.FilterChainProxy        : Invoking ExceptionTranslationFilter (13/14)
2024-03-09T12:41:50.879+02:00 TRACE 3772 --- [    Test worker] o.s.security.web.FilterChainProxy        : Invoking AuthorizationFilter (14/14)
2024-03-09T12:41:50.879+02:00 TRACE 3772 --- [    Test worker] estMatcherDelegatingAuthorizationManager : Authorizing SecurityContextHolderAwareRequestWrapper[ org.springframework.security.web.header.HeaderWriterFilter$HeaderWriterRequest@6a355f4e]
2024-03-09T12:41:50.879+02:00 TRACE 3772 --- [    Test worker] estMatcherDelegatingAuthorizationManager : Checking authorization on SecurityContextHolderAwareRequestWrapper[ org.springframework.security.web.header.HeaderWriterFilter$HeaderWriterRequest@6a355f4e] using AuthorityAuthorizationManager[authorities=[ROLE_Admin]]
2024-03-09T12:41:50.879+02:00 TRACE 3772 --- [    Test worker] o.s.s.w.a.AnonymousAuthenticationFilter  : Did not set SecurityContextHolder since already authenticated UsernamePasswordAuthenticationToken [Principal=org.springframework.security.core.userdetails.User [Username=admin, Password=[PROTECTED], Enabled=true, AccountNonExpired=true, CredentialsNonExpired=true, AccountNonLocked=true, Granted Authorities=[ROLE_Admin]], Credentials=[PROTECTED], Authenticated=true, Details=null, Granted Authorities=[ROLE_Admin]]
2024-03-09T12:41:50.880+02:00 DEBUG 3772 --- [    Test worker] o.s.security.web.FilterChainProxy        : Secured GET /users/profiles
2024-03-09T12:41:50.885+02:00 DEBUG 3772 --- [    Test worker] org.hibernate.SQL                        : select u1_0.id,u1_0.email,u1_0.full_name,u1_0.password,u1_0.username from users u1_0
2024-03-09T12:41:51.309+02:00 TRACE 3772 --- [    Test worker] o.s.s.w.header.writers.HstsHeaderWriter  : Not injecting HSTS header since it did not match request to [Is Secure]
2024-03-09T12:41:51.326+02:00 DEBUG 3772 --- [    Test worker] org.hibernate.SQL                        : select r1_0.id,r1_0.description,r1_0.name,r1_0.user_id from reviews r1_0
2024-03-09T12:41:51.328+02:00 DEBUG 3772 --- [    Test worker] org.hibernate.SQL                        : select u1_0.id,u1_0.email,u1_0.full_name,u1_0.password,u1_0.username from users u1_0
2024-03-09T12:41:51.337+02:00 DEBUG 3772 --- [    Test worker] org.hibernate.SQL                        : select r1_0.id,r1_0.description,r1_0.name,r1_0.user_id from reviews r1_0
2024-03-09T12:41:51.340+02:00 DEBUG 3772 --- [    Test worker] org.hibernate.SQL                        : select u1_0.id,u1_0.email,u1_0.full_name,u1_0.password,u1_0.username from users u1_0
2024-03-09T12:41:51.344+02:00 TRACE 3772 --- [    Test worker] o.s.security.web.FilterChainProxy        : Trying to match request against DefaultSecurityFilterChain [RequestMatcher=any request, Filters=[org.springframework.security.web.session.DisableEncodeUrlFilter@20bd4fd2, org.springframework.security.web.context.request.async.WebAsyncManagerIntegrationFilter@69cd4267, org.springframework.security.web.context.SecurityContextHolderFilter@7d3d89fb, org.springframework.security.web.header.HeaderWriterFilter@603042a5, org.springframework.web.filter.CorsFilter@1ebb6e20, org.springframework.security.web.csrf.CsrfFilter@2d0ed017, org.springframework.security.web.authentication.logout.LogoutFilter@2f42f20f, org.springframework.security.web.authentication.UsernamePasswordAuthenticationFilter@75c90ec5, org.springframework.security.web.savedrequest.RequestCacheAwareFilter@5757ef9b, org.springframework.security.web.servletapi.SecurityContextHolderAwareRequestFilter@62a30701, org.springframework.security.web.authentication.rememberme.RememberMeAuthenticationFilter@2dad7323, org.springframework.security.web.authentication.AnonymousAuthenticationFilter@85420, org.springframework.security.web.access.ExceptionTranslationFilter@5cfb4b71, org.springframework.security.web.access.intercept.AuthorizationFilter@271ced5f]] (1/1)
2024-03-09T12:41:51.344+02:00 DEBUG 3772 --- [    Test worker] o.s.security.web.FilterChainProxy        : Securing GET /users/profiles
2024-03-09T12:41:51.344+02:00 TRACE 3772 --- [    Test worker] o.s.security.web.FilterChainProxy        : Invoking DisableEncodeUrlFilter (1/14)
2024-03-09T12:41:51.344+02:00 TRACE 3772 --- [    Test worker] o.s.security.web.FilterChainProxy        : Invoking WebAsyncManagerIntegrationFilter (2/14)
2024-03-09T12:41:51.344+02:00 TRACE 3772 --- [    Test worker] o.s.security.web.FilterChainProxy        : Invoking SecurityContextHolderFilter (3/14)
2024-03-09T12:41:51.344+02:00 TRACE 3772 --- [    Test worker] o.s.security.web.FilterChainProxy        : Invoking HeaderWriterFilter (4/14)
2024-03-09T12:41:51.344+02:00 TRACE 3772 --- [    Test worker] o.s.security.web.FilterChainProxy        : Invoking CorsFilter (5/14)
2024-03-09T12:41:51.344+02:00 TRACE 3772 --- [    Test worker] o.s.security.web.FilterChainProxy        : Invoking CsrfFilter (6/14)
2024-03-09T12:41:51.345+02:00 TRACE 3772 --- [    Test worker] o.s.security.web.csrf.CsrfFilter         : Did not protect against CSRF since request did not match CsrfNotRequired [TRACE, HEAD, GET, OPTIONS]
2024-03-09T12:41:51.345+02:00 TRACE 3772 --- [    Test worker] o.s.security.web.FilterChainProxy        : Invoking LogoutFilter (7/14)
2024-03-09T12:41:51.345+02:00 TRACE 3772 --- [    Test worker] o.s.s.w.a.logout.LogoutFilter            : Did not match request to Ant [pattern='/users/logout', POST]
2024-03-09T12:41:51.345+02:00 TRACE 3772 --- [    Test worker] o.s.security.web.FilterChainProxy        : Invoking UsernamePasswordAuthenticationFilter (8/14)
2024-03-09T12:41:51.345+02:00 TRACE 3772 --- [    Test worker] w.a.UsernamePasswordAuthenticationFilter : Did not match request to Ant [pattern='/users/login', POST]
2024-03-09T12:41:51.345+02:00 TRACE 3772 --- [    Test worker] o.s.security.web.FilterChainProxy        : Invoking RequestCacheAwareFilter (9/14)
2024-03-09T12:41:51.345+02:00 TRACE 3772 --- [    Test worker] o.s.s.w.s.HttpSessionRequestCache        : matchingRequestParameterName is required for getMatchingRequest to lookup a value, but not provided
2024-03-09T12:41:51.345+02:00 TRACE 3772 --- [    Test worker] o.s.security.web.FilterChainProxy        : Invoking SecurityContextHolderAwareRequestFilter (10/14)
2024-03-09T12:41:51.345+02:00 TRACE 3772 --- [    Test worker] o.s.security.web.FilterChainProxy        : Invoking RememberMeAuthenticationFilter (11/14)
2024-03-09T12:41:51.345+02:00 TRACE 3772 --- [    Test worker] w.c.HttpSessionSecurityContextRepository : No HttpSession currently exists
2024-03-09T12:41:51.346+02:00 TRACE 3772 --- [    Test worker] w.c.HttpSessionSecurityContextRepository : Created SecurityContextImpl [Null authentication]
2024-03-09T12:41:51.346+02:00 TRACE 3772 --- [    Test worker] .s.s.w.c.SupplierDeferredSecurityContext : Created SecurityContextImpl [Null authentication]
2024-03-09T12:41:51.346+02:00 TRACE 3772 --- [    Test worker] o.s.security.web.FilterChainProxy        : Invoking AnonymousAuthenticationFilter (12/14)
2024-03-09T12:41:51.346+02:00 TRACE 3772 --- [    Test worker] o.s.security.web.FilterChainProxy        : Invoking ExceptionTranslationFilter (13/14)
2024-03-09T12:41:51.346+02:00 TRACE 3772 --- [    Test worker] o.s.security.web.FilterChainProxy        : Invoking AuthorizationFilter (14/14)
2024-03-09T12:41:51.346+02:00 TRACE 3772 --- [    Test worker] estMatcherDelegatingAuthorizationManager : Authorizing SecurityContextHolderAwareRequestWrapper[ org.springframework.security.web.header.HeaderWriterFilter$HeaderWriterRequest@79d137fd]
2024-03-09T12:41:51.347+02:00 TRACE 3772 --- [    Test worker] estMatcherDelegatingAuthorizationManager : Checking authorization on SecurityContextHolderAwareRequestWrapper[ org.springframework.security.web.header.HeaderWriterFilter$HeaderWriterRequest@79d137fd] using AuthorityAuthorizationManager[authorities=[ROLE_Admin]]
2024-03-09T12:41:51.347+02:00 TRACE 3772 --- [    Test worker] o.s.s.w.a.AnonymousAuthenticationFilter  : Set SecurityContextHolder to AnonymousAuthenticationToken [Principal=anonymousUser, Credentials=[PROTECTED], Authenticated=true, Details=WebAuthenticationDetails [RemoteIpAddress=127.0.0.1, SessionId=null], Granted Authorities=[ROLE_ANONYMOUS]]
2024-03-09T12:41:51.353+02:00 TRACE 3772 --- [    Test worker] o.s.s.w.a.ExceptionTranslationFilter     : Sending AnonymousAuthenticationToken [Principal=anonymousUser, Credentials=[PROTECTED], Authenticated=true, Details=WebAuthenticationDetails [RemoteIpAddress=127.0.0.1, SessionId=null], Granted Authorities=[ROLE_ANONYMOUS]] to authentication entry point since access is denied

org.springframework.security.access.AccessDeniedException: Access Denied
	at org.springframework.security.web.access.intercept.AuthorizationFilter.doFilter(AuthorizationFilter.java:98) ~[spring-security-web-6.2.1.jar:6.2.1]
	at org.springframework.security.web.ObservationFilterChainDecorator$ObservationFilter.wrapFilter(ObservationFilterChainDecorator.java:240) ~[spring-security-web-6.2.1.jar:6.2.1]
	at org.springframework.security.web.ObservationFilterChainDecorator$ObservationFilter.doFilter(ObservationFilterChainDecorator.java:227) ~[spring-security-web-6.2.1.jar:6.2.1]
	at org.springframework.security.web.ObservationFilterChainDecorator$VirtualFilterChain.doFilter(ObservationFilterChainDecorator.java:137) ~[spring-security-web-6.2.1.jar:6.2.1]
	at org.springframework.security.web.access.ExceptionTranslationFilter.doFilter(ExceptionTranslationFilter.java:126) ~[spring-security-web-6.2.1.jar:6.2.1]
	at org.springframework.security.web.access.ExceptionTranslationFilter.doFilter(ExceptionTranslationFilter.java:120) ~[spring-security-web-6.2.1.jar:6.2.1]
	at org.springframework.security.web.ObservationFilterChainDecorator$ObservationFilter.wrapFilter(ObservationFilterChainDecorator.java:240) ~[spring-security-web-6.2.1.jar:6.2.1]
	at org.springframework.security.web.ObservationFilterChainDecorator$ObservationFilter.doFilter(ObservationFilterChainDecorator.java:227) ~[spring-security-web-6.2.1.jar:6.2.1]
	at org.springframework.security.web.ObservationFilterChainDecorator$VirtualFilterChain.doFilter(ObservationFilterChainDecorator.java:137) ~[spring-security-web-6.2.1.jar:6.2.1]
	at org.springframework.security.web.authentication.AnonymousAuthenticationFilter.doFilter(AnonymousAuthenticationFilter.java:100) ~[spring-security-web-6.2.1.jar:6.2.1]
	at org.springframework.security.web.ObservationFilterChainDecorator$ObservationFilter.wrapFilter(ObservationFilterChainDecorator.java:240) ~[spring-security-web-6.2.1.jar:6.2.1]
	at org.springframework.security.web.ObservationFilterChainDecorator$ObservationFilter.doFilter(ObservationFilterChainDecorator.java:227) ~[spring-security-web-6.2.1.jar:6.2.1]
	at org.springframework.security.web.ObservationFilterChainDecorator$VirtualFilterChain.doFilter(ObservationFilterChainDecorator.java:137) ~[spring-security-web-6.2.1.jar:6.2.1]
	at org.springframework.security.web.authentication.rememberme.RememberMeAuthenticationFilter.doFilter(RememberMeAuthenticationFilter.java:145) ~[spring-security-web-6.2.1.jar:6.2.1]
	at org.springframework.security.web.authentication.rememberme.RememberMeAuthenticationFilter.doFilter(RememberMeAuthenticationFilter.java:101) ~[spring-security-web-6.2.1.jar:6.2.1]
	at org.springframework.security.web.ObservationFilterChainDecorator$ObservationFilter.wrapFilter(ObservationFilterChainDecorator.java:240) ~[spring-security-web-6.2.1.jar:6.2.1]
	at org.springframework.security.web.ObservationFilterChainDecorator$ObservationFilter.doFilter(ObservationFilterChainDecorator.java:227) ~[spring-security-web-6.2.1.jar:6.2.1]
	at org.springframework.security.web.ObservationFilterChainDecorator$VirtualFilterChain.doFilter(ObservationFilterChainDecorator.java:137) ~[spring-security-web-6.2.1.jar:6.2.1]
	at org.springframework.security.web.servletapi.SecurityContextHolderAwareRequestFilter.doFilter(SecurityContextHolderAwareRequestFilter.java:179) ~[spring-security-web-6.2.1.jar:6.2.1]
	at org.springframework.security.web.ObservationFilterChainDecorator$ObservationFilter.wrapFilter(ObservationFilterChainDecorator.java:240) ~[spring-security-web-6.2.1.jar:6.2.1]
	at org.springframework.security.web.ObservationFilterChainDecorator$ObservationFilter.doFilter(ObservationFilterChainDecorator.java:227) ~[spring-security-web-6.2.1.jar:6.2.1]
	at org.springframework.security.web.ObservationFilterChainDecorator$VirtualFilterChain.doFilter(ObservationFilterChainDecorator.java:137) ~[spring-security-web-6.2.1.jar:6.2.1]
	at org.springframework.security.web.savedrequest.RequestCacheAwareFilter.doFilter(RequestCacheAwareFilter.java:63) ~[spring-security-web-6.2.1.jar:6.2.1]
	at org.springframework.security.web.ObservationFilterChainDecorator$ObservationFilter.wrapFilter(ObservationFilterChainDecorator.java:240) ~[spring-security-web-6.2.1.jar:6.2.1]
	at org.springframework.security.web.ObservationFilterChainDecorator$ObservationFilter.doFilter(ObservationFilterChainDecorator.java:227) ~[spring-security-web-6.2.1.jar:6.2.1]
	at org.springframework.security.web.ObservationFilterChainDecorator$VirtualFilterChain.doFilter(ObservationFilterChainDecorator.java:137) ~[spring-security-web-6.2.1.jar:6.2.1]
	at org.springframework.security.web.authentication.AbstractAuthenticationProcessingFilter.doFilter(AbstractAuthenticationProcessingFilter.java:227) ~[spring-security-web-6.2.1.jar:6.2.1]
	at org.springframework.security.web.authentication.AbstractAuthenticationProcessingFilter.doFilter(AbstractAuthenticationProcessingFilter.java:221) ~[spring-security-web-6.2.1.jar:6.2.1]
	at org.springframework.security.web.ObservationFilterChainDecorator$ObservationFilter.wrapFilter(ObservationFilterChainDecorator.java:240) ~[spring-security-web-6.2.1.jar:6.2.1]
	at org.springframework.security.web.ObservationFilterChainDecorator$ObservationFilter.doFilter(ObservationFilterChainDecorator.java:227) ~[spring-security-web-6.2.1.jar:6.2.1]
	at org.springframework.security.web.ObservationFilterChainDecorator$VirtualFilterChain.doFilter(ObservationFilterChainDecorator.java:137) ~[spring-security-web-6.2.1.jar:6.2.1]
	at org.springframework.security.web.authentication.logout.LogoutFilter.doFilter(LogoutFilter.java:107) ~[spring-security-web-6.2.1.jar:6.2.1]
	at org.springframework.security.web.authentication.logout.LogoutFilter.doFilter(LogoutFilter.java:93) ~[spring-security-web-6.2.1.jar:6.2.1]
	at org.springframework.security.web.ObservationFilterChainDecorator$ObservationFilter.wrapFilter(ObservationFilterChainDecorator.java:240) ~[spring-security-web-6.2.1.jar:6.2.1]
	at org.springframework.security.web.ObservationFilterChainDecorator$ObservationFilter.doFilter(ObservationFilterChainDecorator.java:227) ~[spring-security-web-6.2.1.jar:6.2.1]
	at org.springframework.security.web.ObservationFilterChainDecorator$VirtualFilterChain.doFilter(ObservationFilterChainDecorator.java:137) ~[spring-security-web-6.2.1.jar:6.2.1]
	at org.springframework.security.web.csrf.CsrfFilter.doFilterInternal(CsrfFilter.java:117) ~[spring-security-web-6.2.1.jar:6.2.1]
	at org.springframework.web.filter.OncePerRequestFilter.doFilter(OncePerRequestFilter.java:116) ~[spring-web-6.1.3.jar:6.1.3]
	at org.springframework.security.web.ObservationFilterChainDecorator$ObservationFilter.wrapFilter(ObservationFilterChainDecorator.java:240) ~[spring-security-web-6.2.1.jar:6.2.1]
	at org.springframework.security.web.ObservationFilterChainDecorator$ObservationFilter.doFilter(ObservationFilterChainDecorator.java:227) ~[spring-security-web-6.2.1.jar:6.2.1]
	at org.springframework.security.web.ObservationFilterChainDecorator$VirtualFilterChain.doFilter(ObservationFilterChainDecorator.java:137) ~[spring-security-web-6.2.1.jar:6.2.1]
	at org.springframework.web.filter.CorsFilter.doFilterInternal(CorsFilter.java:91) ~[spring-web-6.1.3.jar:6.1.3]
	at org.springframework.web.filter.OncePerRequestFilter.doFilter(OncePerRequestFilter.java:116) ~[spring-web-6.1.3.jar:6.1.3]
	at org.springframework.security.web.ObservationFilterChainDecorator$ObservationFilter.wrapFilter(ObservationFilterChainDecorator.java:240) ~[spring-security-web-6.2.1.jar:6.2.1]
	at org.springframework.security.web.ObservationFilterChainDecorator$ObservationFilter.doFilter(ObservationFilterChainDecorator.java:227) ~[spring-security-web-6.2.1.jar:6.2.1]
	at org.springframework.security.web.ObservationFilterChainDecorator$VirtualFilterChain.doFilter(ObservationFilterChainDecorator.java:137) ~[spring-security-web-6.2.1.jar:6.2.1]
	at org.springframework.security.web.header.HeaderWriterFilter.doHeadersAfter(HeaderWriterFilter.java:90) ~[spring-security-web-6.2.1.jar:6.2.1]
	at org.springframework.security.web.header.HeaderWriterFilter.doFilterInternal(HeaderWriterFilter.java:75) ~[spring-security-web-6.2.1.jar:6.2.1]
	at org.springframework.web.filter.OncePerRequestFilter.doFilter(OncePerRequestFilter.java:116) ~[spring-web-6.1.3.jar:6.1.3]
	at org.springframework.security.web.ObservationFilterChainDecorator$ObservationFilter.wrapFilter(ObservationFilterChainDecorator.java:240) ~[spring-security-web-6.2.1.jar:6.2.1]
	at org.springframework.security.web.ObservationFilterChainDecorator$ObservationFilter.doFilter(ObservationFilterChainDecorator.java:227) ~[spring-security-web-6.2.1.jar:6.2.1]
	at org.springframework.security.web.ObservationFilterChainDecorator$VirtualFilterChain.doFilter(ObservationFilterChainDecorator.java:137) ~[spring-security-web-6.2.1.jar:6.2.1]
	at org.springframework.security.web.context.SecurityContextHolderFilter.doFilter(SecurityContextHolderFilter.java:82) ~[spring-security-web-6.2.1.jar:6.2.1]
	at org.springframework.security.web.context.SecurityContextHolderFilter.doFilter(SecurityContextHolderFilter.java:69) ~[spring-security-web-6.2.1.jar:6.2.1]
	at org.springframework.security.web.ObservationFilterChainDecorator$ObservationFilter.wrapFilter(ObservationFilterChainDecorator.java:240) ~[spring-security-web-6.2.1.jar:6.2.1]
	at org.springframework.security.web.ObservationFilterChainDecorator$ObservationFilter.doFilter(ObservationFilterChainDecorator.java:227) ~[spring-security-web-6.2.1.jar:6.2.1]
	at org.springframework.security.web.ObservationFilterChainDecorator$VirtualFilterChain.doFilter(ObservationFilterChainDecorator.java:137) ~[spring-security-web-6.2.1.jar:6.2.1]
	at org.springframework.security.web.context.request.async.WebAsyncManagerIntegrationFilter.doFilterInternal(WebAsyncManagerIntegrationFilter.java:62) ~[spring-security-web-6.2.1.jar:6.2.1]
	at org.springframework.web.filter.OncePerRequestFilter.doFilter(OncePerRequestFilter.java:116) ~[spring-web-6.1.3.jar:6.1.3]
	at org.springframework.security.web.ObservationFilterChainDecorator$ObservationFilter.wrapFilter(ObservationFilterChainDecorator.java:240) ~[spring-security-web-6.2.1.jar:6.2.1]
	at org.springframework.security.web.ObservationFilterChainDecorator$ObservationFilter.doFilter(ObservationFilterChainDecorator.java:227) ~[spring-security-web-6.2.1.jar:6.2.1]
	at org.springframework.security.web.ObservationFilterChainDecorator$VirtualFilterChain.doFilter(ObservationFilterChainDecorator.java:137) ~[spring-security-web-6.2.1.jar:6.2.1]
	at org.springframework.security.web.session.DisableEncodeUrlFilter.doFilterInternal(DisableEncodeUrlFilter.java:42) ~[spring-security-web-6.2.1.jar:6.2.1]
	at org.springframework.web.filter.OncePerRequestFilter.doFilter(OncePerRequestFilter.java:116) ~[spring-web-6.1.3.jar:6.1.3]
	at org.springframework.security.web.ObservationFilterChainDecorator$ObservationFilter.wrapFilter(ObservationFilterChainDecorator.java:240) ~[spring-security-web-6.2.1.jar:6.2.1]
	at org.springframework.security.web.ObservationFilterChainDecorator$AroundFilterObservation$SimpleAroundFilterObservation.lambda$wrap$0(ObservationFilterChainDecorator.java:323) ~[spring-security-web-6.2.1.jar:6.2.1]
	at org.springframework.security.web.ObservationFilterChainDecorator$ObservationFilter.doFilter(ObservationFilterChainDecorator.java:224) ~[spring-security-web-6.2.1.jar:6.2.1]
	at org.springframework.security.web.ObservationFilterChainDecorator$VirtualFilterChain.doFilter(ObservationFilterChainDecorator.java:137) ~[spring-security-web-6.2.1.jar:6.2.1]
	at org.springframework.security.web.FilterChainProxy.doFilterInternal(FilterChainProxy.java:233) ~[spring-security-web-6.2.1.jar:6.2.1]
	at org.springframework.security.web.FilterChainProxy.doFilter(FilterChainProxy.java:191) ~[spring-security-web-6.2.1.jar:6.2.1]
	at org.springframework.web.filter.CompositeFilter$VirtualFilterChain.doFilter(CompositeFilter.java:113) ~[spring-web-6.1.3.jar:6.1.3]
	at org.springframework.web.servlet.handler.HandlerMappingIntrospector.lambda$createCacheFilter$3(HandlerMappingIntrospector.java:195) ~[spring-webmvc-6.1.3.jar:6.1.3]
	at org.springframework.web.filter.CompositeFilter$VirtualFilterChain.doFilter(CompositeFilter.java:113) ~[spring-web-6.1.3.jar:6.1.3]
	at org.springframework.web.filter.CompositeFilter.doFilter(CompositeFilter.java:74) ~[spring-web-6.1.3.jar:6.1.3]
	at org.springframework.security.config.annotation.web.configuration.WebMvcSecurityConfiguration$CompositeFilterChainProxy.doFilter(WebMvcSecurityConfiguration.java:225) ~[spring-security-config-6.2.1.jar:6.2.1]
	at org.springframework.web.filter.DelegatingFilterProxy.invokeDelegate(DelegatingFilterProxy.java:352) ~[spring-web-6.1.3.jar:6.1.3]
	at org.springframework.web.filter.DelegatingFilterProxy.doFilter(DelegatingFilterProxy.java:268) ~[spring-web-6.1.3.jar:6.1.3]
	at org.springframework.test.web.servlet.setup.MockMvcFilterDecorator.doFilter(MockMvcFilterDecorator.java:151) ~[spring-test-6.1.3.jar:6.1.3]
	at org.springframework.mock.web.MockFilterChain.doFilter(MockFilterChain.java:132) ~[spring-test-6.1.3.jar:6.1.3]
	at org.springframework.web.filter.RequestContextFilter.doFilterInternal(RequestContextFilter.java:100) ~[spring-web-6.1.3.jar:6.1.3]
	at org.springframework.web.filter.OncePerRequestFilter.doFilter(OncePerRequestFilter.java:116) ~[spring-web-6.1.3.jar:6.1.3]
	at org.springframework.test.web.servlet.setup.MockMvcFilterDecorator.doFilter(MockMvcFilterDecorator.java:151) ~[spring-test-6.1.3.jar:6.1.3]
	at org.springframework.mock.web.MockFilterChain.doFilter(MockFilterChain.java:132) ~[spring-test-6.1.3.jar:6.1.3]
	at org.springframework.web.filter.FormContentFilter.doFilterInternal(FormContentFilter.java:93) ~[spring-web-6.1.3.jar:6.1.3]
	at org.springframework.web.filter.OncePerRequestFilter.doFilter(OncePerRequestFilter.java:116) ~[spring-web-6.1.3.jar:6.1.3]
	at org.springframework.test.web.servlet.setup.MockMvcFilterDecorator.doFilter(MockMvcFilterDecorator.java:151) ~[spring-test-6.1.3.jar:6.1.3]
	at org.springframework.mock.web.MockFilterChain.doFilter(MockFilterChain.java:132) ~[spring-test-6.1.3.jar:6.1.3]
	at org.springframework.web.filter.HiddenHttpMethodFilter.doFilterInternal(HiddenHttpMethodFilter.java:91) ~[spring-web-6.1.3.jar:6.1.3]
	at org.springframework.web.filter.OncePerRequestFilter.doFilter(OncePerRequestFilter.java:116) ~[spring-web-6.1.3.jar:6.1.3]
	at org.springframework.test.web.servlet.setup.MockMvcFilterDecorator.doFilter(MockMvcFilterDecorator.java:151) ~[spring-test-6.1.3.jar:6.1.3]
	at org.springframework.mock.web.MockFilterChain.doFilter(MockFilterChain.java:132) ~[spring-test-6.1.3.jar:6.1.3]
	at org.springframework.web.filter.ServerHttpObservationFilter.doFilterInternal(ServerHttpObservationFilter.java:109) ~[spring-web-6.1.3.jar:6.1.3]
	at org.springframework.web.filter.OncePerRequestFilter.doFilter(OncePerRequestFilter.java:116) ~[spring-web-6.1.3.jar:6.1.3]
	at org.springframework.test.web.servlet.setup.MockMvcFilterDecorator.doFilter(MockMvcFilterDecorator.java:151) ~[spring-test-6.1.3.jar:6.1.3]
	at org.springframework.mock.web.MockFilterChain.doFilter(MockFilterChain.java:132) ~[spring-test-6.1.3.jar:6.1.3]
	at org.springframework.web.filter.CharacterEncodingFilter.doFilterInternal(CharacterEncodingFilter.java:201) ~[spring-web-6.1.3.jar:6.1.3]
	at org.springframework.web.filter.OncePerRequestFilter.doFilter(OncePerRequestFilter.java:116) ~[spring-web-6.1.3.jar:6.1.3]
	at org.springframework.test.web.servlet.setup.MockMvcFilterDecorator.doFilter(MockMvcFilterDecorator.java:151) ~[spring-test-6.1.3.jar:6.1.3]
	at org.springframework.mock.web.MockFilterChain.doFilter(MockFilterChain.java:132) ~[spring-test-6.1.3.jar:6.1.3]
	at org.springframework.test.web.servlet.MockMvc.perform(MockMvc.java:201) ~[spring-test-6.1.3.jar:6.1.3]
	at com.example.roboworld.web.AdminControllerTest.getProfilesWithAnonymous(AdminControllerTest.java:76) ~[test/:na]
	at java.base/jdk.internal.reflect.DirectMethodHandleAccessor.invoke(DirectMethodHandleAccessor.java:104) ~[na:na]
	at java.base/java.lang.reflect.Method.invoke(Method.java:578) ~[na:na]
	at org.junit.platform.commons.util.ReflectionUtils.invokeMethod(ReflectionUtils.java:728) ~[junit-platform-commons-1.10.1.jar:1.10.1]
	at org.junit.jupiter.engine.execution.MethodInvocation.proceed(MethodInvocation.java:60) ~[junit-jupiter-engine-5.10.1.jar:5.10.1]
	at org.junit.jupiter.engine.execution.InvocationInterceptorChain$ValidatingInvocation.proceed(InvocationInterceptorChain.java:131) ~[junit-jupiter-engine-5.10.1.jar:5.10.1]
	at org.junit.jupiter.engine.extension.TimeoutExtension.intercept(TimeoutExtension.java:156) ~[junit-jupiter-engine-5.10.1.jar:5.10.1]
	at org.junit.jupiter.engine.extension.TimeoutExtension.interceptTestableMethod(TimeoutExtension.java:147) ~[junit-jupiter-engine-5.10.1.jar:5.10.1]
	at org.junit.jupiter.engine.extension.TimeoutExtension.interceptTestMethod(TimeoutExtension.java:86) ~[junit-jupiter-engine-5.10.1.jar:5.10.1]
	at org.junit.jupiter.engine.execution.InterceptingExecutableInvoker$ReflectiveInterceptorCall.lambda$ofVoidMethod$0(InterceptingExecutableInvoker.java:103) ~[junit-jupiter-engine-5.10.1.jar:5.10.1]
	at org.junit.jupiter.engine.execution.InterceptingExecutableInvoker.lambda$invoke$0(InterceptingExecutableInvoker.java:93) ~[junit-jupiter-engine-5.10.1.jar:5.10.1]
	at org.junit.jupiter.engine.execution.InvocationInterceptorChain$InterceptedInvocation.proceed(InvocationInterceptorChain.java:106) ~[junit-jupiter-engine-5.10.1.jar:5.10.1]
	at org.junit.jupiter.engine.execution.InvocationInterceptorChain.proceed(InvocationInterceptorChain.java:64) ~[junit-jupiter-engine-5.10.1.jar:5.10.1]
	at org.junit.jupiter.engine.execution.InvocationInterceptorChain.chainAndInvoke(InvocationInterceptorChain.java:45) ~[junit-jupiter-engine-5.10.1.jar:5.10.1]
	at org.junit.jupiter.engine.execution.InvocationInterceptorChain.invoke(InvocationInterceptorChain.java:37) ~[junit-jupiter-engine-5.10.1.jar:5.10.1]
	at org.junit.jupiter.engine.execution.InterceptingExecutableInvoker.invoke(InterceptingExecutableInvoker.java:92) ~[junit-jupiter-engine-5.10.1.jar:5.10.1]
	at org.junit.jupiter.engine.execution.InterceptingExecutableInvoker.invoke(InterceptingExecutableInvoker.java:86) ~[junit-jupiter-engine-5.10.1.jar:5.10.1]
	at org.junit.jupiter.engine.descriptor.TestMethodTestDescriptor.lambda$invokeTestMethod$7(TestMethodTestDescriptor.java:218) ~[junit-jupiter-engine-5.10.1.jar:5.10.1]
	at org.junit.platform.engine.support.hierarchical.ThrowableCollector.execute(ThrowableCollector.java:73) ~[junit-platform-engine-1.10.1.jar:1.10.1]
	at org.junit.jupiter.engine.descriptor.TestMethodTestDescriptor.invokeTestMethod(TestMethodTestDescriptor.java:214) ~[junit-jupiter-engine-5.10.1.jar:5.10.1]
	at org.junit.jupiter.engine.descriptor.TestMethodTestDescriptor.execute(TestMethodTestDescriptor.java:139) ~[junit-jupiter-engine-5.10.1.jar:5.10.1]
	at org.junit.jupiter.engine.descriptor.TestMethodTestDescriptor.execute(TestMethodTestDescriptor.java:69) ~[junit-jupiter-engine-5.10.1.jar:5.10.1]
	at org.junit.platform.engine.support.hierarchical.NodeTestTask.lambda$executeRecursively$6(NodeTestTask.java:151) ~[junit-platform-engine-1.10.1.jar:1.10.1]
	at org.junit.platform.engine.support.hierarchical.ThrowableCollector.execute(ThrowableCollector.java:73) ~[junit-platform-engine-1.10.1.jar:1.10.1]
	at org.junit.platform.engine.support.hierarchical.NodeTestTask.lambda$executeRecursively$8(NodeTestTask.java:141) ~[junit-platform-engine-1.10.1.jar:1.10.1]
	at org.junit.platform.engine.support.hierarchical.Node.around(Node.java:137) ~[junit-platform-engine-1.10.1.jar:1.10.1]
	at org.junit.platform.engine.support.hierarchical.NodeTestTask.lambda$executeRecursively$9(NodeTestTask.java:139) ~[junit-platform-engine-1.10.1.jar:1.10.1]
	at org.junit.platform.engine.support.hierarchical.ThrowableCollector.execute(ThrowableCollector.java:73) ~[junit-platform-engine-1.10.1.jar:1.10.1]
	at org.junit.platform.engine.support.hierarchical.NodeTestTask.executeRecursively(NodeTestTask.java:138) ~[junit-platform-engine-1.10.1.jar:1.10.1]
	at org.junit.platform.engine.support.hierarchical.NodeTestTask.execute(NodeTestTask.java:95) ~[junit-platform-engine-1.10.1.jar:1.10.1]
	at java.base/java.util.ArrayList.forEach(ArrayList.java:1511) ~[na:na]
	at org.junit.platform.engine.support.hierarchical.SameThreadHierarchicalTestExecutorService.invokeAll(SameThreadHierarchicalTestExecutorService.java:41) ~[junit-platform-engine-1.10.1.jar:1.10.1]
	at org.junit.platform.engine.support.hierarchical.NodeTestTask.lambda$executeRecursively$6(NodeTestTask.java:155) ~[junit-platform-engine-1.10.1.jar:1.10.1]
	at org.junit.platform.engine.support.hierarchical.ThrowableCollector.execute(ThrowableCollector.java:73) ~[junit-platform-engine-1.10.1.jar:1.10.1]
	at org.junit.platform.engine.support.hierarchical.NodeTestTask.lambda$executeRecursively$8(NodeTestTask.java:141) ~[junit-platform-engine-1.10.1.jar:1.10.1]
	at org.junit.platform.engine.support.hierarchical.Node.around(Node.java:137) ~[junit-platform-engine-1.10.1.jar:1.10.1]
	at org.junit.platform.engine.support.hierarchical.NodeTestTask.lambda$executeRecursively$9(NodeTestTask.java:139) ~[junit-platform-engine-1.10.1.jar:1.10.1]
	at org.junit.platform.engine.support.hierarchical.ThrowableCollector.execute(ThrowableCollector.java:73) ~[junit-platform-engine-1.10.1.jar:1.10.1]
	at org.junit.platform.engine.support.hierarchical.NodeTestTask.executeRecursively(NodeTestTask.java:138) ~[junit-platform-engine-1.10.1.jar:1.10.1]
	at org.junit.platform.engine.support.hierarchical.NodeTestTask.execute(NodeTestTask.java:95) ~[junit-platform-engine-1.10.1.jar:1.10.1]
	at java.base/java.util.ArrayList.forEach(ArrayList.java:1511) ~[na:na]
	at org.junit.platform.engine.support.hierarchical.SameThreadHierarchicalTestExecutorService.invokeAll(SameThreadHierarchicalTestExecutorService.java:41) ~[junit-platform-engine-1.10.1.jar:1.10.1]
	at org.junit.platform.engine.support.hierarchical.NodeTestTask.lambda$executeRecursively$6(NodeTestTask.java:155) ~[junit-platform-engine-1.10.1.jar:1.10.1]
	at org.junit.platform.engine.support.hierarchical.ThrowableCollector.execute(ThrowableCollector.java:73) ~[junit-platform-engine-1.10.1.jar:1.10.1]
	at org.junit.platform.engine.support.hierarchical.NodeTestTask.lambda$executeRecursively$8(NodeTestTask.java:141) ~[junit-platform-engine-1.10.1.jar:1.10.1]
	at org.junit.platform.engine.support.hierarchical.Node.around(Node.java:137) ~[junit-platform-engine-1.10.1.jar:1.10.1]
	at org.junit.platform.engine.support.hierarchical.NodeTestTask.lambda$executeRecursively$9(NodeTestTask.java:139) ~[junit-platform-engine-1.10.1.jar:1.10.1]
	at org.junit.platform.engine.support.hierarchical.ThrowableCollector.execute(ThrowableCollector.java:73) ~[junit-platform-engine-1.10.1.jar:1.10.1]
	at org.junit.platform.engine.support.hierarchical.NodeTestTask.executeRecursively(NodeTestTask.java:138) ~[junit-platform-engine-1.10.1.jar:1.10.1]
	at org.junit.platform.engine.support.hierarchical.NodeTestTask.execute(NodeTestTask.java:95) ~[junit-platform-engine-1.10.1.jar:1.10.1]
	at org.junit.platform.engine.support.hierarchical.SameThreadHierarchicalTestExecutorService.submit(SameThreadHierarchicalTestExecutorService.java:35) ~[junit-platform-engine-1.10.1.jar:1.10.1]
	at org.junit.platform.engine.support.hierarchical.HierarchicalTestExecutor.execute(HierarchicalTestExecutor.java:57) ~[junit-platform-engine-1.10.1.jar:1.10.1]
	at org.junit.platform.engine.support.hierarchical.HierarchicalTestEngine.execute(HierarchicalTestEngine.java:54) ~[junit-platform-engine-1.10.1.jar:1.10.1]
	at org.junit.platform.launcher.core.EngineExecutionOrchestrator.execute(EngineExecutionOrchestrator.java:107) ~[junit-platform-launcher-1.8.2.jar:1.8.2]
	at org.junit.platform.launcher.core.EngineExecutionOrchestrator.execute(EngineExecutionOrchestrator.java:88) ~[junit-platform-launcher-1.8.2.jar:1.8.2]
	at org.junit.platform.launcher.core.EngineExecutionOrchestrator.lambda$execute$0(EngineExecutionOrchestrator.java:54) ~[junit-platform-launcher-1.8.2.jar:1.8.2]
	at org.junit.platform.launcher.core.EngineExecutionOrchestrator.withInterceptedStreams(EngineExecutionOrchestrator.java:67) ~[junit-platform-launcher-1.8.2.jar:1.8.2]
	at org.junit.platform.launcher.core.EngineExecutionOrchestrator.execute(EngineExecutionOrchestrator.java:52) ~[junit-platform-launcher-1.8.2.jar:1.8.2]
	at org.junit.platform.launcher.core.DefaultLauncher.execute(DefaultLauncher.java:114) ~[junit-platform-launcher-1.8.2.jar:1.8.2]
	at org.junit.platform.launcher.core.DefaultLauncher.execute(DefaultLauncher.java:86) ~[junit-platform-launcher-1.8.2.jar:1.8.2]
	at org.junit.platform.launcher.core.DefaultLauncherSession$DelegatingLauncher.execute(DefaultLauncherSession.java:86) ~[junit-platform-launcher-1.8.2.jar:1.8.2]
	at org.gradle.api.internal.tasks.testing.junitplatform.JUnitPlatformTestClassProcessor$CollectAllTestClassesExecutor.processAllTestClasses(JUnitPlatformTestClassProcessor.java:119) ~[na:na]
	at org.gradle.api.internal.tasks.testing.junitplatform.JUnitPlatformTestClassProcessor$CollectAllTestClassesExecutor.access$000(JUnitPlatformTestClassProcessor.java:94) ~[na:na]
	at org.gradle.api.internal.tasks.testing.junitplatform.JUnitPlatformTestClassProcessor.stop(JUnitPlatformTestClassProcessor.java:89) ~[na:na]
	at org.gradle.api.internal.tasks.testing.SuiteTestClassProcessor.stop(SuiteTestClassProcessor.java:62) ~[na:na]
	at java.base/jdk.internal.reflect.DirectMethodHandleAccessor.invoke(DirectMethodHandleAccessor.java:104) ~[na:na]
	at java.base/java.lang.reflect.Method.invoke(Method.java:578) ~[na:na]
	at org.gradle.internal.dispatch.ReflectionDispatch.dispatch(ReflectionDispatch.java:36) ~[na:na]
	at org.gradle.internal.dispatch.ReflectionDispatch.dispatch(ReflectionDispatch.java:24) ~[na:na]
	at org.gradle.internal.dispatch.ContextClassLoaderDispatch.dispatch(ContextClassLoaderDispatch.java:33) ~[na:na]
	at org.gradle.internal.dispatch.ProxyDispatchAdapter$DispatchingInvocationHandler.invoke(ProxyDispatchAdapter.java:94) ~[na:na]
	at jdk.proxy1/jdk.proxy1.$Proxy2.stop(Unknown Source) ~[na:na]
	at org.gradle.api.internal.tasks.testing.worker.TestWorker$3.run(TestWorker.java:193) ~[na:na]
	at org.gradle.api.internal.tasks.testing.worker.TestWorker.executeAndMaintainThreadName(TestWorker.java:129) ~[na:na]
	at org.gradle.api.internal.tasks.testing.worker.TestWorker.execute(TestWorker.java:100) ~[na:na]
	at org.gradle.api.internal.tasks.testing.worker.TestWorker.execute(TestWorker.java:60) ~[na:na]
	at org.gradle.process.internal.worker.child.ActionExecutionWorker.execute(ActionExecutionWorker.java:56) ~[na:na]
	at org.gradle.process.internal.worker.child.SystemApplicationClassLoaderWorker.call(SystemApplicationClassLoaderWorker.java:113) ~[na:na]
	at org.gradle.process.internal.worker.child.SystemApplicationClassLoaderWorker.call(SystemApplicationClassLoaderWorker.java:65) ~[na:na]
	at worker.org.gradle.process.internal.worker.GradleWorkerMain.run(GradleWorkerMain.java:69) ~[gradle-worker.jar:na]
	at worker.org.gradle.process.internal.worker.GradleWorkerMain.main(GradleWorkerMain.java:74) ~[gradle-worker.jar:na]

2024-03-09T12:41:51.377+02:00 DEBUG 3772 --- [    Test worker] o.s.s.w.s.HttpSessionRequestCache        : Saved request http://localhost/users/profiles?continue to session
2024-03-09T12:41:51.377+02:00 DEBUG 3772 --- [    Test worker] o.s.s.web.DefaultRedirectStrategy        : Redirecting to http://localhost/users/login
2024-03-09T12:41:51.377+02:00 TRACE 3772 --- [    Test worker] o.s.s.w.header.writers.HstsHeaderWriter  : Not injecting HSTS header since it did not match request to [Is Secure]
2024-03-09T12:41:51.382+02:00 DEBUG 3772 --- [    Test worker] org.hibernate.SQL                        : select r1_0.id,r1_0.description,r1_0.name,r1_0.user_id from reviews r1_0
2024-03-09T12:41:51.384+02:00 DEBUG 3772 --- [    Test worker] org.hibernate.SQL                        : select u1_0.id,u1_0.email,u1_0.full_name,u1_0.password,u1_0.username from users u1_0
]]></system-out>
  <system-err><![CDATA[]]></system-err>
</testsuite>
