<?xml version="1.0" encoding="UTF-8"?>
<testsuite name="com.example.roboworld.web.CoursesControllerTest" tests="3" skipped="0" failures="0" errors="0" timestamp="2024-03-22T16:45:19" hostname="VANESAILIEVA" time="0.474">
  <properties/>
  <testcase name="testGetCourseDetailsWithUser()" classname="com.example.roboworld.web.CoursesControllerTest" time="0.23"/>
  <testcase name="testSignInUp()" classname="com.example.roboworld.web.CoursesControllerTest" time="0.164"/>
  <testcase name="testGetCourseDetailsWithAnonymous()" classname="com.example.roboworld.web.CoursesControllerTest" time="0.077"/>
  <system-out><![CDATA[2024-03-22T18:45:19.894+02:00  INFO 23292 --- [    Test worker] t.c.s.AnnotationConfigContextLoaderUtils : Could not detect default configuration classes for test class [com.example.roboworld.web.CoursesControllerTest]: CoursesControllerTest does not declare any static, non-private, non-final, nested classes annotated with @Configuration.
2024-03-22T18:45:19.903+02:00  INFO 23292 --- [    Test worker] .b.t.c.SpringBootTestContextBootstrapper : Found @SpringBootConfiguration com.example.roboworld.RobotWorldApplication for test class com.example.roboworld.web.CoursesControllerTest
2024-03-22T18:45:19.917+02:00 DEBUG 23292 --- [    Test worker] org.hibernate.SQL                        : select c1_0.id,c1_0.age_limit,c1_0.description,c1_0.end,c1_0.lecturer_id,c1_0.start,c1_0.title from courses c1_0
2024-03-22T18:45:19.920+02:00 DEBUG 23292 --- [    Test worker] org.hibernate.SQL                        : insert into roles (role_type,id) values (?,default)
2024-03-22T18:45:19.920+02:00 TRACE 23292 --- [    Test worker] org.hibernate.orm.jdbc.bind              : binding parameter (1:VARCHAR) <- [Lecturer]
2024-03-22T18:45:19.922+02:00 DEBUG 23292 --- [    Test worker] org.hibernate.SQL                        : insert into users (email,full_name,password,username,id) values (?,?,?,?,default)
2024-03-22T18:45:19.923+02:00 TRACE 23292 --- [    Test worker] org.hibernate.orm.jdbc.bind              : binding parameter (1:VARCHAR) <- [111@123]
2024-03-22T18:45:19.923+02:00 TRACE 23292 --- [    Test worker] org.hibernate.orm.jdbc.bind              : binding parameter (2:VARCHAR) <- [Test Testov]
2024-03-22T18:45:19.925+02:00 TRACE 23292 --- [    Test worker] org.hibernate.orm.jdbc.bind              : binding parameter (3:VARCHAR) <- [1234]
2024-03-22T18:45:19.925+02:00 TRACE 23292 --- [    Test worker] org.hibernate.orm.jdbc.bind              : binding parameter (4:VARCHAR) <- [test lecturer]
2024-03-22T18:45:19.927+02:00 DEBUG 23292 --- [    Test worker] org.hibernate.SQL                        : insert into users_roles (user_id,roles_id) values (?,?)
2024-03-22T18:45:19.928+02:00 TRACE 23292 --- [    Test worker] org.hibernate.orm.jdbc.bind              : binding parameter (1:BIGINT) <- [5]
2024-03-22T18:45:19.928+02:00 TRACE 23292 --- [    Test worker] org.hibernate.orm.jdbc.bind              : binding parameter (2:BIGINT) <- [5]
2024-03-22T18:45:19.930+02:00 DEBUG 23292 --- [    Test worker] org.hibernate.SQL                        : insert into courses (age_limit,description,end,lecturer_id,start,title,id) values (?,?,?,?,?,?,default)
2024-03-22T18:45:19.931+02:00 TRACE 23292 --- [    Test worker] org.hibernate.orm.jdbc.bind              : binding parameter (1:VARCHAR) <- [NineToTwelve]
2024-03-22T18:45:19.931+02:00 TRACE 23292 --- [    Test worker] org.hibernate.orm.jdbc.bind              : binding parameter (2:VARCHAR) <- [testttttttttttt]
2024-03-22T18:45:19.931+02:00 TRACE 23292 --- [    Test worker] org.hibernate.orm.jdbc.bind              : binding parameter (3:TIMESTAMP) <- [2024-05-25T00:00]
2024-03-22T18:45:19.931+02:00 TRACE 23292 --- [    Test worker] org.hibernate.orm.jdbc.bind              : binding parameter (4:BIGINT) <- [5]
2024-03-22T18:45:19.931+02:00 TRACE 23292 --- [    Test worker] org.hibernate.orm.jdbc.bind              : binding parameter (5:TIMESTAMP) <- [2024-03-12T00:00]
2024-03-22T18:45:19.931+02:00 TRACE 23292 --- [    Test worker] org.hibernate.orm.jdbc.bind              : binding parameter (6:VARCHAR) <- [Test title]
2024-03-22T18:45:19.934+02:00 TRACE 23292 --- [    Test worker] w.c.HttpSessionSecurityContextRepository : No HttpSession currently exists
2024-03-22T18:45:19.934+02:00 TRACE 23292 --- [    Test worker] w.c.HttpSessionSecurityContextRepository : Created SecurityContextImpl [Null authentication]
2024-03-22T18:45:19.934+02:00 TRACE 23292 --- [    Test worker] .s.s.w.c.SupplierDeferredSecurityContext : Created SecurityContextImpl [Null authentication]
2024-03-22T18:45:19.934+02:00 DEBUG 23292 --- [    Test worker] w.c.HttpSessionSecurityContextRepository : Created HttpSession as SecurityContext is non-default
2024-03-22T18:45:19.934+02:00 DEBUG 23292 --- [    Test worker] w.c.HttpSessionSecurityContextRepository : Stored SecurityContextImpl [Authentication=UsernamePasswordAuthenticationToken [Principal=org.springframework.security.core.userdetails.User [Username=user, Password=[PROTECTED], Enabled=true, AccountNonExpired=true, CredentialsNonExpired=true, AccountNonLocked=true, Granted Authorities=[ROLE_User]], Credentials=[PROTECTED], Authenticated=true, Details=null, Granted Authorities=[ROLE_User]]] to HttpSession [org.springframework.mock.web.MockHttpSession@378f09a]
2024-03-22T18:45:19.936+02:00 TRACE 23292 --- [    Test worker] o.s.security.web.FilterChainProxy        : Trying to match request against DefaultSecurityFilterChain [RequestMatcher=any request, Filters=[org.springframework.security.web.session.DisableEncodeUrlFilter@d5b9704, org.springframework.security.web.context.request.async.WebAsyncManagerIntegrationFilter@326471ab, org.springframework.security.web.context.SecurityContextHolderFilter@98be09f, org.springframework.security.web.header.HeaderWriterFilter@1f7e6c3a, org.springframework.web.filter.CorsFilter@66af6b7b, org.springframework.security.web.csrf.CsrfFilter@44a83ca4, org.springframework.security.web.authentication.logout.LogoutFilter@6ac3ceda, org.springframework.security.web.authentication.UsernamePasswordAuthenticationFilter@285290a1, org.springframework.security.web.savedrequest.RequestCacheAwareFilter@2acec770, org.springframework.security.web.servletapi.SecurityContextHolderAwareRequestFilter@5b481d77, org.springframework.security.web.authentication.rememberme.RememberMeAuthenticationFilter@647b7f63, org.springframework.security.web.authentication.AnonymousAuthenticationFilter@5e232d07, org.springframework.security.web.access.ExceptionTranslationFilter@47a1b2f7, org.springframework.security.web.access.intercept.AuthorizationFilter@789f27e5]] (1/1)
2024-03-22T18:45:19.936+02:00 DEBUG 23292 --- [    Test worker] o.s.security.web.FilterChainProxy        : Securing GET /courses/1
2024-03-22T18:45:19.936+02:00 TRACE 23292 --- [    Test worker] o.s.security.web.FilterChainProxy        : Invoking DisableEncodeUrlFilter (1/14)
2024-03-22T18:45:19.936+02:00 TRACE 23292 --- [    Test worker] o.s.security.web.FilterChainProxy        : Invoking WebAsyncManagerIntegrationFilter (2/14)
2024-03-22T18:45:19.936+02:00 TRACE 23292 --- [    Test worker] o.s.security.web.FilterChainProxy        : Invoking SecurityContextHolderFilter (3/14)
2024-03-22T18:45:19.936+02:00 TRACE 23292 --- [    Test worker] o.s.security.web.FilterChainProxy        : Invoking HeaderWriterFilter (4/14)
2024-03-22T18:45:19.936+02:00 TRACE 23292 --- [    Test worker] o.s.security.web.FilterChainProxy        : Invoking CorsFilter (5/14)
2024-03-22T18:45:19.937+02:00 TRACE 23292 --- [    Test worker] o.s.security.web.FilterChainProxy        : Invoking CsrfFilter (6/14)
2024-03-22T18:45:19.937+02:00 TRACE 23292 --- [    Test worker] o.s.security.web.csrf.CsrfFilter         : Did not protect against CSRF since request did not match CsrfNotRequired [TRACE, HEAD, GET, OPTIONS]
2024-03-22T18:45:19.937+02:00 TRACE 23292 --- [    Test worker] o.s.security.web.FilterChainProxy        : Invoking LogoutFilter (7/14)
2024-03-22T18:45:19.937+02:00 TRACE 23292 --- [    Test worker] o.s.s.w.a.logout.LogoutFilter            : Did not match request to Ant [pattern='/users/logout', POST]
2024-03-22T18:45:19.937+02:00 TRACE 23292 --- [    Test worker] o.s.security.web.FilterChainProxy        : Invoking UsernamePasswordAuthenticationFilter (8/14)
2024-03-22T18:45:19.937+02:00 TRACE 23292 --- [    Test worker] w.a.UsernamePasswordAuthenticationFilter : Did not match request to Ant [pattern='/users/login', POST]
2024-03-22T18:45:19.937+02:00 TRACE 23292 --- [    Test worker] o.s.security.web.FilterChainProxy        : Invoking RequestCacheAwareFilter (9/14)
2024-03-22T18:45:19.937+02:00 TRACE 23292 --- [    Test worker] o.s.s.w.s.HttpSessionRequestCache        : matchingRequestParameterName is required for getMatchingRequest to lookup a value, but not provided
2024-03-22T18:45:19.937+02:00 TRACE 23292 --- [    Test worker] o.s.security.web.FilterChainProxy        : Invoking SecurityContextHolderAwareRequestFilter (10/14)
2024-03-22T18:45:19.937+02:00 TRACE 23292 --- [    Test worker] o.s.security.web.FilterChainProxy        : Invoking RememberMeAuthenticationFilter (11/14)
2024-03-22T18:45:19.937+02:00 TRACE 23292 --- [    Test worker] w.c.HttpSessionSecurityContextRepository : Retrieved SecurityContextImpl [Authentication=UsernamePasswordAuthenticationToken [Principal=org.springframework.security.core.userdetails.User [Username=user, Password=[PROTECTED], Enabled=true, AccountNonExpired=true, CredentialsNonExpired=true, AccountNonLocked=true, Granted Authorities=[ROLE_User]], Credentials=[PROTECTED], Authenticated=true, Details=null, Granted Authorities=[ROLE_User]]] from SPRING_SECURITY_CONTEXT
2024-03-22T18:45:19.937+02:00 DEBUG 23292 --- [    Test worker] s.s.w.a.r.RememberMeAuthenticationFilter : SecurityContextHolder not populated with remember-me token, as it already contained: 'UsernamePasswordAuthenticationToken [Principal=org.springframework.security.core.userdetails.User [Username=user, Password=[PROTECTED], Enabled=true, AccountNonExpired=true, CredentialsNonExpired=true, AccountNonLocked=true, Granted Authorities=[ROLE_User]], Credentials=[PROTECTED], Authenticated=true, Details=null, Granted Authorities=[ROLE_User]]'
2024-03-22T18:45:19.937+02:00 TRACE 23292 --- [    Test worker] o.s.security.web.FilterChainProxy        : Invoking AnonymousAuthenticationFilter (12/14)
2024-03-22T18:45:19.937+02:00 TRACE 23292 --- [    Test worker] o.s.security.web.FilterChainProxy        : Invoking ExceptionTranslationFilter (13/14)
2024-03-22T18:45:19.937+02:00 TRACE 23292 --- [    Test worker] o.s.security.web.FilterChainProxy        : Invoking AuthorizationFilter (14/14)
2024-03-22T18:45:19.937+02:00 TRACE 23292 --- [    Test worker] estMatcherDelegatingAuthorizationManager : Authorizing SecurityContextHolderAwareRequestWrapper[ org.springframework.security.web.header.HeaderWriterFilter$HeaderWriterRequest@7c47f5b0]
2024-03-22T18:45:19.938+02:00 TRACE 23292 --- [    Test worker] estMatcherDelegatingAuthorizationManager : Checking authorization on SecurityContextHolderAwareRequestWrapper[ org.springframework.security.web.header.HeaderWriterFilter$HeaderWriterRequest@7c47f5b0] using org.springframework.security.authorization.AuthenticatedAuthorizationManager@14419acf
2024-03-22T18:45:19.938+02:00 TRACE 23292 --- [    Test worker] o.s.s.w.a.AnonymousAuthenticationFilter  : Did not set SecurityContextHolder since already authenticated UsernamePasswordAuthenticationToken [Principal=org.springframework.security.core.userdetails.User [Username=user, Password=[PROTECTED], Enabled=true, AccountNonExpired=true, CredentialsNonExpired=true, AccountNonLocked=true, Granted Authorities=[ROLE_User]], Credentials=[PROTECTED], Authenticated=true, Details=null, Granted Authorities=[ROLE_User]]
2024-03-22T18:45:19.938+02:00 DEBUG 23292 --- [    Test worker] o.s.security.web.FilterChainProxy        : Secured GET /courses/1
2024-03-22T18:45:19.955+02:00 DEBUG 23292 --- [    Test worker] org.hibernate.SQL                        : select l1_0.id,l1_0.course_id,l1_0.ended,l1_0.started,l1_0.title from lectures l1_0 left join courses c1_0 on c1_0.id=l1_0.course_id where c1_0.id=?
2024-03-22T18:45:19.956+02:00 TRACE 23292 --- [    Test worker] org.hibernate.orm.jdbc.bind              : binding parameter (1:BIGINT) <- [1]
2024-03-22T18:45:19.958+02:00 DEBUG 23292 --- [    Test worker] org.hibernate.SQL                        : select c1_0.id,c1_0.age_limit,c1_0.description,c1_0.end,l1_0.id,l1_0.email,l1_0.full_name,l1_0.password,l1_0.username,r1_0.user_id,r1_0.id,r1_0.description,r1_0.name,c1_0.start,c1_0.title from courses c1_0 left join users l1_0 on l1_0.id=c1_0.lecturer_id left join reviews r1_0 on l1_0.id=r1_0.user_id where c1_0.id=?
2024-03-22T18:45:19.959+02:00 TRACE 23292 --- [    Test worker] org.hibernate.orm.jdbc.bind              : binding parameter (1:BIGINT) <- [1]
2024-03-22T18:45:19.961+02:00 DEBUG 23292 --- [    Test worker] org.hibernate.SQL                        : select s1_0.sign_in_courses_id,s1_1.id,s1_1.email,s1_1.full_name,s1_1.password,s1_1.username from users_sign_in_courses s1_0 join users s1_1 on s1_1.id=s1_0.students_id where s1_0.sign_in_courses_id=?
2024-03-22T18:45:19.962+02:00 TRACE 23292 --- [    Test worker] org.hibernate.orm.jdbc.bind              : binding parameter (1:BIGINT) <- [1]
2024-03-22T18:45:19.963+02:00 DEBUG 23292 --- [    Test worker] org.hibernate.SQL                        : select l1_0.course_id,l1_0.id,l1_0.ended,l1_0.started,l1_0.title from lectures l1_0 where l1_0.course_id=?
2024-03-22T18:45:19.963+02:00 TRACE 23292 --- [    Test worker] org.hibernate.orm.jdbc.bind              : binding parameter (1:BIGINT) <- [1]
2024-03-22T18:45:19.964+02:00 DEBUG 23292 --- [    Test worker] org.hibernate.SQL                        : select sic1_0.students_id,sic1_1.id,sic1_1.age_limit,sic1_1.description,sic1_1.end,l1_0.id,l1_0.email,l1_0.full_name,l1_0.password,l1_0.username,sic1_1.start,sic1_1.title from users_sign_in_courses sic1_0 join courses sic1_1 on sic1_1.id=sic1_0.sign_in_courses_id left join users l1_0 on l1_0.id=sic1_1.lecturer_id where sic1_0.students_id=?
2024-03-22T18:45:19.964+02:00 TRACE 23292 --- [    Test worker] org.hibernate.orm.jdbc.bind              : binding parameter (1:BIGINT) <- [5]
2024-03-22T18:45:19.965+02:00 DEBUG 23292 --- [    Test worker] org.hibernate.SQL                        : select r1_0.user_id,r1_1.id,r1_1.role_type from users_roles r1_0 join roles r1_1 on r1_1.id=r1_0.roles_id where r1_0.user_id=?
2024-03-22T18:45:19.965+02:00 TRACE 23292 --- [    Test worker] org.hibernate.orm.jdbc.bind              : binding parameter (1:BIGINT) <- [5]
2024-03-22T18:45:19.966+02:00 DEBUG 23292 --- [    Test worker] org.hibernate.SQL                        : select c1_0.lecturer_id,c1_0.id,c1_0.age_limit,c1_0.description,c1_0.end,c1_0.start,c1_0.title from courses c1_0 where c1_0.lecturer_id=?
2024-03-22T18:45:19.967+02:00 TRACE 23292 --- [    Test worker] org.hibernate.orm.jdbc.bind              : binding parameter (1:BIGINT) <- [5]
2024-03-22T18:45:20.008+02:00 DEBUG 23292 --- [    Test worker] org.hibernate.SQL                        : select c1_0.id,c1_0.age_limit,c1_0.description,c1_0.end,c1_0.lecturer_id,c1_0.start,c1_0.title from courses c1_0 offset ? rows fetch first ? rows only
2024-03-22T18:45:20.009+02:00 TRACE 23292 --- [    Test worker] org.hibernate.orm.jdbc.bind              : binding parameter (1:INTEGER) <- [0]
2024-03-22T18:45:20.009+02:00 TRACE 23292 --- [    Test worker] org.hibernate.orm.jdbc.bind              : binding parameter (2:INTEGER) <- [4]
2024-03-22T18:45:20.083+02:00 TRACE 23292 --- [    Test worker] o.s.s.w.header.writers.HstsHeaderWriter  : Not injecting HSTS header since it did not match request to [Is Secure]
2024-03-22T18:45:20.122+02:00 DEBUG 23292 --- [    Test worker] org.hibernate.SQL                        : select c1_0.id,c1_0.age_limit,c1_0.description,c1_0.end,c1_0.lecturer_id,c1_0.start,c1_0.title from courses c1_0
2024-03-22T18:45:20.124+02:00 DEBUG 23292 --- [    Test worker] org.hibernate.SQL                        : select u1_0.id,u1_0.email,u1_0.full_name,u1_0.password,u1_0.username,c1_0.lecturer_id,c1_0.id,c1_0.age_limit,c1_0.description,c1_0.end,c1_0.start,c1_0.title from users u1_0 left join courses c1_0 on u1_0.id=c1_0.lecturer_id where u1_0.id=?
2024-03-22T18:45:20.125+02:00 TRACE 23292 --- [    Test worker] org.hibernate.orm.jdbc.bind              : binding parameter (1:BIGINT) <- [5]
2024-03-22T18:45:20.126+02:00 DEBUG 23292 --- [    Test worker] org.hibernate.SQL                        : select sic1_0.students_id,sic1_1.id,sic1_1.age_limit,sic1_1.description,sic1_1.end,l1_0.id,l1_0.email,l1_0.full_name,l1_0.password,l1_0.username,sic1_1.start,sic1_1.title from users_sign_in_courses sic1_0 join courses sic1_1 on sic1_1.id=sic1_0.sign_in_courses_id left join users l1_0 on l1_0.id=sic1_1.lecturer_id where sic1_0.students_id=?
2024-03-22T18:45:20.126+02:00 TRACE 23292 --- [    Test worker] org.hibernate.orm.jdbc.bind              : binding parameter (1:BIGINT) <- [5]
2024-03-22T18:45:20.127+02:00 DEBUG 23292 --- [    Test worker] org.hibernate.SQL                        : select r1_0.user_id,r1_1.id,r1_1.role_type from users_roles r1_0 join roles r1_1 on r1_1.id=r1_0.roles_id where r1_0.user_id=?
2024-03-22T18:45:20.127+02:00 TRACE 23292 --- [    Test worker] org.hibernate.orm.jdbc.bind              : binding parameter (1:BIGINT) <- [5]
2024-03-22T18:45:20.127+02:00 DEBUG 23292 --- [    Test worker] org.hibernate.SQL                        : select r1_0.user_id,r1_0.id,r1_0.description,r1_0.name from reviews r1_0 where r1_0.user_id=?
2024-03-22T18:45:20.128+02:00 TRACE 23292 --- [    Test worker] org.hibernate.orm.jdbc.bind              : binding parameter (1:BIGINT) <- [5]
2024-03-22T18:45:20.128+02:00 DEBUG 23292 --- [    Test worker] org.hibernate.SQL                        : select s1_0.sign_in_courses_id,s1_1.id,s1_1.email,s1_1.full_name,s1_1.password,s1_1.username from users_sign_in_courses s1_0 join users s1_1 on s1_1.id=s1_0.students_id where s1_0.sign_in_courses_id=?
2024-03-22T18:45:20.128+02:00 TRACE 23292 --- [    Test worker] org.hibernate.orm.jdbc.bind              : binding parameter (1:BIGINT) <- [1]
2024-03-22T18:45:20.128+02:00 DEBUG 23292 --- [    Test worker] org.hibernate.SQL                        : select l1_0.course_id,l1_0.id,l1_0.ended,l1_0.started,l1_0.title from lectures l1_0 where l1_0.course_id=?
2024-03-22T18:45:20.128+02:00 TRACE 23292 --- [    Test worker] org.hibernate.orm.jdbc.bind              : binding parameter (1:BIGINT) <- [1]
2024-03-22T18:45:20.130+02:00 DEBUG 23292 --- [    Test worker] org.hibernate.SQL                        : delete from users_roles where user_id=?
2024-03-22T18:45:20.130+02:00 TRACE 23292 --- [    Test worker] org.hibernate.orm.jdbc.bind              : binding parameter (1:BIGINT) <- [5]
2024-03-22T18:45:20.131+02:00 DEBUG 23292 --- [    Test worker] org.hibernate.SQL                        : delete from courses where id=?
2024-03-22T18:45:20.131+02:00 TRACE 23292 --- [    Test worker] org.hibernate.orm.jdbc.bind              : binding parameter (1:BIGINT) <- [1]
2024-03-22T18:45:20.132+02:00 DEBUG 23292 --- [    Test worker] org.hibernate.SQL                        : delete from roles where id=?
2024-03-22T18:45:20.132+02:00 TRACE 23292 --- [    Test worker] org.hibernate.orm.jdbc.bind              : binding parameter (1:BIGINT) <- [5]
2024-03-22T18:45:20.132+02:00 DEBUG 23292 --- [    Test worker] org.hibernate.SQL                        : delete from users where id=?
2024-03-22T18:45:20.132+02:00 TRACE 23292 --- [    Test worker] org.hibernate.orm.jdbc.bind              : binding parameter (1:BIGINT) <- [5]
2024-03-22T18:45:20.134+02:00 DEBUG 23292 --- [    Test worker] org.hibernate.SQL                        : select u1_0.id,u1_0.email,u1_0.full_name,u1_0.password,u1_0.username from users u1_0
2024-03-22T18:45:20.145+02:00 DEBUG 23292 --- [    Test worker] org.hibernate.SQL                        : select c1_0.id,c1_0.age_limit,c1_0.description,c1_0.end,c1_0.lecturer_id,c1_0.start,c1_0.title from courses c1_0
2024-03-22T18:45:20.147+02:00 DEBUG 23292 --- [    Test worker] org.hibernate.SQL                        : insert into roles (role_type,id) values (?,default)
2024-03-22T18:45:20.147+02:00 TRACE 23292 --- [    Test worker] org.hibernate.orm.jdbc.bind              : binding parameter (1:VARCHAR) <- [Lecturer]
2024-03-22T18:45:20.149+02:00 DEBUG 23292 --- [    Test worker] org.hibernate.SQL                        : insert into users (email,full_name,password,username,id) values (?,?,?,?,default)
2024-03-22T18:45:20.150+02:00 TRACE 23292 --- [    Test worker] org.hibernate.orm.jdbc.bind              : binding parameter (1:VARCHAR) <- [111@123]
2024-03-22T18:45:20.150+02:00 TRACE 23292 --- [    Test worker] org.hibernate.orm.jdbc.bind              : binding parameter (2:VARCHAR) <- [Test Testov]
2024-03-22T18:45:20.150+02:00 TRACE 23292 --- [    Test worker] org.hibernate.orm.jdbc.bind              : binding parameter (3:VARCHAR) <- [1234]
2024-03-22T18:45:20.150+02:00 TRACE 23292 --- [    Test worker] org.hibernate.orm.jdbc.bind              : binding parameter (4:VARCHAR) <- [test lecturer]
2024-03-22T18:45:20.152+02:00 DEBUG 23292 --- [    Test worker] org.hibernate.SQL                        : insert into users_roles (user_id,roles_id) values (?,?)
2024-03-22T18:45:20.152+02:00 TRACE 23292 --- [    Test worker] org.hibernate.orm.jdbc.bind              : binding parameter (1:BIGINT) <- [6]
2024-03-22T18:45:20.152+02:00 TRACE 23292 --- [    Test worker] org.hibernate.orm.jdbc.bind              : binding parameter (2:BIGINT) <- [6]
2024-03-22T18:45:20.153+02:00 DEBUG 23292 --- [    Test worker] org.hibernate.SQL                        : insert into courses (age_limit,description,end,lecturer_id,start,title,id) values (?,?,?,?,?,?,default)
2024-03-22T18:45:20.153+02:00 TRACE 23292 --- [    Test worker] org.hibernate.orm.jdbc.bind              : binding parameter (1:VARCHAR) <- [NineToTwelve]
2024-03-22T18:45:20.154+02:00 TRACE 23292 --- [    Test worker] org.hibernate.orm.jdbc.bind              : binding parameter (2:VARCHAR) <- [testttttttttttt]
2024-03-22T18:45:20.155+02:00 TRACE 23292 --- [    Test worker] org.hibernate.orm.jdbc.bind              : binding parameter (3:TIMESTAMP) <- [2024-05-25T00:00]
2024-03-22T18:45:20.155+02:00 TRACE 23292 --- [    Test worker] org.hibernate.orm.jdbc.bind              : binding parameter (4:BIGINT) <- [6]
2024-03-22T18:45:20.155+02:00 TRACE 23292 --- [    Test worker] org.hibernate.orm.jdbc.bind              : binding parameter (5:TIMESTAMP) <- [2024-03-12T00:00]
2024-03-22T18:45:20.155+02:00 TRACE 23292 --- [    Test worker] org.hibernate.orm.jdbc.bind              : binding parameter (6:VARCHAR) <- [Test title]
2024-03-22T18:45:20.158+02:00 DEBUG 23292 --- [    Test worker] org.hibernate.SQL                        : select r1_0.id,r1_0.role_type from roles r1_0 where r1_0.role_type in (?)
2024-03-22T18:45:20.162+02:00 TRACE 23292 --- [    Test worker] org.hibernate.orm.jdbc.bind              : binding parameter (1:VARCHAR) <- [User]
2024-03-22T18:45:20.167+02:00 DEBUG 23292 --- [    Test worker] org.hibernate.SQL                        : insert into roles (role_type,id) values (?,default)
2024-03-22T18:45:20.168+02:00 TRACE 23292 --- [    Test worker] org.hibernate.orm.jdbc.bind              : binding parameter (1:VARCHAR) <- [User]
2024-03-22T18:45:20.172+02:00 DEBUG 23292 --- [    Test worker] org.hibernate.SQL                        : insert into users (email,full_name,password,username,id) values (?,?,?,?,default)
2024-03-22T18:45:20.172+02:00 TRACE 23292 --- [    Test worker] org.hibernate.orm.jdbc.bind              : binding parameter (1:VARCHAR) <- [example@com]
2024-03-22T18:45:20.172+02:00 TRACE 23292 --- [    Test worker] org.hibernate.orm.jdbc.bind              : binding parameter (2:VARCHAR) <- [Test Testov]
2024-03-22T18:45:20.172+02:00 TRACE 23292 --- [    Test worker] org.hibernate.orm.jdbc.bind              : binding parameter (3:VARCHAR) <- [1234]
2024-03-22T18:45:20.172+02:00 TRACE 23292 --- [    Test worker] org.hibernate.orm.jdbc.bind              : binding parameter (4:VARCHAR) <- [user]
2024-03-22T18:45:20.174+02:00 DEBUG 23292 --- [    Test worker] org.hibernate.SQL                        : insert into users_roles (user_id,roles_id) values (?,?)
2024-03-22T18:45:20.174+02:00 TRACE 23292 --- [    Test worker] org.hibernate.orm.jdbc.bind              : binding parameter (1:BIGINT) <- [7]
2024-03-22T18:45:20.174+02:00 TRACE 23292 --- [    Test worker] org.hibernate.orm.jdbc.bind              : binding parameter (2:BIGINT) <- [7]
2024-03-22T18:45:20.175+02:00 DEBUG 23292 --- [    Test worker] org.hibernate.SQL                        : select c1_0.id,c1_0.age_limit,c1_0.description,c1_0.end,l1_0.id,l1_0.email,l1_0.full_name,l1_0.password,l1_0.username,r1_0.user_id,r1_0.id,r1_0.description,r1_0.name,c1_0.start,c1_0.title from courses c1_0 left join users l1_0 on l1_0.id=c1_0.lecturer_id left join reviews r1_0 on l1_0.id=r1_0.user_id where c1_0.id=?
2024-03-22T18:45:20.176+02:00 TRACE 23292 --- [    Test worker] org.hibernate.orm.jdbc.bind              : binding parameter (1:BIGINT) <- [2]
2024-03-22T18:45:20.177+02:00 DEBUG 23292 --- [    Test worker] org.hibernate.SQL                        : select s1_0.sign_in_courses_id,s1_1.id,s1_1.email,s1_1.full_name,s1_1.password,s1_1.username from users_sign_in_courses s1_0 join users s1_1 on s1_1.id=s1_0.students_id where s1_0.sign_in_courses_id=?
2024-03-22T18:45:20.177+02:00 TRACE 23292 --- [    Test worker] org.hibernate.orm.jdbc.bind              : binding parameter (1:BIGINT) <- [2]
2024-03-22T18:45:20.178+02:00 DEBUG 23292 --- [    Test worker] org.hibernate.SQL                        : select l1_0.course_id,l1_0.id,l1_0.ended,l1_0.started,l1_0.title from lectures l1_0 where l1_0.course_id=?
2024-03-22T18:45:20.179+02:00 TRACE 23292 --- [    Test worker] org.hibernate.orm.jdbc.bind              : binding parameter (1:BIGINT) <- [2]
2024-03-22T18:45:20.179+02:00 DEBUG 23292 --- [    Test worker] org.hibernate.SQL                        : select sic1_0.students_id,sic1_1.id,sic1_1.age_limit,sic1_1.description,sic1_1.end,l1_0.id,l1_0.email,l1_0.full_name,l1_0.password,l1_0.username,sic1_1.start,sic1_1.title from users_sign_in_courses sic1_0 join courses sic1_1 on sic1_1.id=sic1_0.sign_in_courses_id left join users l1_0 on l1_0.id=sic1_1.lecturer_id where sic1_0.students_id=?
2024-03-22T18:45:20.180+02:00 TRACE 23292 --- [    Test worker] org.hibernate.orm.jdbc.bind              : binding parameter (1:BIGINT) <- [6]
2024-03-22T18:45:20.180+02:00 DEBUG 23292 --- [    Test worker] org.hibernate.SQL                        : select r1_0.user_id,r1_1.id,r1_1.role_type from users_roles r1_0 join roles r1_1 on r1_1.id=r1_0.roles_id where r1_0.user_id=?
2024-03-22T18:45:20.180+02:00 TRACE 23292 --- [    Test worker] org.hibernate.orm.jdbc.bind              : binding parameter (1:BIGINT) <- [6]
2024-03-22T18:45:20.182+02:00 DEBUG 23292 --- [    Test worker] org.hibernate.SQL                        : select c1_0.lecturer_id,c1_0.id,c1_0.age_limit,c1_0.description,c1_0.end,c1_0.start,c1_0.title from courses c1_0 where c1_0.lecturer_id=?
2024-03-22T18:45:20.182+02:00 TRACE 23292 --- [    Test worker] org.hibernate.orm.jdbc.bind              : binding parameter (1:BIGINT) <- [6]
2024-03-22T18:45:20.183+02:00 TRACE 23292 --- [    Test worker] w.c.HttpSessionSecurityContextRepository : No HttpSession currently exists
2024-03-22T18:45:20.183+02:00 TRACE 23292 --- [    Test worker] w.c.HttpSessionSecurityContextRepository : Created SecurityContextImpl [Null authentication]
2024-03-22T18:45:20.183+02:00 TRACE 23292 --- [    Test worker] .s.s.w.c.SupplierDeferredSecurityContext : Created SecurityContextImpl [Null authentication]
2024-03-22T18:45:20.183+02:00 DEBUG 23292 --- [    Test worker] w.c.HttpSessionSecurityContextRepository : Created HttpSession as SecurityContext is non-default
2024-03-22T18:45:20.183+02:00 DEBUG 23292 --- [    Test worker] w.c.HttpSessionSecurityContextRepository : Stored SecurityContextImpl [Authentication=UsernamePasswordAuthenticationToken [Principal=org.springframework.security.core.userdetails.User [Username=user, Password=[PROTECTED], Enabled=true, AccountNonExpired=true, CredentialsNonExpired=true, AccountNonLocked=true, Granted Authorities=[ROLE_User]], Credentials=[PROTECTED], Authenticated=true, Details=null, Granted Authorities=[ROLE_User]]] to HttpSession [org.springframework.mock.web.MockHttpSession@7a7fdd22]
2024-03-22T18:45:20.184+02:00 TRACE 23292 --- [    Test worker] o.s.security.web.FilterChainProxy        : Trying to match request against DefaultSecurityFilterChain [RequestMatcher=any request, Filters=[org.springframework.security.web.session.DisableEncodeUrlFilter@d5b9704, org.springframework.security.web.context.request.async.WebAsyncManagerIntegrationFilter@326471ab, org.springframework.security.web.context.SecurityContextHolderFilter@98be09f, org.springframework.security.web.header.HeaderWriterFilter@1f7e6c3a, org.springframework.web.filter.CorsFilter@66af6b7b, org.springframework.security.web.csrf.CsrfFilter@44a83ca4, org.springframework.security.web.authentication.logout.LogoutFilter@6ac3ceda, org.springframework.security.web.authentication.UsernamePasswordAuthenticationFilter@285290a1, org.springframework.security.web.savedrequest.RequestCacheAwareFilter@2acec770, org.springframework.security.web.servletapi.SecurityContextHolderAwareRequestFilter@5b481d77, org.springframework.security.web.authentication.rememberme.RememberMeAuthenticationFilter@647b7f63, org.springframework.security.web.authentication.AnonymousAuthenticationFilter@5e232d07, org.springframework.security.web.access.ExceptionTranslationFilter@47a1b2f7, org.springframework.security.web.access.intercept.AuthorizationFilter@789f27e5]] (1/1)
2024-03-22T18:45:20.185+02:00 DEBUG 23292 --- [    Test worker] o.s.security.web.FilterChainProxy        : Securing GET /courses/signInUp/2
2024-03-22T18:45:20.185+02:00 TRACE 23292 --- [    Test worker] o.s.security.web.FilterChainProxy        : Invoking DisableEncodeUrlFilter (1/14)
2024-03-22T18:45:20.185+02:00 TRACE 23292 --- [    Test worker] o.s.security.web.FilterChainProxy        : Invoking WebAsyncManagerIntegrationFilter (2/14)
2024-03-22T18:45:20.185+02:00 TRACE 23292 --- [    Test worker] o.s.security.web.FilterChainProxy        : Invoking SecurityContextHolderFilter (3/14)
2024-03-22T18:45:20.185+02:00 TRACE 23292 --- [    Test worker] o.s.security.web.FilterChainProxy        : Invoking HeaderWriterFilter (4/14)
2024-03-22T18:45:20.185+02:00 TRACE 23292 --- [    Test worker] o.s.security.web.FilterChainProxy        : Invoking CorsFilter (5/14)
2024-03-22T18:45:20.185+02:00 TRACE 23292 --- [    Test worker] o.s.security.web.FilterChainProxy        : Invoking CsrfFilter (6/14)
2024-03-22T18:45:20.185+02:00 TRACE 23292 --- [    Test worker] o.s.security.web.csrf.CsrfFilter         : Did not protect against CSRF since request did not match CsrfNotRequired [TRACE, HEAD, GET, OPTIONS]
2024-03-22T18:45:20.185+02:00 TRACE 23292 --- [    Test worker] o.s.security.web.FilterChainProxy        : Invoking LogoutFilter (7/14)
2024-03-22T18:45:20.185+02:00 TRACE 23292 --- [    Test worker] o.s.s.w.a.logout.LogoutFilter            : Did not match request to Ant [pattern='/users/logout', POST]
2024-03-22T18:45:20.185+02:00 TRACE 23292 --- [    Test worker] o.s.security.web.FilterChainProxy        : Invoking UsernamePasswordAuthenticationFilter (8/14)
2024-03-22T18:45:20.185+02:00 TRACE 23292 --- [    Test worker] w.a.UsernamePasswordAuthenticationFilter : Did not match request to Ant [pattern='/users/login', POST]
2024-03-22T18:45:20.185+02:00 TRACE 23292 --- [    Test worker] o.s.security.web.FilterChainProxy        : Invoking RequestCacheAwareFilter (9/14)
2024-03-22T18:45:20.186+02:00 TRACE 23292 --- [    Test worker] o.s.s.w.s.HttpSessionRequestCache        : matchingRequestParameterName is required for getMatchingRequest to lookup a value, but not provided
2024-03-22T18:45:20.186+02:00 TRACE 23292 --- [    Test worker] o.s.security.web.FilterChainProxy        : Invoking SecurityContextHolderAwareRequestFilter (10/14)
2024-03-22T18:45:20.186+02:00 TRACE 23292 --- [    Test worker] o.s.security.web.FilterChainProxy        : Invoking RememberMeAuthenticationFilter (11/14)
2024-03-22T18:45:20.186+02:00 TRACE 23292 --- [    Test worker] w.c.HttpSessionSecurityContextRepository : Retrieved SecurityContextImpl [Authentication=UsernamePasswordAuthenticationToken [Principal=org.springframework.security.core.userdetails.User [Username=user, Password=[PROTECTED], Enabled=true, AccountNonExpired=true, CredentialsNonExpired=true, AccountNonLocked=true, Granted Authorities=[ROLE_User]], Credentials=[PROTECTED], Authenticated=true, Details=null, Granted Authorities=[ROLE_User]]] from SPRING_SECURITY_CONTEXT
2024-03-22T18:45:20.186+02:00 DEBUG 23292 --- [    Test worker] s.s.w.a.r.RememberMeAuthenticationFilter : SecurityContextHolder not populated with remember-me token, as it already contained: 'UsernamePasswordAuthenticationToken [Principal=org.springframework.security.core.userdetails.User [Username=user, Password=[PROTECTED], Enabled=true, AccountNonExpired=true, CredentialsNonExpired=true, AccountNonLocked=true, Granted Authorities=[ROLE_User]], Credentials=[PROTECTED], Authenticated=true, Details=null, Granted Authorities=[ROLE_User]]'
2024-03-22T18:45:20.186+02:00 TRACE 23292 --- [    Test worker] o.s.security.web.FilterChainProxy        : Invoking AnonymousAuthenticationFilter (12/14)
2024-03-22T18:45:20.186+02:00 TRACE 23292 --- [    Test worker] o.s.security.web.FilterChainProxy        : Invoking ExceptionTranslationFilter (13/14)
2024-03-22T18:45:20.186+02:00 TRACE 23292 --- [    Test worker] o.s.security.web.FilterChainProxy        : Invoking AuthorizationFilter (14/14)
2024-03-22T18:45:20.186+02:00 TRACE 23292 --- [    Test worker] estMatcherDelegatingAuthorizationManager : Authorizing SecurityContextHolderAwareRequestWrapper[ org.springframework.security.web.header.HeaderWriterFilter$HeaderWriterRequest@33bbbc9e]
2024-03-22T18:45:20.186+02:00 TRACE 23292 --- [    Test worker] estMatcherDelegatingAuthorizationManager : Checking authorization on SecurityContextHolderAwareRequestWrapper[ org.springframework.security.web.header.HeaderWriterFilter$HeaderWriterRequest@33bbbc9e] using org.springframework.security.authorization.AuthenticatedAuthorizationManager@14419acf
2024-03-22T18:45:20.186+02:00 TRACE 23292 --- [    Test worker] o.s.s.w.a.AnonymousAuthenticationFilter  : Did not set SecurityContextHolder since already authenticated UsernamePasswordAuthenticationToken [Principal=org.springframework.security.core.userdetails.User [Username=user, Password=[PROTECTED], Enabled=true, AccountNonExpired=true, CredentialsNonExpired=true, AccountNonLocked=true, Granted Authorities=[ROLE_User]], Credentials=[PROTECTED], Authenticated=true, Details=null, Granted Authorities=[ROLE_User]]
2024-03-22T18:45:20.187+02:00 DEBUG 23292 --- [    Test worker] o.s.security.web.FilterChainProxy        : Secured GET /courses/signInUp/2
2024-03-22T18:45:20.198+02:00 DEBUG 23292 --- [    Test worker] org.hibernate.SQL                        : select u1_0.id,u1_0.email,u1_0.full_name,u1_0.password,u1_0.username from users u1_0 where u1_0.username=?
2024-03-22T18:45:20.198+02:00 TRACE 23292 --- [    Test worker] org.hibernate.orm.jdbc.bind              : binding parameter (1:VARCHAR) <- [user]
2024-03-22T18:45:20.200+02:00 DEBUG 23292 --- [    Test worker] org.hibernate.SQL                        : select sic1_0.students_id,sic1_1.id,sic1_1.age_limit,sic1_1.description,sic1_1.end,l1_0.id,l1_0.email,l1_0.full_name,l1_0.password,l1_0.username,sic1_1.start,sic1_1.title from users_sign_in_courses sic1_0 join courses sic1_1 on sic1_1.id=sic1_0.sign_in_courses_id left join users l1_0 on l1_0.id=sic1_1.lecturer_id where sic1_0.students_id=?
2024-03-22T18:45:20.203+02:00 TRACE 23292 --- [    Test worker] org.hibernate.orm.jdbc.bind              : binding parameter (1:BIGINT) <- [7]
2024-03-22T18:45:20.204+02:00 DEBUG 23292 --- [    Test worker] org.hibernate.SQL                        : select r1_0.user_id,r1_1.id,r1_1.role_type from users_roles r1_0 join roles r1_1 on r1_1.id=r1_0.roles_id where r1_0.user_id=?
2024-03-22T18:45:20.204+02:00 TRACE 23292 --- [    Test worker] org.hibernate.orm.jdbc.bind              : binding parameter (1:BIGINT) <- [7]
2024-03-22T18:45:20.205+02:00 DEBUG 23292 --- [    Test worker] org.hibernate.SQL                        : select r1_0.user_id,r1_0.id,r1_0.description,r1_0.name from reviews r1_0 where r1_0.user_id=?
2024-03-22T18:45:20.206+02:00 TRACE 23292 --- [    Test worker] org.hibernate.orm.jdbc.bind              : binding parameter (1:BIGINT) <- [7]
2024-03-22T18:45:20.206+02:00 DEBUG 23292 --- [    Test worker] org.hibernate.SQL                        : select c1_0.lecturer_id,c1_0.id,c1_0.age_limit,c1_0.description,c1_0.end,c1_0.start,c1_0.title from courses c1_0 where c1_0.lecturer_id=?
2024-03-22T18:45:20.206+02:00 TRACE 23292 --- [    Test worker] org.hibernate.orm.jdbc.bind              : binding parameter (1:BIGINT) <- [7]
2024-03-22T18:45:20.208+02:00 DEBUG 23292 --- [    Test worker] org.hibernate.SQL                        : select c1_0.id,c1_0.age_limit,c1_0.description,c1_0.end,l1_0.id,l1_0.email,l1_0.full_name,l1_0.password,l1_0.username,r1_0.user_id,r1_0.id,r1_0.description,r1_0.name,c1_0.start,c1_0.title from courses c1_0 left join users l1_0 on l1_0.id=c1_0.lecturer_id left join reviews r1_0 on l1_0.id=r1_0.user_id where c1_0.id=?
2024-03-22T18:45:20.208+02:00 TRACE 23292 --- [    Test worker] org.hibernate.orm.jdbc.bind              : binding parameter (1:BIGINT) <- [2]
2024-03-22T18:45:20.209+02:00 DEBUG 23292 --- [    Test worker] org.hibernate.SQL                        : select s1_0.sign_in_courses_id,s1_1.id,s1_1.email,s1_1.full_name,s1_1.password,s1_1.username from users_sign_in_courses s1_0 join users s1_1 on s1_1.id=s1_0.students_id where s1_0.sign_in_courses_id=?
2024-03-22T18:45:20.209+02:00 TRACE 23292 --- [    Test worker] org.hibernate.orm.jdbc.bind              : binding parameter (1:BIGINT) <- [2]
2024-03-22T18:45:20.209+02:00 DEBUG 23292 --- [    Test worker] org.hibernate.SQL                        : select l1_0.course_id,l1_0.id,l1_0.ended,l1_0.started,l1_0.title from lectures l1_0 where l1_0.course_id=?
2024-03-22T18:45:20.210+02:00 TRACE 23292 --- [    Test worker] org.hibernate.orm.jdbc.bind              : binding parameter (1:BIGINT) <- [2]
2024-03-22T18:45:20.210+02:00 DEBUG 23292 --- [    Test worker] org.hibernate.SQL                        : select sic1_0.students_id,sic1_1.id,sic1_1.age_limit,sic1_1.description,sic1_1.end,l1_0.id,l1_0.email,l1_0.full_name,l1_0.password,l1_0.username,sic1_1.start,sic1_1.title from users_sign_in_courses sic1_0 join courses sic1_1 on sic1_1.id=sic1_0.sign_in_courses_id left join users l1_0 on l1_0.id=sic1_1.lecturer_id where sic1_0.students_id=?
2024-03-22T18:45:20.210+02:00 TRACE 23292 --- [    Test worker] org.hibernate.orm.jdbc.bind              : binding parameter (1:BIGINT) <- [6]
2024-03-22T18:45:20.211+02:00 DEBUG 23292 --- [    Test worker] org.hibernate.SQL                        : select r1_0.user_id,r1_1.id,r1_1.role_type from users_roles r1_0 join roles r1_1 on r1_1.id=r1_0.roles_id where r1_0.user_id=?
2024-03-22T18:45:20.211+02:00 TRACE 23292 --- [    Test worker] org.hibernate.orm.jdbc.bind              : binding parameter (1:BIGINT) <- [6]
2024-03-22T18:45:20.217+02:00 DEBUG 23292 --- [    Test worker] org.hibernate.SQL                        : select c1_0.lecturer_id,c1_0.id,c1_0.age_limit,c1_0.description,c1_0.end,c1_0.start,c1_0.title from courses c1_0 where c1_0.lecturer_id=?
2024-03-22T18:45:20.218+02:00 TRACE 23292 --- [    Test worker] org.hibernate.orm.jdbc.bind              : binding parameter (1:BIGINT) <- [6]
2024-03-22T18:45:20.231+02:00 DEBUG 23292 --- [    Test worker] org.hibernate.SQL                        : insert into users_sign_in_courses (students_id,sign_in_courses_id) values (?,?)
2024-03-22T18:45:20.232+02:00 TRACE 23292 --- [    Test worker] org.hibernate.orm.jdbc.bind              : binding parameter (1:BIGINT) <- [7]
2024-03-22T18:45:20.232+02:00 TRACE 23292 --- [    Test worker] org.hibernate.orm.jdbc.bind              : binding parameter (2:BIGINT) <- [2]
2024-03-22T18:45:20.237+02:00 TRACE 23292 --- [    Test worker] o.s.s.w.header.writers.HstsHeaderWriter  : Not injecting HSTS header since it did not match request to [Is Secure]
2024-03-22T18:45:20.239+02:00 DEBUG 23292 --- [    Test worker] org.hibernate.SQL                        : select c1_0.id,c1_0.age_limit,c1_0.description,c1_0.end,l1_0.id,l1_0.email,l1_0.full_name,l1_0.password,l1_0.username,r1_0.user_id,r1_0.id,r1_0.description,r1_0.name,c1_0.start,c1_0.title from courses c1_0 left join users l1_0 on l1_0.id=c1_0.lecturer_id left join reviews r1_0 on l1_0.id=r1_0.user_id where c1_0.id=?
2024-03-22T18:45:20.240+02:00 TRACE 23292 --- [    Test worker] org.hibernate.orm.jdbc.bind              : binding parameter (1:BIGINT) <- [2]
2024-03-22T18:45:20.241+02:00 DEBUG 23292 --- [    Test worker] org.hibernate.SQL                        : select s1_0.sign_in_courses_id,s1_1.id,s1_1.email,s1_1.full_name,s1_1.password,s1_1.username from users_sign_in_courses s1_0 join users s1_1 on s1_1.id=s1_0.students_id where s1_0.sign_in_courses_id=?
2024-03-22T18:45:20.242+02:00 TRACE 23292 --- [    Test worker] org.hibernate.orm.jdbc.bind              : binding parameter (1:BIGINT) <- [2]
2024-03-22T18:45:20.242+02:00 DEBUG 23292 --- [    Test worker] org.hibernate.SQL                        : select sic1_0.students_id,sic1_1.id,sic1_1.age_limit,sic1_1.description,sic1_1.end,l1_0.id,l1_0.email,l1_0.full_name,l1_0.password,l1_0.username,sic1_1.start,sic1_1.title from users_sign_in_courses sic1_0 join courses sic1_1 on sic1_1.id=sic1_0.sign_in_courses_id left join users l1_0 on l1_0.id=sic1_1.lecturer_id where sic1_0.students_id=?
2024-03-22T18:45:20.243+02:00 TRACE 23292 --- [    Test worker] org.hibernate.orm.jdbc.bind              : binding parameter (1:BIGINT) <- [7]
2024-03-22T18:45:20.243+02:00 DEBUG 23292 --- [    Test worker] org.hibernate.SQL                        : select r1_0.user_id,r1_1.id,r1_1.role_type from users_roles r1_0 join roles r1_1 on r1_1.id=r1_0.roles_id where r1_0.user_id=?
2024-03-22T18:45:20.244+02:00 TRACE 23292 --- [    Test worker] org.hibernate.orm.jdbc.bind              : binding parameter (1:BIGINT) <- [7]
2024-03-22T18:45:20.244+02:00 DEBUG 23292 --- [    Test worker] org.hibernate.SQL                        : select r1_0.user_id,r1_0.id,r1_0.description,r1_0.name from reviews r1_0 where r1_0.user_id=?
2024-03-22T18:45:20.244+02:00 TRACE 23292 --- [    Test worker] org.hibernate.orm.jdbc.bind              : binding parameter (1:BIGINT) <- [7]
2024-03-22T18:45:20.245+02:00 DEBUG 23292 --- [    Test worker] org.hibernate.SQL                        : select c1_0.lecturer_id,c1_0.id,c1_0.age_limit,c1_0.description,c1_0.end,c1_0.start,c1_0.title from courses c1_0 where c1_0.lecturer_id=?
2024-03-22T18:45:20.245+02:00 TRACE 23292 --- [    Test worker] org.hibernate.orm.jdbc.bind              : binding parameter (1:BIGINT) <- [7]
2024-03-22T18:45:20.245+02:00 DEBUG 23292 --- [    Test worker] org.hibernate.SQL                        : select l1_0.course_id,l1_0.id,l1_0.ended,l1_0.started,l1_0.title from lectures l1_0 where l1_0.course_id=?
2024-03-22T18:45:20.245+02:00 TRACE 23292 --- [    Test worker] org.hibernate.orm.jdbc.bind              : binding parameter (1:BIGINT) <- [2]
2024-03-22T18:45:20.246+02:00 DEBUG 23292 --- [    Test worker] org.hibernate.SQL                        : select sic1_0.students_id,sic1_1.id,sic1_1.age_limit,sic1_1.description,sic1_1.end,l1_0.id,l1_0.email,l1_0.full_name,l1_0.password,l1_0.username,sic1_1.start,sic1_1.title from users_sign_in_courses sic1_0 join courses sic1_1 on sic1_1.id=sic1_0.sign_in_courses_id left join users l1_0 on l1_0.id=sic1_1.lecturer_id where sic1_0.students_id=?
2024-03-22T18:45:20.246+02:00 TRACE 23292 --- [    Test worker] org.hibernate.orm.jdbc.bind              : binding parameter (1:BIGINT) <- [6]
2024-03-22T18:45:20.246+02:00 DEBUG 23292 --- [    Test worker] org.hibernate.SQL                        : select r1_0.user_id,r1_1.id,r1_1.role_type from users_roles r1_0 join roles r1_1 on r1_1.id=r1_0.roles_id where r1_0.user_id=?
2024-03-22T18:45:20.246+02:00 TRACE 23292 --- [    Test worker] org.hibernate.orm.jdbc.bind              : binding parameter (1:BIGINT) <- [6]
2024-03-22T18:45:20.247+02:00 DEBUG 23292 --- [    Test worker] org.hibernate.SQL                        : select c1_0.lecturer_id,c1_0.id,c1_0.age_limit,c1_0.description,c1_0.end,c1_0.start,c1_0.title from courses c1_0 where c1_0.lecturer_id=?
2024-03-22T18:45:20.247+02:00 TRACE 23292 --- [    Test worker] org.hibernate.orm.jdbc.bind              : binding parameter (1:BIGINT) <- [6]
2024-03-22T18:45:20.250+02:00 DEBUG 23292 --- [    Test worker] org.hibernate.SQL                        : select c1_0.id,c1_0.age_limit,c1_0.description,c1_0.end,c1_0.lecturer_id,c1_0.start,c1_0.title from courses c1_0
2024-03-22T18:45:20.251+02:00 DEBUG 23292 --- [    Test worker] org.hibernate.SQL                        : select u1_0.id,u1_0.email,u1_0.full_name,u1_0.password,u1_0.username,c1_0.lecturer_id,c1_0.id,c1_0.age_limit,c1_0.description,c1_0.end,c1_0.start,c1_0.title from users u1_0 left join courses c1_0 on u1_0.id=c1_0.lecturer_id where u1_0.id=?
2024-03-22T18:45:20.252+02:00 TRACE 23292 --- [    Test worker] org.hibernate.orm.jdbc.bind              : binding parameter (1:BIGINT) <- [6]
2024-03-22T18:45:20.254+02:00 DEBUG 23292 --- [    Test worker] org.hibernate.SQL                        : select sic1_0.students_id,sic1_1.id,sic1_1.age_limit,sic1_1.description,sic1_1.end,l1_0.id,l1_0.email,l1_0.full_name,l1_0.password,l1_0.username,sic1_1.start,sic1_1.title from users_sign_in_courses sic1_0 join courses sic1_1 on sic1_1.id=sic1_0.sign_in_courses_id left join users l1_0 on l1_0.id=sic1_1.lecturer_id where sic1_0.students_id=?
2024-03-22T18:45:20.255+02:00 TRACE 23292 --- [    Test worker] org.hibernate.orm.jdbc.bind              : binding parameter (1:BIGINT) <- [6]
2024-03-22T18:45:20.256+02:00 DEBUG 23292 --- [    Test worker] org.hibernate.SQL                        : select r1_0.user_id,r1_1.id,r1_1.role_type from users_roles r1_0 join roles r1_1 on r1_1.id=r1_0.roles_id where r1_0.user_id=?
2024-03-22T18:45:20.256+02:00 TRACE 23292 --- [    Test worker] org.hibernate.orm.jdbc.bind              : binding parameter (1:BIGINT) <- [6]
2024-03-22T18:45:20.257+02:00 DEBUG 23292 --- [    Test worker] org.hibernate.SQL                        : select r1_0.user_id,r1_0.id,r1_0.description,r1_0.name from reviews r1_0 where r1_0.user_id=?
2024-03-22T18:45:20.257+02:00 TRACE 23292 --- [    Test worker] org.hibernate.orm.jdbc.bind              : binding parameter (1:BIGINT) <- [6]
2024-03-22T18:45:20.257+02:00 DEBUG 23292 --- [    Test worker] org.hibernate.SQL                        : select s1_0.sign_in_courses_id,s1_1.id,s1_1.email,s1_1.full_name,s1_1.password,s1_1.username from users_sign_in_courses s1_0 join users s1_1 on s1_1.id=s1_0.students_id where s1_0.sign_in_courses_id=?
2024-03-22T18:45:20.258+02:00 TRACE 23292 --- [    Test worker] org.hibernate.orm.jdbc.bind              : binding parameter (1:BIGINT) <- [2]
2024-03-22T18:45:20.261+02:00 DEBUG 23292 --- [    Test worker] org.hibernate.SQL                        : select sic1_0.students_id,sic1_1.id,sic1_1.age_limit,sic1_1.description,sic1_1.end,l1_0.id,l1_0.email,l1_0.full_name,l1_0.password,l1_0.username,sic1_1.start,sic1_1.title from users_sign_in_courses sic1_0 join courses sic1_1 on sic1_1.id=sic1_0.sign_in_courses_id left join users l1_0 on l1_0.id=sic1_1.lecturer_id where sic1_0.students_id=?
2024-03-22T18:45:20.261+02:00 TRACE 23292 --- [    Test worker] org.hibernate.orm.jdbc.bind              : binding parameter (1:BIGINT) <- [7]
2024-03-22T18:45:20.262+02:00 DEBUG 23292 --- [    Test worker] org.hibernate.SQL                        : select r1_0.user_id,r1_1.id,r1_1.role_type from users_roles r1_0 join roles r1_1 on r1_1.id=r1_0.roles_id where r1_0.user_id=?
2024-03-22T18:45:20.262+02:00 TRACE 23292 --- [    Test worker] org.hibernate.orm.jdbc.bind              : binding parameter (1:BIGINT) <- [7]
2024-03-22T18:45:20.264+02:00 DEBUG 23292 --- [    Test worker] org.hibernate.SQL                        : select r1_0.user_id,r1_0.id,r1_0.description,r1_0.name from reviews r1_0 where r1_0.user_id=?
2024-03-22T18:45:20.265+02:00 TRACE 23292 --- [    Test worker] org.hibernate.orm.jdbc.bind              : binding parameter (1:BIGINT) <- [7]
2024-03-22T18:45:20.268+02:00 DEBUG 23292 --- [    Test worker] org.hibernate.SQL                        : select c1_0.lecturer_id,c1_0.id,c1_0.age_limit,c1_0.description,c1_0.end,c1_0.start,c1_0.title from courses c1_0 where c1_0.lecturer_id=?
2024-03-22T18:45:20.268+02:00 TRACE 23292 --- [    Test worker] org.hibernate.orm.jdbc.bind              : binding parameter (1:BIGINT) <- [7]
2024-03-22T18:45:20.269+02:00 DEBUG 23292 --- [    Test worker] org.hibernate.SQL                        : select l1_0.course_id,l1_0.id,l1_0.ended,l1_0.started,l1_0.title from lectures l1_0 where l1_0.course_id=?
2024-03-22T18:45:20.271+02:00 TRACE 23292 --- [    Test worker] org.hibernate.orm.jdbc.bind              : binding parameter (1:BIGINT) <- [2]
2024-03-22T18:45:20.273+02:00 DEBUG 23292 --- [    Test worker] org.hibernate.SQL                        : delete from users_roles where user_id=?
2024-03-22T18:45:20.273+02:00 TRACE 23292 --- [    Test worker] org.hibernate.orm.jdbc.bind              : binding parameter (1:BIGINT) <- [6]
2024-03-22T18:45:20.274+02:00 DEBUG 23292 --- [    Test worker] org.hibernate.SQL                        : delete from users_roles where user_id=?
2024-03-22T18:45:20.275+02:00 TRACE 23292 --- [    Test worker] org.hibernate.orm.jdbc.bind              : binding parameter (1:BIGINT) <- [7]
2024-03-22T18:45:20.276+02:00 DEBUG 23292 --- [    Test worker] org.hibernate.SQL                        : delete from users_sign_in_courses where students_id=?
2024-03-22T18:45:20.278+02:00 TRACE 23292 --- [    Test worker] org.hibernate.orm.jdbc.bind              : binding parameter (1:BIGINT) <- [7]
2024-03-22T18:45:20.280+02:00 DEBUG 23292 --- [    Test worker] org.hibernate.SQL                        : delete from roles where id=?
2024-03-22T18:45:20.282+02:00 TRACE 23292 --- [    Test worker] org.hibernate.orm.jdbc.bind              : binding parameter (1:BIGINT) <- [7]
2024-03-22T18:45:20.287+02:00 DEBUG 23292 --- [    Test worker] org.hibernate.SQL                        : delete from users where id=?
2024-03-22T18:45:20.287+02:00 TRACE 23292 --- [    Test worker] org.hibernate.orm.jdbc.bind              : binding parameter (1:BIGINT) <- [7]
2024-03-22T18:45:20.288+02:00 DEBUG 23292 --- [    Test worker] org.hibernate.SQL                        : delete from courses where id=?
2024-03-22T18:45:20.289+02:00 TRACE 23292 --- [    Test worker] org.hibernate.orm.jdbc.bind              : binding parameter (1:BIGINT) <- [2]
2024-03-22T18:45:20.295+02:00 DEBUG 23292 --- [    Test worker] org.hibernate.SQL                        : delete from roles where id=?
2024-03-22T18:45:20.296+02:00 TRACE 23292 --- [    Test worker] org.hibernate.orm.jdbc.bind              : binding parameter (1:BIGINT) <- [6]
2024-03-22T18:45:20.299+02:00 DEBUG 23292 --- [    Test worker] org.hibernate.SQL                        : delete from users where id=?
2024-03-22T18:45:20.299+02:00 TRACE 23292 --- [    Test worker] org.hibernate.orm.jdbc.bind              : binding parameter (1:BIGINT) <- [6]
2024-03-22T18:45:20.301+02:00 DEBUG 23292 --- [    Test worker] org.hibernate.SQL                        : select u1_0.id,u1_0.email,u1_0.full_name,u1_0.password,u1_0.username from users u1_0
2024-03-22T18:45:20.314+02:00 DEBUG 23292 --- [    Test worker] org.hibernate.SQL                        : select c1_0.id,c1_0.age_limit,c1_0.description,c1_0.end,c1_0.lecturer_id,c1_0.start,c1_0.title from courses c1_0
2024-03-22T18:45:20.317+02:00 DEBUG 23292 --- [    Test worker] org.hibernate.SQL                        : insert into roles (role_type,id) values (?,default)
2024-03-22T18:45:20.318+02:00 TRACE 23292 --- [    Test worker] org.hibernate.orm.jdbc.bind              : binding parameter (1:VARCHAR) <- [Lecturer]
2024-03-22T18:45:20.319+02:00 DEBUG 23292 --- [    Test worker] org.hibernate.SQL                        : insert into users (email,full_name,password,username,id) values (?,?,?,?,default)
2024-03-22T18:45:20.320+02:00 TRACE 23292 --- [    Test worker] org.hibernate.orm.jdbc.bind              : binding parameter (1:VARCHAR) <- [111@123]
2024-03-22T18:45:20.320+02:00 TRACE 23292 --- [    Test worker] org.hibernate.orm.jdbc.bind              : binding parameter (2:VARCHAR) <- [Test Testov]
2024-03-22T18:45:20.320+02:00 TRACE 23292 --- [    Test worker] org.hibernate.orm.jdbc.bind              : binding parameter (3:VARCHAR) <- [1234]
2024-03-22T18:45:20.320+02:00 TRACE 23292 --- [    Test worker] org.hibernate.orm.jdbc.bind              : binding parameter (4:VARCHAR) <- [test lecturer]
2024-03-22T18:45:20.321+02:00 DEBUG 23292 --- [    Test worker] org.hibernate.SQL                        : insert into users_roles (user_id,roles_id) values (?,?)
2024-03-22T18:45:20.322+02:00 TRACE 23292 --- [    Test worker] org.hibernate.orm.jdbc.bind              : binding parameter (1:BIGINT) <- [8]
2024-03-22T18:45:20.322+02:00 TRACE 23292 --- [    Test worker] org.hibernate.orm.jdbc.bind              : binding parameter (2:BIGINT) <- [8]
2024-03-22T18:45:20.323+02:00 DEBUG 23292 --- [    Test worker] org.hibernate.SQL                        : insert into courses (age_limit,description,end,lecturer_id,start,title,id) values (?,?,?,?,?,?,default)
2024-03-22T18:45:20.323+02:00 TRACE 23292 --- [    Test worker] org.hibernate.orm.jdbc.bind              : binding parameter (1:VARCHAR) <- [NineToTwelve]
2024-03-22T18:45:20.323+02:00 TRACE 23292 --- [    Test worker] org.hibernate.orm.jdbc.bind              : binding parameter (2:VARCHAR) <- [testttttttttttt]
2024-03-22T18:45:20.324+02:00 TRACE 23292 --- [    Test worker] org.hibernate.orm.jdbc.bind              : binding parameter (3:TIMESTAMP) <- [2024-05-25T00:00]
2024-03-22T18:45:20.324+02:00 TRACE 23292 --- [    Test worker] org.hibernate.orm.jdbc.bind              : binding parameter (4:BIGINT) <- [8]
2024-03-22T18:45:20.324+02:00 TRACE 23292 --- [    Test worker] org.hibernate.orm.jdbc.bind              : binding parameter (5:TIMESTAMP) <- [2024-03-12T00:00]
2024-03-22T18:45:20.324+02:00 TRACE 23292 --- [    Test worker] org.hibernate.orm.jdbc.bind              : binding parameter (6:VARCHAR) <- [Test title]
2024-03-22T18:45:20.330+02:00 TRACE 23292 --- [    Test worker] o.s.security.web.FilterChainProxy        : Trying to match request against DefaultSecurityFilterChain [RequestMatcher=any request, Filters=[org.springframework.security.web.session.DisableEncodeUrlFilter@d5b9704, org.springframework.security.web.context.request.async.WebAsyncManagerIntegrationFilter@326471ab, org.springframework.security.web.context.SecurityContextHolderFilter@98be09f, org.springframework.security.web.header.HeaderWriterFilter@1f7e6c3a, org.springframework.web.filter.CorsFilter@66af6b7b, org.springframework.security.web.csrf.CsrfFilter@44a83ca4, org.springframework.security.web.authentication.logout.LogoutFilter@6ac3ceda, org.springframework.security.web.authentication.UsernamePasswordAuthenticationFilter@285290a1, org.springframework.security.web.savedrequest.RequestCacheAwareFilter@2acec770, org.springframework.security.web.servletapi.SecurityContextHolderAwareRequestFilter@5b481d77, org.springframework.security.web.authentication.rememberme.RememberMeAuthenticationFilter@647b7f63, org.springframework.security.web.authentication.AnonymousAuthenticationFilter@5e232d07, org.springframework.security.web.access.ExceptionTranslationFilter@47a1b2f7, org.springframework.security.web.access.intercept.AuthorizationFilter@789f27e5]] (1/1)
2024-03-22T18:45:20.331+02:00 DEBUG 23292 --- [    Test worker] o.s.security.web.FilterChainProxy        : Securing GET /courses/3
2024-03-22T18:45:20.331+02:00 TRACE 23292 --- [    Test worker] o.s.security.web.FilterChainProxy        : Invoking DisableEncodeUrlFilter (1/14)
2024-03-22T18:45:20.332+02:00 TRACE 23292 --- [    Test worker] o.s.security.web.FilterChainProxy        : Invoking WebAsyncManagerIntegrationFilter (2/14)
2024-03-22T18:45:20.332+02:00 TRACE 23292 --- [    Test worker] o.s.security.web.FilterChainProxy        : Invoking SecurityContextHolderFilter (3/14)
2024-03-22T18:45:20.332+02:00 TRACE 23292 --- [    Test worker] o.s.security.web.FilterChainProxy        : Invoking HeaderWriterFilter (4/14)
2024-03-22T18:45:20.333+02:00 TRACE 23292 --- [    Test worker] o.s.security.web.FilterChainProxy        : Invoking CorsFilter (5/14)
2024-03-22T18:45:20.333+02:00 TRACE 23292 --- [    Test worker] o.s.security.web.FilterChainProxy        : Invoking CsrfFilter (6/14)
2024-03-22T18:45:20.333+02:00 TRACE 23292 --- [    Test worker] o.s.security.web.csrf.CsrfFilter         : Did not protect against CSRF since request did not match CsrfNotRequired [TRACE, HEAD, GET, OPTIONS]
2024-03-22T18:45:20.333+02:00 TRACE 23292 --- [    Test worker] o.s.security.web.FilterChainProxy        : Invoking LogoutFilter (7/14)
2024-03-22T18:45:20.334+02:00 TRACE 23292 --- [    Test worker] o.s.s.w.a.logout.LogoutFilter            : Did not match request to Ant [pattern='/users/logout', POST]
2024-03-22T18:45:20.334+02:00 TRACE 23292 --- [    Test worker] o.s.security.web.FilterChainProxy        : Invoking UsernamePasswordAuthenticationFilter (8/14)
2024-03-22T18:45:20.334+02:00 TRACE 23292 --- [    Test worker] w.a.UsernamePasswordAuthenticationFilter : Did not match request to Ant [pattern='/users/login', POST]
2024-03-22T18:45:20.336+02:00 TRACE 23292 --- [    Test worker] o.s.security.web.FilterChainProxy        : Invoking RequestCacheAwareFilter (9/14)
2024-03-22T18:45:20.336+02:00 TRACE 23292 --- [    Test worker] o.s.s.w.s.HttpSessionRequestCache        : matchingRequestParameterName is required for getMatchingRequest to lookup a value, but not provided
2024-03-22T18:45:20.337+02:00 TRACE 23292 --- [    Test worker] o.s.security.web.FilterChainProxy        : Invoking SecurityContextHolderAwareRequestFilter (10/14)
2024-03-22T18:45:20.337+02:00 TRACE 23292 --- [    Test worker] o.s.security.web.FilterChainProxy        : Invoking RememberMeAuthenticationFilter (11/14)
2024-03-22T18:45:20.337+02:00 TRACE 23292 --- [    Test worker] w.c.HttpSessionSecurityContextRepository : No HttpSession currently exists
2024-03-22T18:45:20.338+02:00 TRACE 23292 --- [    Test worker] w.c.HttpSessionSecurityContextRepository : Created SecurityContextImpl [Null authentication]
2024-03-22T18:45:20.338+02:00 TRACE 23292 --- [    Test worker] .s.s.w.c.SupplierDeferredSecurityContext : Created SecurityContextImpl [Null authentication]
2024-03-22T18:45:20.338+02:00 TRACE 23292 --- [    Test worker] o.s.security.web.FilterChainProxy        : Invoking AnonymousAuthenticationFilter (12/14)
2024-03-22T18:45:20.338+02:00 TRACE 23292 --- [    Test worker] o.s.security.web.FilterChainProxy        : Invoking ExceptionTranslationFilter (13/14)
2024-03-22T18:45:20.338+02:00 TRACE 23292 --- [    Test worker] o.s.security.web.FilterChainProxy        : Invoking AuthorizationFilter (14/14)
2024-03-22T18:45:20.339+02:00 TRACE 23292 --- [    Test worker] estMatcherDelegatingAuthorizationManager : Authorizing SecurityContextHolderAwareRequestWrapper[ org.springframework.security.web.header.HeaderWriterFilter$HeaderWriterRequest@6fcd6a7e]
2024-03-22T18:45:20.339+02:00 TRACE 23292 --- [    Test worker] estMatcherDelegatingAuthorizationManager : Checking authorization on SecurityContextHolderAwareRequestWrapper[ org.springframework.security.web.header.HeaderWriterFilter$HeaderWriterRequest@6fcd6a7e] using org.springframework.security.authorization.AuthenticatedAuthorizationManager@14419acf
2024-03-22T18:45:20.339+02:00 TRACE 23292 --- [    Test worker] o.s.s.w.a.AnonymousAuthenticationFilter  : Set SecurityContextHolder to AnonymousAuthenticationToken [Principal=anonymousUser, Credentials=[PROTECTED], Authenticated=true, Details=WebAuthenticationDetails [RemoteIpAddress=127.0.0.1, SessionId=null], Granted Authorities=[ROLE_ANONYMOUS]]
2024-03-22T18:45:20.340+02:00 TRACE 23292 --- [    Test worker] o.s.s.w.a.ExceptionTranslationFilter     : Sending AnonymousAuthenticationToken [Principal=anonymousUser, Credentials=[PROTECTED], Authenticated=true, Details=WebAuthenticationDetails [RemoteIpAddress=127.0.0.1, SessionId=null], Granted Authorities=[ROLE_ANONYMOUS]] to authentication entry point since access is denied

org.springframework.security.access.AccessDeniedException: Access Denied
	at org.springframework.security.web.access.intercept.AuthorizationFilter.doFilter(AuthorizationFilter.java:98) ~[spring-security-web-6.2.1.jar:6.2.1]
	at org.springframework.security.web.ObservationFilterChainDecorator$ObservationFilter.wrapFilter(ObservationFilterChainDecorator.java:240) ~[spring-security-web-6.2.1.jar:6.2.1]
	at org.springframework.security.web.ObservationFilterChainDecorator$ObservationFilter.doFilter(ObservationFilterChainDecorator.java:227) ~[spring-security-web-6.2.1.jar:6.2.1]
	at org.springframework.security.web.ObservationFilterChainDecorator$VirtualFilterChain.doFilter(ObservationFilterChainDecorator.java:137) ~[spring-security-web-6.2.1.jar:6.2.1]
	at org.springframework.security.web.access.ExceptionTranslationFilter.doFilter(ExceptionTranslationFilter.java:126) ~[spring-security-web-6.2.1.jar:6.2.1]
	at org.springframework.security.web.access.ExceptionTranslationFilter.doFilter(ExceptionTranslationFilter.java:120) ~[spring-security-web-6.2.1.jar:6.2.1]
	at org.springframework.security.web.ObservationFilterChainDecorator$ObservationFilter.wrapFilter(ObservationFilterChainDecorator.java:240) ~[spring-security-web-6.2.1.jar:6.2.1]
	at org.springframework.security.web.ObservationFilterChainDecorator$ObservationFilter.doFilter(ObservationFilterChainDecorator.java:227) ~[spring-security-web-6.2.1.jar:6.2.1]
	at org.springframework.security.web.ObservationFilterChainDecorator$VirtualFilterChain.doFilter(ObservationFilterChainDecorator.java:137) ~[spring-security-web-6.2.1.jar:6.2.1]
	at org.springframework.security.web.authentication.AnonymousAuthenticationFilter.doFilter(AnonymousAuthenticationFilter.java:100) ~[spring-security-web-6.2.1.jar:6.2.1]
	at org.springframework.security.web.ObservationFilterChainDecorator$ObservationFilter.wrapFilter(ObservationFilterChainDecorator.java:240) ~[spring-security-web-6.2.1.jar:6.2.1]
	at org.springframework.security.web.ObservationFilterChainDecorator$ObservationFilter.doFilter(ObservationFilterChainDecorator.java:227) ~[spring-security-web-6.2.1.jar:6.2.1]
	at org.springframework.security.web.ObservationFilterChainDecorator$VirtualFilterChain.doFilter(ObservationFilterChainDecorator.java:137) ~[spring-security-web-6.2.1.jar:6.2.1]
	at org.springframework.security.web.authentication.rememberme.RememberMeAuthenticationFilter.doFilter(RememberMeAuthenticationFilter.java:145) ~[spring-security-web-6.2.1.jar:6.2.1]
	at org.springframework.security.web.authentication.rememberme.RememberMeAuthenticationFilter.doFilter(RememberMeAuthenticationFilter.java:101) ~[spring-security-web-6.2.1.jar:6.2.1]
	at org.springframework.security.web.ObservationFilterChainDecorator$ObservationFilter.wrapFilter(ObservationFilterChainDecorator.java:240) ~[spring-security-web-6.2.1.jar:6.2.1]
	at org.springframework.security.web.ObservationFilterChainDecorator$ObservationFilter.doFilter(ObservationFilterChainDecorator.java:227) ~[spring-security-web-6.2.1.jar:6.2.1]
	at org.springframework.security.web.ObservationFilterChainDecorator$VirtualFilterChain.doFilter(ObservationFilterChainDecorator.java:137) ~[spring-security-web-6.2.1.jar:6.2.1]
	at org.springframework.security.web.servletapi.SecurityContextHolderAwareRequestFilter.doFilter(SecurityContextHolderAwareRequestFilter.java:179) ~[spring-security-web-6.2.1.jar:6.2.1]
	at org.springframework.security.web.ObservationFilterChainDecorator$ObservationFilter.wrapFilter(ObservationFilterChainDecorator.java:240) ~[spring-security-web-6.2.1.jar:6.2.1]
	at org.springframework.security.web.ObservationFilterChainDecorator$ObservationFilter.doFilter(ObservationFilterChainDecorator.java:227) ~[spring-security-web-6.2.1.jar:6.2.1]
	at org.springframework.security.web.ObservationFilterChainDecorator$VirtualFilterChain.doFilter(ObservationFilterChainDecorator.java:137) ~[spring-security-web-6.2.1.jar:6.2.1]
	at org.springframework.security.web.savedrequest.RequestCacheAwareFilter.doFilter(RequestCacheAwareFilter.java:63) ~[spring-security-web-6.2.1.jar:6.2.1]
	at org.springframework.security.web.ObservationFilterChainDecorator$ObservationFilter.wrapFilter(ObservationFilterChainDecorator.java:240) ~[spring-security-web-6.2.1.jar:6.2.1]
	at org.springframework.security.web.ObservationFilterChainDecorator$ObservationFilter.doFilter(ObservationFilterChainDecorator.java:227) ~[spring-security-web-6.2.1.jar:6.2.1]
	at org.springframework.security.web.ObservationFilterChainDecorator$VirtualFilterChain.doFilter(ObservationFilterChainDecorator.java:137) ~[spring-security-web-6.2.1.jar:6.2.1]
	at org.springframework.security.web.authentication.AbstractAuthenticationProcessingFilter.doFilter(AbstractAuthenticationProcessingFilter.java:227) ~[spring-security-web-6.2.1.jar:6.2.1]
	at org.springframework.security.web.authentication.AbstractAuthenticationProcessingFilter.doFilter(AbstractAuthenticationProcessingFilter.java:221) ~[spring-security-web-6.2.1.jar:6.2.1]
	at org.springframework.security.web.ObservationFilterChainDecorator$ObservationFilter.wrapFilter(ObservationFilterChainDecorator.java:240) ~[spring-security-web-6.2.1.jar:6.2.1]
	at org.springframework.security.web.ObservationFilterChainDecorator$ObservationFilter.doFilter(ObservationFilterChainDecorator.java:227) ~[spring-security-web-6.2.1.jar:6.2.1]
	at org.springframework.security.web.ObservationFilterChainDecorator$VirtualFilterChain.doFilter(ObservationFilterChainDecorator.java:137) ~[spring-security-web-6.2.1.jar:6.2.1]
	at org.springframework.security.web.authentication.logout.LogoutFilter.doFilter(LogoutFilter.java:107) ~[spring-security-web-6.2.1.jar:6.2.1]
	at org.springframework.security.web.authentication.logout.LogoutFilter.doFilter(LogoutFilter.java:93) ~[spring-security-web-6.2.1.jar:6.2.1]
	at org.springframework.security.web.ObservationFilterChainDecorator$ObservationFilter.wrapFilter(ObservationFilterChainDecorator.java:240) ~[spring-security-web-6.2.1.jar:6.2.1]
	at org.springframework.security.web.ObservationFilterChainDecorator$ObservationFilter.doFilter(ObservationFilterChainDecorator.java:227) ~[spring-security-web-6.2.1.jar:6.2.1]
	at org.springframework.security.web.ObservationFilterChainDecorator$VirtualFilterChain.doFilter(ObservationFilterChainDecorator.java:137) ~[spring-security-web-6.2.1.jar:6.2.1]
	at org.springframework.security.web.csrf.CsrfFilter.doFilterInternal(CsrfFilter.java:117) ~[spring-security-web-6.2.1.jar:6.2.1]
	at org.springframework.web.filter.OncePerRequestFilter.doFilter(OncePerRequestFilter.java:116) ~[spring-web-6.1.3.jar:6.1.3]
	at org.springframework.security.web.ObservationFilterChainDecorator$ObservationFilter.wrapFilter(ObservationFilterChainDecorator.java:240) ~[spring-security-web-6.2.1.jar:6.2.1]
	at org.springframework.security.web.ObservationFilterChainDecorator$ObservationFilter.doFilter(ObservationFilterChainDecorator.java:227) ~[spring-security-web-6.2.1.jar:6.2.1]
	at org.springframework.security.web.ObservationFilterChainDecorator$VirtualFilterChain.doFilter(ObservationFilterChainDecorator.java:137) ~[spring-security-web-6.2.1.jar:6.2.1]
	at org.springframework.web.filter.CorsFilter.doFilterInternal(CorsFilter.java:91) ~[spring-web-6.1.3.jar:6.1.3]
	at org.springframework.web.filter.OncePerRequestFilter.doFilter(OncePerRequestFilter.java:116) ~[spring-web-6.1.3.jar:6.1.3]
	at org.springframework.security.web.ObservationFilterChainDecorator$ObservationFilter.wrapFilter(ObservationFilterChainDecorator.java:240) ~[spring-security-web-6.2.1.jar:6.2.1]
	at org.springframework.security.web.ObservationFilterChainDecorator$ObservationFilter.doFilter(ObservationFilterChainDecorator.java:227) ~[spring-security-web-6.2.1.jar:6.2.1]
	at org.springframework.security.web.ObservationFilterChainDecorator$VirtualFilterChain.doFilter(ObservationFilterChainDecorator.java:137) ~[spring-security-web-6.2.1.jar:6.2.1]
	at org.springframework.security.web.header.HeaderWriterFilter.doHeadersAfter(HeaderWriterFilter.java:90) ~[spring-security-web-6.2.1.jar:6.2.1]
	at org.springframework.security.web.header.HeaderWriterFilter.doFilterInternal(HeaderWriterFilter.java:75) ~[spring-security-web-6.2.1.jar:6.2.1]
	at org.springframework.web.filter.OncePerRequestFilter.doFilter(OncePerRequestFilter.java:116) ~[spring-web-6.1.3.jar:6.1.3]
	at org.springframework.security.web.ObservationFilterChainDecorator$ObservationFilter.wrapFilter(ObservationFilterChainDecorator.java:240) ~[spring-security-web-6.2.1.jar:6.2.1]
	at org.springframework.security.web.ObservationFilterChainDecorator$ObservationFilter.doFilter(ObservationFilterChainDecorator.java:227) ~[spring-security-web-6.2.1.jar:6.2.1]
	at org.springframework.security.web.ObservationFilterChainDecorator$VirtualFilterChain.doFilter(ObservationFilterChainDecorator.java:137) ~[spring-security-web-6.2.1.jar:6.2.1]
	at org.springframework.security.web.context.SecurityContextHolderFilter.doFilter(SecurityContextHolderFilter.java:82) ~[spring-security-web-6.2.1.jar:6.2.1]
	at org.springframework.security.web.context.SecurityContextHolderFilter.doFilter(SecurityContextHolderFilter.java:69) ~[spring-security-web-6.2.1.jar:6.2.1]
	at org.springframework.security.web.ObservationFilterChainDecorator$ObservationFilter.wrapFilter(ObservationFilterChainDecorator.java:240) ~[spring-security-web-6.2.1.jar:6.2.1]
	at org.springframework.security.web.ObservationFilterChainDecorator$ObservationFilter.doFilter(ObservationFilterChainDecorator.java:227) ~[spring-security-web-6.2.1.jar:6.2.1]
	at org.springframework.security.web.ObservationFilterChainDecorator$VirtualFilterChain.doFilter(ObservationFilterChainDecorator.java:137) ~[spring-security-web-6.2.1.jar:6.2.1]
	at org.springframework.security.web.context.request.async.WebAsyncManagerIntegrationFilter.doFilterInternal(WebAsyncManagerIntegrationFilter.java:62) ~[spring-security-web-6.2.1.jar:6.2.1]
	at org.springframework.web.filter.OncePerRequestFilter.doFilter(OncePerRequestFilter.java:116) ~[spring-web-6.1.3.jar:6.1.3]
	at org.springframework.security.web.ObservationFilterChainDecorator$ObservationFilter.wrapFilter(ObservationFilterChainDecorator.java:240) ~[spring-security-web-6.2.1.jar:6.2.1]
	at org.springframework.security.web.ObservationFilterChainDecorator$ObservationFilter.doFilter(ObservationFilterChainDecorator.java:227) ~[spring-security-web-6.2.1.jar:6.2.1]
	at org.springframework.security.web.ObservationFilterChainDecorator$VirtualFilterChain.doFilter(ObservationFilterChainDecorator.java:137) ~[spring-security-web-6.2.1.jar:6.2.1]
	at org.springframework.security.web.session.DisableEncodeUrlFilter.doFilterInternal(DisableEncodeUrlFilter.java:42) ~[spring-security-web-6.2.1.jar:6.2.1]
	at org.springframework.web.filter.OncePerRequestFilter.doFilter(OncePerRequestFilter.java:116) ~[spring-web-6.1.3.jar:6.1.3]
	at org.springframework.security.web.ObservationFilterChainDecorator$ObservationFilter.wrapFilter(ObservationFilterChainDecorator.java:240) ~[spring-security-web-6.2.1.jar:6.2.1]
	at org.springframework.security.web.ObservationFilterChainDecorator$AroundFilterObservation$SimpleAroundFilterObservation.lambda$wrap$0(ObservationFilterChainDecorator.java:323) ~[spring-security-web-6.2.1.jar:6.2.1]
	at org.springframework.security.web.ObservationFilterChainDecorator$ObservationFilter.doFilter(ObservationFilterChainDecorator.java:224) ~[spring-security-web-6.2.1.jar:6.2.1]
	at org.springframework.security.web.ObservationFilterChainDecorator$VirtualFilterChain.doFilter(ObservationFilterChainDecorator.java:137) ~[spring-security-web-6.2.1.jar:6.2.1]
	at org.springframework.security.web.FilterChainProxy.doFilterInternal(FilterChainProxy.java:233) ~[spring-security-web-6.2.1.jar:6.2.1]
	at org.springframework.security.web.FilterChainProxy.doFilter(FilterChainProxy.java:191) ~[spring-security-web-6.2.1.jar:6.2.1]
	at org.springframework.web.filter.CompositeFilter$VirtualFilterChain.doFilter(CompositeFilter.java:113) ~[spring-web-6.1.3.jar:6.1.3]
	at org.springframework.web.servlet.handler.HandlerMappingIntrospector.lambda$createCacheFilter$3(HandlerMappingIntrospector.java:195) ~[spring-webmvc-6.1.3.jar:6.1.3]
	at org.springframework.web.filter.CompositeFilter$VirtualFilterChain.doFilter(CompositeFilter.java:113) ~[spring-web-6.1.3.jar:6.1.3]
	at org.springframework.web.filter.CompositeFilter.doFilter(CompositeFilter.java:74) ~[spring-web-6.1.3.jar:6.1.3]
	at org.springframework.security.config.annotation.web.configuration.WebMvcSecurityConfiguration$CompositeFilterChainProxy.doFilter(WebMvcSecurityConfiguration.java:225) ~[spring-security-config-6.2.1.jar:6.2.1]
	at org.springframework.web.filter.DelegatingFilterProxy.invokeDelegate(DelegatingFilterProxy.java:352) ~[spring-web-6.1.3.jar:6.1.3]
	at org.springframework.web.filter.DelegatingFilterProxy.doFilter(DelegatingFilterProxy.java:268) ~[spring-web-6.1.3.jar:6.1.3]
	at org.springframework.test.web.servlet.setup.MockMvcFilterDecorator.doFilter(MockMvcFilterDecorator.java:151) ~[spring-test-6.1.3.jar:6.1.3]
	at org.springframework.mock.web.MockFilterChain.doFilter(MockFilterChain.java:132) ~[spring-test-6.1.3.jar:6.1.3]
	at org.springframework.web.filter.RequestContextFilter.doFilterInternal(RequestContextFilter.java:100) ~[spring-web-6.1.3.jar:6.1.3]
	at org.springframework.web.filter.OncePerRequestFilter.doFilter(OncePerRequestFilter.java:116) ~[spring-web-6.1.3.jar:6.1.3]
	at org.springframework.test.web.servlet.setup.MockMvcFilterDecorator.doFilter(MockMvcFilterDecorator.java:151) ~[spring-test-6.1.3.jar:6.1.3]
	at org.springframework.mock.web.MockFilterChain.doFilter(MockFilterChain.java:132) ~[spring-test-6.1.3.jar:6.1.3]
	at org.springframework.web.filter.FormContentFilter.doFilterInternal(FormContentFilter.java:93) ~[spring-web-6.1.3.jar:6.1.3]
	at org.springframework.web.filter.OncePerRequestFilter.doFilter(OncePerRequestFilter.java:116) ~[spring-web-6.1.3.jar:6.1.3]
	at org.springframework.test.web.servlet.setup.MockMvcFilterDecorator.doFilter(MockMvcFilterDecorator.java:151) ~[spring-test-6.1.3.jar:6.1.3]
	at org.springframework.mock.web.MockFilterChain.doFilter(MockFilterChain.java:132) ~[spring-test-6.1.3.jar:6.1.3]
	at org.springframework.web.filter.HiddenHttpMethodFilter.doFilterInternal(HiddenHttpMethodFilter.java:91) ~[spring-web-6.1.3.jar:6.1.3]
	at org.springframework.web.filter.OncePerRequestFilter.doFilter(OncePerRequestFilter.java:116) ~[spring-web-6.1.3.jar:6.1.3]
	at org.springframework.test.web.servlet.setup.MockMvcFilterDecorator.doFilter(MockMvcFilterDecorator.java:151) ~[spring-test-6.1.3.jar:6.1.3]
	at org.springframework.mock.web.MockFilterChain.doFilter(MockFilterChain.java:132) ~[spring-test-6.1.3.jar:6.1.3]
	at org.springframework.web.filter.ServerHttpObservationFilter.doFilterInternal(ServerHttpObservationFilter.java:109) ~[spring-web-6.1.3.jar:6.1.3]
	at org.springframework.web.filter.OncePerRequestFilter.doFilter(OncePerRequestFilter.java:116) ~[spring-web-6.1.3.jar:6.1.3]
	at org.springframework.test.web.servlet.setup.MockMvcFilterDecorator.doFilter(MockMvcFilterDecorator.java:151) ~[spring-test-6.1.3.jar:6.1.3]
	at org.springframework.mock.web.MockFilterChain.doFilter(MockFilterChain.java:132) ~[spring-test-6.1.3.jar:6.1.3]
	at org.springframework.web.filter.CharacterEncodingFilter.doFilterInternal(CharacterEncodingFilter.java:201) ~[spring-web-6.1.3.jar:6.1.3]
	at org.springframework.web.filter.OncePerRequestFilter.doFilter(OncePerRequestFilter.java:116) ~[spring-web-6.1.3.jar:6.1.3]
	at org.springframework.test.web.servlet.setup.MockMvcFilterDecorator.doFilter(MockMvcFilterDecorator.java:151) ~[spring-test-6.1.3.jar:6.1.3]
	at org.springframework.mock.web.MockFilterChain.doFilter(MockFilterChain.java:132) ~[spring-test-6.1.3.jar:6.1.3]
	at org.springframework.test.web.servlet.MockMvc.perform(MockMvc.java:201) ~[spring-test-6.1.3.jar:6.1.3]
	at com.example.roboworld.web.CoursesControllerTest.testGetCourseDetailsWithAnonymous(CoursesControllerTest.java:52) ~[test/:na]
	at java.base/jdk.internal.reflect.DirectMethodHandleAccessor.invoke(DirectMethodHandleAccessor.java:104) ~[na:na]
	at java.base/java.lang.reflect.Method.invoke(Method.java:577) ~[na:na]
	at org.junit.platform.commons.util.ReflectionUtils.invokeMethod(ReflectionUtils.java:728) ~[junit-platform-commons-1.10.1.jar:1.10.1]
	at org.junit.jupiter.engine.execution.MethodInvocation.proceed(MethodInvocation.java:60) ~[junit-jupiter-engine-5.10.1.jar:5.10.1]
	at org.junit.jupiter.engine.execution.InvocationInterceptorChain$ValidatingInvocation.proceed(InvocationInterceptorChain.java:131) ~[junit-jupiter-engine-5.10.1.jar:5.10.1]
	at org.junit.jupiter.engine.extension.TimeoutExtension.intercept(TimeoutExtension.java:156) ~[junit-jupiter-engine-5.10.1.jar:5.10.1]
	at org.junit.jupiter.engine.extension.TimeoutExtension.interceptTestableMethod(TimeoutExtension.java:147) ~[junit-jupiter-engine-5.10.1.jar:5.10.1]
	at org.junit.jupiter.engine.extension.TimeoutExtension.interceptTestMethod(TimeoutExtension.java:86) ~[junit-jupiter-engine-5.10.1.jar:5.10.1]
	at org.junit.jupiter.engine.execution.InterceptingExecutableInvoker$ReflectiveInterceptorCall.lambda$ofVoidMethod$0(InterceptingExecutableInvoker.java:103) ~[junit-jupiter-engine-5.10.1.jar:5.10.1]
	at org.junit.jupiter.engine.execution.InterceptingExecutableInvoker.lambda$invoke$0(InterceptingExecutableInvoker.java:93) ~[junit-jupiter-engine-5.10.1.jar:5.10.1]
	at org.junit.jupiter.engine.execution.InvocationInterceptorChain$InterceptedInvocation.proceed(InvocationInterceptorChain.java:106) ~[junit-jupiter-engine-5.10.1.jar:5.10.1]
	at org.junit.jupiter.engine.execution.InvocationInterceptorChain.proceed(InvocationInterceptorChain.java:64) ~[junit-jupiter-engine-5.10.1.jar:5.10.1]
	at org.junit.jupiter.engine.execution.InvocationInterceptorChain.chainAndInvoke(InvocationInterceptorChain.java:45) ~[junit-jupiter-engine-5.10.1.jar:5.10.1]
	at org.junit.jupiter.engine.execution.InvocationInterceptorChain.invoke(InvocationInterceptorChain.java:37) ~[junit-jupiter-engine-5.10.1.jar:5.10.1]
	at org.junit.jupiter.engine.execution.InterceptingExecutableInvoker.invoke(InterceptingExecutableInvoker.java:92) ~[junit-jupiter-engine-5.10.1.jar:5.10.1]
	at org.junit.jupiter.engine.execution.InterceptingExecutableInvoker.invoke(InterceptingExecutableInvoker.java:86) ~[junit-jupiter-engine-5.10.1.jar:5.10.1]
	at org.junit.jupiter.engine.descriptor.TestMethodTestDescriptor.lambda$invokeTestMethod$7(TestMethodTestDescriptor.java:218) ~[junit-jupiter-engine-5.10.1.jar:5.10.1]
	at org.junit.platform.engine.support.hierarchical.ThrowableCollector.execute(ThrowableCollector.java:73) ~[junit-platform-engine-1.10.1.jar:1.10.1]
	at org.junit.jupiter.engine.descriptor.TestMethodTestDescriptor.invokeTestMethod(TestMethodTestDescriptor.java:214) ~[junit-jupiter-engine-5.10.1.jar:5.10.1]
	at org.junit.jupiter.engine.descriptor.TestMethodTestDescriptor.execute(TestMethodTestDescriptor.java:139) ~[junit-jupiter-engine-5.10.1.jar:5.10.1]
	at org.junit.jupiter.engine.descriptor.TestMethodTestDescriptor.execute(TestMethodTestDescriptor.java:69) ~[junit-jupiter-engine-5.10.1.jar:5.10.1]
	at org.junit.platform.engine.support.hierarchical.NodeTestTask.lambda$executeRecursively$6(NodeTestTask.java:151) ~[junit-platform-engine-1.10.1.jar:1.10.1]
	at org.junit.platform.engine.support.hierarchical.ThrowableCollector.execute(ThrowableCollector.java:73) ~[junit-platform-engine-1.10.1.jar:1.10.1]
	at org.junit.platform.engine.support.hierarchical.NodeTestTask.lambda$executeRecursively$8(NodeTestTask.java:141) ~[junit-platform-engine-1.10.1.jar:1.10.1]
	at org.junit.platform.engine.support.hierarchical.Node.around(Node.java:137) ~[junit-platform-engine-1.10.1.jar:1.10.1]
	at org.junit.platform.engine.support.hierarchical.NodeTestTask.lambda$executeRecursively$9(NodeTestTask.java:139) ~[junit-platform-engine-1.10.1.jar:1.10.1]
	at org.junit.platform.engine.support.hierarchical.ThrowableCollector.execute(ThrowableCollector.java:73) ~[junit-platform-engine-1.10.1.jar:1.10.1]
	at org.junit.platform.engine.support.hierarchical.NodeTestTask.executeRecursively(NodeTestTask.java:138) ~[junit-platform-engine-1.10.1.jar:1.10.1]
	at org.junit.platform.engine.support.hierarchical.NodeTestTask.execute(NodeTestTask.java:95) ~[junit-platform-engine-1.10.1.jar:1.10.1]
	at java.base/java.util.ArrayList.forEach(ArrayList.java:1511) ~[na:na]
	at org.junit.platform.engine.support.hierarchical.SameThreadHierarchicalTestExecutorService.invokeAll(SameThreadHierarchicalTestExecutorService.java:41) ~[junit-platform-engine-1.10.1.jar:1.10.1]
	at org.junit.platform.engine.support.hierarchical.NodeTestTask.lambda$executeRecursively$6(NodeTestTask.java:155) ~[junit-platform-engine-1.10.1.jar:1.10.1]
	at org.junit.platform.engine.support.hierarchical.ThrowableCollector.execute(ThrowableCollector.java:73) ~[junit-platform-engine-1.10.1.jar:1.10.1]
	at org.junit.platform.engine.support.hierarchical.NodeTestTask.lambda$executeRecursively$8(NodeTestTask.java:141) ~[junit-platform-engine-1.10.1.jar:1.10.1]
	at org.junit.platform.engine.support.hierarchical.Node.around(Node.java:137) ~[junit-platform-engine-1.10.1.jar:1.10.1]
	at org.junit.platform.engine.support.hierarchical.NodeTestTask.lambda$executeRecursively$9(NodeTestTask.java:139) ~[junit-platform-engine-1.10.1.jar:1.10.1]
	at org.junit.platform.engine.support.hierarchical.ThrowableCollector.execute(ThrowableCollector.java:73) ~[junit-platform-engine-1.10.1.jar:1.10.1]
	at org.junit.platform.engine.support.hierarchical.NodeTestTask.executeRecursively(NodeTestTask.java:138) ~[junit-platform-engine-1.10.1.jar:1.10.1]
	at org.junit.platform.engine.support.hierarchical.NodeTestTask.execute(NodeTestTask.java:95) ~[junit-platform-engine-1.10.1.jar:1.10.1]
	at java.base/java.util.ArrayList.forEach(ArrayList.java:1511) ~[na:na]
	at org.junit.platform.engine.support.hierarchical.SameThreadHierarchicalTestExecutorService.invokeAll(SameThreadHierarchicalTestExecutorService.java:41) ~[junit-platform-engine-1.10.1.jar:1.10.1]
	at org.junit.platform.engine.support.hierarchical.NodeTestTask.lambda$executeRecursively$6(NodeTestTask.java:155) ~[junit-platform-engine-1.10.1.jar:1.10.1]
	at org.junit.platform.engine.support.hierarchical.ThrowableCollector.execute(ThrowableCollector.java:73) ~[junit-platform-engine-1.10.1.jar:1.10.1]
	at org.junit.platform.engine.support.hierarchical.NodeTestTask.lambda$executeRecursively$8(NodeTestTask.java:141) ~[junit-platform-engine-1.10.1.jar:1.10.1]
	at org.junit.platform.engine.support.hierarchical.Node.around(Node.java:137) ~[junit-platform-engine-1.10.1.jar:1.10.1]
	at org.junit.platform.engine.support.hierarchical.NodeTestTask.lambda$executeRecursively$9(NodeTestTask.java:139) ~[junit-platform-engine-1.10.1.jar:1.10.1]
	at org.junit.platform.engine.support.hierarchical.ThrowableCollector.execute(ThrowableCollector.java:73) ~[junit-platform-engine-1.10.1.jar:1.10.1]
	at org.junit.platform.engine.support.hierarchical.NodeTestTask.executeRecursively(NodeTestTask.java:138) ~[junit-platform-engine-1.10.1.jar:1.10.1]
	at org.junit.platform.engine.support.hierarchical.NodeTestTask.execute(NodeTestTask.java:95) ~[junit-platform-engine-1.10.1.jar:1.10.1]
	at org.junit.platform.engine.support.hierarchical.SameThreadHierarchicalTestExecutorService.submit(SameThreadHierarchicalTestExecutorService.java:35) ~[junit-platform-engine-1.10.1.jar:1.10.1]
	at org.junit.platform.engine.support.hierarchical.HierarchicalTestExecutor.execute(HierarchicalTestExecutor.java:57) ~[junit-platform-engine-1.10.1.jar:1.10.1]
	at org.junit.platform.engine.support.hierarchical.HierarchicalTestEngine.execute(HierarchicalTestEngine.java:54) ~[junit-platform-engine-1.10.1.jar:1.10.1]
	at org.junit.platform.launcher.core.EngineExecutionOrchestrator.execute(EngineExecutionOrchestrator.java:107) ~[junit-platform-launcher-1.8.2.jar:1.8.2]
	at org.junit.platform.launcher.core.EngineExecutionOrchestrator.execute(EngineExecutionOrchestrator.java:88) ~[junit-platform-launcher-1.8.2.jar:1.8.2]
	at org.junit.platform.launcher.core.EngineExecutionOrchestrator.lambda$execute$0(EngineExecutionOrchestrator.java:54) ~[junit-platform-launcher-1.8.2.jar:1.8.2]
	at org.junit.platform.launcher.core.EngineExecutionOrchestrator.withInterceptedStreams(EngineExecutionOrchestrator.java:67) ~[junit-platform-launcher-1.8.2.jar:1.8.2]
	at org.junit.platform.launcher.core.EngineExecutionOrchestrator.execute(EngineExecutionOrchestrator.java:52) ~[junit-platform-launcher-1.8.2.jar:1.8.2]
	at org.junit.platform.launcher.core.DefaultLauncher.execute(DefaultLauncher.java:114) ~[junit-platform-launcher-1.8.2.jar:1.8.2]
	at org.junit.platform.launcher.core.DefaultLauncher.execute(DefaultLauncher.java:86) ~[junit-platform-launcher-1.8.2.jar:1.8.2]
	at org.junit.platform.launcher.core.DefaultLauncherSession$DelegatingLauncher.execute(DefaultLauncherSession.java:86) ~[junit-platform-launcher-1.8.2.jar:1.8.2]
	at org.gradle.api.internal.tasks.testing.junitplatform.JUnitPlatformTestClassProcessor$CollectAllTestClassesExecutor.processAllTestClasses(JUnitPlatformTestClassProcessor.java:119) ~[na:na]
	at org.gradle.api.internal.tasks.testing.junitplatform.JUnitPlatformTestClassProcessor$CollectAllTestClassesExecutor.access$000(JUnitPlatformTestClassProcessor.java:94) ~[na:na]
	at org.gradle.api.internal.tasks.testing.junitplatform.JUnitPlatformTestClassProcessor.stop(JUnitPlatformTestClassProcessor.java:89) ~[na:na]
	at org.gradle.api.internal.tasks.testing.SuiteTestClassProcessor.stop(SuiteTestClassProcessor.java:62) ~[na:na]
	at java.base/jdk.internal.reflect.DirectMethodHandleAccessor.invoke(DirectMethodHandleAccessor.java:104) ~[na:na]
	at java.base/java.lang.reflect.Method.invoke(Method.java:577) ~[na:na]
	at org.gradle.internal.dispatch.ReflectionDispatch.dispatch(ReflectionDispatch.java:36) ~[na:na]
	at org.gradle.internal.dispatch.ReflectionDispatch.dispatch(ReflectionDispatch.java:24) ~[na:na]
	at org.gradle.internal.dispatch.ContextClassLoaderDispatch.dispatch(ContextClassLoaderDispatch.java:33) ~[na:na]
	at org.gradle.internal.dispatch.ProxyDispatchAdapter$DispatchingInvocationHandler.invoke(ProxyDispatchAdapter.java:94) ~[na:na]
	at jdk.proxy1/jdk.proxy1.$Proxy2.stop(Unknown Source) ~[na:na]
	at org.gradle.api.internal.tasks.testing.worker.TestWorker$3.run(TestWorker.java:193) ~[na:na]
	at org.gradle.api.internal.tasks.testing.worker.TestWorker.executeAndMaintainThreadName(TestWorker.java:129) ~[na:na]
	at org.gradle.api.internal.tasks.testing.worker.TestWorker.execute(TestWorker.java:100) ~[na:na]
	at org.gradle.api.internal.tasks.testing.worker.TestWorker.execute(TestWorker.java:60) ~[na:na]
	at org.gradle.process.internal.worker.child.ActionExecutionWorker.execute(ActionExecutionWorker.java:56) ~[na:na]
	at org.gradle.process.internal.worker.child.SystemApplicationClassLoaderWorker.call(SystemApplicationClassLoaderWorker.java:113) ~[na:na]
	at org.gradle.process.internal.worker.child.SystemApplicationClassLoaderWorker.call(SystemApplicationClassLoaderWorker.java:65) ~[na:na]
	at worker.org.gradle.process.internal.worker.GradleWorkerMain.run(GradleWorkerMain.java:69) ~[gradle-worker.jar:na]
	at worker.org.gradle.process.internal.worker.GradleWorkerMain.main(GradleWorkerMain.java:74) ~[gradle-worker.jar:na]

2024-03-22T18:45:20.352+02:00 DEBUG 23292 --- [    Test worker] o.s.s.w.s.HttpSessionRequestCache        : Saved request http://localhost/courses/3?continue to session
2024-03-22T18:45:20.353+02:00 DEBUG 23292 --- [    Test worker] o.s.s.web.DefaultRedirectStrategy        : Redirecting to http://localhost/users/login
2024-03-22T18:45:20.353+02:00 TRACE 23292 --- [    Test worker] o.s.s.w.header.writers.HstsHeaderWriter  : Not injecting HSTS header since it did not match request to [Is Secure]
2024-03-22T18:45:20.363+02:00 DEBUG 23292 --- [    Test worker] org.hibernate.SQL                        : select c1_0.id,c1_0.age_limit,c1_0.description,c1_0.end,c1_0.lecturer_id,c1_0.start,c1_0.title from courses c1_0
2024-03-22T18:45:20.364+02:00 DEBUG 23292 --- [    Test worker] org.hibernate.SQL                        : select u1_0.id,u1_0.email,u1_0.full_name,u1_0.password,u1_0.username,c1_0.lecturer_id,c1_0.id,c1_0.age_limit,c1_0.description,c1_0.end,c1_0.start,c1_0.title from users u1_0 left join courses c1_0 on u1_0.id=c1_0.lecturer_id where u1_0.id=?
2024-03-22T18:45:20.365+02:00 TRACE 23292 --- [    Test worker] org.hibernate.orm.jdbc.bind              : binding parameter (1:BIGINT) <- [8]
2024-03-22T18:45:20.367+02:00 DEBUG 23292 --- [    Test worker] org.hibernate.SQL                        : select sic1_0.students_id,sic1_1.id,sic1_1.age_limit,sic1_1.description,sic1_1.end,l1_0.id,l1_0.email,l1_0.full_name,l1_0.password,l1_0.username,sic1_1.start,sic1_1.title from users_sign_in_courses sic1_0 join courses sic1_1 on sic1_1.id=sic1_0.sign_in_courses_id left join users l1_0 on l1_0.id=sic1_1.lecturer_id where sic1_0.students_id=?
2024-03-22T18:45:20.367+02:00 TRACE 23292 --- [    Test worker] org.hibernate.orm.jdbc.bind              : binding parameter (1:BIGINT) <- [8]
2024-03-22T18:45:20.368+02:00 DEBUG 23292 --- [    Test worker] org.hibernate.SQL                        : select r1_0.user_id,r1_1.id,r1_1.role_type from users_roles r1_0 join roles r1_1 on r1_1.id=r1_0.roles_id where r1_0.user_id=?
2024-03-22T18:45:20.368+02:00 TRACE 23292 --- [    Test worker] org.hibernate.orm.jdbc.bind              : binding parameter (1:BIGINT) <- [8]
2024-03-22T18:45:20.369+02:00 DEBUG 23292 --- [    Test worker] org.hibernate.SQL                        : select r1_0.user_id,r1_0.id,r1_0.description,r1_0.name from reviews r1_0 where r1_0.user_id=?
2024-03-22T18:45:20.369+02:00 TRACE 23292 --- [    Test worker] org.hibernate.orm.jdbc.bind              : binding parameter (1:BIGINT) <- [8]
2024-03-22T18:45:20.370+02:00 DEBUG 23292 --- [    Test worker] org.hibernate.SQL                        : select s1_0.sign_in_courses_id,s1_1.id,s1_1.email,s1_1.full_name,s1_1.password,s1_1.username from users_sign_in_courses s1_0 join users s1_1 on s1_1.id=s1_0.students_id where s1_0.sign_in_courses_id=?
2024-03-22T18:45:20.371+02:00 TRACE 23292 --- [    Test worker] org.hibernate.orm.jdbc.bind              : binding parameter (1:BIGINT) <- [3]
2024-03-22T18:45:20.372+02:00 DEBUG 23292 --- [    Test worker] org.hibernate.SQL                        : select l1_0.course_id,l1_0.id,l1_0.ended,l1_0.started,l1_0.title from lectures l1_0 where l1_0.course_id=?
2024-03-22T18:45:20.372+02:00 TRACE 23292 --- [    Test worker] org.hibernate.orm.jdbc.bind              : binding parameter (1:BIGINT) <- [3]
2024-03-22T18:45:20.374+02:00 DEBUG 23292 --- [    Test worker] org.hibernate.SQL                        : delete from users_roles where user_id=?
2024-03-22T18:45:20.374+02:00 TRACE 23292 --- [    Test worker] org.hibernate.orm.jdbc.bind              : binding parameter (1:BIGINT) <- [8]
2024-03-22T18:45:20.375+02:00 DEBUG 23292 --- [    Test worker] org.hibernate.SQL                        : delete from courses where id=?
2024-03-22T18:45:20.375+02:00 TRACE 23292 --- [    Test worker] org.hibernate.orm.jdbc.bind              : binding parameter (1:BIGINT) <- [3]
2024-03-22T18:45:20.375+02:00 DEBUG 23292 --- [    Test worker] org.hibernate.SQL                        : delete from roles where id=?
2024-03-22T18:45:20.376+02:00 TRACE 23292 --- [    Test worker] org.hibernate.orm.jdbc.bind              : binding parameter (1:BIGINT) <- [8]
2024-03-22T18:45:20.376+02:00 DEBUG 23292 --- [    Test worker] org.hibernate.SQL                        : delete from users where id=?
2024-03-22T18:45:20.376+02:00 TRACE 23292 --- [    Test worker] org.hibernate.orm.jdbc.bind              : binding parameter (1:BIGINT) <- [8]
2024-03-22T18:45:20.378+02:00 DEBUG 23292 --- [    Test worker] org.hibernate.SQL                        : select u1_0.id,u1_0.email,u1_0.full_name,u1_0.password,u1_0.username from users u1_0
]]></system-out>
  <system-err><![CDATA[]]></system-err>
</testsuite>
